<?xml version="1.0" encoding="UTF-8"?>
<coverage generated="1674490545598" clover="3.2.0">
  <project timestamp="1674490545598" name="All files">
    <metrics statements="391" coveredstatements="379" conditionals="158" coveredconditionals="123" methods="135" coveredmethods="126" elements="684" coveredelements="628" complexity="0" loc="391" ncloc="391" packages="9" files="22" classes="22"/>
    <package name="reduce">
      <metrics statements="47" coveredstatements="42" conditionals="27" coveredconditionals="19" methods="26" coveredmethods="21"/>
      <file name="index.ts" path="C:\Users\Kirill\Documents\Repos\aeroaquaponic-monorepo\misc\text-game-react\src\reduce\index.ts">
        <metrics statements="0" coveredstatements="0" conditionals="0" coveredconditionals="0" methods="0" coveredmethods="0"/>
      </file>
      <file name="utils.ts" path="C:\Users\Kirill\Documents\Repos\aeroaquaponic-monorepo\misc\text-game-react\src\reduce\utils.ts">
        <metrics statements="47" coveredstatements="42" conditionals="27" coveredconditionals="19" methods="26" coveredmethods="21"/>
        <line num="1" count="7" type="stmt"/>
        <line num="2" count="55" type="cond" truecount="1" falsecount="1"/>
        <line num="4" count="7" type="stmt"/>
        <line num="5" count="298" type="stmt"/>
        <line num="6" count="46" type="stmt"/>
        <line num="7" count="106" type="stmt"/>
        <line num="8" count="353" type="stmt"/>
        <line num="9" count="7" type="stmt"/>
        <line num="10" count="133" type="stmt"/>
        <line num="11" count="24" type="stmt"/>
        <line num="12" count="110" type="stmt"/>
        <line num="13" count="7" type="stmt"/>
        <line num="14" count="26" type="cond" truecount="2" falsecount="0"/>
        <line num="16" count="7" type="stmt"/>
        <line num="17" count="7972" type="stmt"/>
        <line num="20" count="7972" type="stmt"/>
        <line num="22" count="31888" type="cond" truecount="2" falsecount="0"/>
        <line num="27" count="7" type="stmt"/>
        <line num="28" count="177" type="stmt"/>
        <line num="30" count="7" type="stmt"/>
        <line num="31" count="270" type="stmt"/>
        <line num="33" count="7" type="stmt"/>
        <line num="34" count="0" type="cond" truecount="0" falsecount="2"/>
        <line num="36" count="7" type="stmt"/>
        <line num="41" count="0" type="stmt"/>
        <line num="42" count="0" type="cond" truecount="0" falsecount="2"/>
        <line num="43" count="0" type="cond" truecount="0" falsecount="2"/>
        <line num="47" count="7" type="cond" truecount="2" falsecount="0"/>
        <line num="48" count="1993" type="stmt"/>
        <line num="50" count="7972" type="cond" truecount="2" falsecount="0"/>
        <line num="54" count="7" type="stmt"/>
        <line num="58" count="156" type="stmt"/>
        <line num="59" count="156" type="stmt"/>
        <line num="60" count="681" type="cond" truecount="0" falsecount="1"/>
        <line num="61" count="681" type="cond" truecount="2" falsecount="0"/>
        <line num="62" count="681" type="stmt"/>
        <line num="64" count="681" type="stmt"/>
        <line num="66" count="681" type="stmt"/>
        <line num="67" count="681" type="cond" truecount="2" falsecount="0"/>
        <line num="69" count="680" type="stmt"/>
        <line num="70" count="680" type="stmt"/>
        <line num="72" count="680" type="cond" truecount="2" falsecount="0"/>
        <line num="73" count="623" type="stmt"/>
        <line num="82" count="57" type="stmt"/>
        <line num="93" count="322" type="stmt"/>
        <line num="97" count="7" type="stmt"/>
        <line num="98" count="0" type="stmt"/>
      </file>
    </package>
    <package name="reduce.model">
      <metrics statements="129" coveredstatements="127" conditionals="56" coveredconditionals="49" methods="30" coveredmethods="28"/>
      <file name="cli.ts" path="C:\Users\Kirill\Documents\Repos\aeroaquaponic-monorepo\misc\text-game-react\src\reduce\model\cli.ts">
        <metrics statements="78" coveredstatements="78" conditionals="37" coveredconditionals="31" methods="13" coveredmethods="13"/>
        <line num="14" count="5" type="stmt"/>
        <line num="15" count="5" type="stmt"/>
        <line num="16" count="5" type="stmt"/>
        <line num="18" count="5" type="stmt"/>
        <line num="19" count="5" type="stmt"/>
        <line num="22" count="5" type="stmt"/>
        <line num="23" count="5" type="stmt"/>
        <line num="24" count="5" type="stmt"/>
        <line num="25" count="5" type="stmt"/>
        <line num="29" count="41" type="stmt"/>
        <line num="33" count="219" type="cond" truecount="2" falsecount="0"/>
        <line num="34" count="219" type="cond" truecount="2" falsecount="0"/>
        <line num="35" count="219" type="cond" truecount="2" falsecount="0"/>
        <line num="36" count="219" type="cond" truecount="2" falsecount="0"/>
        <line num="46" count="65" type="stmt"/>
        <line num="50" count="290" type="stmt"/>
        <line num="54" count="38" type="stmt"/>
        <line num="58" count="29" type="cond" truecount="1" falsecount="1"/>
        <line num="59" count="29" type="stmt"/>
        <line num="60" count="29" type="stmt"/>
        <line num="61" count="29" type="stmt"/>
        <line num="62" count="29" type="stmt"/>
        <line num="63" count="29" type="cond" truecount="2" falsecount="0"/>
        <line num="64" count="29" type="stmt"/>
        <line num="65" count="29" type="stmt"/>
        <line num="66" count="29" type="stmt"/>
        <line num="72" count="41" type="stmt"/>
        <line num="73" count="41" type="stmt"/>
        <line num="74" count="41" type="cond" truecount="1" falsecount="1"/>
        <line num="75" count="41" type="stmt"/>
        <line num="76" count="41" type="stmt"/>
        <line num="77" count="41" type="stmt"/>
        <line num="78" count="41" type="cond" truecount="3" falsecount="1"/>
        <line num="85" count="41" type="stmt"/>
        <line num="86" count="41" type="stmt"/>
        <line num="95" count="41" type="stmt"/>
        <line num="96" count="41" type="stmt"/>
        <line num="97" count="41" type="stmt"/>
        <line num="98" count="41" type="stmt"/>
        <line num="99" count="41" type="cond" truecount="3" falsecount="1"/>
        <line num="100" count="41" type="stmt"/>
        <line num="101" count="41" type="stmt"/>
        <line num="113" count="41" type="stmt"/>
        <line num="114" count="41" type="stmt"/>
        <line num="118" count="41" type="stmt"/>
        <line num="122" count="42" type="cond" truecount="1" falsecount="1"/>
        <line num="123" count="42" type="stmt"/>
        <line num="124" count="42" type="stmt"/>
        <line num="125" count="42" type="stmt"/>
        <line num="126" count="42" type="cond" truecount="2" falsecount="0"/>
        <line num="127" count="2" type="stmt"/>
        <line num="128" count="2" type="stmt"/>
        <line num="130" count="40" type="stmt"/>
        <line num="131" count="40" type="stmt"/>
        <line num="132" count="40" type="stmt"/>
        <line num="133" count="40" type="cond" truecount="2" falsecount="0"/>
        <line num="134" count="3" type="stmt"/>
        <line num="135" count="3" type="stmt"/>
        <line num="137" count="37" type="cond" truecount="2" falsecount="0"/>
        <line num="138" count="37" type="stmt"/>
        <line num="139" count="37" type="stmt"/>
        <line num="140" count="37" type="stmt"/>
        <line num="141" count="37" type="stmt"/>
        <line num="142" count="37" type="stmt"/>
        <line num="144" count="37" type="cond" truecount="2" falsecount="0"/>
        <line num="147" count="37" type="stmt"/>
        <line num="148" count="37" type="stmt"/>
        <line num="149" count="37" type="stmt"/>
        <line num="152" count="5" type="stmt"/>
        <line num="157" count="75" type="stmt"/>
        <line num="164" count="5" type="stmt"/>
        <line num="165" count="59" type="stmt"/>
        <line num="167" count="236" type="stmt"/>
        <line num="174" count="5" type="stmt"/>
        <line num="175" count="161" type="cond" truecount="2" falsecount="0"/>
        <line num="176" count="5" type="stmt"/>
        <line num="178" count="161" type="stmt"/>
        <line num="179" count="161" type="stmt"/>
      </file>
      <file name="global.ts" path="C:\Users\Kirill\Documents\Repos\aeroaquaponic-monorepo\misc\text-game-react\src\reduce\model\global.ts">
        <metrics statements="21" coveredstatements="19" conditionals="6" coveredconditionals="6" methods="7" coveredmethods="5"/>
        <line num="8" count="2170" type="stmt"/>
        <line num="9" count="2170" type="stmt"/>
        <line num="10" count="2170" type="stmt"/>
        <line num="11" count="2170" type="stmt"/>
        <line num="12" count="2170" type="stmt"/>
        <line num="13" count="2170" type="stmt"/>
        <line num="24" count="2170" type="stmt"/>
        <line num="25" count="2170" type="stmt"/>
        <line num="26" count="2170" type="stmt"/>
        <line num="27" count="2170" type="stmt"/>
        <line num="28" count="2170" type="cond" truecount="2" falsecount="0"/>
        <line num="29" count="2170" type="cond" truecount="2" falsecount="0"/>
        <line num="30" count="2170" type="cond" truecount="2" falsecount="0"/>
        <line num="31" count="1656" type="stmt"/>
        <line num="32" count="37" type="stmt"/>
        <line num="38" count="0" type="stmt"/>
        <line num="44" count="5630" type="stmt"/>
        <line num="55" count="0" type="stmt"/>
        <line num="59" count="149" type="stmt"/>
        <line num="65" count="5" type="stmt"/>
        <line num="70" count="229" type="stmt"/>
      </file>
      <file name="parser.ts" path="C:\Users\Kirill\Documents\Repos\aeroaquaponic-monorepo\misc\text-game-react\src\reduce\model\parser.ts">
        <metrics statements="30" coveredstatements="30" conditionals="13" coveredconditionals="12" methods="10" coveredmethods="10"/>
        <line num="13" count="75" type="stmt"/>
        <line num="17" count="75" type="stmt"/>
        <line num="21" count="73" type="stmt"/>
        <line num="22" count="73" type="stmt"/>
        <line num="26" count="29" type="cond" truecount="2" falsecount="0"/>
        <line num="27" count="29" type="stmt"/>
        <line num="28" count="29" type="stmt"/>
        <line num="30" count="29" type="stmt"/>
        <line num="31" count="89" type="stmt"/>
        <line num="34" count="24" type="stmt"/>
        <line num="39" count="29" type="cond" truecount="2" falsecount="0"/>
        <line num="40" count="78" type="stmt"/>
        <line num="43" count="29" type="stmt"/>
        <line num="47" count="29" type="stmt"/>
        <line num="51" count="73" type="cond" truecount="1" falsecount="1"/>
        <line num="53" count="114" type="stmt"/>
        <line num="55" count="73" type="stmt"/>
        <line num="56" count="73" type="stmt"/>
        <line num="57" count="73" type="stmt"/>
        <line num="59" count="73" type="stmt"/>
        <line num="60" count="102" type="stmt"/>
        <line num="61" count="102" type="stmt"/>
        <line num="62" count="447" type="cond" truecount="2" falsecount="0"/>
        <line num="66" count="102" type="stmt"/>
        <line num="67" count="102" type="cond" truecount="4" falsecount="0"/>
        <line num="68" count="14" type="stmt"/>
        <line num="70" count="88" type="stmt"/>
        <line num="71" count="88" type="stmt"/>
        <line num="72" count="88" type="stmt"/>
        <line num="75" count="59" type="stmt"/>
      </file>
    </package>
    <package name="reduce.model.entities">
      <metrics statements="28" coveredstatements="28" conditionals="2" coveredconditionals="2" methods="12" coveredmethods="12"/>
      <file name="index.ts" path="C:\Users\Kirill\Documents\Repos\aeroaquaponic-monorepo\misc\text-game-react\src\reduce\model\entities\index.ts">
        <metrics statements="28" coveredstatements="28" conditionals="2" coveredconditionals="2" methods="12" coveredmethods="12"/>
        <line num="16" count="5" type="stmt"/>
        <line num="17" count="550" type="cond" truecount="2" falsecount="0"/>
        <line num="18" count="5" type="stmt"/>
        <line num="108" count="550" type="stmt"/>
        <line num="114" count="5" type="stmt"/>
        <line num="116" count="1" type="stmt"/>
        <line num="136" count="1" type="stmt"/>
        <line num="137" count="1" type="stmt"/>
        <line num="138" count="2" type="stmt"/>
        <line num="140" count="1" type="stmt"/>
        <line num="142" count="1" type="stmt"/>
        <line num="145" count="6" type="stmt"/>
        <line num="146" count="6" type="stmt"/>
        <line num="147" count="6" type="stmt"/>
        <line num="149" count="6" type="stmt"/>
        <line num="153" count="6" type="stmt"/>
        <line num="154" count="6" type="stmt"/>
        <line num="162" count="1" type="stmt"/>
        <line num="172" count="1" type="stmt"/>
        <line num="173" count="1" type="stmt"/>
        <line num="176" count="1" type="stmt"/>
        <line num="179" count="4" type="stmt"/>
        <line num="183" count="4" type="stmt"/>
        <line num="189" count="5" type="stmt"/>
        <line num="190" count="2129" type="stmt"/>
        <line num="193" count="5" type="stmt"/>
        <line num="194" count="2121" type="stmt"/>
        <line num="195" count="2121" type="stmt"/>
      </file>
    </package>
    <package name="reduce.model.entities.entities">
      <metrics statements="20" coveredstatements="20" conditionals="4" coveredconditionals="2" methods="9" coveredmethods="9"/>
      <file name="clear.ts" path="C:\Users\Kirill\Documents\Repos\aeroaquaponic-monorepo\misc\text-game-react\src\reduce\model\entities\entities\clear.ts">
        <metrics statements="2" coveredstatements="2" conditionals="0" coveredconditionals="0" methods="1" coveredmethods="1"/>
        <line num="3" count="5" type="stmt"/>
        <line num="4" count="5" type="stmt"/>
      </file>
      <file name="help.ts" path="C:\Users\Kirill\Documents\Repos\aeroaquaponic-monorepo\misc\text-game-react\src\reduce\model\entities\entities\help.ts">
        <metrics statements="2" coveredstatements="2" conditionals="0" coveredconditionals="0" methods="1" coveredmethods="1"/>
        <line num="3" count="5" type="stmt"/>
        <line num="4" count="5" type="stmt"/>
      </file>
      <file name="index.ts" path="C:\Users\Kirill\Documents\Repos\aeroaquaponic-monorepo\misc\text-game-react\src\reduce\model\entities\entities\index.ts">
        <metrics statements="0" coveredstatements="0" conditionals="0" coveredconditionals="0" methods="0" coveredmethods="0"/>
      </file>
      <file name="skip.ts" path="C:\Users\Kirill\Documents\Repos\aeroaquaponic-monorepo\misc\text-game-react\src\reduce\model\entities\entities\skip.ts">
        <metrics statements="2" coveredstatements="2" conditionals="0" coveredconditionals="0" methods="1" coveredmethods="1"/>
        <line num="3" count="5" type="stmt"/>
        <line num="4" count="5" type="stmt"/>
      </file>
      <file name="status.ts" path="C:\Users\Kirill\Documents\Repos\aeroaquaponic-monorepo\misc\text-game-react\src\reduce\model\entities\entities\status.ts">
        <metrics statements="12" coveredstatements="12" conditionals="4" coveredconditionals="2" methods="5" coveredmethods="5"/>
        <line num="6" count="5" type="stmt"/>
        <line num="27" count="2" type="stmt"/>
        <line num="28" count="2" type="stmt"/>
        <line num="38" count="6" type="stmt"/>
        <line num="43" count="2" type="stmt"/>
        <line num="112" count="5" type="stmt"/>
        <line num="113" count="6" type="stmt"/>
        <line num="114" count="6" type="cond" truecount="1" falsecount="1"/>
        <line num="118" count="6" type="stmt"/>
        <line num="119" count="6" type="stmt"/>
        <line num="124" count="5" type="stmt"/>
        <line num="125" count="5" type="stmt"/>
      </file>
      <file name="world.ts" path="C:\Users\Kirill\Documents\Repos\aeroaquaponic-monorepo\misc\text-game-react\src\reduce\model\entities\entities\world.ts">
        <metrics statements="2" coveredstatements="2" conditionals="0" coveredconditionals="0" methods="1" coveredmethods="1"/>
        <line num="3" count="5" type="stmt"/>
        <line num="4" count="5" type="stmt"/>
      </file>
    </package>
    <package name="reduce.model.entities.interactions">
      <metrics statements="48" coveredstatements="45" conditionals="16" coveredconditionals="7" methods="11" coveredmethods="10"/>
      <file name="quest001.ts" path="C:\Users\Kirill\Documents\Repos\aeroaquaponic-monorepo\misc\text-game-react\src\reduce\model\entities\interactions\quest001.ts">
        <metrics statements="48" coveredstatements="45" conditionals="16" coveredconditionals="7" methods="11" coveredmethods="10"/>
        <line num="14" count="5" type="stmt"/>
        <line num="15" count="1" type="cond" truecount="1" falsecount="1"/>
        <line num="16" count="1" type="stmt"/>
        <line num="17" count="1" type="stmt"/>
        <line num="18" count="1" type="stmt"/>
        <line num="22" count="1" type="stmt"/>
        <line num="25" count="5" type="stmt"/>
        <line num="26" count="11" type="stmt"/>
        <line num="28" count="14" type="cond" truecount="1" falsecount="1"/>
        <line num="29" count="14" type="stmt"/>
        <line num="30" count="14" type="stmt"/>
        <line num="31" count="14" type="stmt"/>
        <line num="35" count="14" type="cond" truecount="2" falsecount="0"/>
        <line num="36" count="13" type="stmt"/>
        <line num="39" count="13" type="stmt"/>
        <line num="43" count="13" type="stmt"/>
        <line num="44" count="13" type="stmt"/>
        <line num="45" count="13" type="stmt"/>
        <line num="56" count="1" type="stmt"/>
        <line num="66" count="4" type="cond" truecount="1" falsecount="1"/>
        <line num="67" count="4" type="stmt"/>
        <line num="68" count="4" type="stmt"/>
        <line num="69" count="4" type="stmt"/>
        <line num="73" count="4" type="stmt"/>
        <line num="88" count="4" type="stmt"/>
        <line num="102" count="1" type="stmt"/>
        <line num="119" count="1" type="stmt"/>
        <line num="125" count="4" type="cond" truecount="1" falsecount="1"/>
        <line num="126" count="4" type="stmt"/>
        <line num="127" count="4" type="stmt"/>
        <line num="131" count="4" type="stmt"/>
        <line num="132" count="8" type="stmt"/>
        <line num="133" count="8" type="stmt"/>
        <line num="144" count="8" type="stmt"/>
        <line num="155" count="8" type="stmt"/>
        <line num="157" count="4" type="stmt"/>
        <line num="158" count="4" type="stmt"/>
        <line num="160" count="4" type="stmt"/>
        <line num="165" count="8" type="stmt"/>
        <line num="170" count="1" type="stmt"/>
        <line num="171" count="1" type="stmt"/>
        <line num="172" count="1" type="stmt"/>
        <line num="173" count="1" type="stmt"/>
        <line num="175" count="1" type="cond" truecount="1" falsecount="1"/>
        <line num="176" count="1" type="stmt"/>
        <line num="180" count="0" type="cond" truecount="0" falsecount="2"/>
        <line num="181" count="0" type="stmt"/>
        <line num="186" count="0" type="stmt"/>
      </file>
    </package>
    <package name="reduce.model.entities.utils">
      <metrics statements="49" coveredstatements="47" conditionals="24" coveredconditionals="15" methods="23" coveredmethods="22"/>
      <file name="serialized.ts" path="C:\Users\Kirill\Documents\Repos\aeroaquaponic-monorepo\misc\text-game-react\src\reduce\model\entities\utils\serialized.ts">
        <metrics statements="43" coveredstatements="41" conditionals="22" coveredconditionals="14" methods="22" coveredmethods="21"/>
        <line num="5" count="5" type="stmt"/>
        <line num="9" count="2121" type="stmt"/>
        <line num="16" count="1941" type="stmt"/>
        <line num="17" count="1941" type="cond" truecount="1" falsecount="1"/>
        <line num="18" count="1941" type="stmt"/>
        <line num="20" count="1941" type="stmt"/>
        <line num="27" count="5" type="stmt"/>
        <line num="28" count="2599" type="stmt"/>
        <line num="30" count="2599" type="stmt"/>
        <line num="34" count="2378" type="stmt"/>
        <line num="41" count="2378" type="stmt"/>
        <line num="48" count="2599" type="stmt"/>
        <line num="51" count="5" type="stmt"/>
        <line num="52" count="229" type="cond" truecount="2" falsecount="0"/>
        <line num="53" count="180" type="stmt"/>
        <line num="57" count="145" type="stmt"/>
        <line num="59" count="145" type="stmt"/>
        <line num="63" count="126" type="stmt"/>
        <line num="67" count="19" type="cond" truecount="1" falsecount="1"/>
        <line num="71" count="19" type="stmt"/>
        <line num="75" count="50" type="stmt"/>
        <line num="76" count="50" type="cond" truecount="1" falsecount="1"/>
        <line num="77" count="50" type="stmt"/>
        <line num="78" count="50" type="stmt"/>
        <line num="79" count="50" type="cond" truecount="1" falsecount="1"/>
        <line num="80" count="50" type="stmt"/>
        <line num="81" count="50" type="cond" truecount="2" falsecount="0"/>
        <line num="82" count="4" type="stmt"/>
        <line num="84" count="50" type="cond" truecount="2" falsecount="0"/>
        <line num="85" count="46" type="stmt"/>
        <line num="90" count="41" type="cond" truecount="1" falsecount="1"/>
        <line num="91" count="41" type="stmt"/>
        <line num="98" count="0" type="cond" truecount="0" falsecount="2"/>
        <line num="99" count="0" type="stmt"/>
        <line num="103" count="17" type="cond" truecount="1" falsecount="1"/>
        <line num="104" count="17" type="stmt"/>
        <line num="105" count="17" type="stmt"/>
        <line num="106" count="17" type="stmt"/>
        <line num="107" count="17" type="stmt"/>
        <line num="112" count="17" type="stmt"/>
        <line num="113" count="191" type="cond" truecount="2" falsecount="0"/>
        <line num="114" count="191" type="stmt"/>
        <line num="118" count="58" type="stmt"/>
      </file>
      <file name="types.ts" path="C:\Users\Kirill\Documents\Repos\aeroaquaponic-monorepo\misc\text-game-react\src\reduce\model\entities\utils\types.ts">
        <metrics statements="0" coveredstatements="0" conditionals="0" coveredconditionals="0" methods="0" coveredmethods="0"/>
      </file>
      <file name="utils.ts" path="C:\Users\Kirill\Documents\Repos\aeroaquaponic-monorepo\misc\text-game-react\src\reduce\model\entities\utils\utils.ts">
        <metrics statements="6" coveredstatements="6" conditionals="2" coveredconditionals="1" methods="1" coveredmethods="1"/>
        <line num="6" count="5" type="stmt"/>
        <line num="9" count="85" type="cond" truecount="1" falsecount="1"/>
        <line num="10" count="85" type="stmt"/>
        <line num="11" count="85" type="stmt"/>
        <line num="12" count="85" type="stmt"/>
        <line num="13" count="85" type="stmt"/>
      </file>
    </package>
    <package name="reduce.outputs">
      <metrics statements="7" coveredstatements="7" conditionals="0" coveredconditionals="0" methods="1" coveredmethods="1"/>
      <file name="index.ts" path="C:\Users\Kirill\Documents\Repos\aeroaquaponic-monorepo\misc\text-game-react\src\reduce\outputs\index.ts">
        <metrics statements="0" coveredstatements="0" conditionals="0" coveredconditionals="0" methods="0" coveredmethods="0"/>
      </file>
      <file name="outputs.ts" path="C:\Users\Kirill\Documents\Repos\aeroaquaponic-monorepo\misc\text-game-react\src\reduce\outputs\outputs.ts">
        <metrics statements="7" coveredstatements="7" conditionals="0" coveredconditionals="0" methods="1" coveredmethods="1"/>
        <line num="12" count="5" type="stmt"/>
        <line num="17" count="5" type="stmt"/>
        <line num="22" count="5" type="stmt"/>
        <line num="27" count="42" type="stmt"/>
        <line num="44" count="5" type="stmt"/>
        <line num="51" count="5" type="stmt"/>
        <line num="63" count="5" type="stmt"/>
      </file>
    </package>
    <package name="reduce.store">
      <metrics statements="30" coveredstatements="30" conditionals="8" coveredconditionals="8" methods="14" coveredmethods="14"/>
      <file name="actions.ts" path="C:\Users\Kirill\Documents\Repos\aeroaquaponic-monorepo\misc\text-game-react\src\reduce\store\actions.ts">
        <metrics statements="4" coveredstatements="4" conditionals="0" coveredconditionals="0" methods="4" coveredmethods="4"/>
        <line num="3" count="42" type="stmt"/>
        <line num="4" count="49" type="stmt"/>
        <line num="5" count="42" type="stmt"/>
        <line num="6" count="17" type="stmt"/>
      </file>
      <file name="reducer.ts" path="C:\Users\Kirill\Documents\Repos\aeroaquaponic-monorepo\misc\text-game-react\src\reduce\store\reducer.ts">
        <metrics statements="23" coveredstatements="23" conditionals="8" coveredconditionals="8" methods="7" coveredmethods="7"/>
        <line num="9" count="5" type="stmt"/>
        <line num="10" count="150" type="stmt"/>
        <line num="11" count="150" type="stmt"/>
        <line num="12" count="150" type="cond" truecount="2" falsecount="0"/>
        <line num="13" count="42" type="stmt"/>
        <line num="29" count="462" type="stmt"/>
        <line num="32" count="42" type="stmt"/>
        <line num="33" count="168" type="stmt"/>
        <line num="35" count="168" type="stmt"/>
        <line num="38" count="42" type="stmt"/>
        <line num="40" count="108" type="cond" truecount="2" falsecount="0"/>
        <line num="41" count="42" type="stmt"/>
        <line num="42" count="42" type="stmt"/>
        <line num="43" count="42" type="stmt"/>
        <line num="45" count="108" type="cond" truecount="2" falsecount="0"/>
        <line num="46" count="49" type="stmt"/>
        <line num="47" count="49" type="stmt"/>
        <line num="49" count="59" type="cond" truecount="2" falsecount="0"/>
        <line num="50" count="17" type="stmt"/>
        <line num="51" count="17" type="stmt"/>
        <line num="52" count="17" type="stmt"/>
        <line num="57" count="44" type="stmt"/>
        <line num="58" count="150" type="stmt"/>
      </file>
      <file name="selectors.ts" path="C:\Users\Kirill\Documents\Repos\aeroaquaponic-monorepo\misc\text-game-react\src\reduce\store\selectors.ts">
        <metrics statements="3" coveredstatements="3" conditionals="0" coveredconditionals="0" methods="3" coveredmethods="3"/>
        <line num="2" count="28" type="stmt"/>
        <line num="3" count="81" type="stmt"/>
        <line num="4" count="5" type="stmt"/>
      </file>
    </package>
    <package name="reduce.utils">
      <metrics statements="33" coveredstatements="33" conditionals="21" coveredconditionals="21" methods="9" coveredmethods="9"/>
      <file name="TimeHelper.ts" path="C:\Users\Kirill\Documents\Repos\aeroaquaponic-monorepo\misc\text-game-react\src\reduce\utils\TimeHelper.ts">
        <metrics statements="33" coveredstatements="33" conditionals="21" coveredconditionals="21" methods="9" coveredmethods="9"/>
        <line num="12" count="6" type="stmt"/>
        <line num="23" count="47" type="stmt"/>
        <line num="36" count="52" type="stmt"/>
        <line num="37" count="52" type="stmt"/>
        <line num="38" count="52" type="stmt"/>
        <line num="39" count="52" type="stmt"/>
        <line num="40" count="52" type="stmt"/>
        <line num="41" count="52" type="stmt"/>
        <line num="45" count="66" type="cond" truecount="2" falsecount="0"/>
        <line num="46" count="65" type="cond" truecount="2" falsecount="0"/>
        <line num="47" count="59" type="stmt"/>
        <line num="51" count="48" type="cond" truecount="2" falsecount="0"/>
        <line num="52" count="41" type="stmt"/>
        <line num="60" count="41" type="stmt"/>
        <line num="61" count="41" type="stmt"/>
        <line num="62" count="41" type="stmt"/>
        <line num="64" count="7" type="cond" truecount="2" falsecount="0"/>
        <line num="65" count="1" type="stmt"/>
        <line num="69" count="61" type="cond" truecount="2" falsecount="0"/>
        <line num="70" count="61" type="stmt"/>
        <line num="71" count="61" type="cond" truecount="2" falsecount="0"/>
        <line num="72" count="79" type="stmt"/>
        <line num="73" count="60" type="stmt"/>
        <line num="82" count="60" type="stmt"/>
        <line num="83" count="240" type="cond" truecount="2" falsecount="0"/>
        <line num="84" count="60" type="stmt"/>
        <line num="86" count="1" type="stmt"/>
        <line num="90" count="52" type="stmt"/>
        <line num="101" count="52" type="stmt"/>
        <line num="102" count="52" type="stmt"/>
        <line num="103" count="52" type="stmt"/>
        <line num="107" count="56" type="stmt"/>
        <line num="108" count="56" type="stmt"/>
      </file>
    </package>
  </project>
</coverage>
