<?xml version="1.0" encoding="UTF-8"?>
<coverage generated="1674304656344" clover="3.2.0">
  <project timestamp="1674304656344" name="All files">
    <metrics statements="383" coveredstatements="371" conditionals="158" coveredconditionals="123" methods="131" coveredmethods="122" elements="672" coveredelements="616" complexity="0" loc="383" ncloc="383" packages="7" files="20" classes="20"/>
    <package name="reduce">
      <metrics statements="47" coveredstatements="42" conditionals="27" coveredconditionals="19" methods="26" coveredmethods="21"/>
      <file name="index.ts" path="C:\Users\Kirill\Documents\Repos\aeroaquaponic-monorepo\misc\text-game-react\src\reduce\index.ts">
        <metrics statements="0" coveredstatements="0" conditionals="0" coveredconditionals="0" methods="0" coveredmethods="0"/>
      </file>
      <file name="utils.ts" path="C:\Users\Kirill\Documents\Repos\aeroaquaponic-monorepo\misc\text-game-react\src\reduce\utils.ts">
        <metrics statements="47" coveredstatements="42" conditionals="27" coveredconditionals="19" methods="26" coveredmethods="21"/>
        <line num="1" count="7" type="stmt"/>
        <line num="2" count="55" type="cond" truecount="1" falsecount="1"/>
        <line num="4" count="7" type="stmt"/>
        <line num="5" count="298" type="stmt"/>
        <line num="6" count="46" type="stmt"/>
        <line num="7" count="106" type="stmt"/>
        <line num="8" count="353" type="stmt"/>
        <line num="9" count="7" type="stmt"/>
        <line num="10" count="133" type="stmt"/>
        <line num="11" count="24" type="stmt"/>
        <line num="12" count="110" type="stmt"/>
        <line num="13" count="7" type="stmt"/>
        <line num="14" count="26" type="cond" truecount="2" falsecount="0"/>
        <line num="16" count="7" type="stmt"/>
        <line num="17" count="7972" type="stmt"/>
        <line num="20" count="7972" type="stmt"/>
        <line num="22" count="31888" type="cond" truecount="2" falsecount="0"/>
        <line num="27" count="7" type="stmt"/>
        <line num="28" count="177" type="stmt"/>
        <line num="30" count="7" type="stmt"/>
        <line num="31" count="270" type="stmt"/>
        <line num="33" count="7" type="stmt"/>
        <line num="34" count="0" type="cond" truecount="0" falsecount="2"/>
        <line num="36" count="7" type="stmt"/>
        <line num="41" count="0" type="stmt"/>
        <line num="42" count="0" type="cond" truecount="0" falsecount="2"/>
        <line num="43" count="0" type="cond" truecount="0" falsecount="2"/>
        <line num="47" count="7" type="cond" truecount="2" falsecount="0"/>
        <line num="48" count="1993" type="stmt"/>
        <line num="50" count="7972" type="cond" truecount="2" falsecount="0"/>
        <line num="54" count="7" type="stmt"/>
        <line num="58" count="156" type="stmt"/>
        <line num="59" count="156" type="stmt"/>
        <line num="60" count="681" type="cond" truecount="0" falsecount="1"/>
        <line num="61" count="681" type="cond" truecount="2" falsecount="0"/>
        <line num="62" count="681" type="stmt"/>
        <line num="64" count="681" type="stmt"/>
        <line num="66" count="681" type="stmt"/>
        <line num="67" count="681" type="cond" truecount="2" falsecount="0"/>
        <line num="69" count="680" type="stmt"/>
        <line num="70" count="680" type="stmt"/>
        <line num="72" count="680" type="cond" truecount="2" falsecount="0"/>
        <line num="73" count="623" type="stmt"/>
        <line num="82" count="57" type="stmt"/>
        <line num="93" count="322" type="stmt"/>
        <line num="97" count="7" type="stmt"/>
        <line num="98" count="0" type="stmt"/>
      </file>
    </package>
    <package name="reduce.model">
      <metrics statements="129" coveredstatements="127" conditionals="56" coveredconditionals="49" methods="30" coveredmethods="28"/>
      <file name="cli.ts" path="C:\Users\Kirill\Documents\Repos\aeroaquaponic-monorepo\misc\text-game-react\src\reduce\model\cli.ts">
        <metrics statements="78" coveredstatements="78" conditionals="37" coveredconditionals="31" methods="13" coveredmethods="13"/>
        <line num="15" count="5" type="stmt"/>
        <line num="16" count="5" type="stmt"/>
        <line num="17" count="5" type="stmt"/>
        <line num="19" count="5" type="stmt"/>
        <line num="20" count="5" type="stmt"/>
        <line num="23" count="5" type="stmt"/>
        <line num="24" count="5" type="stmt"/>
        <line num="25" count="5" type="stmt"/>
        <line num="26" count="5" type="stmt"/>
        <line num="30" count="41" type="stmt"/>
        <line num="34" count="219" type="cond" truecount="2" falsecount="0"/>
        <line num="35" count="219" type="cond" truecount="2" falsecount="0"/>
        <line num="36" count="219" type="cond" truecount="2" falsecount="0"/>
        <line num="37" count="219" type="cond" truecount="2" falsecount="0"/>
        <line num="47" count="65" type="stmt"/>
        <line num="51" count="290" type="stmt"/>
        <line num="55" count="38" type="stmt"/>
        <line num="59" count="29" type="cond" truecount="1" falsecount="1"/>
        <line num="60" count="29" type="stmt"/>
        <line num="61" count="29" type="stmt"/>
        <line num="62" count="29" type="stmt"/>
        <line num="63" count="29" type="stmt"/>
        <line num="64" count="29" type="cond" truecount="2" falsecount="0"/>
        <line num="65" count="29" type="stmt"/>
        <line num="66" count="29" type="stmt"/>
        <line num="67" count="29" type="stmt"/>
        <line num="73" count="41" type="stmt"/>
        <line num="74" count="41" type="stmt"/>
        <line num="75" count="41" type="cond" truecount="1" falsecount="1"/>
        <line num="76" count="41" type="stmt"/>
        <line num="77" count="41" type="stmt"/>
        <line num="78" count="41" type="stmt"/>
        <line num="79" count="41" type="cond" truecount="3" falsecount="1"/>
        <line num="86" count="41" type="stmt"/>
        <line num="87" count="41" type="stmt"/>
        <line num="96" count="41" type="stmt"/>
        <line num="97" count="41" type="stmt"/>
        <line num="98" count="41" type="stmt"/>
        <line num="99" count="41" type="stmt"/>
        <line num="100" count="41" type="cond" truecount="3" falsecount="1"/>
        <line num="101" count="41" type="stmt"/>
        <line num="102" count="41" type="stmt"/>
        <line num="114" count="41" type="stmt"/>
        <line num="115" count="41" type="stmt"/>
        <line num="119" count="41" type="stmt"/>
        <line num="123" count="42" type="cond" truecount="1" falsecount="1"/>
        <line num="124" count="42" type="stmt"/>
        <line num="125" count="42" type="stmt"/>
        <line num="126" count="42" type="stmt"/>
        <line num="127" count="42" type="cond" truecount="2" falsecount="0"/>
        <line num="128" count="2" type="stmt"/>
        <line num="129" count="2" type="stmt"/>
        <line num="131" count="40" type="stmt"/>
        <line num="132" count="40" type="stmt"/>
        <line num="133" count="40" type="stmt"/>
        <line num="134" count="40" type="cond" truecount="2" falsecount="0"/>
        <line num="135" count="3" type="stmt"/>
        <line num="136" count="3" type="stmt"/>
        <line num="138" count="37" type="cond" truecount="2" falsecount="0"/>
        <line num="139" count="37" type="stmt"/>
        <line num="140" count="37" type="stmt"/>
        <line num="141" count="37" type="stmt"/>
        <line num="142" count="37" type="stmt"/>
        <line num="143" count="37" type="stmt"/>
        <line num="145" count="37" type="cond" truecount="2" falsecount="0"/>
        <line num="148" count="37" type="stmt"/>
        <line num="149" count="37" type="stmt"/>
        <line num="150" count="37" type="stmt"/>
        <line num="153" count="5" type="stmt"/>
        <line num="158" count="75" type="stmt"/>
        <line num="165" count="5" type="stmt"/>
        <line num="166" count="59" type="stmt"/>
        <line num="168" count="236" type="stmt"/>
        <line num="175" count="5" type="stmt"/>
        <line num="176" count="161" type="cond" truecount="2" falsecount="0"/>
        <line num="177" count="5" type="stmt"/>
        <line num="179" count="161" type="stmt"/>
        <line num="180" count="161" type="stmt"/>
      </file>
      <file name="global.ts" path="C:\Users\Kirill\Documents\Repos\aeroaquaponic-monorepo\misc\text-game-react\src\reduce\model\global.ts">
        <metrics statements="21" coveredstatements="19" conditionals="6" coveredconditionals="6" methods="7" coveredmethods="5"/>
        <line num="8" count="2170" type="stmt"/>
        <line num="9" count="2170" type="stmt"/>
        <line num="10" count="2170" type="stmt"/>
        <line num="11" count="2170" type="stmt"/>
        <line num="12" count="2170" type="stmt"/>
        <line num="13" count="2170" type="stmt"/>
        <line num="24" count="2170" type="stmt"/>
        <line num="25" count="2170" type="stmt"/>
        <line num="26" count="2170" type="stmt"/>
        <line num="27" count="2170" type="stmt"/>
        <line num="28" count="2170" type="cond" truecount="2" falsecount="0"/>
        <line num="29" count="2170" type="cond" truecount="2" falsecount="0"/>
        <line num="30" count="2170" type="cond" truecount="2" falsecount="0"/>
        <line num="31" count="1656" type="stmt"/>
        <line num="32" count="37" type="stmt"/>
        <line num="38" count="0" type="stmt"/>
        <line num="44" count="5630" type="stmt"/>
        <line num="55" count="0" type="stmt"/>
        <line num="59" count="149" type="stmt"/>
        <line num="65" count="5" type="stmt"/>
        <line num="70" count="229" type="stmt"/>
      </file>
      <file name="parser.ts" path="C:\Users\Kirill\Documents\Repos\aeroaquaponic-monorepo\misc\text-game-react\src\reduce\model\parser.ts">
        <metrics statements="30" coveredstatements="30" conditionals="13" coveredconditionals="12" methods="10" coveredmethods="10"/>
        <line num="13" count="75" type="stmt"/>
        <line num="17" count="75" type="stmt"/>
        <line num="21" count="73" type="stmt"/>
        <line num="22" count="73" type="stmt"/>
        <line num="26" count="29" type="cond" truecount="2" falsecount="0"/>
        <line num="27" count="29" type="stmt"/>
        <line num="28" count="29" type="stmt"/>
        <line num="30" count="29" type="stmt"/>
        <line num="31" count="89" type="stmt"/>
        <line num="34" count="24" type="stmt"/>
        <line num="39" count="29" type="cond" truecount="2" falsecount="0"/>
        <line num="40" count="78" type="stmt"/>
        <line num="43" count="29" type="stmt"/>
        <line num="47" count="29" type="stmt"/>
        <line num="51" count="73" type="cond" truecount="1" falsecount="1"/>
        <line num="53" count="114" type="stmt"/>
        <line num="55" count="73" type="stmt"/>
        <line num="56" count="73" type="stmt"/>
        <line num="57" count="73" type="stmt"/>
        <line num="59" count="73" type="stmt"/>
        <line num="60" count="102" type="stmt"/>
        <line num="61" count="102" type="stmt"/>
        <line num="62" count="447" type="cond" truecount="2" falsecount="0"/>
        <line num="66" count="102" type="stmt"/>
        <line num="67" count="102" type="cond" truecount="4" falsecount="0"/>
        <line num="68" count="14" type="stmt"/>
        <line num="70" count="88" type="stmt"/>
        <line num="71" count="88" type="stmt"/>
        <line num="72" count="88" type="stmt"/>
        <line num="75" count="59" type="stmt"/>
      </file>
    </package>
    <package name="reduce.model.entities">
      <metrics statements="84" coveredstatements="82" conditionals="28" coveredconditionals="18" methods="37" coveredmethods="36"/>
      <file name="entities.ts" path="C:\Users\Kirill\Documents\Repos\aeroaquaponic-monorepo\misc\text-game-react\src\reduce\model\entities\entities.ts">
        <metrics statements="4" coveredstatements="4" conditionals="2" coveredconditionals="2" methods="1" coveredmethods="1"/>
        <line num="7" count="5" type="stmt"/>
        <line num="8" count="550" type="cond" truecount="2" falsecount="0"/>
        <line num="9" count="5" type="stmt"/>
        <line num="133" count="550" type="stmt"/>
      </file>
      <file name="index.ts" path="C:\Users\Kirill\Documents\Repos\aeroaquaponic-monorepo\misc\text-game-react\src\reduce\model\entities\index.ts">
        <metrics statements="15" coveredstatements="15" conditionals="4" coveredconditionals="3" methods="8" coveredmethods="8"/>
        <line num="24" count="5" type="stmt"/>
        <line num="28" count="2121" type="stmt"/>
        <line num="35" count="1941" type="stmt"/>
        <line num="36" count="1941" type="cond" truecount="1" falsecount="1"/>
        <line num="37" count="1941" type="stmt"/>
        <line num="39" count="1941" type="stmt"/>
        <line num="46" count="5" type="stmt"/>
        <line num="47" count="2599" type="stmt"/>
        <line num="49" count="2599" type="stmt"/>
        <line num="53" count="2378" type="stmt"/>
        <line num="60" count="2378" type="stmt"/>
        <line num="67" count="2599" type="stmt"/>
        <line num="70" count="5" type="stmt"/>
        <line num="71" count="229" type="cond" truecount="2" falsecount="0"/>
        <line num="72" count="180" type="stmt"/>
      </file>
      <file name="interactions.ts" path="C:\Users\Kirill\Documents\Repos\aeroaquaponic-monorepo\misc\text-game-react\src\reduce\model\entities\interactions.ts">
        <metrics statements="24" coveredstatements="24" conditionals="0" coveredconditionals="0" methods="11" coveredmethods="11"/>
        <line num="16" count="5" type="stmt"/>
        <line num="18" count="1" type="stmt"/>
        <line num="38" count="1" type="stmt"/>
        <line num="39" count="1" type="stmt"/>
        <line num="40" count="2" type="stmt"/>
        <line num="42" count="1" type="stmt"/>
        <line num="44" count="1" type="stmt"/>
        <line num="47" count="6" type="stmt"/>
        <line num="48" count="6" type="stmt"/>
        <line num="49" count="6" type="stmt"/>
        <line num="51" count="6" type="stmt"/>
        <line num="55" count="6" type="stmt"/>
        <line num="56" count="6" type="stmt"/>
        <line num="64" count="1" type="stmt"/>
        <line num="74" count="1" type="stmt"/>
        <line num="75" count="1" type="stmt"/>
        <line num="78" count="1" type="stmt"/>
        <line num="81" count="4" type="stmt"/>
        <line num="85" count="4" type="stmt"/>
        <line num="91" count="5" type="stmt"/>
        <line num="92" count="2129" type="stmt"/>
        <line num="95" count="5" type="stmt"/>
        <line num="96" count="2121" type="stmt"/>
        <line num="97" count="2121" type="stmt"/>
      </file>
      <file name="serialized.ts" path="C:\Users\Kirill\Documents\Repos\aeroaquaponic-monorepo\misc\text-game-react\src\reduce\model\entities\serialized.ts">
        <metrics statements="28" coveredstatements="26" conditionals="18" coveredconditionals="11" methods="14" coveredmethods="13"/>
        <line num="6" count="145" type="stmt"/>
        <line num="8" count="145" type="stmt"/>
        <line num="12" count="126" type="stmt"/>
        <line num="16" count="19" type="cond" truecount="1" falsecount="1"/>
        <line num="20" count="19" type="stmt"/>
        <line num="24" count="50" type="stmt"/>
        <line num="25" count="50" type="cond" truecount="1" falsecount="1"/>
        <line num="26" count="50" type="stmt"/>
        <line num="27" count="50" type="stmt"/>
        <line num="28" count="50" type="cond" truecount="1" falsecount="1"/>
        <line num="29" count="50" type="stmt"/>
        <line num="30" count="50" type="cond" truecount="2" falsecount="0"/>
        <line num="31" count="4" type="stmt"/>
        <line num="33" count="50" type="cond" truecount="2" falsecount="0"/>
        <line num="34" count="46" type="stmt"/>
        <line num="39" count="41" type="cond" truecount="1" falsecount="1"/>
        <line num="40" count="41" type="stmt"/>
        <line num="47" count="0" type="cond" truecount="0" falsecount="2"/>
        <line num="48" count="0" type="stmt"/>
        <line num="52" count="17" type="cond" truecount="1" falsecount="1"/>
        <line num="53" count="17" type="stmt"/>
        <line num="54" count="17" type="stmt"/>
        <line num="55" count="17" type="stmt"/>
        <line num="56" count="17" type="stmt"/>
        <line num="61" count="17" type="stmt"/>
        <line num="62" count="191" type="cond" truecount="2" falsecount="0"/>
        <line num="63" count="191" type="stmt"/>
        <line num="67" count="58" type="stmt"/>
      </file>
      <file name="status.ts" path="C:\Users\Kirill\Documents\Repos\aeroaquaponic-monorepo\misc\text-game-react\src\reduce\model\entities\status.ts">
        <metrics statements="7" coveredstatements="7" conditionals="2" coveredconditionals="1" methods="2" coveredmethods="2"/>
        <line num="60" count="5" type="stmt"/>
        <line num="61" count="6" type="stmt"/>
        <line num="62" count="6" type="cond" truecount="1" falsecount="1"/>
        <line num="66" count="6" type="stmt"/>
        <line num="67" count="6" type="stmt"/>
        <line num="72" count="5" type="stmt"/>
        <line num="73" count="5" type="stmt"/>
      </file>
      <file name="types.ts" path="C:\Users\Kirill\Documents\Repos\aeroaquaponic-monorepo\misc\text-game-react\src\reduce\model\entities\types.ts">
        <metrics statements="0" coveredstatements="0" conditionals="0" coveredconditionals="0" methods="0" coveredmethods="0"/>
      </file>
      <file name="utils.ts" path="C:\Users\Kirill\Documents\Repos\aeroaquaponic-monorepo\misc\text-game-react\src\reduce\model\entities\utils.ts">
        <metrics statements="6" coveredstatements="6" conditionals="2" coveredconditionals="1" methods="1" coveredmethods="1"/>
        <line num="7" count="5" type="stmt"/>
        <line num="10" count="85" type="cond" truecount="1" falsecount="1"/>
        <line num="11" count="85" type="stmt"/>
        <line num="12" count="85" type="stmt"/>
        <line num="13" count="85" type="stmt"/>
        <line num="14" count="85" type="stmt"/>
      </file>
    </package>
    <package name="reduce.model.entities.interactions">
      <metrics statements="53" coveredstatements="50" conditionals="18" coveredconditionals="8" methods="14" coveredmethods="13"/>
      <file name="quest001.ts" path="C:\Users\Kirill\Documents\Repos\aeroaquaponic-monorepo\misc\text-game-react\src\reduce\model\entities\interactions\quest001.ts">
        <metrics statements="48" coveredstatements="45" conditionals="16" coveredconditionals="7" methods="11" coveredmethods="10"/>
        <line num="16" count="5" type="stmt"/>
        <line num="17" count="1" type="cond" truecount="1" falsecount="1"/>
        <line num="18" count="1" type="stmt"/>
        <line num="19" count="1" type="stmt"/>
        <line num="20" count="1" type="stmt"/>
        <line num="24" count="1" type="stmt"/>
        <line num="27" count="5" type="stmt"/>
        <line num="28" count="11" type="stmt"/>
        <line num="30" count="14" type="cond" truecount="1" falsecount="1"/>
        <line num="31" count="14" type="stmt"/>
        <line num="32" count="14" type="stmt"/>
        <line num="33" count="14" type="stmt"/>
        <line num="37" count="14" type="cond" truecount="2" falsecount="0"/>
        <line num="38" count="13" type="stmt"/>
        <line num="41" count="13" type="stmt"/>
        <line num="45" count="13" type="stmt"/>
        <line num="46" count="13" type="stmt"/>
        <line num="47" count="13" type="stmt"/>
        <line num="58" count="1" type="stmt"/>
        <line num="68" count="4" type="cond" truecount="1" falsecount="1"/>
        <line num="69" count="4" type="stmt"/>
        <line num="70" count="4" type="stmt"/>
        <line num="71" count="4" type="stmt"/>
        <line num="75" count="4" type="stmt"/>
        <line num="90" count="4" type="stmt"/>
        <line num="104" count="1" type="stmt"/>
        <line num="121" count="1" type="stmt"/>
        <line num="127" count="4" type="cond" truecount="1" falsecount="1"/>
        <line num="128" count="4" type="stmt"/>
        <line num="129" count="4" type="stmt"/>
        <line num="133" count="4" type="stmt"/>
        <line num="134" count="8" type="stmt"/>
        <line num="135" count="8" type="stmt"/>
        <line num="146" count="8" type="stmt"/>
        <line num="157" count="8" type="stmt"/>
        <line num="159" count="4" type="stmt"/>
        <line num="160" count="4" type="stmt"/>
        <line num="162" count="4" type="stmt"/>
        <line num="167" count="8" type="stmt"/>
        <line num="172" count="1" type="stmt"/>
        <line num="173" count="1" type="stmt"/>
        <line num="174" count="1" type="stmt"/>
        <line num="175" count="1" type="stmt"/>
        <line num="177" count="1" type="cond" truecount="1" falsecount="1"/>
        <line num="178" count="1" type="stmt"/>
        <line num="182" count="0" type="cond" truecount="0" falsecount="2"/>
        <line num="183" count="0" type="stmt"/>
        <line num="188" count="0" type="stmt"/>
      </file>
      <file name="status.ts" path="C:\Users\Kirill\Documents\Repos\aeroaquaponic-monorepo\misc\text-game-react\src\reduce\model\entities\interactions\status.ts">
        <metrics statements="5" coveredstatements="5" conditionals="2" coveredconditionals="1" methods="3" coveredmethods="3"/>
        <line num="6" count="5" type="stmt"/>
        <line num="31" count="2" type="stmt"/>
        <line num="32" count="2" type="stmt"/>
        <line num="42" count="6" type="stmt"/>
        <line num="47" count="2" type="stmt"/>
      </file>
    </package>
    <package name="reduce.outputs">
      <metrics statements="7" coveredstatements="7" conditionals="0" coveredconditionals="0" methods="1" coveredmethods="1"/>
      <file name="index.ts" path="C:\Users\Kirill\Documents\Repos\aeroaquaponic-monorepo\misc\text-game-react\src\reduce\outputs\index.ts">
        <metrics statements="0" coveredstatements="0" conditionals="0" coveredconditionals="0" methods="0" coveredmethods="0"/>
      </file>
      <file name="outputs.ts" path="C:\Users\Kirill\Documents\Repos\aeroaquaponic-monorepo\misc\text-game-react\src\reduce\outputs\outputs.ts">
        <metrics statements="7" coveredstatements="7" conditionals="0" coveredconditionals="0" methods="1" coveredmethods="1"/>
        <line num="12" count="5" type="stmt"/>
        <line num="17" count="5" type="stmt"/>
        <line num="22" count="5" type="stmt"/>
        <line num="27" count="42" type="stmt"/>
        <line num="44" count="5" type="stmt"/>
        <line num="51" count="5" type="stmt"/>
        <line num="63" count="5" type="stmt"/>
      </file>
    </package>
    <package name="reduce.store">
      <metrics statements="30" coveredstatements="30" conditionals="8" coveredconditionals="8" methods="14" coveredmethods="14"/>
      <file name="actions.ts" path="C:\Users\Kirill\Documents\Repos\aeroaquaponic-monorepo\misc\text-game-react\src\reduce\store\actions.ts">
        <metrics statements="4" coveredstatements="4" conditionals="0" coveredconditionals="0" methods="4" coveredmethods="4"/>
        <line num="3" count="42" type="stmt"/>
        <line num="4" count="49" type="stmt"/>
        <line num="5" count="42" type="stmt"/>
        <line num="6" count="17" type="stmt"/>
      </file>
      <file name="reducer.ts" path="C:\Users\Kirill\Documents\Repos\aeroaquaponic-monorepo\misc\text-game-react\src\reduce\store\reducer.ts">
        <metrics statements="23" coveredstatements="23" conditionals="8" coveredconditionals="8" methods="7" coveredmethods="7"/>
        <line num="9" count="5" type="stmt"/>
        <line num="10" count="150" type="stmt"/>
        <line num="11" count="150" type="stmt"/>
        <line num="12" count="150" type="cond" truecount="2" falsecount="0"/>
        <line num="13" count="42" type="stmt"/>
        <line num="29" count="462" type="stmt"/>
        <line num="32" count="42" type="stmt"/>
        <line num="33" count="168" type="stmt"/>
        <line num="35" count="168" type="stmt"/>
        <line num="38" count="42" type="stmt"/>
        <line num="40" count="108" type="cond" truecount="2" falsecount="0"/>
        <line num="41" count="42" type="stmt"/>
        <line num="42" count="42" type="stmt"/>
        <line num="43" count="42" type="stmt"/>
        <line num="45" count="108" type="cond" truecount="2" falsecount="0"/>
        <line num="46" count="49" type="stmt"/>
        <line num="47" count="49" type="stmt"/>
        <line num="49" count="59" type="cond" truecount="2" falsecount="0"/>
        <line num="50" count="17" type="stmt"/>
        <line num="51" count="17" type="stmt"/>
        <line num="52" count="17" type="stmt"/>
        <line num="57" count="44" type="stmt"/>
        <line num="58" count="150" type="stmt"/>
      </file>
      <file name="selectors.ts" path="C:\Users\Kirill\Documents\Repos\aeroaquaponic-monorepo\misc\text-game-react\src\reduce\store\selectors.ts">
        <metrics statements="3" coveredstatements="3" conditionals="0" coveredconditionals="0" methods="3" coveredmethods="3"/>
        <line num="2" count="28" type="stmt"/>
        <line num="3" count="81" type="stmt"/>
        <line num="4" count="5" type="stmt"/>
      </file>
    </package>
    <package name="reduce.utils">
      <metrics statements="33" coveredstatements="33" conditionals="21" coveredconditionals="21" methods="9" coveredmethods="9"/>
      <file name="TimeHelper.ts" path="C:\Users\Kirill\Documents\Repos\aeroaquaponic-monorepo\misc\text-game-react\src\reduce\utils\TimeHelper.ts">
        <metrics statements="33" coveredstatements="33" conditionals="21" coveredconditionals="21" methods="9" coveredmethods="9"/>
        <line num="12" count="6" type="stmt"/>
        <line num="23" count="47" type="stmt"/>
        <line num="36" count="52" type="stmt"/>
        <line num="37" count="52" type="stmt"/>
        <line num="38" count="52" type="stmt"/>
        <line num="39" count="52" type="stmt"/>
        <line num="40" count="52" type="stmt"/>
        <line num="41" count="52" type="stmt"/>
        <line num="45" count="66" type="cond" truecount="2" falsecount="0"/>
        <line num="46" count="65" type="cond" truecount="2" falsecount="0"/>
        <line num="47" count="59" type="stmt"/>
        <line num="51" count="48" type="cond" truecount="2" falsecount="0"/>
        <line num="52" count="41" type="stmt"/>
        <line num="60" count="41" type="stmt"/>
        <line num="61" count="41" type="stmt"/>
        <line num="62" count="41" type="stmt"/>
        <line num="64" count="7" type="cond" truecount="2" falsecount="0"/>
        <line num="65" count="1" type="stmt"/>
        <line num="69" count="61" type="cond" truecount="2" falsecount="0"/>
        <line num="70" count="61" type="stmt"/>
        <line num="71" count="61" type="cond" truecount="2" falsecount="0"/>
        <line num="72" count="79" type="stmt"/>
        <line num="73" count="60" type="stmt"/>
        <line num="82" count="60" type="stmt"/>
        <line num="83" count="240" type="cond" truecount="2" falsecount="0"/>
        <line num="84" count="60" type="stmt"/>
        <line num="86" count="1" type="stmt"/>
        <line num="90" count="52" type="stmt"/>
        <line num="101" count="52" type="stmt"/>
        <line num="102" count="52" type="stmt"/>
        <line num="103" count="52" type="stmt"/>
        <line num="107" count="56" type="stmt"/>
        <line num="108" count="56" type="stmt"/>
      </file>
    </package>
  </project>
</coverage>
