{"C:\\Users\\Kirill\\Documents\\Repos\\aeroaquaponic-monorepo\\misc\\text-game-react\\src\\reduce\\index.ts": {"path":"C:\\Users\\Kirill\\Documents\\Repos\\aeroaquaponic-monorepo\\misc\\text-game-react\\src\\reduce\\index.ts","statementMap":{},"fnMap":{},"branchMap":{},"s":{},"f":{},"b":{}}
,"C:\\Users\\Kirill\\Documents\\Repos\\aeroaquaponic-monorepo\\misc\\text-game-react\\src\\reduce\\utils.ts": {"path":"C:\\Users\\Kirill\\Documents\\Repos\\aeroaquaponic-monorepo\\misc\\text-game-react\\src\\reduce\\utils.ts","statementMap":{"0":{"start":{"line":1,"column":30},"end":{"line":2,"column":79}},"1":{"start":{"line":2,"column":2},"end":{"line":2,"column":79}},"2":{"start":{"line":2,"column":53},"end":{"line":2,"column":78}},"3":{"start":{"line":4,"column":27},"end":{"line":5,"column":45}},"4":{"start":{"line":5,"column":2},"end":{"line":5,"column":45}},"5":{"start":{"line":5,"column":29},"end":{"line":5,"column":40}},"6":{"start":{"line":6,"column":34},"end":{"line":6,"column":64}},"7":{"start":{"line":6,"column":49},"end":{"line":6,"column":64}},"8":{"start":{"line":7,"column":36},"end":{"line":7,"column":66}},"9":{"start":{"line":7,"column":51},"end":{"line":7,"column":66}},"10":{"start":{"line":8,"column":29},"end":{"line":8,"column":57}},"11":{"start":{"line":8,"column":44},"end":{"line":8,"column":57}},"12":{"start":{"line":9,"column":23},"end":{"line":9,"column":55}},"13":{"start":{"line":9,"column":38},"end":{"line":9,"column":55}},"14":{"start":{"line":10,"column":24},"end":{"line":10,"column":52}},"15":{"start":{"line":10,"column":39},"end":{"line":10,"column":52}},"16":{"start":{"line":11,"column":26},"end":{"line":11,"column":54}},"17":{"start":{"line":11,"column":41},"end":{"line":11,"column":54}},"18":{"start":{"line":12,"column":28},"end":{"line":12,"column":58}},"19":{"start":{"line":12,"column":43},"end":{"line":12,"column":58}},"20":{"start":{"line":13,"column":24},"end":{"line":14,"column":71}},"21":{"start":{"line":14,"column":2},"end":{"line":14,"column":71}},"22":{"start":{"line":14,"column":33},"end":{"line":14,"column":48}},"23":{"start":{"line":16,"column":25},"end":{"line":25,"column":1}},"24":{"start":{"line":17,"column":16},"end":{"line":19,"column":13}},"25":{"start":{"line":20,"column":2},"end":{"line":24,"column":14}},"26":{"start":{"line":22,"column":19},"end":{"line":22,"column":32}},"27":{"start":{"line":27,"column":33},"end":{"line":28,"column":43}},"28":{"start":{"line":28,"column":2},"end":{"line":28,"column":43}},"29":{"start":{"line":30,"column":31},"end":{"line":31,"column":37}},"30":{"start":{"line":31,"column":2},"end":{"line":31,"column":37}},"31":{"start":{"line":33,"column":22},"end":{"line":34,"column":31}},"32":{"start":{"line":34,"column":2},"end":{"line":34,"column":31}},"33":{"start":{"line":36,"column":34},"end":{"line":44,"column":1}},"34":{"start":{"line":41,"column":17},"end":{"line":41,"column":39}},"35":{"start":{"line":42,"column":13},"end":{"line":42,"column":29}},"36":{"start":{"line":43,"column":2},"end":{"line":43,"column":43}},"37":{"start":{"line":47,"column":22},"end":{"line":51,"column":15}},"38":{"start":{"line":48,"column":4},"end":{"line":51,"column":15}},"39":{"start":{"line":50,"column":24},"end":{"line":50,"column":64}},"40":{"start":{"line":54,"column":31},"end":{"line":95,"column":1}},"41":{"start":{"line":58,"column":27},"end":{"line":58,"column":30}},"42":{"start":{"line":59,"column":2},"end":{"line":94,"column":11}},"43":{"start":{"line":60,"column":51},"end":{"line":60,"column":58}},"44":{"start":{"line":61,"column":16},"end":{"line":61,"column":59}},"45":{"start":{"line":62,"column":22},"end":{"line":62,"column":36}},"46":{"start":{"line":64,"column":18},"end":{"line":64,"column":44}},"47":{"start":{"line":66,"column":20},"end":{"line":66,"column":36}},"48":{"start":{"line":67,"column":4},"end":{"line":67,"column":30}},"49":{"start":{"line":67,"column":18},"end":{"line":67,"column":30}},"50":{"start":{"line":69,"column":21},"end":{"line":69,"column":37}},"51":{"start":{"line":70,"column":22},"end":{"line":70,"column":39}},"52":{"start":{"line":72,"column":4},"end":{"line":80,"column":8}},"53":{"start":{"line":73,"column":6},"end":{"line":80,"column":8}},"54":{"start":{"line":82,"column":4},"end":{"line":93,"column":25}},"55":{"start":{"line":93,"column":20},"end":{"line":93,"column":23}},"56":{"start":{"line":97,"column":19},"end":{"line":98,"column":34}},"57":{"start":{"line":98,"column":2},"end":{"line":98,"column":34}},"58":{"start":{"line":98,"column":19},"end":{"line":98,"column":33}}},"fnMap":{"0":{"name":"(anonymous_0)","decl":{"start":{"line":1,"column":30},"end":{"line":1,"column":31}},"loc":{"start":{"line":2,"column":2},"end":{"line":2,"column":79}},"line":2},"1":{"name":"(anonymous_1)","decl":{"start":{"line":2,"column":31},"end":{"line":2,"column":32}},"loc":{"start":{"line":2,"column":53},"end":{"line":2,"column":78}},"line":2},"2":{"name":"(anonymous_2)","decl":{"start":{"line":4,"column":27},"end":{"line":4,"column":28}},"loc":{"start":{"line":5,"column":2},"end":{"line":5,"column":45}},"line":5},"3":{"name":"(anonymous_3)","decl":{"start":{"line":5,"column":17},"end":{"line":5,"column":18}},"loc":{"start":{"line":5,"column":29},"end":{"line":5,"column":40}},"line":5},"4":{"name":"(anonymous_4)","decl":{"start":{"line":6,"column":34},"end":{"line":6,"column":35}},"loc":{"start":{"line":6,"column":49},"end":{"line":6,"column":64}},"line":6},"5":{"name":"(anonymous_5)","decl":{"start":{"line":7,"column":36},"end":{"line":7,"column":37}},"loc":{"start":{"line":7,"column":51},"end":{"line":7,"column":66}},"line":7},"6":{"name":"(anonymous_6)","decl":{"start":{"line":8,"column":29},"end":{"line":8,"column":30}},"loc":{"start":{"line":8,"column":44},"end":{"line":8,"column":57}},"line":8},"7":{"name":"(anonymous_7)","decl":{"start":{"line":9,"column":23},"end":{"line":9,"column":24}},"loc":{"start":{"line":9,"column":38},"end":{"line":9,"column":55}},"line":9},"8":{"name":"(anonymous_8)","decl":{"start":{"line":10,"column":24},"end":{"line":10,"column":25}},"loc":{"start":{"line":10,"column":39},"end":{"line":10,"column":52}},"line":10},"9":{"name":"(anonymous_9)","decl":{"start":{"line":11,"column":26},"end":{"line":11,"column":27}},"loc":{"start":{"line":11,"column":41},"end":{"line":11,"column":54}},"line":11},"10":{"name":"(anonymous_10)","decl":{"start":{"line":12,"column":28},"end":{"line":12,"column":29}},"loc":{"start":{"line":12,"column":43},"end":{"line":12,"column":58}},"line":12},"11":{"name":"(anonymous_11)","decl":{"start":{"line":13,"column":24},"end":{"line":13,"column":25}},"loc":{"start":{"line":14,"column":2},"end":{"line":14,"column":71}},"line":14},"12":{"name":"(anonymous_12)","decl":{"start":{"line":14,"column":26},"end":{"line":14,"column":27}},"loc":{"start":{"line":14,"column":33},"end":{"line":14,"column":48}},"line":14},"13":{"name":"(anonymous_13)","decl":{"start":{"line":16,"column":25},"end":{"line":16,"column":26}},"loc":{"start":{"line":16,"column":45},"end":{"line":25,"column":1}},"line":16},"14":{"name":"(anonymous_14)","decl":{"start":{"line":22,"column":9},"end":{"line":22,"column":10}},"loc":{"start":{"line":22,"column":19},"end":{"line":22,"column":32}},"line":22},"15":{"name":"(anonymous_15)","decl":{"start":{"line":27,"column":33},"end":{"line":27,"column":34}},"loc":{"start":{"line":28,"column":2},"end":{"line":28,"column":43}},"line":28},"16":{"name":"(anonymous_16)","decl":{"start":{"line":30,"column":31},"end":{"line":30,"column":32}},"loc":{"start":{"line":31,"column":2},"end":{"line":31,"column":37}},"line":31},"17":{"name":"(anonymous_17)","decl":{"start":{"line":33,"column":22},"end":{"line":33,"column":23}},"loc":{"start":{"line":34,"column":2},"end":{"line":34,"column":31}},"line":34},"18":{"name":"(anonymous_18)","decl":{"start":{"line":36,"column":34},"end":{"line":36,"column":35}},"loc":{"start":{"line":40,"column":5},"end":{"line":44,"column":1}},"line":40},"19":{"name":"(anonymous_19)","decl":{"start":{"line":47,"column":22},"end":{"line":47,"column":23}},"loc":{"start":{"line":48,"column":4},"end":{"line":51,"column":15}},"line":48},"20":{"name":"(anonymous_20)","decl":{"start":{"line":50,"column":11},"end":{"line":50,"column":12}},"loc":{"start":{"line":50,"column":24},"end":{"line":50,"column":64}},"line":50},"21":{"name":"(anonymous_21)","decl":{"start":{"line":54,"column":31},"end":{"line":54,"column":32}},"loc":{"start":{"line":57,"column":5},"end":{"line":95,"column":1}},"line":57},"22":{"name":"(anonymous_22)","decl":{"start":{"line":59,"column":21},"end":{"line":59,"column":22}},"loc":{"start":{"line":59,"column":37},"end":{"line":94,"column":3}},"line":59},"23":{"name":"(anonymous_23)","decl":{"start":{"line":93,"column":13},"end":{"line":93,"column":14}},"loc":{"start":{"line":93,"column":20},"end":{"line":93,"column":23}},"line":93},"24":{"name":"(anonymous_24)","decl":{"start":{"line":97,"column":19},"end":{"line":97,"column":20}},"loc":{"start":{"line":98,"column":2},"end":{"line":98,"column":34}},"line":98},"25":{"name":"(anonymous_25)","decl":{"start":{"line":98,"column":9},"end":{"line":98,"column":10}},"loc":{"start":{"line":98,"column":19},"end":{"line":98,"column":33}},"line":98}},"branchMap":{"0":{"loc":{"start":{"line":2,"column":60},"end":{"line":2,"column":77}},"type":"binary-expr","locations":[{"start":{"line":2,"column":60},"end":{"line":2,"column":71}},{"start":{"line":2,"column":75},"end":{"line":2,"column":77}}],"line":2},"1":{"loc":{"start":{"line":14,"column":13},"end":{"line":14,"column":64}},"type":"binary-expr","locations":[{"start":{"line":14,"column":13},"end":{"line":14,"column":58}},{"start":{"line":14,"column":62},"end":{"line":14,"column":64}}],"line":14},"2":{"loc":{"start":{"line":22,"column":19},"end":{"line":22,"column":32}},"type":"binary-expr","locations":[{"start":{"line":22,"column":19},"end":{"line":22,"column":27}},{"start":{"line":22,"column":31},"end":{"line":22,"column":32}}],"line":22},"3":{"loc":{"start":{"line":34,"column":2},"end":{"line":34,"column":31}},"type":"cond-expr","locations":[{"start":{"line":34,"column":22},"end":{"line":34,"column":26}},{"start":{"line":34,"column":29},"end":{"line":34,"column":31}}],"line":34},"4":{"loc":{"start":{"line":42,"column":13},"end":{"line":42,"column":29}},"type":"binary-expr","locations":[{"start":{"line":42,"column":13},"end":{"line":42,"column":21}},{"start":{"line":42,"column":25},"end":{"line":42,"column":29}}],"line":42},"5":{"loc":{"start":{"line":43,"column":9},"end":{"line":43,"column":42}},"type":"cond-expr","locations":[{"start":{"line":43,"column":31},"end":{"line":43,"column":33}},{"start":{"line":43,"column":36},"end":{"line":43,"column":42}}],"line":43},"6":{"loc":{"start":{"line":47,"column":23},"end":{"line":47,"column":41}},"type":"default-arg","locations":[{"start":{"line":47,"column":40},"end":{"line":47,"column":41}}],"line":47},"7":{"loc":{"start":{"line":47,"column":43},"end":{"line":47,"column":61}},"type":"default-arg","locations":[{"start":{"line":47,"column":60},"end":{"line":47,"column":61}}],"line":47},"8":{"loc":{"start":{"line":50,"column":27},"end":{"line":50,"column":35}},"type":"binary-expr","locations":[{"start":{"line":50,"column":27},"end":{"line":50,"column":28}},{"start":{"line":50,"column":32},"end":{"line":50,"column":35}}],"line":50},"9":{"loc":{"start":{"line":60,"column":19},"end":{"line":60,"column":46}},"type":"default-arg","locations":[{"start":{"line":60,"column":30},"end":{"line":60,"column":46}}],"line":60},"10":{"loc":{"start":{"line":61,"column":25},"end":{"line":61,"column":58}},"type":"cond-expr","locations":[{"start":{"line":61,"column":42},"end":{"line":61,"column":54}},{"start":{"line":61,"column":57},"end":{"line":61,"column":58}}],"line":61},"11":{"loc":{"start":{"line":67,"column":4},"end":{"line":67,"column":30}},"type":"if","locations":[{"start":{"line":67,"column":4},"end":{"line":67,"column":30}},{"start":{},"end":{}}],"line":67},"12":{"loc":{"start":{"line":72,"column":4},"end":{"line":80,"column":8}},"type":"if","locations":[{"start":{"line":72,"column":4},"end":{"line":80,"column":8}},{"start":{},"end":{}}],"line":72},"13":{"loc":{"start":{"line":89,"column":16},"end":{"line":89,"column":39}},"type":"binary-expr","locations":[{"start":{"line":89,"column":16},"end":{"line":89,"column":34}},{"start":{"line":89,"column":38},"end":{"line":89,"column":39}}],"line":89},"14":{"loc":{"start":{"line":90,"column":18},"end":{"line":90,"column":59}},"type":"binary-expr","locations":[{"start":{"line":90,"column":18},"end":{"line":90,"column":39}},{"start":{"line":90,"column":43},"end":{"line":90,"column":59}}],"line":90}},"s":{"0":7,"1":34,"2":51,"3":7,"4":57,"5":271,"6":7,"7":37,"8":7,"9":95,"10":7,"11":321,"12":7,"13":0,"14":7,"15":124,"16":7,"17":21,"18":7,"19":106,"20":7,"21":26,"22":21,"23":7,"24":6712,"25":6712,"26":26848,"27":7,"28":154,"29":7,"30":223,"31":7,"32":0,"33":7,"34":0,"35":0,"36":0,"37":7,"38":1678,"39":6712,"40":7,"41":121,"42":121,"43":520,"44":520,"45":520,"46":520,"47":520,"48":520,"49":1,"50":519,"51":519,"52":519,"53":464,"54":55,"55":299,"56":7,"57":0,"58":0},"f":{"0":34,"1":51,"2":57,"3":271,"4":37,"5":95,"6":321,"7":0,"8":124,"9":21,"10":106,"11":26,"12":21,"13":6712,"14":26848,"15":154,"16":223,"17":0,"18":0,"19":1678,"20":6712,"21":121,"22":520,"23":299,"24":0,"25":0},"b":{"0":[51,0],"1":[26,10],"2":[26848,796],"3":[0,0],"4":[0,0],"5":[0,0],"6":[1678],"7":[1678],"8":[6712,5034],"9":[0],"10":[120,400],"11":[1,519],"12":[464,55],"13":[55,43],"14":[55,35]},"_coverageSchema":"1a1c01bbd47fc00a2c39e90264f33305004495a9","hash":"11a2fd6d65e12b0dd2382e8711509b0d45484327"}
,"C:\\Users\\Kirill\\Documents\\Repos\\aeroaquaponic-monorepo\\misc\\text-game-react\\src\\reduce\\model\\cli.ts": {"path":"C:\\Users\\Kirill\\Documents\\Repos\\aeroaquaponic-monorepo\\misc\\text-game-react\\src\\reduce\\model\\cli.ts","statementMap":{"0":{"start":{"line":15,"column":29},"end":{"line":15,"column":31}},"1":{"start":{"line":16,"column":28},"end":{"line":16,"column":30}},"2":{"start":{"line":17,"column":32},"end":{"line":17,"column":34}},"3":{"start":{"line":19,"column":35},"end":{"line":19,"column":40}},"4":{"start":{"line":20,"column":36},"end":{"line":20,"column":40}},"5":{"start":{"line":23,"column":4},"end":{"line":23,"column":33}},"6":{"start":{"line":24,"column":4},"end":{"line":24,"column":31}},"7":{"start":{"line":25,"column":4},"end":{"line":25,"column":35}},"8":{"start":{"line":26,"column":4},"end":{"line":26,"column":44}},"9":{"start":{"line":30,"column":4},"end":{"line":30,"column":39}},"10":{"start":{"line":34,"column":4},"end":{"line":34,"column":54}},"11":{"start":{"line":35,"column":4},"end":{"line":35,"column":48}},"12":{"start":{"line":36,"column":4},"end":{"line":36,"column":51}},"13":{"start":{"line":37,"column":4},"end":{"line":37,"column":64}},"14":{"start":{"line":47,"column":4},"end":{"line":47,"column":25}},"15":{"start":{"line":51,"column":4},"end":{"line":51,"column":24}},"16":{"start":{"line":55,"column":4},"end":{"line":55,"column":56}},"17":{"start":{"line":59,"column":4},"end":{"line":59,"column":30}},"18":{"start":{"line":59,"column":23},"end":{"line":59,"column":30}},"19":{"start":{"line":60,"column":24},"end":{"line":60,"column":53}},"20":{"start":{"line":61,"column":21},"end":{"line":61,"column":52}},"21":{"start":{"line":62,"column":21},"end":{"line":62,"column":54}},"22":{"start":{"line":63,"column":19},"end":{"line":63,"column":65}},"23":{"start":{"line":64,"column":4},"end":{"line":64,"column":50}},"24":{"start":{"line":64,"column":29},"end":{"line":64,"column":50}},"25":{"start":{"line":65,"column":4},"end":{"line":65,"column":30}},"26":{"start":{"line":66,"column":4},"end":{"line":66,"column":29}},"27":{"start":{"line":67,"column":4},"end":{"line":67,"column":30}},"28":{"start":{"line":73,"column":16},"end":{"line":73,"column":20}},"29":{"start":{"line":74,"column":17},"end":{"line":74,"column":35}},"30":{"start":{"line":75,"column":4},"end":{"line":116,"column":5}},"31":{"start":{"line":76,"column":25},"end":{"line":76,"column":45}},"32":{"start":{"line":77,"column":21},"end":{"line":77,"column":53}},"33":{"start":{"line":78,"column":19},"end":{"line":78,"column":34}},"34":{"start":{"line":79,"column":6},"end":{"line":115,"column":7}},"35":{"start":{"line":85,"column":12},"end":{"line":85,"column":21}},"36":{"start":{"line":86,"column":27},"end":{"line":93,"column":9}},"37":{"start":{"line":94,"column":8},"end":{"line":94,"column":34}},"38":{"start":{"line":95,"column":8},"end":{"line":95,"column":62}},"39":{"start":{"line":96,"column":27},"end":{"line":96,"column":51}},"40":{"start":{"line":97,"column":23},"end":{"line":97,"column":54}},"41":{"start":{"line":98,"column":8},"end":{"line":114,"column":9}},"42":{"start":{"line":99,"column":27},"end":{"line":99,"column":40}},"43":{"start":{"line":100,"column":10},"end":{"line":111,"column":12}},"44":{"start":{"line":112,"column":10},"end":{"line":112,"column":58}},"45":{"start":{"line":113,"column":10},"end":{"line":113,"column":52}},"46":{"start":{"line":117,"column":4},"end":{"line":117,"column":17}},"47":{"start":{"line":121,"column":4},"end":{"line":121,"column":30}},"48":{"start":{"line":121,"column":23},"end":{"line":121,"column":30}},"49":{"start":{"line":122,"column":26},"end":{"line":122,"column":44}},"50":{"start":{"line":123,"column":24},"end":{"line":123,"column":53}},"51":{"start":{"line":124,"column":20},"end":{"line":124,"column":39}},"52":{"start":{"line":125,"column":4},"end":{"line":128,"column":5}},"53":{"start":{"line":126,"column":6},"end":{"line":126,"column":21}},"54":{"start":{"line":127,"column":6},"end":{"line":127,"column":13}},"55":{"start":{"line":129,"column":21},"end":{"line":129,"column":47}},"56":{"start":{"line":130,"column":21},"end":{"line":130,"column":60}},"57":{"start":{"line":131,"column":20},"end":{"line":131,"column":55}},"58":{"start":{"line":132,"column":4},"end":{"line":135,"column":5}},"59":{"start":{"line":133,"column":6},"end":{"line":133,"column":21}},"60":{"start":{"line":134,"column":6},"end":{"line":134,"column":13}},"61":{"start":{"line":136,"column":4},"end":{"line":136,"column":50}},"62":{"start":{"line":136,"column":29},"end":{"line":136,"column":50}},"63":{"start":{"line":137,"column":4},"end":{"line":137,"column":31}},"64":{"start":{"line":138,"column":18},"end":{"line":138,"column":39}},"65":{"start":{"line":139,"column":4},"end":{"line":139,"column":22}},"66":{"start":{"line":140,"column":19},"end":{"line":140,"column":38}},"67":{"start":{"line":141,"column":18},"end":{"line":143,"column":10}},"68":{"start":{"line":144,"column":4},"end":{"line":144,"column":40}},"69":{"start":{"line":145,"column":4},"end":{"line":145,"column":22}},"70":{"start":{"line":146,"column":4},"end":{"line":146,"column":32}},"71":{"start":{"line":149,"column":13},"end":{"line":159,"column":4}},"72":{"start":{"line":154,"column":8},"end":{"line":159,"column":3}},"73":{"start":{"line":161,"column":16},"end":{"line":166,"column":3}},"74":{"start":{"line":162,"column":4},"end":{"line":165,"column":6}},"75":{"start":{"line":164,"column":25},"end":{"line":164,"column":43}},"76":{"start":{"line":171,"column":22},"end":{"line":177,"column":1}},"77":{"start":{"line":172,"column":2},"end":{"line":174,"column":3}},"78":{"start":{"line":173,"column":4},"end":{"line":173,"column":50}},"79":{"start":{"line":175,"column":2},"end":{"line":175,"column":28}},"80":{"start":{"line":176,"column":2},"end":{"line":176,"column":21}}},"fnMap":{"0":{"name":"(anonymous_0)","decl":{"start":{"line":22,"column":2},"end":{"line":22,"column":3}},"loc":{"start":{"line":22,"column":29},"end":{"line":27,"column":3}},"line":22},"1":{"name":"(anonymous_1)","decl":{"start":{"line":29,"column":2},"end":{"line":29,"column":3}},"loc":{"start":{"line":29,"column":42},"end":{"line":31,"column":3}},"line":29},"2":{"name":"(anonymous_2)","decl":{"start":{"line":33,"column":2},"end":{"line":33,"column":3}},"loc":{"start":{"line":33,"column":33},"end":{"line":38,"column":3}},"line":33},"3":{"name":"(anonymous_3)","decl":{"start":{"line":46,"column":2},"end":{"line":46,"column":3}},"loc":{"start":{"line":46,"column":27},"end":{"line":48,"column":3}},"line":46},"4":{"name":"(anonymous_4)","decl":{"start":{"line":50,"column":2},"end":{"line":50,"column":3}},"loc":{"start":{"line":50,"column":14},"end":{"line":52,"column":3}},"line":50},"5":{"name":"(anonymous_5)","decl":{"start":{"line":54,"column":2},"end":{"line":54,"column":3}},"loc":{"start":{"line":54,"column":18},"end":{"line":56,"column":3}},"line":54},"6":{"name":"(anonymous_6)","decl":{"start":{"line":58,"column":2},"end":{"line":58,"column":3}},"loc":{"start":{"line":58,"column":12},"end":{"line":68,"column":3}},"line":58},"7":{"name":"(anonymous_7)","decl":{"start":{"line":70,"column":2},"end":{"line":70,"column":3}},"loc":{"start":{"line":72,"column":13},"end":{"line":118,"column":3}},"line":72},"8":{"name":"(anonymous_8)","decl":{"start":{"line":120,"column":2},"end":{"line":120,"column":3}},"loc":{"start":{"line":120,"column":53},"end":{"line":147,"column":3}},"line":120},"9":{"name":"(anonymous_9)","decl":{"start":{"line":149,"column":13},"end":{"line":149,"column":14}},"loc":{"start":{"line":154,"column":8},"end":{"line":159,"column":3}},"line":154},"10":{"name":"(anonymous_10)","decl":{"start":{"line":161,"column":16},"end":{"line":161,"column":17}},"loc":{"start":{"line":161,"column":35},"end":{"line":166,"column":3}},"line":161},"11":{"name":"(anonymous_11)","decl":{"start":{"line":164,"column":6},"end":{"line":164,"column":7}},"loc":{"start":{"line":164,"column":25},"end":{"line":164,"column":43}},"line":164},"12":{"name":"(anonymous_12)","decl":{"start":{"line":171,"column":22},"end":{"line":171,"column":23}},"loc":{"start":{"line":171,"column":41},"end":{"line":177,"column":1}},"line":171}},"branchMap":{"0":{"loc":{"start":{"line":34,"column":4},"end":{"line":34,"column":53}},"type":"binary-expr","locations":[{"start":{"line":34,"column":4},"end":{"line":34,"column":17}},{"start":{"line":34,"column":22},"end":{"line":34,"column":52}}],"line":34},"1":{"loc":{"start":{"line":35,"column":4},"end":{"line":35,"column":47}},"type":"binary-expr","locations":[{"start":{"line":35,"column":4},"end":{"line":35,"column":15}},{"start":{"line":35,"column":20},"end":{"line":35,"column":46}}],"line":35},"2":{"loc":{"start":{"line":36,"column":4},"end":{"line":36,"column":50}},"type":"binary-expr","locations":[{"start":{"line":36,"column":4},"end":{"line":36,"column":16}},{"start":{"line":36,"column":21},"end":{"line":36,"column":49}}],"line":36},"3":{"loc":{"start":{"line":37,"column":4},"end":{"line":37,"column":63}},"type":"binary-expr","locations":[{"start":{"line":37,"column":4},"end":{"line":37,"column":18}},{"start":{"line":37,"column":23},"end":{"line":37,"column":62}}],"line":37},"4":{"loc":{"start":{"line":59,"column":4},"end":{"line":59,"column":30}},"type":"if","locations":[{"start":{"line":59,"column":4},"end":{"line":59,"column":30}},{"start":{},"end":{}}],"line":59},"5":{"loc":{"start":{"line":64,"column":4},"end":{"line":64,"column":50}},"type":"if","locations":[{"start":{"line":64,"column":4},"end":{"line":64,"column":50}},{"start":{},"end":{}}],"line":64},"6":{"loc":{"start":{"line":71,"column":4},"end":{"line":71,"column":61}},"type":"default-arg","locations":[{"start":{"line":71,"column":43},"end":{"line":71,"column":61}}],"line":71},"7":{"loc":{"start":{"line":75,"column":4},"end":{"line":116,"column":5}},"type":"if","locations":[{"start":{"line":75,"column":4},"end":{"line":116,"column":5}},{"start":{},"end":{}}],"line":75},"8":{"loc":{"start":{"line":79,"column":6},"end":{"line":115,"column":7}},"type":"if","locations":[{"start":{"line":79,"column":6},"end":{"line":115,"column":7}},{"start":{},"end":{}}],"line":79},"9":{"loc":{"start":{"line":79,"column":10},"end":{"line":79,"column":27}},"type":"binary-expr","locations":[{"start":{"line":79,"column":10},"end":{"line":79,"column":19}},{"start":{"line":79,"column":23},"end":{"line":79,"column":27}}],"line":79},"10":{"loc":{"start":{"line":98,"column":8},"end":{"line":114,"column":9}},"type":"if","locations":[{"start":{"line":98,"column":8},"end":{"line":114,"column":9}},{"start":{},"end":{}}],"line":98},"11":{"loc":{"start":{"line":98,"column":12},"end":{"line":98,"column":33}},"type":"binary-expr","locations":[{"start":{"line":98,"column":12},"end":{"line":98,"column":18}},{"start":{"line":98,"column":22},"end":{"line":98,"column":33}}],"line":98},"12":{"loc":{"start":{"line":121,"column":4},"end":{"line":121,"column":30}},"type":"if","locations":[{"start":{"line":121,"column":4},"end":{"line":121,"column":30}},{"start":{},"end":{}}],"line":121},"13":{"loc":{"start":{"line":125,"column":4},"end":{"line":128,"column":5}},"type":"if","locations":[{"start":{"line":125,"column":4},"end":{"line":128,"column":5}},{"start":{},"end":{}}],"line":125},"14":{"loc":{"start":{"line":132,"column":4},"end":{"line":135,"column":5}},"type":"if","locations":[{"start":{"line":132,"column":4},"end":{"line":135,"column":5}},{"start":{},"end":{}}],"line":132},"15":{"loc":{"start":{"line":136,"column":4},"end":{"line":136,"column":50}},"type":"if","locations":[{"start":{"line":136,"column":4},"end":{"line":136,"column":50}},{"start":{},"end":{}}],"line":136},"16":{"loc":{"start":{"line":141,"column":18},"end":{"line":143,"column":10}},"type":"cond-expr","locations":[{"start":{"line":142,"column":8},"end":{"line":142,"column":49}},{"start":{"line":143,"column":8},"end":{"line":143,"column":10}}],"line":141},"17":{"loc":{"start":{"line":158,"column":14},"end":{"line":158,"column":57}},"type":"cond-expr","locations":[{"start":{"line":158,"column":29},"end":{"line":158,"column":52}},{"start":{"line":158,"column":55},"end":{"line":158,"column":57}}],"line":158},"18":{"loc":{"start":{"line":172,"column":2},"end":{"line":174,"column":3}},"type":"if","locations":[{"start":{"line":172,"column":2},"end":{"line":174,"column":3}},{"start":{},"end":{}}],"line":172}},"s":{"0":5,"1":5,"2":5,"3":5,"4":5,"5":5,"6":5,"7":5,"8":5,"9":30,"10":184,"11":184,"12":184,"13":184,"14":54,"15":160,"16":32,"17":25,"18":0,"19":25,"20":25,"21":25,"22":25,"23":25,"24":11,"25":25,"26":25,"27":25,"28":30,"29":30,"30":30,"31":30,"32":30,"33":30,"34":30,"35":30,"36":30,"37":30,"38":30,"39":30,"40":30,"41":30,"42":30,"43":30,"44":30,"45":30,"46":30,"47":34,"48":0,"49":34,"50":34,"51":34,"52":34,"53":2,"54":2,"55":32,"56":32,"57":32,"58":32,"59":2,"60":2,"61":30,"62":21,"63":30,"64":30,"65":30,"66":30,"67":30,"68":30,"69":30,"70":30,"71":5,"72":64,"73":5,"74":48,"75":192,"76":5,"77":137,"78":5,"79":137,"80":137},"f":{"0":5,"1":30,"2":184,"3":54,"4":160,"5":32,"6":25,"7":30,"8":34,"9":64,"10":48,"11":192,"12":137},"b":{"0":[184,137],"1":[184,45],"2":[184,100],"3":[184,184],"4":[0,25],"5":[11,14],"6":[30],"7":[30,0],"8":[30,0],"9":[30,30],"10":[30,0],"11":[30,30],"12":[0,34],"13":[2,32],"14":[2,30],"15":[21,9],"16":[0,30],"17":[64,0],"18":[5,132]},"_coverageSchema":"1a1c01bbd47fc00a2c39e90264f33305004495a9","hash":"802547ec84a3863e5110a87dfbaf55b7cc5c0f4a"}
,"C:\\Users\\Kirill\\Documents\\Repos\\aeroaquaponic-monorepo\\misc\\text-game-react\\src\\reduce\\model\\global.ts": {"path":"C:\\Users\\Kirill\\Documents\\Repos\\aeroaquaponic-monorepo\\misc\\text-game-react\\src\\reduce\\model\\global.ts","statementMap":{"0":{"start":{"line":8,"column":17},"end":{"line":8,"column":35}},"1":{"start":{"line":9,"column":33},"end":{"line":9,"column":35}},"2":{"start":{"line":10,"column":32},"end":{"line":10,"column":38}},"3":{"start":{"line":11,"column":27},"end":{"line":11,"column":29}},"4":{"start":{"line":12,"column":34},"end":{"line":12,"column":36}},"5":{"start":{"line":13,"column":44},"end":{"line":13,"column":46}},"6":{"start":{"line":24,"column":4},"end":{"line":24,"column":19}},"7":{"start":{"line":25,"column":4},"end":{"line":25,"column":23}},"8":{"start":{"line":26,"column":4},"end":{"line":26,"column":23}},"9":{"start":{"line":27,"column":4},"end":{"line":27,"column":37}},"10":{"start":{"line":28,"column":4},"end":{"line":28,"column":37}},"11":{"start":{"line":29,"column":4},"end":{"line":29,"column":29}},"12":{"start":{"line":30,"column":4},"end":{"line":34,"column":5}},"13":{"start":{"line":31,"column":6},"end":{"line":33,"column":8}},"14":{"start":{"line":32,"column":8},"end":{"line":32,"column":29}},"15":{"start":{"line":38,"column":4},"end":{"line":40,"column":8}},"16":{"start":{"line":44,"column":4},"end":{"line":51,"column":6}},"17":{"start":{"line":55,"column":4},"end":{"line":55,"column":31}},"18":{"start":{"line":59,"column":4},"end":{"line":59,"column":27}},"19":{"start":{"line":65,"column":24},"end":{"line":71,"column":1}},"20":{"start":{"line":70,"column":2},"end":{"line":70,"column":31}}},"fnMap":{"0":{"name":"(anonymous_0)","decl":{"start":{"line":15,"column":2},"end":{"line":15,"column":3}},"loc":{"start":{"line":23,"column":4},"end":{"line":35,"column":3}},"line":23},"1":{"name":"(anonymous_1)","decl":{"start":{"line":31,"column":22},"end":{"line":31,"column":23}},"loc":{"start":{"line":31,"column":58},"end":{"line":33,"column":7}},"line":31},"2":{"name":"(anonymous_2)","decl":{"start":{"line":37,"column":2},"end":{"line":37,"column":3}},"loc":{"start":{"line":37,"column":51},"end":{"line":41,"column":3}},"line":37},"3":{"name":"(anonymous_3)","decl":{"start":{"line":43,"column":2},"end":{"line":43,"column":3}},"loc":{"start":{"line":43,"column":14},"end":{"line":52,"column":3}},"line":43},"4":{"name":"(anonymous_4)","decl":{"start":{"line":54,"column":2},"end":{"line":54,"column":3}},"loc":{"start":{"line":54,"column":35},"end":{"line":56,"column":3}},"line":54},"5":{"name":"(anonymous_5)","decl":{"start":{"line":58,"column":2},"end":{"line":58,"column":3}},"loc":{"start":{"line":58,"column":17},"end":{"line":60,"column":3}},"line":58},"6":{"name":"(anonymous_6)","decl":{"start":{"line":65,"column":24},"end":{"line":65,"column":25}},"loc":{"start":{"line":65,"column":55},"end":{"line":71,"column":1}},"line":65}},"branchMap":{"0":{"loc":{"start":{"line":28,"column":22},"end":{"line":28,"column":36}},"type":"binary-expr","locations":[{"start":{"line":28,"column":22},"end":{"line":28,"column":30}},{"start":{"line":28,"column":34},"end":{"line":28,"column":36}}],"line":28},"1":{"loc":{"start":{"line":29,"column":18},"end":{"line":29,"column":28}},"type":"binary-expr","locations":[{"start":{"line":29,"column":18},"end":{"line":29,"column":22}},{"start":{"line":29,"column":26},"end":{"line":29,"column":28}}],"line":29},"2":{"loc":{"start":{"line":30,"column":4},"end":{"line":34,"column":5}},"type":"if","locations":[{"start":{"line":30,"column":4},"end":{"line":34,"column":5}},{"start":{},"end":{}}],"line":30}},"s":{"0":1855,"1":1855,"2":1855,"3":1855,"4":1855,"5":1855,"6":1855,"7":1855,"8":1855,"9":1855,"10":1855,"11":1855,"12":1855,"13":1404,"14":30,"15":0,"16":3872,"17":0,"18":127,"19":5,"20":194},"f":{"0":1855,"1":30,"2":0,"3":3872,"4":0,"5":127,"6":194},"b":{"0":[1855,42],"1":[1855,42],"2":[1404,451]},"_coverageSchema":"1a1c01bbd47fc00a2c39e90264f33305004495a9","hash":"9fe4e5f8837b29fd551d3f64c429521bbd2829ba"}
,"C:\\Users\\Kirill\\Documents\\Repos\\aeroaquaponic-monorepo\\misc\\text-game-react\\src\\reduce\\model\\parser.ts": {"path":"C:\\Users\\Kirill\\Documents\\Repos\\aeroaquaponic-monorepo\\misc\\text-game-react\\src\\reduce\\model\\parser.ts","statementMap":{"0":{"start":{"line":13,"column":33},"end":{"line":13,"column":35}},"1":{"start":{"line":17,"column":4},"end":{"line":17,"column":27}},"2":{"start":{"line":21,"column":4},"end":{"line":21,"column":39}},"3":{"start":{"line":22,"column":4},"end":{"line":22,"column":27}},"4":{"start":{"line":26,"column":40},"end":{"line":26,"column":78}},"5":{"start":{"line":27,"column":18},"end":{"line":27,"column":49}},"6":{"start":{"line":27,"column":36},"end":{"line":27,"column":48}},"7":{"start":{"line":28,"column":24},"end":{"line":28,"column":56}},"8":{"start":{"line":30,"column":27},"end":{"line":37,"column":5}},"9":{"start":{"line":31,"column":6},"end":{"line":36,"column":8}},"10":{"start":{"line":34,"column":22},"end":{"line":34,"column":29}},"11":{"start":{"line":39,"column":20},"end":{"line":41,"column":51}},"12":{"start":{"line":40,"column":36},"end":{"line":40,"column":60}},"13":{"start":{"line":43,"column":19},"end":{"line":45,"column":6}},"14":{"start":{"line":47,"column":4},"end":{"line":47,"column":37}},"15":{"start":{"line":51,"column":4},"end":{"line":51,"column":34}},"16":{"start":{"line":51,"column":24},"end":{"line":51,"column":34}},"17":{"start":{"line":53,"column":29},"end":{"line":53,"column":54}},"18":{"start":{"line":53,"column":52},"end":{"line":53,"column":53}},"19":{"start":{"line":55,"column":25},"end":{"line":55,"column":38}},"20":{"start":{"line":56,"column":21},"end":{"line":56,"column":23}},"21":{"start":{"line":57,"column":16},"end":{"line":57,"column":17}},"22":{"start":{"line":59,"column":4},"end":{"line":73,"column":5}},"23":{"start":{"line":59,"column":17},"end":{"line":59,"column":18}},"24":{"start":{"line":60,"column":22},"end":{"line":60,"column":41}},"25":{"start":{"line":61,"column":22},"end":{"line":65,"column":7}},"26":{"start":{"line":62,"column":8},"end":{"line":64,"column":44}},"27":{"start":{"line":66,"column":20},"end":{"line":66,"column":30}},"28":{"start":{"line":67,"column":6},"end":{"line":69,"column":7}},"29":{"start":{"line":68,"column":8},"end":{"line":68,"column":24}},"30":{"start":{"line":70,"column":6},"end":{"line":70,"column":16}},"31":{"start":{"line":71,"column":6},"end":{"line":71,"column":27}},"32":{"start":{"line":72,"column":6},"end":{"line":72,"column":21}},"33":{"start":{"line":75,"column":4},"end":{"line":75,"column":20}}},"fnMap":{"0":{"name":"(anonymous_0)","decl":{"start":{"line":16,"column":2},"end":{"line":16,"column":3}},"loc":{"start":{"line":16,"column":30},"end":{"line":18,"column":3}},"line":16},"1":{"name":"(anonymous_1)","decl":{"start":{"line":20,"column":2},"end":{"line":20,"column":3}},"loc":{"start":{"line":20,"column":23},"end":{"line":23,"column":3}},"line":20},"2":{"name":"(anonymous_2)","decl":{"start":{"line":25,"column":2},"end":{"line":25,"column":3}},"loc":{"start":{"line":25,"column":63},"end":{"line":48,"column":3}},"line":25},"3":{"name":"(anonymous_3)","decl":{"start":{"line":27,"column":29},"end":{"line":27,"column":30}},"loc":{"start":{"line":27,"column":36},"end":{"line":27,"column":48}},"line":27},"4":{"name":"(anonymous_4)","decl":{"start":{"line":30,"column":27},"end":{"line":30,"column":28}},"loc":{"start":{"line":30,"column":64},"end":{"line":37,"column":5}},"line":30},"5":{"name":"(anonymous_5)","decl":{"start":{"line":34,"column":15},"end":{"line":34,"column":16}},"loc":{"start":{"line":34,"column":22},"end":{"line":34,"column":29}},"line":34},"6":{"name":"(anonymous_6)","decl":{"start":{"line":40,"column":29},"end":{"line":40,"column":30}},"loc":{"start":{"line":40,"column":36},"end":{"line":40,"column":60}},"line":40},"7":{"name":"(anonymous_7)","decl":{"start":{"line":50,"column":2},"end":{"line":50,"column":3}},"loc":{"start":{"line":50,"column":70},"end":{"line":76,"column":3}},"line":50},"8":{"name":"(anonymous_8)","decl":{"start":{"line":53,"column":45},"end":{"line":53,"column":46}},"loc":{"start":{"line":53,"column":52},"end":{"line":53,"column":53}},"line":53},"9":{"name":"(anonymous_9)","decl":{"start":{"line":61,"column":45},"end":{"line":61,"column":46}},"loc":{"start":{"line":62,"column":8},"end":{"line":64,"column":44}},"line":62}},"branchMap":{"0":{"loc":{"start":{"line":26,"column":40},"end":{"line":26,"column":78}},"type":"binary-expr","locations":[{"start":{"line":26,"column":40},"end":{"line":26,"column":61}},{"start":{"line":26,"column":65},"end":{"line":26,"column":78}}],"line":26},"1":{"loc":{"start":{"line":39,"column":20},"end":{"line":41,"column":51}},"type":"cond-expr","locations":[{"start":{"line":40,"column":8},"end":{"line":40,"column":70}},{"start":{"line":41,"column":8},"end":{"line":41,"column":51}}],"line":39},"2":{"loc":{"start":{"line":50,"column":34},"end":{"line":50,"column":58}},"type":"default-arg","locations":[{"start":{"line":50,"column":53},"end":{"line":50,"column":58}}],"line":50},"3":{"loc":{"start":{"line":51,"column":4},"end":{"line":51,"column":34}},"type":"if","locations":[{"start":{"line":51,"column":4},"end":{"line":51,"column":34}},{"start":{},"end":{}}],"line":51},"4":{"loc":{"start":{"line":62,"column":8},"end":{"line":64,"column":44}},"type":"cond-expr","locations":[{"start":{"line":63,"column":12},"end":{"line":63,"column":42}},{"start":{"line":64,"column":12},"end":{"line":64,"column":44}}],"line":62},"5":{"loc":{"start":{"line":67,"column":6},"end":{"line":69,"column":7}},"type":"if","locations":[{"start":{"line":67,"column":6},"end":{"line":69,"column":7}},{"start":{},"end":{}}],"line":67},"6":{"loc":{"start":{"line":67,"column":10},"end":{"line":67,"column":38}},"type":"binary-expr","locations":[{"start":{"line":67,"column":10},"end":{"line":67,"column":16}},{"start":{"line":67,"column":20},"end":{"line":67,"column":38}}],"line":67}},"s":{"0":63,"1":63,"2":61,"3":61,"4":25,"5":25,"6":18,"7":25,"8":25,"9":85,"10":21,"11":25,"12":78,"13":25,"14":25,"15":61,"16":0,"17":61,"18":96,"19":61,"20":61,"21":61,"22":61,"23":61,"24":84,"25":84,"26":377,"27":84,"28":84,"29":12,"30":72,"31":72,"32":72,"33":49},"f":{"0":63,"1":61,"2":25,"3":18,"4":85,"5":21,"6":78,"7":61,"8":96,"9":377},"b":{"0":[25,10],"1":[18,7],"2":[29],"3":[0,61],"4":[223,154],"5":[12,72],"6":[84,72]},"_coverageSchema":"1a1c01bbd47fc00a2c39e90264f33305004495a9","hash":"d0d67376fec30253024f17740920df7160f2cedd"}
,"C:\\Users\\Kirill\\Documents\\Repos\\aeroaquaponic-monorepo\\misc\\text-game-react\\src\\reduce\\model\\entities\\entities.ts": {"path":"C:\\Users\\Kirill\\Documents\\Repos\\aeroaquaponic-monorepo\\misc\\text-game-react\\src\\reduce\\model\\entities\\entities.ts","statementMap":{"0":{"start":{"line":7,"column":28},"end":{"line":134,"column":1}},"1":{"start":{"line":8,"column":2},"end":{"line":132,"column":3}},"2":{"start":{"line":9,"column":4},"end":{"line":131,"column":6}},"3":{"start":{"line":133,"column":2},"end":{"line":133,"column":19}}},"fnMap":{"0":{"name":"(anonymous_0)","decl":{"start":{"line":7,"column":28},"end":{"line":7,"column":29}},"loc":{"start":{"line":7,"column":75},"end":{"line":134,"column":1}},"line":7}},"branchMap":{"0":{"loc":{"start":{"line":8,"column":2},"end":{"line":132,"column":3}},"type":"if","locations":[{"start":{"line":8,"column":2},"end":{"line":132,"column":3}},{"start":{},"end":{}}],"line":8}},"s":{"0":5,"1":495,"2":5,"3":495},"f":{"0":495},"b":{"0":[5,490]},"_coverageSchema":"1a1c01bbd47fc00a2c39e90264f33305004495a9","hash":"58ea5cb27d37abd8ff7c4c54b56bf8091d470f97"}
,"C:\\Users\\Kirill\\Documents\\Repos\\aeroaquaponic-monorepo\\misc\\text-game-react\\src\\reduce\\model\\entities\\index.ts": {"path":"C:\\Users\\Kirill\\Documents\\Repos\\aeroaquaponic-monorepo\\misc\\text-game-react\\src\\reduce\\model\\entities\\index.ts","statementMap":{"0":{"start":{"line":24,"column":33},"end":{"line":42,"column":3}},"1":{"start":{"line":28,"column":2},"end":{"line":42,"column":3}},"2":{"start":{"line":35,"column":53},"end":{"line":35,"column":60}},"3":{"start":{"line":36,"column":8},"end":{"line":36,"column":28}},"4":{"start":{"line":36,"column":21},"end":{"line":36,"column":28}},"5":{"start":{"line":37,"column":8},"end":{"line":37,"column":46}},"6":{"start":{"line":39,"column":21},"end":{"line":39,"column":24}},"7":{"start":{"line":46,"column":25},"end":{"line":68,"column":1}},"8":{"start":{"line":47,"column":17},"end":{"line":66,"column":3}},"9":{"start":{"line":49,"column":6},"end":{"line":63,"column":8}},"10":{"start":{"line":53,"column":45},"end":{"line":53,"column":60}},"11":{"start":{"line":60,"column":28},"end":{"line":60,"column":60}},"12":{"start":{"line":67,"column":2},"end":{"line":67,"column":16}},"13":{"start":{"line":70,"column":27},"end":{"line":73,"column":1}},"14":{"start":{"line":71,"column":2},"end":{"line":71,"column":80}},"15":{"start":{"line":71,"column":42},"end":{"line":71,"column":80}},"16":{"start":{"line":72,"column":2},"end":{"line":72,"column":63}}},"fnMap":{"0":{"name":"(anonymous_0)","decl":{"start":{"line":24,"column":33},"end":{"line":24,"column":34}},"loc":{"start":{"line":28,"column":2},"end":{"line":42,"column":3}},"line":28},"1":{"name":"(anonymous_1)","decl":{"start":{"line":34,"column":11},"end":{"line":34,"column":12}},"loc":{"start":{"line":34,"column":19},"end":{"line":38,"column":7}},"line":34},"2":{"name":"(anonymous_2)","decl":{"start":{"line":39,"column":14},"end":{"line":39,"column":15}},"loc":{"start":{"line":39,"column":21},"end":{"line":39,"column":24}},"line":39},"3":{"name":"(anonymous_3)","decl":{"start":{"line":46,"column":25},"end":{"line":46,"column":26}},"loc":{"start":{"line":46,"column":62},"end":{"line":68,"column":1}},"line":46},"4":{"name":"(anonymous_4)","decl":{"start":{"line":48,"column":4},"end":{"line":48,"column":5}},"loc":{"start":{"line":48,"column":73},"end":{"line":64,"column":5}},"line":48},"5":{"name":"(anonymous_5)","decl":{"start":{"line":53,"column":33},"end":{"line":53,"column":34}},"loc":{"start":{"line":53,"column":45},"end":{"line":53,"column":60}},"line":53},"6":{"name":"(anonymous_6)","decl":{"start":{"line":60,"column":10},"end":{"line":60,"column":11}},"loc":{"start":{"line":60,"column":28},"end":{"line":60,"column":60}},"line":60},"7":{"name":"(anonymous_7)","decl":{"start":{"line":70,"column":27},"end":{"line":70,"column":28}},"loc":{"start":{"line":70,"column":66},"end":{"line":73,"column":1}},"line":70}},"branchMap":{"0":{"loc":{"start":{"line":36,"column":8},"end":{"line":36,"column":28}},"type":"if","locations":[{"start":{"line":36,"column":8},"end":{"line":36,"column":28}},{"start":{},"end":{}}],"line":36},"1":{"loc":{"start":{"line":71,"column":2},"end":{"line":71,"column":80}},"type":"if","locations":[{"start":{"line":71,"column":2},"end":{"line":71,"column":80}},{"start":{},"end":{}}],"line":71}},"s":{"0":5,"1":1813,"2":1661,"3":1661,"4":0,"5":1661,"6":1661,"7":5,"8":1724,"9":1724,"10":1579,"11":1579,"12":1724,"13":5,"14":194,"15":42,"16":152},"f":{"0":1813,"1":1661,"2":1661,"3":1724,"4":1724,"5":1579,"6":1579,"7":194},"b":{"0":[0,1661],"1":[42,152]},"_coverageSchema":"1a1c01bbd47fc00a2c39e90264f33305004495a9","hash":"38812fb9f643cb05d1d6541f540233159b581264"}
,"C:\\Users\\Kirill\\Documents\\Repos\\aeroaquaponic-monorepo\\misc\\text-game-react\\src\\reduce\\model\\entities\\interactions.ts": {"path":"C:\\Users\\Kirill\\Documents\\Repos\\aeroaquaponic-monorepo\\misc\\text-game-react\\src\\reduce\\model\\entities\\interactions.ts","statementMap":{"0":{"start":{"line":16,"column":4},"end":{"line":96,"column":1}},"1":{"start":{"line":18,"column":4},"end":{"line":29,"column":7}},"2":{"start":{"line":38,"column":18},"end":{"line":38,"column":32}},"3":{"start":{"line":39,"column":18},"end":{"line":41,"column":5}},"4":{"start":{"line":40,"column":13},"end":{"line":40,"column":74}},"5":{"start":{"line":43,"column":6},"end":{"line":47,"column":11}},"6":{"start":{"line":48,"column":4},"end":{"line":48,"column":60}},"7":{"start":{"line":51,"column":18},"end":{"line":51,"column":32}},"8":{"start":{"line":52,"column":18},"end":{"line":54,"column":5}},"9":{"start":{"line":53,"column":13},"end":{"line":53,"column":42}},"10":{"start":{"line":55,"column":17},"end":{"line":58,"column":7}},"11":{"start":{"line":60,"column":6},"end":{"line":60,"column":76}},"12":{"start":{"line":61,"column":4},"end":{"line":63,"column":18}},"13":{"start":{"line":69,"column":4},"end":{"line":77,"column":7}},"14":{"start":{"line":80,"column":6},"end":{"line":81,"column":59}},"15":{"start":{"line":82,"column":4},"end":{"line":82,"column":60}},"16":{"start":{"line":85,"column":4},"end":{"line":85,"column":51}},"17":{"start":{"line":88,"column":4},"end":{"line":91,"column":7}},"18":{"start":{"line":92,"column":4},"end":{"line":94,"column":8}},"19":{"start":{"line":98,"column":33},"end":{"line":100,"column":1}},"20":{"start":{"line":99,"column":2},"end":{"line":99,"column":24}},"21":{"start":{"line":102,"column":34},"end":{"line":105,"column":1}},"22":{"start":{"line":103,"column":22},"end":{"line":103,"column":45}},"23":{"start":{"line":104,"column":2},"end":{"line":104,"column":21}}},"fnMap":{"0":{"name":"(anonymous_0)","decl":{"start":{"line":17,"column":19},"end":{"line":17,"column":20}},"loc":{"start":{"line":18,"column":4},"end":{"line":29,"column":7}},"line":18},"1":{"name":"(anonymous_1)","decl":{"start":{"line":37,"column":20},"end":{"line":37,"column":21}},"loc":{"start":{"line":37,"column":29},"end":{"line":49,"column":3}},"line":37},"2":{"name":"(anonymous_2)","decl":{"start":{"line":40,"column":6},"end":{"line":40,"column":7}},"loc":{"start":{"line":40,"column":13},"end":{"line":40,"column":74}},"line":40},"3":{"name":"(anonymous_3)","decl":{"start":{"line":50,"column":19},"end":{"line":50,"column":20}},"loc":{"start":{"line":50,"column":28},"end":{"line":64,"column":3}},"line":50},"4":{"name":"(anonymous_4)","decl":{"start":{"line":53,"column":6},"end":{"line":53,"column":7}},"loc":{"start":{"line":53,"column":13},"end":{"line":53,"column":42}},"line":53},"5":{"name":"(anonymous_5)","decl":{"start":{"line":68,"column":59},"end":{"line":68,"column":60}},"loc":{"start":{"line":69,"column":4},"end":{"line":77,"column":7}},"line":69},"6":{"name":"(anonymous_6)","decl":{"start":{"line":78,"column":18},"end":{"line":78,"column":19}},"loc":{"start":{"line":78,"column":27},"end":{"line":83,"column":3}},"line":78},"7":{"name":"(anonymous_7)","decl":{"start":{"line":84,"column":24},"end":{"line":84,"column":25}},"loc":{"start":{"line":84,"column":33},"end":{"line":86,"column":3}},"line":84},"8":{"name":"(anonymous_8)","decl":{"start":{"line":87,"column":19},"end":{"line":87,"column":20}},"loc":{"start":{"line":87,"column":28},"end":{"line":95,"column":3}},"line":87},"9":{"name":"(anonymous_9)","decl":{"start":{"line":98,"column":33},"end":{"line":98,"column":34}},"loc":{"start":{"line":98,"column":39},"end":{"line":100,"column":1}},"line":98},"10":{"name":"(anonymous_10)","decl":{"start":{"line":102,"column":34},"end":{"line":102,"column":35}},"loc":{"start":{"line":102,"column":50},"end":{"line":105,"column":1}},"line":102}},"branchMap":{"0":{"loc":{"start":{"line":43,"column":6},"end":{"line":47,"column":11}},"type":"cond-expr","locations":[{"start":{"line":44,"column":10},"end":{"line":44,"column":29}},{"start":{"line":45,"column":10},"end":{"line":47,"column":11}}],"line":43},"1":{"loc":{"start":{"line":60,"column":6},"end":{"line":60,"column":76}},"type":"cond-expr","locations":[{"start":{"line":60,"column":25},"end":{"line":60,"column":29}},{"start":{"line":60,"column":32},"end":{"line":60,"column":76}}],"line":60},"2":{"loc":{"start":{"line":80,"column":6},"end":{"line":81,"column":59}},"type":"binary-expr","locations":[{"start":{"line":80,"column":6},"end":{"line":80,"column":50}},{"start":{"line":81,"column":6},"end":{"line":81,"column":59}}],"line":80}},"s":{"0":5,"1":1,"2":1,"3":1,"4":2,"5":1,"6":1,"7":6,"8":6,"9":6,"10":6,"11":6,"12":6,"13":0,"14":0,"15":0,"16":0,"17":0,"18":0,"19":5,"20":1821,"21":5,"22":1813,"23":1813},"f":{"0":1,"1":1,"2":2,"3":6,"4":6,"5":0,"6":0,"7":0,"8":0,"9":1821,"10":1813},"b":{"0":[1,0],"1":[6,0],"2":[0,0]},"_coverageSchema":"1a1c01bbd47fc00a2c39e90264f33305004495a9","hash":"f129ec1ab0979176d6306ae2732cfa3fb8398150"}
,"C:\\Users\\Kirill\\Documents\\Repos\\aeroaquaponic-monorepo\\misc\\text-game-react\\src\\reduce\\model\\entities\\serialized.ts": {"path":"C:\\Users\\Kirill\\Documents\\Repos\\aeroaquaponic-monorepo\\misc\\text-game-react\\src\\reduce\\model\\entities\\serialized.ts","statementMap":{"0":{"start":{"line":6,"column":40},"end":{"line":6,"column":42}},"1":{"start":{"line":8,"column":4},"end":{"line":8,"column":31}},"2":{"start":{"line":12,"column":4},"end":{"line":12,"column":31}},"3":{"start":{"line":16,"column":4},"end":{"line":16,"column":47}},"4":{"start":{"line":20,"column":4},"end":{"line":20,"column":56}},"5":{"start":{"line":24,"column":4},"end":{"line":24,"column":40}},"6":{"start":{"line":25,"column":4},"end":{"line":35,"column":5}},"7":{"start":{"line":26,"column":21},"end":{"line":26,"column":46}},"8":{"start":{"line":27,"column":24},"end":{"line":27,"column":38}},"9":{"start":{"line":28,"column":6},"end":{"line":28,"column":29}},"10":{"start":{"line":28,"column":22},"end":{"line":28,"column":29}},"11":{"start":{"line":29,"column":24},"end":{"line":29,"column":56}},"12":{"start":{"line":30,"column":6},"end":{"line":32,"column":7}},"13":{"start":{"line":31,"column":8},"end":{"line":31,"column":50}},"14":{"start":{"line":33,"column":6},"end":{"line":33,"column":54}},"15":{"start":{"line":33,"column":47},"end":{"line":33,"column":54}},"16":{"start":{"line":34,"column":6},"end":{"line":34,"column":56}},"17":{"start":{"line":39,"column":4},"end":{"line":39,"column":37}},"18":{"start":{"line":39,"column":30},"end":{"line":39,"column":37}},"19":{"start":{"line":40,"column":4},"end":{"line":43,"column":6}},"20":{"start":{"line":47,"column":4},"end":{"line":47,"column":44}},"21":{"start":{"line":47,"column":37},"end":{"line":47,"column":44}},"22":{"start":{"line":48,"column":4},"end":{"line":48,"column":31}},"23":{"start":{"line":52,"column":4},"end":{"line":52,"column":37}},"24":{"start":{"line":52,"column":30},"end":{"line":52,"column":37}},"25":{"start":{"line":53,"column":22},"end":{"line":53,"column":41}},"26":{"start":{"line":54,"column":4},"end":{"line":57,"column":7}},"27":{"start":{"line":55,"column":21},"end":{"line":55,"column":46}},"28":{"start":{"line":56,"column":6},"end":{"line":56,"column":68}},"29":{"start":{"line":56,"column":56},"end":{"line":56,"column":66}},"30":{"start":{"line":61,"column":4},"end":{"line":63,"column":38}},"31":{"start":{"line":62,"column":35},"end":{"line":62,"column":75}},"32":{"start":{"line":63,"column":21},"end":{"line":63,"column":24}},"33":{"start":{"line":67,"column":4},"end":{"line":67,"column":27}}},"fnMap":{"0":{"name":"(anonymous_0)","decl":{"start":{"line":7,"column":2},"end":{"line":7,"column":3}},"loc":{"start":{"line":7,"column":41},"end":{"line":9,"column":3}},"line":7},"1":{"name":"(anonymous_1)","decl":{"start":{"line":11,"column":2},"end":{"line":11,"column":3}},"loc":{"start":{"line":11,"column":22},"end":{"line":13,"column":3}},"line":11},"2":{"name":"(anonymous_2)","decl":{"start":{"line":15,"column":2},"end":{"line":15,"column":3}},"loc":{"start":{"line":15,"column":26},"end":{"line":17,"column":3}},"line":15},"3":{"name":"(anonymous_3)","decl":{"start":{"line":19,"column":2},"end":{"line":19,"column":3}},"loc":{"start":{"line":19,"column":46},"end":{"line":21,"column":3}},"line":19},"4":{"name":"(anonymous_4)","decl":{"start":{"line":23,"column":2},"end":{"line":23,"column":3}},"loc":{"start":{"line":23,"column":50},"end":{"line":36,"column":3}},"line":23},"5":{"name":"(anonymous_5)","decl":{"start":{"line":38,"column":2},"end":{"line":38,"column":3}},"loc":{"start":{"line":38,"column":47},"end":{"line":44,"column":3}},"line":38},"6":{"name":"(anonymous_6)","decl":{"start":{"line":46,"column":2},"end":{"line":46,"column":3}},"loc":{"start":{"line":46,"column":35},"end":{"line":49,"column":3}},"line":46},"7":{"name":"(anonymous_7)","decl":{"start":{"line":51,"column":2},"end":{"line":51,"column":3}},"loc":{"start":{"line":51,"column":25},"end":{"line":58,"column":3}},"line":51},"8":{"name":"(anonymous_8)","decl":{"start":{"line":54,"column":22},"end":{"line":54,"column":23}},"loc":{"start":{"line":54,"column":36},"end":{"line":57,"column":5}},"line":54},"9":{"name":"(anonymous_9)","decl":{"start":{"line":56,"column":47},"end":{"line":56,"column":48}},"loc":{"start":{"line":56,"column":56},"end":{"line":56,"column":66}},"line":56},"10":{"name":"(anonymous_10)","decl":{"start":{"line":60,"column":2},"end":{"line":60,"column":3}},"loc":{"start":{"line":60,"column":25},"end":{"line":64,"column":3}},"line":60},"11":{"name":"(anonymous_11)","decl":{"start":{"line":62,"column":11},"end":{"line":62,"column":12}},"loc":{"start":{"line":62,"column":35},"end":{"line":62,"column":75}},"line":62},"12":{"name":"(anonymous_12)","decl":{"start":{"line":63,"column":14},"end":{"line":63,"column":15}},"loc":{"start":{"line":63,"column":21},"end":{"line":63,"column":24}},"line":63},"13":{"name":"(anonymous_13)","decl":{"start":{"line":66,"column":2},"end":{"line":66,"column":3}},"loc":{"start":{"line":66,"column":17},"end":{"line":68,"column":3}},"line":66}},"branchMap":{"0":{"loc":{"start":{"line":16,"column":11},"end":{"line":16,"column":46}},"type":"binary-expr","locations":[{"start":{"line":16,"column":11},"end":{"line":16,"column":40}},{"start":{"line":16,"column":44},"end":{"line":16,"column":46}}],"line":16},"1":{"loc":{"start":{"line":25,"column":4},"end":{"line":35,"column":5}},"type":"if","locations":[{"start":{"line":25,"column":4},"end":{"line":35,"column":5}},{"start":{},"end":{}}],"line":25},"2":{"loc":{"start":{"line":28,"column":6},"end":{"line":28,"column":29}},"type":"if","locations":[{"start":{"line":28,"column":6},"end":{"line":28,"column":29}},{"start":{},"end":{}}],"line":28},"3":{"loc":{"start":{"line":30,"column":6},"end":{"line":32,"column":7}},"type":"if","locations":[{"start":{"line":30,"column":6},"end":{"line":32,"column":7}},{"start":{},"end":{}}],"line":30},"4":{"loc":{"start":{"line":33,"column":6},"end":{"line":33,"column":54}},"type":"if","locations":[{"start":{"line":33,"column":6},"end":{"line":33,"column":54}},{"start":{},"end":{}}],"line":33},"5":{"loc":{"start":{"line":39,"column":4},"end":{"line":39,"column":37}},"type":"if","locations":[{"start":{"line":39,"column":4},"end":{"line":39,"column":37}},{"start":{},"end":{}}],"line":39},"6":{"loc":{"start":{"line":47,"column":4},"end":{"line":47,"column":44}},"type":"if","locations":[{"start":{"line":47,"column":4},"end":{"line":47,"column":44}},{"start":{},"end":{}}],"line":47},"7":{"loc":{"start":{"line":52,"column":4},"end":{"line":52,"column":37}},"type":"if","locations":[{"start":{"line":52,"column":4},"end":{"line":52,"column":37}},{"start":{},"end":{}}],"line":52},"8":{"loc":{"start":{"line":62,"column":35},"end":{"line":62,"column":75}},"type":"binary-expr","locations":[{"start":{"line":62,"column":35},"end":{"line":62,"column":63}},{"start":{"line":62,"column":67},"end":{"line":62,"column":75}}],"line":62}},"s":{"0":80,"1":80,"2":62,"3":18,"4":18,"5":50,"6":50,"7":50,"8":50,"9":50,"10":0,"11":50,"12":50,"13":4,"14":50,"15":4,"16":46,"17":30,"18":0,"19":30,"20":0,"21":0,"22":0,"23":17,"24":0,"25":17,"26":17,"27":17,"28":17,"29":17,"30":17,"31":191,"32":191,"33":47},"f":{"0":80,"1":62,"2":18,"3":18,"4":50,"5":30,"6":0,"7":17,"8":17,"9":17,"10":17,"11":191,"12":191,"13":47},"b":{"0":[18,0],"1":[50,0],"2":[0,50],"3":[4,46],"4":[4,46],"5":[0,30],"6":[0,0],"7":[0,17],"8":[191,17]},"_coverageSchema":"1a1c01bbd47fc00a2c39e90264f33305004495a9","hash":"4529286e90a3c910b9e8700b3eac1eed7e62778c"}
,"C:\\Users\\Kirill\\Documents\\Repos\\aeroaquaponic-monorepo\\misc\\text-game-react\\src\\reduce\\model\\entities\\status.ts": {"path":"C:\\Users\\Kirill\\Documents\\Repos\\aeroaquaponic-monorepo\\misc\\text-game-react\\src\\reduce\\model\\entities\\status.ts","statementMap":{"0":{"start":{"line":60,"column":32},"end":{"line":70,"column":1}},"1":{"start":{"line":61,"column":15},"end":{"line":61,"column":33}},"2":{"start":{"line":62,"column":2},"end":{"line":62,"column":23}},"3":{"start":{"line":62,"column":13},"end":{"line":62,"column":23}},"4":{"start":{"line":66,"column":6},"end":{"line":66,"column":10}},"5":{"start":{"line":67,"column":2},"end":{"line":69,"column":14}},"6":{"start":{"line":72,"column":25},"end":{"line":144,"column":35}},"7":{"start":{"line":73,"column":3},"end":{"line":144,"column":34}}},"fnMap":{"0":{"name":"(anonymous_0)","decl":{"start":{"line":60,"column":32},"end":{"line":60,"column":33}},"loc":{"start":{"line":60,"column":76},"end":{"line":70,"column":1}},"line":60},"1":{"name":"(anonymous_1)","decl":{"start":{"line":72,"column":25},"end":{"line":72,"column":26}},"loc":{"start":{"line":73,"column":3},"end":{"line":144,"column":34}},"line":73}},"branchMap":{"0":{"loc":{"start":{"line":62,"column":2},"end":{"line":62,"column":23}},"type":"if","locations":[{"start":{"line":62,"column":2},"end":{"line":62,"column":23}},{"start":{},"end":{}}],"line":62}},"s":{"0":5,"1":2,"2":2,"3":0,"4":2,"5":2,"6":5,"7":5},"f":{"0":2,"1":5},"b":{"0":[0,2]},"_coverageSchema":"1a1c01bbd47fc00a2c39e90264f33305004495a9","hash":"0eeb7d961a1a163d2e7af031030039c418efb7ab"}
,"C:\\Users\\Kirill\\Documents\\Repos\\aeroaquaponic-monorepo\\misc\\text-game-react\\src\\reduce\\model\\entities\\types.ts": {"path":"C:\\Users\\Kirill\\Documents\\Repos\\aeroaquaponic-monorepo\\misc\\text-game-react\\src\\reduce\\model\\entities\\types.ts","statementMap":{},"fnMap":{},"branchMap":{},"s":{},"f":{},"b":{},"_coverageSchema":"1a1c01bbd47fc00a2c39e90264f33305004495a9","hash":"f8428ff1b2073bf086e29a9420848f22fe7a5304"}
,"C:\\Users\\Kirill\\Documents\\Repos\\aeroaquaponic-monorepo\\misc\\text-game-react\\src\\reduce\\model\\entities\\utils.ts": {"path":"C:\\Users\\Kirill\\Documents\\Repos\\aeroaquaponic-monorepo\\misc\\text-game-react\\src\\reduce\\model\\entities\\utils.ts","statementMap":{"0":{"start":{"line":7,"column":29},"end":{"line":15,"column":1}},"1":{"start":{"line":10,"column":2},"end":{"line":10,"column":28}},"2":{"start":{"line":10,"column":18},"end":{"line":10,"column":28}},"3":{"start":{"line":11,"column":21},"end":{"line":11,"column":41}},"4":{"start":{"line":12,"column":17},"end":{"line":12,"column":49}},"5":{"start":{"line":13,"column":17},"end":{"line":13,"column":48}},"6":{"start":{"line":14,"column":2},"end":{"line":14,"column":44}}},"fnMap":{"0":{"name":"(anonymous_0)","decl":{"start":{"line":7,"column":29},"end":{"line":7,"column":30}},"loc":{"start":{"line":9,"column":26},"end":{"line":15,"column":1}},"line":9}},"branchMap":{"0":{"loc":{"start":{"line":10,"column":2},"end":{"line":10,"column":28}},"type":"if","locations":[{"start":{"line":10,"column":2},"end":{"line":10,"column":28}},{"start":{},"end":{}}],"line":10}},"s":{"0":5,"1":32,"2":0,"3":32,"4":32,"5":32,"6":32},"f":{"0":32},"b":{"0":[0,32]},"_coverageSchema":"1a1c01bbd47fc00a2c39e90264f33305004495a9","hash":"b1b12bf3640002aec75e453513561a2a7ee1831a"}
,"C:\\Users\\Kirill\\Documents\\Repos\\aeroaquaponic-monorepo\\misc\\text-game-react\\src\\reduce\\model\\entities\\interactions\\quest001.ts": {"path":"C:\\Users\\Kirill\\Documents\\Repos\\aeroaquaponic-monorepo\\misc\\text-game-react\\src\\reduce\\model\\entities\\interactions\\quest001.ts","statementMap":{"0":{"start":{"line":16,"column":38},"end":{"line":25,"column":1}},"1":{"start":{"line":17,"column":2},"end":{"line":17,"column":31}},"2":{"start":{"line":17,"column":18},"end":{"line":17,"column":31}},"3":{"start":{"line":18,"column":21},"end":{"line":18,"column":41}},"4":{"start":{"line":19,"column":17},"end":{"line":19,"column":49}},"5":{"start":{"line":20,"column":21},"end":{"line":23,"column":3}},"6":{"start":{"line":24,"column":2},"end":{"line":24,"column":21}},"7":{"start":{"line":27,"column":39},"end":{"line":194,"column":1}},"8":{"start":{"line":28,"column":2},"end":{"line":193,"column":4}},"9":{"start":{"line":30,"column":6},"end":{"line":30,"column":35}},"10":{"start":{"line":30,"column":22},"end":{"line":30,"column":35}},"11":{"start":{"line":31,"column":25},"end":{"line":31,"column":45}},"12":{"start":{"line":32,"column":21},"end":{"line":32,"column":53}},"13":{"start":{"line":33,"column":25},"end":{"line":36,"column":7}},"14":{"start":{"line":37,"column":6},"end":{"line":57,"column":7}},"15":{"start":{"line":38,"column":8},"end":{"line":40,"column":10}},"16":{"start":{"line":41,"column":8},"end":{"line":44,"column":10}},"17":{"start":{"line":45,"column":8},"end":{"line":45,"column":80}},"18":{"start":{"line":46,"column":8},"end":{"line":46,"column":50}},"19":{"start":{"line":47,"column":8},"end":{"line":56,"column":12}},"20":{"start":{"line":58,"column":6},"end":{"line":65,"column":10}},"21":{"start":{"line":68,"column":6},"end":{"line":68,"column":35}},"22":{"start":{"line":68,"column":22},"end":{"line":68,"column":35}},"23":{"start":{"line":69,"column":25},"end":{"line":69,"column":45}},"24":{"start":{"line":70,"column":21},"end":{"line":70,"column":53}},"25":{"start":{"line":71,"column":25},"end":{"line":74,"column":7}},"26":{"start":{"line":75,"column":22},"end":{"line":75,"column":78}},"27":{"start":{"line":90,"column":6},"end":{"line":124,"column":8}},"28":{"start":{"line":104,"column":14},"end":{"line":106,"column":16}},"29":{"start":{"line":121,"column":14},"end":{"line":121,"column":62}},"30":{"start":{"line":127,"column":6},"end":{"line":161,"column":7}},"31":{"start":{"line":128,"column":8},"end":{"line":128,"column":72}},"32":{"start":{"line":129,"column":8},"end":{"line":132,"column":10}},"33":{"start":{"line":133,"column":8},"end":{"line":158,"column":11}},"34":{"start":{"line":134,"column":21},"end":{"line":134,"column":28}},"35":{"start":{"line":135,"column":10},"end":{"line":145,"column":12}},"36":{"start":{"line":146,"column":10},"end":{"line":156,"column":12}},"37":{"start":{"line":157,"column":10},"end":{"line":157,"column":47}},"38":{"start":{"line":159,"column":8},"end":{"line":159,"column":80}},"39":{"start":{"line":160,"column":8},"end":{"line":160,"column":50}},"40":{"start":{"line":162,"column":6},"end":{"line":169,"column":10}},"41":{"start":{"line":167,"column":10},"end":{"line":167,"column":63}},"42":{"start":{"line":172,"column":34},"end":{"line":172,"column":61}},"43":{"start":{"line":173,"column":19},"end":{"line":173,"column":37}},"44":{"start":{"line":174,"column":24},"end":{"line":176,"column":7}},"45":{"start":{"line":175,"column":15},"end":{"line":175,"column":22}},"46":{"start":{"line":177,"column":6},"end":{"line":181,"column":7}},"47":{"start":{"line":178,"column":8},"end":{"line":180,"column":10}},"48":{"start":{"line":182,"column":6},"end":{"line":191,"column":7}},"49":{"start":{"line":183,"column":8},"end":{"line":190,"column":10}},"50":{"start":{"line":188,"column":26},"end":{"line":188,"column":29}}},"fnMap":{"0":{"name":"(anonymous_0)","decl":{"start":{"line":16,"column":38},"end":{"line":16,"column":39}},"loc":{"start":{"line":16,"column":74},"end":{"line":25,"column":1}},"line":16},"1":{"name":"(anonymous_1)","decl":{"start":{"line":27,"column":39},"end":{"line":27,"column":40}},"loc":{"start":{"line":27,"column":45},"end":{"line":194,"column":1}},"line":27},"2":{"name":"(anonymous_2)","decl":{"start":{"line":29,"column":39},"end":{"line":29,"column":40}},"loc":{"start":{"line":29,"column":75},"end":{"line":66,"column":5}},"line":29},"3":{"name":"(anonymous_3)","decl":{"start":{"line":67,"column":31},"end":{"line":67,"column":32}},"loc":{"start":{"line":67,"column":67},"end":{"line":170,"column":5}},"line":67},"4":{"name":"(anonymous_4)","decl":{"start":{"line":103,"column":22},"end":{"line":103,"column":23}},"loc":{"start":{"line":103,"column":58},"end":{"line":107,"column":13}},"line":103},"5":{"name":"(anonymous_5)","decl":{"start":{"line":120,"column":22},"end":{"line":120,"column":23}},"loc":{"start":{"line":121,"column":14},"end":{"line":121,"column":62}},"line":121},"6":{"name":"(anonymous_6)","decl":{"start":{"line":133,"column":68},"end":{"line":133,"column":69}},"loc":{"start":{"line":133,"column":75},"end":{"line":158,"column":9}},"line":133},"7":{"name":"(anonymous_7)","decl":{"start":{"line":166,"column":64},"end":{"line":166,"column":65}},"loc":{"start":{"line":167,"column":10},"end":{"line":167,"column":63}},"line":167},"8":{"name":"(anonymous_8)","decl":{"start":{"line":171,"column":20},"end":{"line":171,"column":21}},"loc":{"start":{"line":171,"column":56},"end":{"line":192,"column":5}},"line":171},"9":{"name":"(anonymous_9)","decl":{"start":{"line":175,"column":8},"end":{"line":175,"column":9}},"loc":{"start":{"line":175,"column":15},"end":{"line":175,"column":22}},"line":175},"10":{"name":"(anonymous_10)","decl":{"start":{"line":188,"column":19},"end":{"line":188,"column":20}},"loc":{"start":{"line":188,"column":26},"end":{"line":188,"column":29}},"line":188}},"branchMap":{"0":{"loc":{"start":{"line":17,"column":2},"end":{"line":17,"column":31}},"type":"if","locations":[{"start":{"line":17,"column":2},"end":{"line":17,"column":31}},{"start":{},"end":{}}],"line":17},"1":{"loc":{"start":{"line":30,"column":6},"end":{"line":30,"column":35}},"type":"if","locations":[{"start":{"line":30,"column":6},"end":{"line":30,"column":35}},{"start":{},"end":{}}],"line":30},"2":{"loc":{"start":{"line":37,"column":6},"end":{"line":57,"column":7}},"type":"if","locations":[{"start":{"line":37,"column":6},"end":{"line":57,"column":7}},{"start":{},"end":{}}],"line":37},"3":{"loc":{"start":{"line":68,"column":6},"end":{"line":68,"column":35}},"type":"if","locations":[{"start":{"line":68,"column":6},"end":{"line":68,"column":35}},{"start":{},"end":{}}],"line":68},"4":{"loc":{"start":{"line":127,"column":6},"end":{"line":161,"column":7}},"type":"if","locations":[{"start":{"line":127,"column":6},"end":{"line":161,"column":7}},{"start":{},"end":{}}],"line":127},"5":{"loc":{"start":{"line":177,"column":6},"end":{"line":181,"column":7}},"type":"if","locations":[{"start":{"line":177,"column":6},"end":{"line":181,"column":7}},{"start":{},"end":{}}],"line":177},"6":{"loc":{"start":{"line":182,"column":6},"end":{"line":191,"column":7}},"type":"if","locations":[{"start":{"line":182,"column":6},"end":{"line":191,"column":7}},{"start":{},"end":{}}],"line":182},"7":{"loc":{"start":{"line":187,"column":12},"end":{"line":187,"column":70}},"type":"cond-expr","locations":[{"start":{"line":187,"column":24},"end":{"line":187,"column":65}},{"start":{"line":187,"column":68},"end":{"line":187,"column":70}}],"line":187}},"s":{"0":5,"1":0,"2":0,"3":0,"4":0,"5":0,"6":0,"7":5,"8":10,"9":14,"10":0,"11":14,"12":14,"13":14,"14":14,"15":13,"16":13,"17":13,"18":13,"19":13,"20":1,"21":4,"22":0,"23":4,"24":4,"25":4,"26":4,"27":4,"28":1,"29":1,"30":4,"31":4,"32":4,"33":4,"34":8,"35":8,"36":8,"37":8,"38":4,"39":4,"40":4,"41":8,"42":0,"43":0,"44":0,"45":0,"46":0,"47":0,"48":0,"49":0,"50":0},"f":{"0":0,"1":10,"2":14,"3":4,"4":1,"5":1,"6":8,"7":8,"8":0,"9":0,"10":0},"b":{"0":[0,0],"1":[0,14],"2":[13,1],"3":[0,4],"4":[4,0],"5":[0,0],"6":[0,0],"7":[0,0]},"_coverageSchema":"1a1c01bbd47fc00a2c39e90264f33305004495a9","hash":"8dd6028519153996e90887cd46f2d5f003b76e85"}
,"C:\\Users\\Kirill\\Documents\\Repos\\aeroaquaponic-monorepo\\misc\\text-game-react\\src\\reduce\\model\\entities\\interactions\\status.ts": {"path":"C:\\Users\\Kirill\\Documents\\Repos\\aeroaquaponic-monorepo\\misc\\text-game-react\\src\\reduce\\model\\entities\\interactions\\status.ts","statementMap":{"0":{"start":{"line":6,"column":77},"end":{"line":60,"column":1}},"1":{"start":{"line":31,"column":6},"end":{"line":31,"column":76}},"2":{"start":{"line":32,"column":2},"end":{"line":59,"column":6}},"3":{"start":{"line":42,"column":18},"end":{"line":42,"column":32}},"4":{"start":{"line":47,"column":18},"end":{"line":47,"column":32}}},"fnMap":{"0":{"name":"(anonymous_0)","decl":{"start":{"line":6,"column":77},"end":{"line":6,"column":78}},"loc":{"start":{"line":8,"column":5},"end":{"line":60,"column":1}},"line":8},"1":{"name":"(anonymous_1)","decl":{"start":{"line":42,"column":6},"end":{"line":42,"column":7}},"loc":{"start":{"line":42,"column":18},"end":{"line":42,"column":32}},"line":42},"2":{"name":"(anonymous_2)","decl":{"start":{"line":47,"column":6},"end":{"line":47,"column":7}},"loc":{"start":{"line":47,"column":18},"end":{"line":47,"column":32}},"line":47}},"branchMap":{"0":{"loc":{"start":{"line":57,"column":6},"end":{"line":57,"column":34}},"type":"cond-expr","locations":[{"start":{"line":57,"column":20},"end":{"line":57,"column":26}},{"start":{"line":57,"column":29},"end":{"line":57,"column":34}}],"line":57}},"s":{"0":5,"1":2,"2":2,"3":6,"4":2},"f":{"0":2,"1":6,"2":2},"b":{"0":[2,0]},"_coverageSchema":"1a1c01bbd47fc00a2c39e90264f33305004495a9","hash":"f6b766811478701350f02d3f1e83aa33cd749a77"}
,"C:\\Users\\Kirill\\Documents\\Repos\\aeroaquaponic-monorepo\\misc\\text-game-react\\src\\reduce\\outputs\\index.ts": {"path":"C:\\Users\\Kirill\\Documents\\Repos\\aeroaquaponic-monorepo\\misc\\text-game-react\\src\\reduce\\outputs\\index.ts","statementMap":{},"fnMap":{},"branchMap":{},"s":{},"f":{},"b":{},"_coverageSchema":"1a1c01bbd47fc00a2c39e90264f33305004495a9","hash":"cd0374fc3dc31ed916a0aaaa39c04cc0fea3762c"}
,"C:\\Users\\Kirill\\Documents\\Repos\\aeroaquaponic-monorepo\\misc\\text-game-react\\src\\reduce\\outputs\\outputs.ts": {"path":"C:\\Users\\Kirill\\Documents\\Repos\\aeroaquaponic-monorepo\\misc\\text-game-react\\src\\reduce\\outputs\\outputs.ts","statementMap":{"0":{"start":{"line":12,"column":29},"end":{"line":15,"column":1}},"1":{"start":{"line":17,"column":28},"end":{"line":20,"column":1}},"2":{"start":{"line":22,"column":30},"end":{"line":25,"column":1}},"3":{"start":{"line":27,"column":32},"end":{"line":42,"column":1}},"4":{"start":{"line":27,"column":38},"end":{"line":42,"column":1}},"5":{"start":{"line":44,"column":20},"end":{"line":49,"column":1}},"6":{"start":{"line":51,"column":31},"end":{"line":61,"column":1}},"7":{"start":{"line":63,"column":20},"end":{"line":66,"column":1}}},"fnMap":{"0":{"name":"(anonymous_0)","decl":{"start":{"line":27,"column":32},"end":{"line":27,"column":33}},"loc":{"start":{"line":27,"column":38},"end":{"line":42,"column":1}},"line":27}},"branchMap":{},"s":{"0":5,"1":5,"2":5,"3":5,"4":37,"5":5,"6":5,"7":5},"f":{"0":37},"b":{},"_coverageSchema":"1a1c01bbd47fc00a2c39e90264f33305004495a9","hash":"d77866c81b6fafb884a2d5b50f36ad13d355de5d"}
,"C:\\Users\\Kirill\\Documents\\Repos\\aeroaquaponic-monorepo\\misc\\text-game-react\\src\\reduce\\store\\actions.ts": {"path":"C:\\Users\\Kirill\\Documents\\Repos\\aeroaquaponic-monorepo\\misc\\text-game-react\\src\\reduce\\store\\actions.ts","statementMap":{"0":{"start":{"line":3,"column":29},"end":{"line":3,"column":55}},"1":{"start":{"line":3,"column":43},"end":{"line":3,"column":55}},"2":{"start":{"line":4,"column":31},"end":{"line":4,"column":75}},"3":{"start":{"line":4,"column":58},"end":{"line":4,"column":75}},"4":{"start":{"line":5,"column":30},"end":{"line":5,"column":57}},"5":{"start":{"line":5,"column":44},"end":{"line":5,"column":57}},"6":{"start":{"line":6,"column":32},"end":{"line":6,"column":61}},"7":{"start":{"line":6,"column":46},"end":{"line":6,"column":61}}},"fnMap":{"0":{"name":"(anonymous_0)","decl":{"start":{"line":3,"column":29},"end":{"line":3,"column":30}},"loc":{"start":{"line":3,"column":43},"end":{"line":3,"column":55}},"line":3},"1":{"name":"(anonymous_1)","decl":{"start":{"line":4,"column":31},"end":{"line":4,"column":32}},"loc":{"start":{"line":4,"column":58},"end":{"line":4,"column":75}},"line":4},"2":{"name":"(anonymous_2)","decl":{"start":{"line":5,"column":30},"end":{"line":5,"column":31}},"loc":{"start":{"line":5,"column":44},"end":{"line":5,"column":57}},"line":5},"3":{"name":"(anonymous_3)","decl":{"start":{"line":6,"column":32},"end":{"line":6,"column":33}},"loc":{"start":{"line":6,"column":46},"end":{"line":6,"column":61}},"line":6}},"branchMap":{},"s":{"0":5,"1":37,"2":5,"3":41,"4":5,"5":34,"6":5,"7":14},"f":{"0":37,"1":41,"2":34,"3":14},"b":{},"_coverageSchema":"1a1c01bbd47fc00a2c39e90264f33305004495a9","hash":"8764a4d3c9c85ac3db4cc71ac6290f8b0bd05b90"}
,"C:\\Users\\Kirill\\Documents\\Repos\\aeroaquaponic-monorepo\\misc\\text-game-react\\src\\reduce\\store\\reducer.ts": {"path":"C:\\Users\\Kirill\\Documents\\Repos\\aeroaquaponic-monorepo\\misc\\text-game-react\\src\\reduce\\store\\reducer.ts","statementMap":{"0":{"start":{"line":9,"column":22},"end":{"line":55,"column":1}},"1":{"start":{"line":10,"column":2},"end":{"line":54,"column":5}},"2":{"start":{"line":11,"column":16},"end":{"line":11,"column":29}},"3":{"start":{"line":12,"column":4},"end":{"line":39,"column":5}},"4":{"start":{"line":13,"column":39},"end":{"line":30,"column":7}},"5":{"start":{"line":29,"column":31},"end":{"line":29,"column":67}},"6":{"start":{"line":32,"column":6},"end":{"line":36,"column":9}},"7":{"start":{"line":33,"column":22},"end":{"line":33,"column":41}},"8":{"start":{"line":35,"column":8},"end":{"line":35,"column":47}},"9":{"start":{"line":38,"column":6},"end":{"line":38,"column":13}},"10":{"start":{"line":40,"column":4},"end":{"line":44,"column":5}},"11":{"start":{"line":41,"column":6},"end":{"line":41,"column":37}},"12":{"start":{"line":42,"column":6},"end":{"line":42,"column":31}},"13":{"start":{"line":43,"column":6},"end":{"line":43,"column":29}},"14":{"start":{"line":45,"column":4},"end":{"line":48,"column":5}},"15":{"start":{"line":46,"column":6},"end":{"line":46,"column":29}},"16":{"start":{"line":47,"column":6},"end":{"line":47,"column":13}},"17":{"start":{"line":49,"column":4},"end":{"line":53,"column":5}},"18":{"start":{"line":50,"column":6},"end":{"line":50,"column":37}},"19":{"start":{"line":51,"column":6},"end":{"line":51,"column":20}},"20":{"start":{"line":52,"column":6},"end":{"line":52,"column":29}},"21":{"start":{"line":57,"column":23},"end":{"line":58,"column":64}},"22":{"start":{"line":57,"column":42},"end":{"line":58,"column":64}},"23":{"start":{"line":58,"column":2},"end":{"line":58,"column":64}},"24":{"start":{"line":58,"column":35},"end":{"line":58,"column":56}}},"fnMap":{"0":{"name":"(anonymous_0)","decl":{"start":{"line":9,"column":22},"end":{"line":9,"column":23}},"loc":{"start":{"line":9,"column":64},"end":{"line":55,"column":1}},"line":9},"1":{"name":"(anonymous_1)","decl":{"start":{"line":10,"column":24},"end":{"line":10,"column":25}},"loc":{"start":{"line":10,"column":35},"end":{"line":54,"column":3}},"line":10},"2":{"name":"(anonymous_2)","decl":{"start":{"line":29,"column":17},"end":{"line":29,"column":18}},"loc":{"start":{"line":29,"column":31},"end":{"line":29,"column":67}},"line":29},"3":{"name":"(anonymous_3)","decl":{"start":{"line":32,"column":44},"end":{"line":32,"column":45}},"loc":{"start":{"line":32,"column":53},"end":{"line":36,"column":7}},"line":32},"4":{"name":"(anonymous_4)","decl":{"start":{"line":57,"column":23},"end":{"line":57,"column":24}},"loc":{"start":{"line":57,"column":42},"end":{"line":58,"column":64}},"line":57},"5":{"name":"(anonymous_5)","decl":{"start":{"line":57,"column":42},"end":{"line":57,"column":43}},"loc":{"start":{"line":58,"column":2},"end":{"line":58,"column":64}},"line":58},"6":{"name":"(anonymous_6)","decl":{"start":{"line":58,"column":16},"end":{"line":58,"column":17}},"loc":{"start":{"line":58,"column":35},"end":{"line":58,"column":56}},"line":58}},"branchMap":{"0":{"loc":{"start":{"line":12,"column":4},"end":{"line":39,"column":5}},"type":"if","locations":[{"start":{"line":12,"column":4},"end":{"line":39,"column":5}},{"start":{},"end":{}}],"line":12},"1":{"loc":{"start":{"line":40,"column":4},"end":{"line":44,"column":5}},"type":"if","locations":[{"start":{"line":40,"column":4},"end":{"line":44,"column":5}},{"start":{},"end":{}}],"line":40},"2":{"loc":{"start":{"line":45,"column":4},"end":{"line":48,"column":5}},"type":"if","locations":[{"start":{"line":45,"column":4},"end":{"line":48,"column":5}},{"start":{},"end":{}}],"line":45},"3":{"loc":{"start":{"line":49,"column":4},"end":{"line":53,"column":5}},"type":"if","locations":[{"start":{"line":49,"column":4},"end":{"line":53,"column":5}},{"start":{},"end":{}}],"line":49}},"s":{"0":5,"1":126,"2":126,"3":126,"4":37,"5":407,"6":37,"7":148,"8":148,"9":37,"10":89,"11":34,"12":34,"13":34,"14":89,"15":41,"16":41,"17":48,"18":14,"19":14,"20":14,"21":5,"22":37,"23":37,"24":126},"f":{"0":126,"1":126,"2":407,"3":148,"4":37,"5":37,"6":126},"b":{"0":[37,89],"1":[34,55],"2":[41,48],"3":[14,34]},"_coverageSchema":"1a1c01bbd47fc00a2c39e90264f33305004495a9","hash":"d3859f19bfc427e4b61ad3c599a017d751bd1243"}
,"C:\\Users\\Kirill\\Documents\\Repos\\aeroaquaponic-monorepo\\misc\\text-game-react\\src\\reduce\\store\\selectors.ts": {"path":"C:\\Users\\Kirill\\Documents\\Repos\\aeroaquaponic-monorepo\\misc\\text-game-react\\src\\reduce\\store\\selectors.ts","statementMap":{"0":{"start":{"line":2,"column":28},"end":{"line":2,"column":59}},"1":{"start":{"line":2,"column":47},"end":{"line":2,"column":59}},"2":{"start":{"line":3,"column":27},"end":{"line":3,"column":57}},"3":{"start":{"line":3,"column":46},"end":{"line":3,"column":57}},"4":{"start":{"line":4,"column":29},"end":{"line":4,"column":61}},"5":{"start":{"line":4,"column":48},"end":{"line":4,"column":61}}},"fnMap":{"0":{"name":"(anonymous_0)","decl":{"start":{"line":2,"column":28},"end":{"line":2,"column":29}},"loc":{"start":{"line":2,"column":47},"end":{"line":2,"column":59}},"line":2},"1":{"name":"(anonymous_1)","decl":{"start":{"line":3,"column":27},"end":{"line":3,"column":28}},"loc":{"start":{"line":3,"column":46},"end":{"line":3,"column":57}},"line":3},"2":{"name":"(anonymous_2)","decl":{"start":{"line":4,"column":29},"end":{"line":4,"column":30}},"loc":{"start":{"line":4,"column":48},"end":{"line":4,"column":61}},"line":4}},"branchMap":{},"s":{"0":5,"1":21,"2":5,"3":67,"4":5,"5":2},"f":{"0":21,"1":67,"2":2},"b":{},"_coverageSchema":"1a1c01bbd47fc00a2c39e90264f33305004495a9","hash":"444ae7b683aa32a6fd26644b24ca3f2d52156cb1"}
,"C:\\Users\\Kirill\\Documents\\Repos\\aeroaquaponic-monorepo\\misc\\text-game-react\\src\\reduce\\utils\\TimeHelper.ts": {"path":"C:\\Users\\Kirill\\Documents\\Repos\\aeroaquaponic-monorepo\\misc\\text-game-react\\src\\reduce\\utils\\TimeHelper.ts","statementMap":{"0":{"start":{"line":12,"column":18},"end":{"line":20,"column":10}},"1":{"start":{"line":23,"column":25},"end":{"line":23,"column":30}},"2":{"start":{"line":36,"column":4},"end":{"line":36,"column":44}},"3":{"start":{"line":37,"column":4},"end":{"line":37,"column":60}},"4":{"start":{"line":38,"column":4},"end":{"line":38,"column":54}},"5":{"start":{"line":39,"column":4},"end":{"line":39,"column":57}},"6":{"start":{"line":40,"column":4},"end":{"line":40,"column":63}},"7":{"start":{"line":41,"column":4},"end":{"line":41,"column":63}},"8":{"start":{"line":45,"column":4},"end":{"line":45,"column":36}},"9":{"start":{"line":45,"column":26},"end":{"line":45,"column":36}},"10":{"start":{"line":46,"column":4},"end":{"line":46,"column":46}},"11":{"start":{"line":46,"column":36},"end":{"line":46,"column":46}},"12":{"start":{"line":47,"column":4},"end":{"line":47,"column":14}},"13":{"start":{"line":51,"column":4},"end":{"line":63,"column":5}},"14":{"start":{"line":52,"column":24},"end":{"line":59,"column":7}},"15":{"start":{"line":60,"column":21},"end":{"line":60,"column":58}},"16":{"start":{"line":61,"column":20},"end":{"line":61,"column":36}},"17":{"start":{"line":62,"column":6},"end":{"line":62,"column":23}},"18":{"start":{"line":64,"column":4},"end":{"line":64,"column":41}},"19":{"start":{"line":64,"column":29},"end":{"line":64,"column":41}},"20":{"start":{"line":65,"column":4},"end":{"line":65,"column":17}},"21":{"start":{"line":69,"column":23},"end":{"line":69,"column":31}},"22":{"start":{"line":70,"column":4},"end":{"line":83,"column":5}},"23":{"start":{"line":71,"column":24},"end":{"line":79,"column":7}},"24":{"start":{"line":80,"column":21},"end":{"line":80,"column":58}},"25":{"start":{"line":81,"column":16},"end":{"line":81,"column":73}},"26":{"start":{"line":81,"column":46},"end":{"line":81,"column":60}},"27":{"start":{"line":82,"column":6},"end":{"line":82,"column":26}},"28":{"start":{"line":84,"column":4},"end":{"line":84,"column":22}},"29":{"start":{"line":88,"column":22},"end":{"line":98,"column":5}},"30":{"start":{"line":99,"column":19},"end":{"line":99,"column":56}},"31":{"start":{"line":100,"column":4},"end":{"line":100,"column":44}},"32":{"start":{"line":101,"column":4},"end":{"line":101,"column":37}},"33":{"start":{"line":105,"column":60},"end":{"line":105,"column":64}},"34":{"start":{"line":106,"column":4},"end":{"line":106,"column":59}}},"fnMap":{"0":{"name":"(anonymous_0)","decl":{"start":{"line":25,"column":2},"end":{"line":25,"column":3}},"loc":{"start":{"line":33,"column":4},"end":{"line":33,"column":6}},"line":33},"1":{"name":"(anonymous_1)","decl":{"start":{"line":35,"column":2},"end":{"line":35,"column":3}},"loc":{"start":{"line":35,"column":77},"end":{"line":42,"column":3}},"line":35},"2":{"name":"(anonymous_2)","decl":{"start":{"line":44,"column":2},"end":{"line":44,"column":3}},"loc":{"start":{"line":44,"column":37},"end":{"line":48,"column":3}},"line":44},"3":{"name":"(anonymous_3)","decl":{"start":{"line":50,"column":2},"end":{"line":50,"column":3}},"loc":{"start":{"line":50,"column":58},"end":{"line":66,"column":3}},"line":50},"4":{"name":"(anonymous_4)","decl":{"start":{"line":68,"column":2},"end":{"line":68,"column":3}},"loc":{"start":{"line":68,"column":56},"end":{"line":85,"column":3}},"line":68},"5":{"name":"(anonymous_5)","decl":{"start":{"line":81,"column":28},"end":{"line":81,"column":29}},"loc":{"start":{"line":81,"column":46},"end":{"line":81,"column":60}},"line":81},"6":{"name":"(anonymous_6)","decl":{"start":{"line":87,"column":2},"end":{"line":87,"column":3}},"loc":{"start":{"line":87,"column":50},"end":{"line":102,"column":3}},"line":87},"7":{"name":"(anonymous_7)","decl":{"start":{"line":104,"column":2},"end":{"line":104,"column":3}},"loc":{"start":{"line":104,"column":16},"end":{"line":107,"column":3}},"line":104}},"branchMap":{"0":{"loc":{"start":{"line":26,"column":12},"end":{"line":26,"column":31}},"type":"default-arg","locations":[{"start":{"line":26,"column":27},"end":{"line":26,"column":31}}],"line":26},"1":{"loc":{"start":{"line":27,"column":12},"end":{"line":27,"column":29}},"type":"default-arg","locations":[{"start":{"line":27,"column":28},"end":{"line":27,"column":29}}],"line":27},"2":{"loc":{"start":{"line":28,"column":12},"end":{"line":28,"column":27}},"type":"default-arg","locations":[{"start":{"line":28,"column":26},"end":{"line":28,"column":27}}],"line":28},"3":{"loc":{"start":{"line":29,"column":12},"end":{"line":29,"column":28}},"type":"default-arg","locations":[{"start":{"line":29,"column":27},"end":{"line":29,"column":28}}],"line":29},"4":{"loc":{"start":{"line":30,"column":12},"end":{"line":30,"column":30}},"type":"default-arg","locations":[{"start":{"line":30,"column":29},"end":{"line":30,"column":30}}],"line":30},"5":{"loc":{"start":{"line":31,"column":12},"end":{"line":31,"column":30}},"type":"default-arg","locations":[{"start":{"line":31,"column":29},"end":{"line":31,"column":30}}],"line":31},"6":{"loc":{"start":{"line":32,"column":12},"end":{"line":32,"column":52}},"type":"default-arg","locations":[{"start":{"line":32,"column":44},"end":{"line":32,"column":52}}],"line":32},"7":{"loc":{"start":{"line":37,"column":17},"end":{"line":37,"column":59}},"type":"binary-expr","locations":[{"start":{"line":37,"column":17},"end":{"line":37,"column":45}},{"start":{"line":37,"column":49},"end":{"line":37,"column":59}}],"line":37},"8":{"loc":{"start":{"line":38,"column":15},"end":{"line":38,"column":53}},"type":"binary-expr","locations":[{"start":{"line":38,"column":15},"end":{"line":38,"column":41}},{"start":{"line":38,"column":45},"end":{"line":38,"column":53}}],"line":38},"9":{"loc":{"start":{"line":39,"column":16},"end":{"line":39,"column":56}},"type":"binary-expr","locations":[{"start":{"line":39,"column":16},"end":{"line":39,"column":43}},{"start":{"line":39,"column":47},"end":{"line":39,"column":56}}],"line":39},"10":{"loc":{"start":{"line":40,"column":18},"end":{"line":40,"column":62}},"type":"binary-expr","locations":[{"start":{"line":40,"column":18},"end":{"line":40,"column":47}},{"start":{"line":40,"column":51},"end":{"line":40,"column":62}}],"line":40},"11":{"loc":{"start":{"line":41,"column":18},"end":{"line":41,"column":62}},"type":"binary-expr","locations":[{"start":{"line":41,"column":18},"end":{"line":41,"column":47}},{"start":{"line":41,"column":51},"end":{"line":41,"column":62}}],"line":41},"12":{"loc":{"start":{"line":45,"column":4},"end":{"line":45,"column":36}},"type":"if","locations":[{"start":{"line":45,"column":4},"end":{"line":45,"column":36}},{"start":{},"end":{}}],"line":45},"13":{"loc":{"start":{"line":46,"column":4},"end":{"line":46,"column":46}},"type":"if","locations":[{"start":{"line":46,"column":4},"end":{"line":46,"column":46}},{"start":{},"end":{}}],"line":46},"14":{"loc":{"start":{"line":51,"column":4},"end":{"line":63,"column":5}},"type":"if","locations":[{"start":{"line":51,"column":4},"end":{"line":63,"column":5}},{"start":{},"end":{}}],"line":51},"15":{"loc":{"start":{"line":64,"column":4},"end":{"line":64,"column":41}},"type":"if","locations":[{"start":{"line":64,"column":4},"end":{"line":64,"column":41}},{"start":{},"end":{}}],"line":64},"16":{"loc":{"start":{"line":70,"column":4},"end":{"line":83,"column":5}},"type":"if","locations":[{"start":{"line":70,"column":4},"end":{"line":83,"column":5}},{"start":{},"end":{}}],"line":70},"17":{"loc":{"start":{"line":81,"column":16},"end":{"line":81,"column":73}},"type":"binary-expr","locations":[{"start":{"line":81,"column":16},"end":{"line":81,"column":68}},{"start":{"line":81,"column":72},"end":{"line":81,"column":73}}],"line":81}},"s":{"0":6,"1":35,"2":38,"3":38,"4":38,"5":38,"6":38,"7":38,"8":52,"9":1,"10":51,"11":6,"12":45,"13":37,"14":34,"15":34,"16":34,"17":34,"18":3,"19":2,"20":1,"21":47,"22":47,"23":46,"24":46,"25":46,"26":184,"27":46,"28":1,"29":38,"30":38,"31":38,"32":38,"33":41,"34":41},"f":{"0":35,"1":38,"2":52,"3":37,"4":47,"5":184,"6":38,"7":41},"b":{"0":[5],"1":[5],"2":[5],"3":[5],"4":[5],"5":[5],"6":[35],"7":[38,38],"8":[38,35],"9":[38,3],"10":[38,5],"11":[38,6],"12":[1,51],"13":[6,45],"14":[34,3],"15":[2,1],"16":[46,1],"17":[46,36]},"_coverageSchema":"1a1c01bbd47fc00a2c39e90264f33305004495a9","hash":"8caff24a2872328a9a7207727ea6b4bd072b4a12"}
}
