{"C:\\Users\\Kirill\\Documents\\Repos\\aeroaquaponic-monorepo\\misc\\text-game-react\\src\\reduce\\index.ts": {"path":"C:\\Users\\Kirill\\Documents\\Repos\\aeroaquaponic-monorepo\\misc\\text-game-react\\src\\reduce\\index.ts","statementMap":{},"fnMap":{},"branchMap":{},"s":{},"f":{},"b":{}}
,"C:\\Users\\Kirill\\Documents\\Repos\\aeroaquaponic-monorepo\\misc\\text-game-react\\src\\reduce\\utils.ts": {"path":"C:\\Users\\Kirill\\Documents\\Repos\\aeroaquaponic-monorepo\\misc\\text-game-react\\src\\reduce\\utils.ts","statementMap":{"0":{"start":{"line":1,"column":30},"end":{"line":2,"column":79}},"1":{"start":{"line":2,"column":2},"end":{"line":2,"column":79}},"2":{"start":{"line":2,"column":53},"end":{"line":2,"column":78}},"3":{"start":{"line":4,"column":27},"end":{"line":5,"column":45}},"4":{"start":{"line":5,"column":2},"end":{"line":5,"column":45}},"5":{"start":{"line":5,"column":29},"end":{"line":5,"column":40}},"6":{"start":{"line":6,"column":34},"end":{"line":6,"column":64}},"7":{"start":{"line":6,"column":49},"end":{"line":6,"column":64}},"8":{"start":{"line":7,"column":36},"end":{"line":7,"column":66}},"9":{"start":{"line":7,"column":51},"end":{"line":7,"column":66}},"10":{"start":{"line":8,"column":29},"end":{"line":8,"column":57}},"11":{"start":{"line":8,"column":44},"end":{"line":8,"column":57}},"12":{"start":{"line":9,"column":23},"end":{"line":9,"column":55}},"13":{"start":{"line":9,"column":38},"end":{"line":9,"column":55}},"14":{"start":{"line":10,"column":24},"end":{"line":10,"column":52}},"15":{"start":{"line":10,"column":39},"end":{"line":10,"column":52}},"16":{"start":{"line":11,"column":26},"end":{"line":11,"column":54}},"17":{"start":{"line":11,"column":41},"end":{"line":11,"column":54}},"18":{"start":{"line":12,"column":28},"end":{"line":12,"column":58}},"19":{"start":{"line":12,"column":43},"end":{"line":12,"column":58}},"20":{"start":{"line":13,"column":24},"end":{"line":14,"column":71}},"21":{"start":{"line":14,"column":2},"end":{"line":14,"column":71}},"22":{"start":{"line":14,"column":33},"end":{"line":14,"column":48}},"23":{"start":{"line":16,"column":25},"end":{"line":25,"column":1}},"24":{"start":{"line":17,"column":16},"end":{"line":19,"column":13}},"25":{"start":{"line":20,"column":2},"end":{"line":24,"column":14}},"26":{"start":{"line":22,"column":19},"end":{"line":22,"column":32}},"27":{"start":{"line":27,"column":33},"end":{"line":28,"column":43}},"28":{"start":{"line":28,"column":2},"end":{"line":28,"column":43}},"29":{"start":{"line":30,"column":31},"end":{"line":31,"column":37}},"30":{"start":{"line":31,"column":2},"end":{"line":31,"column":37}},"31":{"start":{"line":33,"column":22},"end":{"line":34,"column":31}},"32":{"start":{"line":34,"column":2},"end":{"line":34,"column":31}},"33":{"start":{"line":36,"column":34},"end":{"line":44,"column":1}},"34":{"start":{"line":41,"column":17},"end":{"line":41,"column":39}},"35":{"start":{"line":42,"column":13},"end":{"line":42,"column":29}},"36":{"start":{"line":43,"column":2},"end":{"line":43,"column":43}},"37":{"start":{"line":47,"column":22},"end":{"line":51,"column":15}},"38":{"start":{"line":48,"column":4},"end":{"line":51,"column":15}},"39":{"start":{"line":50,"column":24},"end":{"line":50,"column":64}},"40":{"start":{"line":54,"column":31},"end":{"line":95,"column":1}},"41":{"start":{"line":58,"column":27},"end":{"line":58,"column":30}},"42":{"start":{"line":59,"column":2},"end":{"line":94,"column":11}},"43":{"start":{"line":60,"column":51},"end":{"line":60,"column":58}},"44":{"start":{"line":61,"column":16},"end":{"line":61,"column":59}},"45":{"start":{"line":62,"column":22},"end":{"line":62,"column":36}},"46":{"start":{"line":64,"column":18},"end":{"line":64,"column":44}},"47":{"start":{"line":66,"column":20},"end":{"line":66,"column":36}},"48":{"start":{"line":67,"column":4},"end":{"line":67,"column":30}},"49":{"start":{"line":67,"column":18},"end":{"line":67,"column":30}},"50":{"start":{"line":69,"column":21},"end":{"line":69,"column":37}},"51":{"start":{"line":70,"column":22},"end":{"line":70,"column":39}},"52":{"start":{"line":72,"column":4},"end":{"line":80,"column":8}},"53":{"start":{"line":73,"column":6},"end":{"line":80,"column":8}},"54":{"start":{"line":82,"column":4},"end":{"line":93,"column":25}},"55":{"start":{"line":93,"column":20},"end":{"line":93,"column":23}},"56":{"start":{"line":97,"column":19},"end":{"line":98,"column":34}},"57":{"start":{"line":98,"column":2},"end":{"line":98,"column":34}},"58":{"start":{"line":98,"column":19},"end":{"line":98,"column":33}}},"fnMap":{"0":{"name":"(anonymous_0)","decl":{"start":{"line":1,"column":30},"end":{"line":1,"column":31}},"loc":{"start":{"line":2,"column":2},"end":{"line":2,"column":79}},"line":2},"1":{"name":"(anonymous_1)","decl":{"start":{"line":2,"column":31},"end":{"line":2,"column":32}},"loc":{"start":{"line":2,"column":53},"end":{"line":2,"column":78}},"line":2},"2":{"name":"(anonymous_2)","decl":{"start":{"line":4,"column":27},"end":{"line":4,"column":28}},"loc":{"start":{"line":5,"column":2},"end":{"line":5,"column":45}},"line":5},"3":{"name":"(anonymous_3)","decl":{"start":{"line":5,"column":17},"end":{"line":5,"column":18}},"loc":{"start":{"line":5,"column":29},"end":{"line":5,"column":40}},"line":5},"4":{"name":"(anonymous_4)","decl":{"start":{"line":6,"column":34},"end":{"line":6,"column":35}},"loc":{"start":{"line":6,"column":49},"end":{"line":6,"column":64}},"line":6},"5":{"name":"(anonymous_5)","decl":{"start":{"line":7,"column":36},"end":{"line":7,"column":37}},"loc":{"start":{"line":7,"column":51},"end":{"line":7,"column":66}},"line":7},"6":{"name":"(anonymous_6)","decl":{"start":{"line":8,"column":29},"end":{"line":8,"column":30}},"loc":{"start":{"line":8,"column":44},"end":{"line":8,"column":57}},"line":8},"7":{"name":"(anonymous_7)","decl":{"start":{"line":9,"column":23},"end":{"line":9,"column":24}},"loc":{"start":{"line":9,"column":38},"end":{"line":9,"column":55}},"line":9},"8":{"name":"(anonymous_8)","decl":{"start":{"line":10,"column":24},"end":{"line":10,"column":25}},"loc":{"start":{"line":10,"column":39},"end":{"line":10,"column":52}},"line":10},"9":{"name":"(anonymous_9)","decl":{"start":{"line":11,"column":26},"end":{"line":11,"column":27}},"loc":{"start":{"line":11,"column":41},"end":{"line":11,"column":54}},"line":11},"10":{"name":"(anonymous_10)","decl":{"start":{"line":12,"column":28},"end":{"line":12,"column":29}},"loc":{"start":{"line":12,"column":43},"end":{"line":12,"column":58}},"line":12},"11":{"name":"(anonymous_11)","decl":{"start":{"line":13,"column":24},"end":{"line":13,"column":25}},"loc":{"start":{"line":14,"column":2},"end":{"line":14,"column":71}},"line":14},"12":{"name":"(anonymous_12)","decl":{"start":{"line":14,"column":26},"end":{"line":14,"column":27}},"loc":{"start":{"line":14,"column":33},"end":{"line":14,"column":48}},"line":14},"13":{"name":"(anonymous_13)","decl":{"start":{"line":16,"column":25},"end":{"line":16,"column":26}},"loc":{"start":{"line":16,"column":45},"end":{"line":25,"column":1}},"line":16},"14":{"name":"(anonymous_14)","decl":{"start":{"line":22,"column":9},"end":{"line":22,"column":10}},"loc":{"start":{"line":22,"column":19},"end":{"line":22,"column":32}},"line":22},"15":{"name":"(anonymous_15)","decl":{"start":{"line":27,"column":33},"end":{"line":27,"column":34}},"loc":{"start":{"line":28,"column":2},"end":{"line":28,"column":43}},"line":28},"16":{"name":"(anonymous_16)","decl":{"start":{"line":30,"column":31},"end":{"line":30,"column":32}},"loc":{"start":{"line":31,"column":2},"end":{"line":31,"column":37}},"line":31},"17":{"name":"(anonymous_17)","decl":{"start":{"line":33,"column":22},"end":{"line":33,"column":23}},"loc":{"start":{"line":34,"column":2},"end":{"line":34,"column":31}},"line":34},"18":{"name":"(anonymous_18)","decl":{"start":{"line":36,"column":34},"end":{"line":36,"column":35}},"loc":{"start":{"line":40,"column":5},"end":{"line":44,"column":1}},"line":40},"19":{"name":"(anonymous_19)","decl":{"start":{"line":47,"column":22},"end":{"line":47,"column":23}},"loc":{"start":{"line":48,"column":4},"end":{"line":51,"column":15}},"line":48},"20":{"name":"(anonymous_20)","decl":{"start":{"line":50,"column":11},"end":{"line":50,"column":12}},"loc":{"start":{"line":50,"column":24},"end":{"line":50,"column":64}},"line":50},"21":{"name":"(anonymous_21)","decl":{"start":{"line":54,"column":31},"end":{"line":54,"column":32}},"loc":{"start":{"line":57,"column":5},"end":{"line":95,"column":1}},"line":57},"22":{"name":"(anonymous_22)","decl":{"start":{"line":59,"column":21},"end":{"line":59,"column":22}},"loc":{"start":{"line":59,"column":37},"end":{"line":94,"column":3}},"line":59},"23":{"name":"(anonymous_23)","decl":{"start":{"line":93,"column":13},"end":{"line":93,"column":14}},"loc":{"start":{"line":93,"column":20},"end":{"line":93,"column":23}},"line":93},"24":{"name":"(anonymous_24)","decl":{"start":{"line":97,"column":19},"end":{"line":97,"column":20}},"loc":{"start":{"line":98,"column":2},"end":{"line":98,"column":34}},"line":98},"25":{"name":"(anonymous_25)","decl":{"start":{"line":98,"column":9},"end":{"line":98,"column":10}},"loc":{"start":{"line":98,"column":19},"end":{"line":98,"column":33}},"line":98}},"branchMap":{"0":{"loc":{"start":{"line":2,"column":60},"end":{"line":2,"column":77}},"type":"binary-expr","locations":[{"start":{"line":2,"column":60},"end":{"line":2,"column":71}},{"start":{"line":2,"column":75},"end":{"line":2,"column":77}}],"line":2},"1":{"loc":{"start":{"line":14,"column":13},"end":{"line":14,"column":64}},"type":"binary-expr","locations":[{"start":{"line":14,"column":13},"end":{"line":14,"column":58}},{"start":{"line":14,"column":62},"end":{"line":14,"column":64}}],"line":14},"2":{"loc":{"start":{"line":22,"column":19},"end":{"line":22,"column":32}},"type":"binary-expr","locations":[{"start":{"line":22,"column":19},"end":{"line":22,"column":27}},{"start":{"line":22,"column":31},"end":{"line":22,"column":32}}],"line":22},"3":{"loc":{"start":{"line":34,"column":2},"end":{"line":34,"column":31}},"type":"cond-expr","locations":[{"start":{"line":34,"column":22},"end":{"line":34,"column":26}},{"start":{"line":34,"column":29},"end":{"line":34,"column":31}}],"line":34},"4":{"loc":{"start":{"line":42,"column":13},"end":{"line":42,"column":29}},"type":"binary-expr","locations":[{"start":{"line":42,"column":13},"end":{"line":42,"column":21}},{"start":{"line":42,"column":25},"end":{"line":42,"column":29}}],"line":42},"5":{"loc":{"start":{"line":43,"column":9},"end":{"line":43,"column":42}},"type":"cond-expr","locations":[{"start":{"line":43,"column":31},"end":{"line":43,"column":33}},{"start":{"line":43,"column":36},"end":{"line":43,"column":42}}],"line":43},"6":{"loc":{"start":{"line":47,"column":23},"end":{"line":47,"column":41}},"type":"default-arg","locations":[{"start":{"line":47,"column":40},"end":{"line":47,"column":41}}],"line":47},"7":{"loc":{"start":{"line":47,"column":43},"end":{"line":47,"column":61}},"type":"default-arg","locations":[{"start":{"line":47,"column":60},"end":{"line":47,"column":61}}],"line":47},"8":{"loc":{"start":{"line":50,"column":27},"end":{"line":50,"column":35}},"type":"binary-expr","locations":[{"start":{"line":50,"column":27},"end":{"line":50,"column":28}},{"start":{"line":50,"column":32},"end":{"line":50,"column":35}}],"line":50},"9":{"loc":{"start":{"line":60,"column":19},"end":{"line":60,"column":46}},"type":"default-arg","locations":[{"start":{"line":60,"column":30},"end":{"line":60,"column":46}}],"line":60},"10":{"loc":{"start":{"line":61,"column":25},"end":{"line":61,"column":58}},"type":"cond-expr","locations":[{"start":{"line":61,"column":42},"end":{"line":61,"column":54}},{"start":{"line":61,"column":57},"end":{"line":61,"column":58}}],"line":61},"11":{"loc":{"start":{"line":67,"column":4},"end":{"line":67,"column":30}},"type":"if","locations":[{"start":{"line":67,"column":4},"end":{"line":67,"column":30}},{"start":{},"end":{}}],"line":67},"12":{"loc":{"start":{"line":72,"column":4},"end":{"line":80,"column":8}},"type":"if","locations":[{"start":{"line":72,"column":4},"end":{"line":80,"column":8}},{"start":{},"end":{}}],"line":72},"13":{"loc":{"start":{"line":89,"column":16},"end":{"line":89,"column":39}},"type":"binary-expr","locations":[{"start":{"line":89,"column":16},"end":{"line":89,"column":34}},{"start":{"line":89,"column":38},"end":{"line":89,"column":39}}],"line":89},"14":{"loc":{"start":{"line":90,"column":18},"end":{"line":90,"column":59}},"type":"binary-expr","locations":[{"start":{"line":90,"column":18},"end":{"line":90,"column":39}},{"start":{"line":90,"column":43},"end":{"line":90,"column":59}}],"line":90}},"s":{"0":7,"1":38,"2":55,"3":7,"4":63,"5":298,"6":7,"7":46,"8":7,"9":106,"10":7,"11":353,"12":7,"13":0,"14":7,"15":133,"16":7,"17":24,"18":7,"19":110,"20":7,"21":26,"22":21,"23":7,"24":7972,"25":7972,"26":31888,"27":7,"28":177,"29":7,"30":270,"31":7,"32":0,"33":7,"34":0,"35":0,"36":0,"37":7,"38":1993,"39":7972,"40":7,"41":156,"42":156,"43":681,"44":681,"45":681,"46":681,"47":681,"48":681,"49":1,"50":680,"51":680,"52":680,"53":623,"54":57,"55":322,"56":7,"57":0,"58":0},"f":{"0":38,"1":55,"2":63,"3":298,"4":46,"5":106,"6":353,"7":0,"8":133,"9":24,"10":110,"11":26,"12":21,"13":7972,"14":31888,"15":177,"16":270,"17":0,"18":0,"19":1993,"20":7972,"21":156,"22":681,"23":322,"24":0,"25":0},"b":{"0":[55,0],"1":[26,10],"2":[31888,861],"3":[0,0],"4":[0,0],"5":[0,0],"6":[1993],"7":[1993],"8":[7972,5979],"9":[0],"10":[155,526],"11":[1,680],"12":[623,57],"13":[57,45],"14":[57,36]},"_coverageSchema":"1a1c01bbd47fc00a2c39e90264f33305004495a9","hash":"11a2fd6d65e12b0dd2382e8711509b0d45484327"}
,"C:\\Users\\Kirill\\Documents\\Repos\\aeroaquaponic-monorepo\\misc\\text-game-react\\src\\reduce\\model\\cli.ts": {"path":"C:\\Users\\Kirill\\Documents\\Repos\\aeroaquaponic-monorepo\\misc\\text-game-react\\src\\reduce\\model\\cli.ts","statementMap":{"0":{"start":{"line":14,"column":29},"end":{"line":14,"column":31}},"1":{"start":{"line":15,"column":28},"end":{"line":15,"column":30}},"2":{"start":{"line":16,"column":32},"end":{"line":16,"column":34}},"3":{"start":{"line":18,"column":35},"end":{"line":18,"column":40}},"4":{"start":{"line":19,"column":36},"end":{"line":19,"column":40}},"5":{"start":{"line":22,"column":4},"end":{"line":22,"column":33}},"6":{"start":{"line":23,"column":4},"end":{"line":23,"column":31}},"7":{"start":{"line":24,"column":4},"end":{"line":24,"column":35}},"8":{"start":{"line":25,"column":4},"end":{"line":25,"column":44}},"9":{"start":{"line":29,"column":4},"end":{"line":29,"column":39}},"10":{"start":{"line":33,"column":4},"end":{"line":33,"column":54}},"11":{"start":{"line":34,"column":4},"end":{"line":34,"column":48}},"12":{"start":{"line":35,"column":4},"end":{"line":35,"column":51}},"13":{"start":{"line":36,"column":4},"end":{"line":36,"column":64}},"14":{"start":{"line":46,"column":4},"end":{"line":46,"column":25}},"15":{"start":{"line":50,"column":4},"end":{"line":50,"column":24}},"16":{"start":{"line":54,"column":4},"end":{"line":54,"column":56}},"17":{"start":{"line":58,"column":4},"end":{"line":58,"column":30}},"18":{"start":{"line":58,"column":23},"end":{"line":58,"column":30}},"19":{"start":{"line":59,"column":24},"end":{"line":59,"column":53}},"20":{"start":{"line":60,"column":21},"end":{"line":60,"column":52}},"21":{"start":{"line":61,"column":21},"end":{"line":61,"column":54}},"22":{"start":{"line":62,"column":19},"end":{"line":62,"column":65}},"23":{"start":{"line":63,"column":4},"end":{"line":63,"column":50}},"24":{"start":{"line":63,"column":29},"end":{"line":63,"column":50}},"25":{"start":{"line":64,"column":4},"end":{"line":64,"column":30}},"26":{"start":{"line":65,"column":4},"end":{"line":65,"column":29}},"27":{"start":{"line":66,"column":4},"end":{"line":66,"column":30}},"28":{"start":{"line":72,"column":16},"end":{"line":72,"column":20}},"29":{"start":{"line":73,"column":17},"end":{"line":73,"column":35}},"30":{"start":{"line":74,"column":4},"end":{"line":117,"column":5}},"31":{"start":{"line":75,"column":25},"end":{"line":75,"column":45}},"32":{"start":{"line":76,"column":21},"end":{"line":76,"column":53}},"33":{"start":{"line":77,"column":19},"end":{"line":77,"column":34}},"34":{"start":{"line":78,"column":6},"end":{"line":116,"column":7}},"35":{"start":{"line":85,"column":12},"end":{"line":85,"column":21}},"36":{"start":{"line":86,"column":27},"end":{"line":94,"column":9}},"37":{"start":{"line":95,"column":8},"end":{"line":95,"column":62}},"38":{"start":{"line":96,"column":8},"end":{"line":96,"column":34}},"39":{"start":{"line":97,"column":27},"end":{"line":97,"column":51}},"40":{"start":{"line":98,"column":23},"end":{"line":98,"column":54}},"41":{"start":{"line":99,"column":8},"end":{"line":115,"column":9}},"42":{"start":{"line":100,"column":27},"end":{"line":100,"column":40}},"43":{"start":{"line":101,"column":10},"end":{"line":112,"column":12}},"44":{"start":{"line":113,"column":10},"end":{"line":113,"column":58}},"45":{"start":{"line":114,"column":10},"end":{"line":114,"column":52}},"46":{"start":{"line":118,"column":4},"end":{"line":118,"column":17}},"47":{"start":{"line":122,"column":4},"end":{"line":122,"column":30}},"48":{"start":{"line":122,"column":23},"end":{"line":122,"column":30}},"49":{"start":{"line":123,"column":26},"end":{"line":123,"column":44}},"50":{"start":{"line":124,"column":24},"end":{"line":124,"column":53}},"51":{"start":{"line":125,"column":20},"end":{"line":125,"column":39}},"52":{"start":{"line":126,"column":4},"end":{"line":129,"column":5}},"53":{"start":{"line":127,"column":6},"end":{"line":127,"column":21}},"54":{"start":{"line":128,"column":6},"end":{"line":128,"column":13}},"55":{"start":{"line":130,"column":21},"end":{"line":130,"column":47}},"56":{"start":{"line":131,"column":21},"end":{"line":131,"column":60}},"57":{"start":{"line":132,"column":20},"end":{"line":132,"column":55}},"58":{"start":{"line":133,"column":4},"end":{"line":136,"column":5}},"59":{"start":{"line":134,"column":6},"end":{"line":134,"column":21}},"60":{"start":{"line":135,"column":6},"end":{"line":135,"column":13}},"61":{"start":{"line":137,"column":4},"end":{"line":137,"column":50}},"62":{"start":{"line":137,"column":29},"end":{"line":137,"column":50}},"63":{"start":{"line":138,"column":4},"end":{"line":138,"column":31}},"64":{"start":{"line":139,"column":18},"end":{"line":139,"column":39}},"65":{"start":{"line":140,"column":4},"end":{"line":140,"column":22}},"66":{"start":{"line":141,"column":19},"end":{"line":141,"column":38}},"67":{"start":{"line":142,"column":17},"end":{"line":142,"column":35}},"68":{"start":{"line":144,"column":18},"end":{"line":146,"column":10}},"69":{"start":{"line":147,"column":4},"end":{"line":147,"column":40}},"70":{"start":{"line":148,"column":4},"end":{"line":148,"column":22}},"71":{"start":{"line":149,"column":4},"end":{"line":149,"column":32}},"72":{"start":{"line":152,"column":13},"end":{"line":162,"column":4}},"73":{"start":{"line":157,"column":8},"end":{"line":162,"column":3}},"74":{"start":{"line":164,"column":16},"end":{"line":169,"column":3}},"75":{"start":{"line":165,"column":4},"end":{"line":168,"column":6}},"76":{"start":{"line":167,"column":25},"end":{"line":167,"column":43}},"77":{"start":{"line":174,"column":22},"end":{"line":180,"column":1}},"78":{"start":{"line":175,"column":2},"end":{"line":177,"column":3}},"79":{"start":{"line":176,"column":4},"end":{"line":176,"column":50}},"80":{"start":{"line":178,"column":2},"end":{"line":178,"column":28}},"81":{"start":{"line":179,"column":2},"end":{"line":179,"column":21}}},"fnMap":{"0":{"name":"(anonymous_0)","decl":{"start":{"line":21,"column":2},"end":{"line":21,"column":3}},"loc":{"start":{"line":21,"column":29},"end":{"line":26,"column":3}},"line":21},"1":{"name":"(anonymous_1)","decl":{"start":{"line":28,"column":2},"end":{"line":28,"column":3}},"loc":{"start":{"line":28,"column":42},"end":{"line":30,"column":3}},"line":28},"2":{"name":"(anonymous_2)","decl":{"start":{"line":32,"column":2},"end":{"line":32,"column":3}},"loc":{"start":{"line":32,"column":33},"end":{"line":37,"column":3}},"line":32},"3":{"name":"(anonymous_3)","decl":{"start":{"line":45,"column":2},"end":{"line":45,"column":3}},"loc":{"start":{"line":45,"column":27},"end":{"line":47,"column":3}},"line":45},"4":{"name":"(anonymous_4)","decl":{"start":{"line":49,"column":2},"end":{"line":49,"column":3}},"loc":{"start":{"line":49,"column":14},"end":{"line":51,"column":3}},"line":49},"5":{"name":"(anonymous_5)","decl":{"start":{"line":53,"column":2},"end":{"line":53,"column":3}},"loc":{"start":{"line":53,"column":18},"end":{"line":55,"column":3}},"line":53},"6":{"name":"(anonymous_6)","decl":{"start":{"line":57,"column":2},"end":{"line":57,"column":3}},"loc":{"start":{"line":57,"column":12},"end":{"line":67,"column":3}},"line":57},"7":{"name":"(anonymous_7)","decl":{"start":{"line":69,"column":2},"end":{"line":69,"column":3}},"loc":{"start":{"line":71,"column":13},"end":{"line":119,"column":3}},"line":71},"8":{"name":"(anonymous_8)","decl":{"start":{"line":121,"column":2},"end":{"line":121,"column":3}},"loc":{"start":{"line":121,"column":53},"end":{"line":150,"column":3}},"line":121},"9":{"name":"(anonymous_9)","decl":{"start":{"line":152,"column":13},"end":{"line":152,"column":14}},"loc":{"start":{"line":157,"column":8},"end":{"line":162,"column":3}},"line":157},"10":{"name":"(anonymous_10)","decl":{"start":{"line":164,"column":16},"end":{"line":164,"column":17}},"loc":{"start":{"line":164,"column":35},"end":{"line":169,"column":3}},"line":164},"11":{"name":"(anonymous_11)","decl":{"start":{"line":167,"column":6},"end":{"line":167,"column":7}},"loc":{"start":{"line":167,"column":25},"end":{"line":167,"column":43}},"line":167},"12":{"name":"(anonymous_12)","decl":{"start":{"line":174,"column":22},"end":{"line":174,"column":23}},"loc":{"start":{"line":174,"column":41},"end":{"line":180,"column":1}},"line":174}},"branchMap":{"0":{"loc":{"start":{"line":33,"column":4},"end":{"line":33,"column":53}},"type":"binary-expr","locations":[{"start":{"line":33,"column":4},"end":{"line":33,"column":17}},{"start":{"line":33,"column":22},"end":{"line":33,"column":52}}],"line":33},"1":{"loc":{"start":{"line":34,"column":4},"end":{"line":34,"column":47}},"type":"binary-expr","locations":[{"start":{"line":34,"column":4},"end":{"line":34,"column":15}},{"start":{"line":34,"column":20},"end":{"line":34,"column":46}}],"line":34},"2":{"loc":{"start":{"line":35,"column":4},"end":{"line":35,"column":50}},"type":"binary-expr","locations":[{"start":{"line":35,"column":4},"end":{"line":35,"column":16}},{"start":{"line":35,"column":21},"end":{"line":35,"column":49}}],"line":35},"3":{"loc":{"start":{"line":36,"column":4},"end":{"line":36,"column":63}},"type":"binary-expr","locations":[{"start":{"line":36,"column":4},"end":{"line":36,"column":18}},{"start":{"line":36,"column":23},"end":{"line":36,"column":62}}],"line":36},"4":{"loc":{"start":{"line":58,"column":4},"end":{"line":58,"column":30}},"type":"if","locations":[{"start":{"line":58,"column":4},"end":{"line":58,"column":30}},{"start":{},"end":{}}],"line":58},"5":{"loc":{"start":{"line":63,"column":4},"end":{"line":63,"column":50}},"type":"if","locations":[{"start":{"line":63,"column":4},"end":{"line":63,"column":50}},{"start":{},"end":{}}],"line":63},"6":{"loc":{"start":{"line":70,"column":4},"end":{"line":70,"column":61}},"type":"default-arg","locations":[{"start":{"line":70,"column":43},"end":{"line":70,"column":61}}],"line":70},"7":{"loc":{"start":{"line":74,"column":4},"end":{"line":117,"column":5}},"type":"if","locations":[{"start":{"line":74,"column":4},"end":{"line":117,"column":5}},{"start":{},"end":{}}],"line":74},"8":{"loc":{"start":{"line":78,"column":6},"end":{"line":116,"column":7}},"type":"if","locations":[{"start":{"line":78,"column":6},"end":{"line":116,"column":7}},{"start":{},"end":{}}],"line":78},"9":{"loc":{"start":{"line":78,"column":10},"end":{"line":78,"column":27}},"type":"binary-expr","locations":[{"start":{"line":78,"column":10},"end":{"line":78,"column":19}},{"start":{"line":78,"column":23},"end":{"line":78,"column":27}}],"line":78},"10":{"loc":{"start":{"line":99,"column":8},"end":{"line":115,"column":9}},"type":"if","locations":[{"start":{"line":99,"column":8},"end":{"line":115,"column":9}},{"start":{},"end":{}}],"line":99},"11":{"loc":{"start":{"line":99,"column":12},"end":{"line":99,"column":33}},"type":"binary-expr","locations":[{"start":{"line":99,"column":12},"end":{"line":99,"column":18}},{"start":{"line":99,"column":22},"end":{"line":99,"column":33}}],"line":99},"12":{"loc":{"start":{"line":122,"column":4},"end":{"line":122,"column":30}},"type":"if","locations":[{"start":{"line":122,"column":4},"end":{"line":122,"column":30}},{"start":{},"end":{}}],"line":122},"13":{"loc":{"start":{"line":126,"column":4},"end":{"line":129,"column":5}},"type":"if","locations":[{"start":{"line":126,"column":4},"end":{"line":129,"column":5}},{"start":{},"end":{}}],"line":126},"14":{"loc":{"start":{"line":133,"column":4},"end":{"line":136,"column":5}},"type":"if","locations":[{"start":{"line":133,"column":4},"end":{"line":136,"column":5}},{"start":{},"end":{}}],"line":133},"15":{"loc":{"start":{"line":137,"column":4},"end":{"line":137,"column":50}},"type":"if","locations":[{"start":{"line":137,"column":4},"end":{"line":137,"column":50}},{"start":{},"end":{}}],"line":137},"16":{"loc":{"start":{"line":144,"column":18},"end":{"line":146,"column":10}},"type":"cond-expr","locations":[{"start":{"line":145,"column":8},"end":{"line":145,"column":49}},{"start":{"line":146,"column":8},"end":{"line":146,"column":10}}],"line":144},"17":{"loc":{"start":{"line":161,"column":14},"end":{"line":161,"column":57}},"type":"cond-expr","locations":[{"start":{"line":161,"column":29},"end":{"line":161,"column":52}},{"start":{"line":161,"column":55},"end":{"line":161,"column":57}}],"line":161},"18":{"loc":{"start":{"line":175,"column":2},"end":{"line":177,"column":3}},"type":"if","locations":[{"start":{"line":175,"column":2},"end":{"line":177,"column":3}},{"start":{},"end":{}}],"line":175}},"s":{"0":5,"1":5,"2":5,"3":5,"4":5,"5":5,"6":5,"7":5,"8":5,"9":41,"10":219,"11":219,"12":219,"13":219,"14":65,"15":290,"16":38,"17":29,"18":0,"19":29,"20":29,"21":29,"22":29,"23":29,"24":14,"25":29,"26":29,"27":29,"28":41,"29":41,"30":41,"31":41,"32":41,"33":41,"34":41,"35":41,"36":41,"37":41,"38":41,"39":41,"40":41,"41":41,"42":41,"43":41,"44":41,"45":41,"46":41,"47":42,"48":0,"49":42,"50":42,"51":42,"52":42,"53":2,"54":2,"55":40,"56":40,"57":40,"58":40,"59":3,"60":3,"61":37,"62":24,"63":37,"64":37,"65":37,"66":37,"67":37,"68":37,"69":37,"70":37,"71":37,"72":5,"73":75,"74":5,"75":59,"76":236,"77":5,"78":161,"79":5,"80":161,"81":161},"f":{"0":5,"1":41,"2":219,"3":65,"4":290,"5":38,"6":29,"7":41,"8":42,"9":75,"10":59,"11":236,"12":161},"b":{"0":[219,161],"1":[219,56],"2":[219,117],"3":[219,219],"4":[0,29],"5":[14,15],"6":[37],"7":[41,0],"8":[41,0],"9":[41,41],"10":[41,0],"11":[41,41],"12":[0,42],"13":[2,40],"14":[3,37],"15":[24,13],"16":[4,33],"17":[75,0],"18":[5,156]},"_coverageSchema":"1a1c01bbd47fc00a2c39e90264f33305004495a9","hash":"535fbdbae720ce5e2eff4c51f22485ef5d13faf1"}
,"C:\\Users\\Kirill\\Documents\\Repos\\aeroaquaponic-monorepo\\misc\\text-game-react\\src\\reduce\\model\\global.ts": {"path":"C:\\Users\\Kirill\\Documents\\Repos\\aeroaquaponic-monorepo\\misc\\text-game-react\\src\\reduce\\model\\global.ts","statementMap":{"0":{"start":{"line":8,"column":17},"end":{"line":8,"column":35}},"1":{"start":{"line":9,"column":33},"end":{"line":9,"column":35}},"2":{"start":{"line":10,"column":32},"end":{"line":10,"column":38}},"3":{"start":{"line":11,"column":27},"end":{"line":11,"column":29}},"4":{"start":{"line":12,"column":34},"end":{"line":12,"column":36}},"5":{"start":{"line":13,"column":44},"end":{"line":13,"column":46}},"6":{"start":{"line":24,"column":4},"end":{"line":24,"column":19}},"7":{"start":{"line":25,"column":4},"end":{"line":25,"column":23}},"8":{"start":{"line":26,"column":4},"end":{"line":26,"column":23}},"9":{"start":{"line":27,"column":4},"end":{"line":27,"column":37}},"10":{"start":{"line":28,"column":4},"end":{"line":28,"column":37}},"11":{"start":{"line":29,"column":4},"end":{"line":29,"column":29}},"12":{"start":{"line":30,"column":4},"end":{"line":34,"column":5}},"13":{"start":{"line":31,"column":6},"end":{"line":33,"column":8}},"14":{"start":{"line":32,"column":8},"end":{"line":32,"column":29}},"15":{"start":{"line":38,"column":4},"end":{"line":40,"column":8}},"16":{"start":{"line":44,"column":4},"end":{"line":51,"column":6}},"17":{"start":{"line":55,"column":4},"end":{"line":55,"column":31}},"18":{"start":{"line":59,"column":4},"end":{"line":59,"column":27}},"19":{"start":{"line":65,"column":24},"end":{"line":71,"column":1}},"20":{"start":{"line":70,"column":2},"end":{"line":70,"column":31}}},"fnMap":{"0":{"name":"(anonymous_0)","decl":{"start":{"line":15,"column":2},"end":{"line":15,"column":3}},"loc":{"start":{"line":23,"column":4},"end":{"line":35,"column":3}},"line":23},"1":{"name":"(anonymous_1)","decl":{"start":{"line":31,"column":22},"end":{"line":31,"column":23}},"loc":{"start":{"line":31,"column":58},"end":{"line":33,"column":7}},"line":31},"2":{"name":"(anonymous_2)","decl":{"start":{"line":37,"column":2},"end":{"line":37,"column":3}},"loc":{"start":{"line":37,"column":51},"end":{"line":41,"column":3}},"line":37},"3":{"name":"(anonymous_3)","decl":{"start":{"line":43,"column":2},"end":{"line":43,"column":3}},"loc":{"start":{"line":43,"column":14},"end":{"line":52,"column":3}},"line":43},"4":{"name":"(anonymous_4)","decl":{"start":{"line":54,"column":2},"end":{"line":54,"column":3}},"loc":{"start":{"line":54,"column":35},"end":{"line":56,"column":3}},"line":54},"5":{"name":"(anonymous_5)","decl":{"start":{"line":58,"column":2},"end":{"line":58,"column":3}},"loc":{"start":{"line":58,"column":17},"end":{"line":60,"column":3}},"line":58},"6":{"name":"(anonymous_6)","decl":{"start":{"line":65,"column":24},"end":{"line":65,"column":25}},"loc":{"start":{"line":65,"column":55},"end":{"line":71,"column":1}},"line":65}},"branchMap":{"0":{"loc":{"start":{"line":28,"column":22},"end":{"line":28,"column":36}},"type":"binary-expr","locations":[{"start":{"line":28,"column":22},"end":{"line":28,"column":30}},{"start":{"line":28,"column":34},"end":{"line":28,"column":36}}],"line":28},"1":{"loc":{"start":{"line":29,"column":18},"end":{"line":29,"column":28}},"type":"binary-expr","locations":[{"start":{"line":29,"column":18},"end":{"line":29,"column":22}},{"start":{"line":29,"column":26},"end":{"line":29,"column":28}}],"line":29},"2":{"loc":{"start":{"line":30,"column":4},"end":{"line":34,"column":5}},"type":"if","locations":[{"start":{"line":30,"column":4},"end":{"line":34,"column":5}},{"start":{},"end":{}}],"line":30}},"s":{"0":2170,"1":2170,"2":2170,"3":2170,"4":2170,"5":2170,"6":2170,"7":2170,"8":2170,"9":2170,"10":2170,"11":2170,"12":2170,"13":1656,"14":37,"15":0,"16":5630,"17":0,"18":149,"19":5,"20":229},"f":{"0":2170,"1":37,"2":0,"3":5630,"4":0,"5":149,"6":229},"b":{"0":[2170,49],"1":[2170,49],"2":[1656,514]},"_coverageSchema":"1a1c01bbd47fc00a2c39e90264f33305004495a9","hash":"9fe4e5f8837b29fd551d3f64c429521bbd2829ba"}
,"C:\\Users\\Kirill\\Documents\\Repos\\aeroaquaponic-monorepo\\misc\\text-game-react\\src\\reduce\\model\\parser.ts": {"path":"C:\\Users\\Kirill\\Documents\\Repos\\aeroaquaponic-monorepo\\misc\\text-game-react\\src\\reduce\\model\\parser.ts","statementMap":{"0":{"start":{"line":13,"column":33},"end":{"line":13,"column":35}},"1":{"start":{"line":17,"column":4},"end":{"line":17,"column":27}},"2":{"start":{"line":21,"column":4},"end":{"line":21,"column":39}},"3":{"start":{"line":22,"column":4},"end":{"line":22,"column":27}},"4":{"start":{"line":26,"column":40},"end":{"line":26,"column":78}},"5":{"start":{"line":27,"column":18},"end":{"line":27,"column":49}},"6":{"start":{"line":27,"column":36},"end":{"line":27,"column":48}},"7":{"start":{"line":28,"column":24},"end":{"line":28,"column":56}},"8":{"start":{"line":30,"column":27},"end":{"line":37,"column":5}},"9":{"start":{"line":31,"column":6},"end":{"line":36,"column":8}},"10":{"start":{"line":34,"column":22},"end":{"line":34,"column":29}},"11":{"start":{"line":39,"column":20},"end":{"line":41,"column":51}},"12":{"start":{"line":40,"column":36},"end":{"line":40,"column":60}},"13":{"start":{"line":43,"column":19},"end":{"line":45,"column":6}},"14":{"start":{"line":47,"column":4},"end":{"line":47,"column":37}},"15":{"start":{"line":51,"column":4},"end":{"line":51,"column":34}},"16":{"start":{"line":51,"column":24},"end":{"line":51,"column":34}},"17":{"start":{"line":53,"column":29},"end":{"line":53,"column":54}},"18":{"start":{"line":53,"column":52},"end":{"line":53,"column":53}},"19":{"start":{"line":55,"column":25},"end":{"line":55,"column":38}},"20":{"start":{"line":56,"column":21},"end":{"line":56,"column":23}},"21":{"start":{"line":57,"column":16},"end":{"line":57,"column":17}},"22":{"start":{"line":59,"column":4},"end":{"line":73,"column":5}},"23":{"start":{"line":59,"column":17},"end":{"line":59,"column":18}},"24":{"start":{"line":60,"column":22},"end":{"line":60,"column":41}},"25":{"start":{"line":61,"column":22},"end":{"line":65,"column":7}},"26":{"start":{"line":62,"column":8},"end":{"line":64,"column":44}},"27":{"start":{"line":66,"column":20},"end":{"line":66,"column":30}},"28":{"start":{"line":67,"column":6},"end":{"line":69,"column":7}},"29":{"start":{"line":68,"column":8},"end":{"line":68,"column":24}},"30":{"start":{"line":70,"column":6},"end":{"line":70,"column":16}},"31":{"start":{"line":71,"column":6},"end":{"line":71,"column":27}},"32":{"start":{"line":72,"column":6},"end":{"line":72,"column":21}},"33":{"start":{"line":75,"column":4},"end":{"line":75,"column":20}}},"fnMap":{"0":{"name":"(anonymous_0)","decl":{"start":{"line":16,"column":2},"end":{"line":16,"column":3}},"loc":{"start":{"line":16,"column":30},"end":{"line":18,"column":3}},"line":16},"1":{"name":"(anonymous_1)","decl":{"start":{"line":20,"column":2},"end":{"line":20,"column":3}},"loc":{"start":{"line":20,"column":23},"end":{"line":23,"column":3}},"line":20},"2":{"name":"(anonymous_2)","decl":{"start":{"line":25,"column":2},"end":{"line":25,"column":3}},"loc":{"start":{"line":25,"column":63},"end":{"line":48,"column":3}},"line":25},"3":{"name":"(anonymous_3)","decl":{"start":{"line":27,"column":29},"end":{"line":27,"column":30}},"loc":{"start":{"line":27,"column":36},"end":{"line":27,"column":48}},"line":27},"4":{"name":"(anonymous_4)","decl":{"start":{"line":30,"column":27},"end":{"line":30,"column":28}},"loc":{"start":{"line":30,"column":64},"end":{"line":37,"column":5}},"line":30},"5":{"name":"(anonymous_5)","decl":{"start":{"line":34,"column":15},"end":{"line":34,"column":16}},"loc":{"start":{"line":34,"column":22},"end":{"line":34,"column":29}},"line":34},"6":{"name":"(anonymous_6)","decl":{"start":{"line":40,"column":29},"end":{"line":40,"column":30}},"loc":{"start":{"line":40,"column":36},"end":{"line":40,"column":60}},"line":40},"7":{"name":"(anonymous_7)","decl":{"start":{"line":50,"column":2},"end":{"line":50,"column":3}},"loc":{"start":{"line":50,"column":70},"end":{"line":76,"column":3}},"line":50},"8":{"name":"(anonymous_8)","decl":{"start":{"line":53,"column":45},"end":{"line":53,"column":46}},"loc":{"start":{"line":53,"column":52},"end":{"line":53,"column":53}},"line":53},"9":{"name":"(anonymous_9)","decl":{"start":{"line":61,"column":45},"end":{"line":61,"column":46}},"loc":{"start":{"line":62,"column":8},"end":{"line":64,"column":44}},"line":62}},"branchMap":{"0":{"loc":{"start":{"line":26,"column":40},"end":{"line":26,"column":78}},"type":"binary-expr","locations":[{"start":{"line":26,"column":40},"end":{"line":26,"column":61}},{"start":{"line":26,"column":65},"end":{"line":26,"column":78}}],"line":26},"1":{"loc":{"start":{"line":39,"column":20},"end":{"line":41,"column":51}},"type":"cond-expr","locations":[{"start":{"line":40,"column":8},"end":{"line":40,"column":70}},{"start":{"line":41,"column":8},"end":{"line":41,"column":51}}],"line":39},"2":{"loc":{"start":{"line":50,"column":34},"end":{"line":50,"column":58}},"type":"default-arg","locations":[{"start":{"line":50,"column":53},"end":{"line":50,"column":58}}],"line":50},"3":{"loc":{"start":{"line":51,"column":4},"end":{"line":51,"column":34}},"type":"if","locations":[{"start":{"line":51,"column":4},"end":{"line":51,"column":34}},{"start":{},"end":{}}],"line":51},"4":{"loc":{"start":{"line":62,"column":8},"end":{"line":64,"column":44}},"type":"cond-expr","locations":[{"start":{"line":63,"column":12},"end":{"line":63,"column":42}},{"start":{"line":64,"column":12},"end":{"line":64,"column":44}}],"line":62},"5":{"loc":{"start":{"line":67,"column":6},"end":{"line":69,"column":7}},"type":"if","locations":[{"start":{"line":67,"column":6},"end":{"line":69,"column":7}},{"start":{},"end":{}}],"line":67},"6":{"loc":{"start":{"line":67,"column":10},"end":{"line":67,"column":38}},"type":"binary-expr","locations":[{"start":{"line":67,"column":10},"end":{"line":67,"column":16}},{"start":{"line":67,"column":20},"end":{"line":67,"column":38}}],"line":67}},"s":{"0":75,"1":75,"2":73,"3":73,"4":29,"5":29,"6":24,"7":29,"8":29,"9":89,"10":24,"11":29,"12":78,"13":29,"14":29,"15":73,"16":0,"17":73,"18":114,"19":73,"20":73,"21":73,"22":73,"23":73,"24":102,"25":102,"26":447,"27":102,"28":102,"29":14,"30":88,"31":88,"32":88,"33":59},"f":{"0":75,"1":73,"2":29,"3":24,"4":89,"5":24,"6":78,"7":73,"8":114,"9":447},"b":{"0":[29,11],"1":[18,11],"2":[33],"3":[0,73],"4":[270,177],"5":[14,88],"6":[102,88]},"_coverageSchema":"1a1c01bbd47fc00a2c39e90264f33305004495a9","hash":"d0d67376fec30253024f17740920df7160f2cedd"}
,"C:\\Users\\Kirill\\Documents\\Repos\\aeroaquaponic-monorepo\\misc\\text-game-react\\src\\reduce\\model\\entities\\index.ts": {"path":"C:\\Users\\Kirill\\Documents\\Repos\\aeroaquaponic-monorepo\\misc\\text-game-react\\src\\reduce\\model\\entities\\index.ts","statementMap":{"0":{"start":{"line":16,"column":28},"end":{"line":109,"column":1}},"1":{"start":{"line":17,"column":2},"end":{"line":107,"column":3}},"2":{"start":{"line":18,"column":4},"end":{"line":106,"column":6}},"3":{"start":{"line":108,"column":2},"end":{"line":108,"column":19}},"4":{"start":{"line":114,"column":4},"end":{"line":187,"column":1}},"5":{"start":{"line":116,"column":4},"end":{"line":127,"column":7}},"6":{"start":{"line":136,"column":18},"end":{"line":136,"column":32}},"7":{"start":{"line":137,"column":18},"end":{"line":139,"column":5}},"8":{"start":{"line":138,"column":13},"end":{"line":138,"column":74}},"9":{"start":{"line":140,"column":24},"end":{"line":140,"column":43}},"10":{"start":{"line":142,"column":4},"end":{"line":142,"column":60}},"11":{"start":{"line":145,"column":18},"end":{"line":145,"column":32}},"12":{"start":{"line":146,"column":18},"end":{"line":148,"column":5}},"13":{"start":{"line":147,"column":13},"end":{"line":147,"column":42}},"14":{"start":{"line":149,"column":17},"end":{"line":152,"column":7}},"15":{"start":{"line":153,"column":20},"end":{"line":153,"column":24}},"16":{"start":{"line":154,"column":4},"end":{"line":156,"column":18}},"17":{"start":{"line":162,"column":4},"end":{"line":170,"column":7}},"18":{"start":{"line":172,"column":21},"end":{"line":172,"column":65}},"19":{"start":{"line":173,"column":4},"end":{"line":173,"column":60}},"20":{"start":{"line":176,"column":4},"end":{"line":176,"column":51}},"21":{"start":{"line":179,"column":4},"end":{"line":182,"column":7}},"22":{"start":{"line":183,"column":4},"end":{"line":185,"column":8}},"23":{"start":{"line":189,"column":33},"end":{"line":191,"column":1}},"24":{"start":{"line":190,"column":2},"end":{"line":190,"column":24}},"25":{"start":{"line":193,"column":34},"end":{"line":196,"column":1}},"26":{"start":{"line":194,"column":22},"end":{"line":194,"column":45}},"27":{"start":{"line":195,"column":2},"end":{"line":195,"column":21}}},"fnMap":{"0":{"name":"(anonymous_0)","decl":{"start":{"line":16,"column":28},"end":{"line":16,"column":29}},"loc":{"start":{"line":16,"column":75},"end":{"line":109,"column":1}},"line":16},"1":{"name":"(anonymous_1)","decl":{"start":{"line":115,"column":19},"end":{"line":115,"column":20}},"loc":{"start":{"line":116,"column":4},"end":{"line":127,"column":7}},"line":116},"2":{"name":"(anonymous_2)","decl":{"start":{"line":135,"column":20},"end":{"line":135,"column":21}},"loc":{"start":{"line":135,"column":29},"end":{"line":143,"column":3}},"line":135},"3":{"name":"(anonymous_3)","decl":{"start":{"line":138,"column":6},"end":{"line":138,"column":7}},"loc":{"start":{"line":138,"column":13},"end":{"line":138,"column":74}},"line":138},"4":{"name":"(anonymous_4)","decl":{"start":{"line":144,"column":19},"end":{"line":144,"column":20}},"loc":{"start":{"line":144,"column":28},"end":{"line":157,"column":3}},"line":144},"5":{"name":"(anonymous_5)","decl":{"start":{"line":147,"column":6},"end":{"line":147,"column":7}},"loc":{"start":{"line":147,"column":13},"end":{"line":147,"column":42}},"line":147},"6":{"name":"(anonymous_6)","decl":{"start":{"line":161,"column":59},"end":{"line":161,"column":60}},"loc":{"start":{"line":162,"column":4},"end":{"line":170,"column":7}},"line":162},"7":{"name":"(anonymous_7)","decl":{"start":{"line":171,"column":18},"end":{"line":171,"column":19}},"loc":{"start":{"line":171,"column":27},"end":{"line":174,"column":3}},"line":171},"8":{"name":"(anonymous_8)","decl":{"start":{"line":175,"column":24},"end":{"line":175,"column":25}},"loc":{"start":{"line":175,"column":33},"end":{"line":177,"column":3}},"line":175},"9":{"name":"(anonymous_9)","decl":{"start":{"line":178,"column":19},"end":{"line":178,"column":20}},"loc":{"start":{"line":178,"column":28},"end":{"line":186,"column":3}},"line":178},"10":{"name":"(anonymous_10)","decl":{"start":{"line":189,"column":33},"end":{"line":189,"column":34}},"loc":{"start":{"line":189,"column":39},"end":{"line":191,"column":1}},"line":189},"11":{"name":"(anonymous_11)","decl":{"start":{"line":193,"column":34},"end":{"line":193,"column":35}},"loc":{"start":{"line":193,"column":50},"end":{"line":196,"column":1}},"line":193}},"branchMap":{"0":{"loc":{"start":{"line":17,"column":2},"end":{"line":107,"column":3}},"type":"if","locations":[{"start":{"line":17,"column":2},"end":{"line":107,"column":3}},{"start":{},"end":{}}],"line":17}},"s":{"0":5,"1":550,"2":5,"3":550,"4":5,"5":1,"6":1,"7":1,"8":2,"9":1,"10":1,"11":6,"12":6,"13":6,"14":6,"15":6,"16":6,"17":1,"18":1,"19":1,"20":1,"21":4,"22":4,"23":5,"24":2129,"25":5,"26":2121,"27":2121},"f":{"0":550,"1":1,"2":1,"3":2,"4":6,"5":6,"6":1,"7":1,"8":1,"9":4,"10":2129,"11":2121},"b":{"0":[5,545]},"_coverageSchema":"1a1c01bbd47fc00a2c39e90264f33305004495a9","hash":"23dd069b0a56bdd00c3c59535df94df488595a97"}
,"C:\\Users\\Kirill\\Documents\\Repos\\aeroaquaponic-monorepo\\misc\\text-game-react\\src\\reduce\\model\\entities\\entities\\clear.ts": {"path":"C:\\Users\\Kirill\\Documents\\Repos\\aeroaquaponic-monorepo\\misc\\text-game-react\\src\\reduce\\model\\entities\\entities\\clear.ts","statementMap":{"0":{"start":{"line":3,"column":25},"end":{"line":11,"column":35}},"1":{"start":{"line":4,"column":3},"end":{"line":11,"column":34}}},"fnMap":{"0":{"name":"(anonymous_0)","decl":{"start":{"line":3,"column":25},"end":{"line":3,"column":26}},"loc":{"start":{"line":4,"column":3},"end":{"line":11,"column":34}},"line":4}},"branchMap":{},"s":{"0":5,"1":5},"f":{"0":5},"b":{},"_coverageSchema":"1a1c01bbd47fc00a2c39e90264f33305004495a9","hash":"73cdb04e0e7f37c6536a0d861f82b2c66b6e62d9"}
,"C:\\Users\\Kirill\\Documents\\Repos\\aeroaquaponic-monorepo\\misc\\text-game-react\\src\\reduce\\model\\entities\\entities\\help.ts": {"path":"C:\\Users\\Kirill\\Documents\\Repos\\aeroaquaponic-monorepo\\misc\\text-game-react\\src\\reduce\\model\\entities\\entities\\help.ts","statementMap":{"0":{"start":{"line":3,"column":25},"end":{"line":11,"column":35}},"1":{"start":{"line":4,"column":3},"end":{"line":11,"column":34}}},"fnMap":{"0":{"name":"(anonymous_0)","decl":{"start":{"line":3,"column":25},"end":{"line":3,"column":26}},"loc":{"start":{"line":4,"column":3},"end":{"line":11,"column":34}},"line":4}},"branchMap":{},"s":{"0":5,"1":5},"f":{"0":5},"b":{},"_coverageSchema":"1a1c01bbd47fc00a2c39e90264f33305004495a9","hash":"68bcfb61cc64202ba9aa6b25978e50d5183816e6"}
,"C:\\Users\\Kirill\\Documents\\Repos\\aeroaquaponic-monorepo\\misc\\text-game-react\\src\\reduce\\model\\entities\\entities\\index.ts": {"path":"C:\\Users\\Kirill\\Documents\\Repos\\aeroaquaponic-monorepo\\misc\\text-game-react\\src\\reduce\\model\\entities\\entities\\index.ts","statementMap":{},"fnMap":{},"branchMap":{},"s":{},"f":{},"b":{},"_coverageSchema":"1a1c01bbd47fc00a2c39e90264f33305004495a9","hash":"9970f26357e65eaf60639cad4b186f0a887c0a9b"}
,"C:\\Users\\Kirill\\Documents\\Repos\\aeroaquaponic-monorepo\\misc\\text-game-react\\src\\reduce\\model\\entities\\entities\\skip.ts": {"path":"C:\\Users\\Kirill\\Documents\\Repos\\aeroaquaponic-monorepo\\misc\\text-game-react\\src\\reduce\\model\\entities\\entities\\skip.ts","statementMap":{"0":{"start":{"line":3,"column":25},"end":{"line":11,"column":35}},"1":{"start":{"line":4,"column":3},"end":{"line":11,"column":34}}},"fnMap":{"0":{"name":"(anonymous_0)","decl":{"start":{"line":3,"column":25},"end":{"line":3,"column":26}},"loc":{"start":{"line":4,"column":3},"end":{"line":11,"column":34}},"line":4}},"branchMap":{},"s":{"0":5,"1":5},"f":{"0":5},"b":{},"_coverageSchema":"1a1c01bbd47fc00a2c39e90264f33305004495a9","hash":"3692a82bf1cda5c9b6947c8bd6a5837b82bb052d"}
,"C:\\Users\\Kirill\\Documents\\Repos\\aeroaquaponic-monorepo\\misc\\text-game-react\\src\\reduce\\model\\entities\\entities\\status.ts": {"path":"C:\\Users\\Kirill\\Documents\\Repos\\aeroaquaponic-monorepo\\misc\\text-game-react\\src\\reduce\\model\\entities\\entities\\status.ts","statementMap":{"0":{"start":{"line":6,"column":77},"end":{"line":56,"column":1}},"1":{"start":{"line":27,"column":6},"end":{"line":27,"column":76}},"2":{"start":{"line":28,"column":2},"end":{"line":55,"column":6}},"3":{"start":{"line":38,"column":18},"end":{"line":38,"column":32}},"4":{"start":{"line":43,"column":18},"end":{"line":43,"column":32}},"5":{"start":{"line":112,"column":32},"end":{"line":122,"column":1}},"6":{"start":{"line":113,"column":15},"end":{"line":113,"column":33}},"7":{"start":{"line":114,"column":2},"end":{"line":114,"column":23}},"8":{"start":{"line":114,"column":13},"end":{"line":114,"column":23}},"9":{"start":{"line":118,"column":6},"end":{"line":118,"column":10}},"10":{"start":{"line":119,"column":2},"end":{"line":121,"column":14}},"11":{"start":{"line":124,"column":25},"end":{"line":196,"column":35}},"12":{"start":{"line":125,"column":3},"end":{"line":196,"column":34}}},"fnMap":{"0":{"name":"(anonymous_0)","decl":{"start":{"line":6,"column":77},"end":{"line":6,"column":78}},"loc":{"start":{"line":8,"column":5},"end":{"line":56,"column":1}},"line":8},"1":{"name":"(anonymous_1)","decl":{"start":{"line":38,"column":6},"end":{"line":38,"column":7}},"loc":{"start":{"line":38,"column":18},"end":{"line":38,"column":32}},"line":38},"2":{"name":"(anonymous_2)","decl":{"start":{"line":43,"column":6},"end":{"line":43,"column":7}},"loc":{"start":{"line":43,"column":18},"end":{"line":43,"column":32}},"line":43},"3":{"name":"(anonymous_3)","decl":{"start":{"line":112,"column":32},"end":{"line":112,"column":33}},"loc":{"start":{"line":112,"column":76},"end":{"line":122,"column":1}},"line":112},"4":{"name":"(anonymous_4)","decl":{"start":{"line":124,"column":25},"end":{"line":124,"column":26}},"loc":{"start":{"line":125,"column":3},"end":{"line":196,"column":34}},"line":125}},"branchMap":{"0":{"loc":{"start":{"line":53,"column":6},"end":{"line":53,"column":34}},"type":"cond-expr","locations":[{"start":{"line":53,"column":20},"end":{"line":53,"column":26}},{"start":{"line":53,"column":29},"end":{"line":53,"column":34}}],"line":53},"1":{"loc":{"start":{"line":114,"column":2},"end":{"line":114,"column":23}},"type":"if","locations":[{"start":{"line":114,"column":2},"end":{"line":114,"column":23}},{"start":{},"end":{}}],"line":114}},"s":{"0":5,"1":2,"2":2,"3":6,"4":2,"5":5,"6":6,"7":6,"8":0,"9":6,"10":6,"11":5,"12":5},"f":{"0":2,"1":6,"2":2,"3":6,"4":5},"b":{"0":[2,0],"1":[0,6]},"_coverageSchema":"1a1c01bbd47fc00a2c39e90264f33305004495a9","hash":"8b475ed7d2c018406c0cfd3f9d2d132e4b3e2461"}
,"C:\\Users\\Kirill\\Documents\\Repos\\aeroaquaponic-monorepo\\misc\\text-game-react\\src\\reduce\\model\\entities\\entities\\world.ts": {"path":"C:\\Users\\Kirill\\Documents\\Repos\\aeroaquaponic-monorepo\\misc\\text-game-react\\src\\reduce\\model\\entities\\entities\\world.ts","statementMap":{"0":{"start":{"line":3,"column":25},"end":{"line":18,"column":35}},"1":{"start":{"line":4,"column":3},"end":{"line":18,"column":34}}},"fnMap":{"0":{"name":"(anonymous_0)","decl":{"start":{"line":3,"column":25},"end":{"line":3,"column":26}},"loc":{"start":{"line":4,"column":3},"end":{"line":18,"column":34}},"line":4}},"branchMap":{},"s":{"0":5,"1":5},"f":{"0":5},"b":{},"_coverageSchema":"1a1c01bbd47fc00a2c39e90264f33305004495a9","hash":"b647aa54247f03efc436259e7db05e2e21094832"}
,"C:\\Users\\Kirill\\Documents\\Repos\\aeroaquaponic-monorepo\\misc\\text-game-react\\src\\reduce\\model\\entities\\interactions\\quest001.ts": {"path":"C:\\Users\\Kirill\\Documents\\Repos\\aeroaquaponic-monorepo\\misc\\text-game-react\\src\\reduce\\model\\entities\\interactions\\quest001.ts","statementMap":{"0":{"start":{"line":14,"column":38},"end":{"line":23,"column":1}},"1":{"start":{"line":15,"column":2},"end":{"line":15,"column":31}},"2":{"start":{"line":15,"column":18},"end":{"line":15,"column":31}},"3":{"start":{"line":16,"column":21},"end":{"line":16,"column":41}},"4":{"start":{"line":17,"column":17},"end":{"line":17,"column":49}},"5":{"start":{"line":18,"column":21},"end":{"line":21,"column":3}},"6":{"start":{"line":22,"column":2},"end":{"line":22,"column":21}},"7":{"start":{"line":25,"column":39},"end":{"line":192,"column":1}},"8":{"start":{"line":26,"column":2},"end":{"line":191,"column":4}},"9":{"start":{"line":28,"column":6},"end":{"line":28,"column":35}},"10":{"start":{"line":28,"column":22},"end":{"line":28,"column":35}},"11":{"start":{"line":29,"column":25},"end":{"line":29,"column":45}},"12":{"start":{"line":30,"column":21},"end":{"line":30,"column":53}},"13":{"start":{"line":31,"column":25},"end":{"line":34,"column":7}},"14":{"start":{"line":35,"column":6},"end":{"line":55,"column":7}},"15":{"start":{"line":36,"column":8},"end":{"line":38,"column":10}},"16":{"start":{"line":39,"column":8},"end":{"line":42,"column":10}},"17":{"start":{"line":43,"column":8},"end":{"line":43,"column":80}},"18":{"start":{"line":44,"column":8},"end":{"line":44,"column":50}},"19":{"start":{"line":45,"column":8},"end":{"line":54,"column":12}},"20":{"start":{"line":56,"column":6},"end":{"line":63,"column":10}},"21":{"start":{"line":66,"column":6},"end":{"line":66,"column":35}},"22":{"start":{"line":66,"column":22},"end":{"line":66,"column":35}},"23":{"start":{"line":67,"column":25},"end":{"line":67,"column":45}},"24":{"start":{"line":68,"column":21},"end":{"line":68,"column":53}},"25":{"start":{"line":69,"column":25},"end":{"line":72,"column":7}},"26":{"start":{"line":73,"column":22},"end":{"line":73,"column":78}},"27":{"start":{"line":88,"column":6},"end":{"line":122,"column":8}},"28":{"start":{"line":102,"column":14},"end":{"line":104,"column":16}},"29":{"start":{"line":119,"column":14},"end":{"line":119,"column":62}},"30":{"start":{"line":125,"column":6},"end":{"line":159,"column":7}},"31":{"start":{"line":126,"column":8},"end":{"line":126,"column":72}},"32":{"start":{"line":127,"column":8},"end":{"line":130,"column":10}},"33":{"start":{"line":131,"column":8},"end":{"line":156,"column":11}},"34":{"start":{"line":132,"column":21},"end":{"line":132,"column":28}},"35":{"start":{"line":133,"column":10},"end":{"line":143,"column":12}},"36":{"start":{"line":144,"column":10},"end":{"line":154,"column":12}},"37":{"start":{"line":155,"column":10},"end":{"line":155,"column":47}},"38":{"start":{"line":157,"column":8},"end":{"line":157,"column":80}},"39":{"start":{"line":158,"column":8},"end":{"line":158,"column":50}},"40":{"start":{"line":160,"column":6},"end":{"line":167,"column":10}},"41":{"start":{"line":165,"column":10},"end":{"line":165,"column":63}},"42":{"start":{"line":170,"column":34},"end":{"line":170,"column":61}},"43":{"start":{"line":171,"column":19},"end":{"line":171,"column":37}},"44":{"start":{"line":172,"column":24},"end":{"line":174,"column":7}},"45":{"start":{"line":173,"column":15},"end":{"line":173,"column":22}},"46":{"start":{"line":175,"column":6},"end":{"line":179,"column":7}},"47":{"start":{"line":176,"column":8},"end":{"line":178,"column":10}},"48":{"start":{"line":180,"column":6},"end":{"line":189,"column":7}},"49":{"start":{"line":181,"column":8},"end":{"line":188,"column":10}},"50":{"start":{"line":186,"column":26},"end":{"line":186,"column":29}}},"fnMap":{"0":{"name":"(anonymous_0)","decl":{"start":{"line":14,"column":38},"end":{"line":14,"column":39}},"loc":{"start":{"line":14,"column":74},"end":{"line":23,"column":1}},"line":14},"1":{"name":"(anonymous_1)","decl":{"start":{"line":25,"column":39},"end":{"line":25,"column":40}},"loc":{"start":{"line":25,"column":45},"end":{"line":192,"column":1}},"line":25},"2":{"name":"(anonymous_2)","decl":{"start":{"line":27,"column":39},"end":{"line":27,"column":40}},"loc":{"start":{"line":27,"column":75},"end":{"line":64,"column":5}},"line":27},"3":{"name":"(anonymous_3)","decl":{"start":{"line":65,"column":31},"end":{"line":65,"column":32}},"loc":{"start":{"line":65,"column":67},"end":{"line":168,"column":5}},"line":65},"4":{"name":"(anonymous_4)","decl":{"start":{"line":101,"column":22},"end":{"line":101,"column":23}},"loc":{"start":{"line":101,"column":58},"end":{"line":105,"column":13}},"line":101},"5":{"name":"(anonymous_5)","decl":{"start":{"line":118,"column":22},"end":{"line":118,"column":23}},"loc":{"start":{"line":119,"column":14},"end":{"line":119,"column":62}},"line":119},"6":{"name":"(anonymous_6)","decl":{"start":{"line":131,"column":68},"end":{"line":131,"column":69}},"loc":{"start":{"line":131,"column":75},"end":{"line":156,"column":9}},"line":131},"7":{"name":"(anonymous_7)","decl":{"start":{"line":164,"column":64},"end":{"line":164,"column":65}},"loc":{"start":{"line":165,"column":10},"end":{"line":165,"column":63}},"line":165},"8":{"name":"(anonymous_8)","decl":{"start":{"line":169,"column":20},"end":{"line":169,"column":21}},"loc":{"start":{"line":169,"column":56},"end":{"line":190,"column":5}},"line":169},"9":{"name":"(anonymous_9)","decl":{"start":{"line":173,"column":8},"end":{"line":173,"column":9}},"loc":{"start":{"line":173,"column":15},"end":{"line":173,"column":22}},"line":173},"10":{"name":"(anonymous_10)","decl":{"start":{"line":186,"column":19},"end":{"line":186,"column":20}},"loc":{"start":{"line":186,"column":26},"end":{"line":186,"column":29}},"line":186}},"branchMap":{"0":{"loc":{"start":{"line":15,"column":2},"end":{"line":15,"column":31}},"type":"if","locations":[{"start":{"line":15,"column":2},"end":{"line":15,"column":31}},{"start":{},"end":{}}],"line":15},"1":{"loc":{"start":{"line":28,"column":6},"end":{"line":28,"column":35}},"type":"if","locations":[{"start":{"line":28,"column":6},"end":{"line":28,"column":35}},{"start":{},"end":{}}],"line":28},"2":{"loc":{"start":{"line":35,"column":6},"end":{"line":55,"column":7}},"type":"if","locations":[{"start":{"line":35,"column":6},"end":{"line":55,"column":7}},{"start":{},"end":{}}],"line":35},"3":{"loc":{"start":{"line":66,"column":6},"end":{"line":66,"column":35}},"type":"if","locations":[{"start":{"line":66,"column":6},"end":{"line":66,"column":35}},{"start":{},"end":{}}],"line":66},"4":{"loc":{"start":{"line":125,"column":6},"end":{"line":159,"column":7}},"type":"if","locations":[{"start":{"line":125,"column":6},"end":{"line":159,"column":7}},{"start":{},"end":{}}],"line":125},"5":{"loc":{"start":{"line":175,"column":6},"end":{"line":179,"column":7}},"type":"if","locations":[{"start":{"line":175,"column":6},"end":{"line":179,"column":7}},{"start":{},"end":{}}],"line":175},"6":{"loc":{"start":{"line":180,"column":6},"end":{"line":189,"column":7}},"type":"if","locations":[{"start":{"line":180,"column":6},"end":{"line":189,"column":7}},{"start":{},"end":{}}],"line":180},"7":{"loc":{"start":{"line":185,"column":12},"end":{"line":185,"column":70}},"type":"cond-expr","locations":[{"start":{"line":185,"column":24},"end":{"line":185,"column":65}},{"start":{"line":185,"column":68},"end":{"line":185,"column":70}}],"line":185}},"s":{"0":5,"1":1,"2":0,"3":1,"4":1,"5":1,"6":1,"7":5,"8":11,"9":14,"10":0,"11":14,"12":14,"13":14,"14":14,"15":13,"16":13,"17":13,"18":13,"19":13,"20":1,"21":4,"22":0,"23":4,"24":4,"25":4,"26":4,"27":4,"28":1,"29":1,"30":4,"31":4,"32":4,"33":4,"34":8,"35":8,"36":8,"37":8,"38":4,"39":4,"40":4,"41":8,"42":1,"43":1,"44":1,"45":1,"46":1,"47":1,"48":0,"49":0,"50":0},"f":{"0":1,"1":11,"2":14,"3":4,"4":1,"5":1,"6":8,"7":8,"8":1,"9":1,"10":0},"b":{"0":[0,1],"1":[0,14],"2":[13,1],"3":[0,4],"4":[4,0],"5":[1,0],"6":[0,0],"7":[0,0]},"_coverageSchema":"1a1c01bbd47fc00a2c39e90264f33305004495a9","hash":"73665d4a4ef6f535eb7c46171acead79b40ee581"}
,"C:\\Users\\Kirill\\Documents\\Repos\\aeroaquaponic-monorepo\\misc\\text-game-react\\src\\reduce\\model\\entities\\utils\\serialized.ts": {"path":"C:\\Users\\Kirill\\Documents\\Repos\\aeroaquaponic-monorepo\\misc\\text-game-react\\src\\reduce\\model\\entities\\utils\\serialized.ts","statementMap":{"0":{"start":{"line":5,"column":33},"end":{"line":23,"column":3}},"1":{"start":{"line":9,"column":2},"end":{"line":23,"column":3}},"2":{"start":{"line":16,"column":53},"end":{"line":16,"column":60}},"3":{"start":{"line":17,"column":8},"end":{"line":17,"column":28}},"4":{"start":{"line":17,"column":21},"end":{"line":17,"column":28}},"5":{"start":{"line":18,"column":8},"end":{"line":18,"column":46}},"6":{"start":{"line":20,"column":21},"end":{"line":20,"column":24}},"7":{"start":{"line":27,"column":25},"end":{"line":49,"column":1}},"8":{"start":{"line":28,"column":17},"end":{"line":47,"column":3}},"9":{"start":{"line":30,"column":6},"end":{"line":44,"column":8}},"10":{"start":{"line":34,"column":45},"end":{"line":34,"column":60}},"11":{"start":{"line":41,"column":28},"end":{"line":41,"column":60}},"12":{"start":{"line":48,"column":2},"end":{"line":48,"column":16}},"13":{"start":{"line":51,"column":27},"end":{"line":54,"column":1}},"14":{"start":{"line":52,"column":2},"end":{"line":52,"column":80}},"15":{"start":{"line":52,"column":42},"end":{"line":52,"column":80}},"16":{"start":{"line":53,"column":2},"end":{"line":53,"column":63}},"17":{"start":{"line":57,"column":40},"end":{"line":57,"column":42}},"18":{"start":{"line":59,"column":4},"end":{"line":59,"column":31}},"19":{"start":{"line":63,"column":4},"end":{"line":63,"column":31}},"20":{"start":{"line":67,"column":4},"end":{"line":67,"column":47}},"21":{"start":{"line":71,"column":4},"end":{"line":71,"column":56}},"22":{"start":{"line":75,"column":4},"end":{"line":75,"column":40}},"23":{"start":{"line":76,"column":4},"end":{"line":86,"column":5}},"24":{"start":{"line":77,"column":21},"end":{"line":77,"column":46}},"25":{"start":{"line":78,"column":24},"end":{"line":78,"column":38}},"26":{"start":{"line":79,"column":6},"end":{"line":79,"column":29}},"27":{"start":{"line":79,"column":22},"end":{"line":79,"column":29}},"28":{"start":{"line":80,"column":24},"end":{"line":80,"column":56}},"29":{"start":{"line":81,"column":6},"end":{"line":83,"column":7}},"30":{"start":{"line":82,"column":8},"end":{"line":82,"column":50}},"31":{"start":{"line":84,"column":6},"end":{"line":84,"column":54}},"32":{"start":{"line":84,"column":47},"end":{"line":84,"column":54}},"33":{"start":{"line":85,"column":6},"end":{"line":85,"column":56}},"34":{"start":{"line":90,"column":4},"end":{"line":90,"column":37}},"35":{"start":{"line":90,"column":30},"end":{"line":90,"column":37}},"36":{"start":{"line":91,"column":4},"end":{"line":94,"column":6}},"37":{"start":{"line":98,"column":4},"end":{"line":98,"column":44}},"38":{"start":{"line":98,"column":37},"end":{"line":98,"column":44}},"39":{"start":{"line":99,"column":4},"end":{"line":99,"column":31}},"40":{"start":{"line":103,"column":4},"end":{"line":103,"column":37}},"41":{"start":{"line":103,"column":30},"end":{"line":103,"column":37}},"42":{"start":{"line":104,"column":22},"end":{"line":104,"column":41}},"43":{"start":{"line":105,"column":4},"end":{"line":108,"column":7}},"44":{"start":{"line":106,"column":21},"end":{"line":106,"column":46}},"45":{"start":{"line":107,"column":6},"end":{"line":107,"column":68}},"46":{"start":{"line":107,"column":56},"end":{"line":107,"column":66}},"47":{"start":{"line":112,"column":4},"end":{"line":114,"column":38}},"48":{"start":{"line":113,"column":35},"end":{"line":113,"column":75}},"49":{"start":{"line":114,"column":21},"end":{"line":114,"column":24}},"50":{"start":{"line":118,"column":4},"end":{"line":118,"column":27}}},"fnMap":{"0":{"name":"(anonymous_0)","decl":{"start":{"line":5,"column":33},"end":{"line":5,"column":34}},"loc":{"start":{"line":9,"column":2},"end":{"line":23,"column":3}},"line":9},"1":{"name":"(anonymous_1)","decl":{"start":{"line":15,"column":11},"end":{"line":15,"column":12}},"loc":{"start":{"line":15,"column":19},"end":{"line":19,"column":7}},"line":15},"2":{"name":"(anonymous_2)","decl":{"start":{"line":20,"column":14},"end":{"line":20,"column":15}},"loc":{"start":{"line":20,"column":21},"end":{"line":20,"column":24}},"line":20},"3":{"name":"(anonymous_3)","decl":{"start":{"line":27,"column":25},"end":{"line":27,"column":26}},"loc":{"start":{"line":27,"column":62},"end":{"line":49,"column":1}},"line":27},"4":{"name":"(anonymous_4)","decl":{"start":{"line":29,"column":4},"end":{"line":29,"column":5}},"loc":{"start":{"line":29,"column":73},"end":{"line":45,"column":5}},"line":29},"5":{"name":"(anonymous_5)","decl":{"start":{"line":34,"column":33},"end":{"line":34,"column":34}},"loc":{"start":{"line":34,"column":45},"end":{"line":34,"column":60}},"line":34},"6":{"name":"(anonymous_6)","decl":{"start":{"line":41,"column":10},"end":{"line":41,"column":11}},"loc":{"start":{"line":41,"column":28},"end":{"line":41,"column":60}},"line":41},"7":{"name":"(anonymous_7)","decl":{"start":{"line":51,"column":27},"end":{"line":51,"column":28}},"loc":{"start":{"line":51,"column":66},"end":{"line":54,"column":1}},"line":51},"8":{"name":"(anonymous_8)","decl":{"start":{"line":58,"column":2},"end":{"line":58,"column":3}},"loc":{"start":{"line":58,"column":41},"end":{"line":60,"column":3}},"line":58},"9":{"name":"(anonymous_9)","decl":{"start":{"line":62,"column":2},"end":{"line":62,"column":3}},"loc":{"start":{"line":62,"column":22},"end":{"line":64,"column":3}},"line":62},"10":{"name":"(anonymous_10)","decl":{"start":{"line":66,"column":2},"end":{"line":66,"column":3}},"loc":{"start":{"line":66,"column":26},"end":{"line":68,"column":3}},"line":66},"11":{"name":"(anonymous_11)","decl":{"start":{"line":70,"column":2},"end":{"line":70,"column":3}},"loc":{"start":{"line":70,"column":46},"end":{"line":72,"column":3}},"line":70},"12":{"name":"(anonymous_12)","decl":{"start":{"line":74,"column":2},"end":{"line":74,"column":3}},"loc":{"start":{"line":74,"column":50},"end":{"line":87,"column":3}},"line":74},"13":{"name":"(anonymous_13)","decl":{"start":{"line":89,"column":2},"end":{"line":89,"column":3}},"loc":{"start":{"line":89,"column":47},"end":{"line":95,"column":3}},"line":89},"14":{"name":"(anonymous_14)","decl":{"start":{"line":97,"column":2},"end":{"line":97,"column":3}},"loc":{"start":{"line":97,"column":35},"end":{"line":100,"column":3}},"line":97},"15":{"name":"(anonymous_15)","decl":{"start":{"line":102,"column":2},"end":{"line":102,"column":3}},"loc":{"start":{"line":102,"column":25},"end":{"line":109,"column":3}},"line":102},"16":{"name":"(anonymous_16)","decl":{"start":{"line":105,"column":22},"end":{"line":105,"column":23}},"loc":{"start":{"line":105,"column":36},"end":{"line":108,"column":5}},"line":105},"17":{"name":"(anonymous_17)","decl":{"start":{"line":107,"column":47},"end":{"line":107,"column":48}},"loc":{"start":{"line":107,"column":56},"end":{"line":107,"column":66}},"line":107},"18":{"name":"(anonymous_18)","decl":{"start":{"line":111,"column":2},"end":{"line":111,"column":3}},"loc":{"start":{"line":111,"column":25},"end":{"line":115,"column":3}},"line":111},"19":{"name":"(anonymous_19)","decl":{"start":{"line":113,"column":11},"end":{"line":113,"column":12}},"loc":{"start":{"line":113,"column":35},"end":{"line":113,"column":75}},"line":113},"20":{"name":"(anonymous_20)","decl":{"start":{"line":114,"column":14},"end":{"line":114,"column":15}},"loc":{"start":{"line":114,"column":21},"end":{"line":114,"column":24}},"line":114},"21":{"name":"(anonymous_21)","decl":{"start":{"line":117,"column":2},"end":{"line":117,"column":3}},"loc":{"start":{"line":117,"column":17},"end":{"line":119,"column":3}},"line":117}},"branchMap":{"0":{"loc":{"start":{"line":17,"column":8},"end":{"line":17,"column":28}},"type":"if","locations":[{"start":{"line":17,"column":8},"end":{"line":17,"column":28}},{"start":{},"end":{}}],"line":17},"1":{"loc":{"start":{"line":52,"column":2},"end":{"line":52,"column":80}},"type":"if","locations":[{"start":{"line":52,"column":2},"end":{"line":52,"column":80}},{"start":{},"end":{}}],"line":52},"2":{"loc":{"start":{"line":67,"column":11},"end":{"line":67,"column":46}},"type":"binary-expr","locations":[{"start":{"line":67,"column":11},"end":{"line":67,"column":40}},{"start":{"line":67,"column":44},"end":{"line":67,"column":46}}],"line":67},"3":{"loc":{"start":{"line":76,"column":4},"end":{"line":86,"column":5}},"type":"if","locations":[{"start":{"line":76,"column":4},"end":{"line":86,"column":5}},{"start":{},"end":{}}],"line":76},"4":{"loc":{"start":{"line":79,"column":6},"end":{"line":79,"column":29}},"type":"if","locations":[{"start":{"line":79,"column":6},"end":{"line":79,"column":29}},{"start":{},"end":{}}],"line":79},"5":{"loc":{"start":{"line":81,"column":6},"end":{"line":83,"column":7}},"type":"if","locations":[{"start":{"line":81,"column":6},"end":{"line":83,"column":7}},{"start":{},"end":{}}],"line":81},"6":{"loc":{"start":{"line":84,"column":6},"end":{"line":84,"column":54}},"type":"if","locations":[{"start":{"line":84,"column":6},"end":{"line":84,"column":54}},{"start":{},"end":{}}],"line":84},"7":{"loc":{"start":{"line":90,"column":4},"end":{"line":90,"column":37}},"type":"if","locations":[{"start":{"line":90,"column":4},"end":{"line":90,"column":37}},{"start":{},"end":{}}],"line":90},"8":{"loc":{"start":{"line":98,"column":4},"end":{"line":98,"column":44}},"type":"if","locations":[{"start":{"line":98,"column":4},"end":{"line":98,"column":44}},{"start":{},"end":{}}],"line":98},"9":{"loc":{"start":{"line":103,"column":4},"end":{"line":103,"column":37}},"type":"if","locations":[{"start":{"line":103,"column":4},"end":{"line":103,"column":37}},{"start":{},"end":{}}],"line":103},"10":{"loc":{"start":{"line":113,"column":35},"end":{"line":113,"column":75}},"type":"binary-expr","locations":[{"start":{"line":113,"column":35},"end":{"line":113,"column":63}},{"start":{"line":113,"column":67},"end":{"line":113,"column":75}}],"line":113}},"s":{"0":5,"1":2121,"2":1941,"3":1941,"4":0,"5":1941,"6":1941,"7":5,"8":2599,"9":2599,"10":2378,"11":2378,"12":2599,"13":5,"14":229,"15":49,"16":180,"17":145,"18":145,"19":126,"20":19,"21":19,"22":50,"23":50,"24":50,"25":50,"26":50,"27":0,"28":50,"29":50,"30":4,"31":50,"32":4,"33":46,"34":41,"35":0,"36":41,"37":0,"38":0,"39":0,"40":17,"41":0,"42":17,"43":17,"44":17,"45":17,"46":17,"47":17,"48":191,"49":191,"50":58},"f":{"0":2121,"1":1941,"2":1941,"3":2599,"4":2599,"5":2378,"6":2378,"7":229,"8":145,"9":126,"10":19,"11":19,"12":50,"13":41,"14":0,"15":17,"16":17,"17":17,"18":17,"19":191,"20":191,"21":58},"b":{"0":[0,1941],"1":[49,180],"2":[19,0],"3":[50,0],"4":[0,50],"5":[4,46],"6":[4,46],"7":[0,41],"8":[0,0],"9":[0,17],"10":[191,17]},"_coverageSchema":"1a1c01bbd47fc00a2c39e90264f33305004495a9","hash":"e55358364e0e55aa8907e44a4ef2edaf71a0a192"}
,"C:\\Users\\Kirill\\Documents\\Repos\\aeroaquaponic-monorepo\\misc\\text-game-react\\src\\reduce\\model\\entities\\utils\\types.ts": {"path":"C:\\Users\\Kirill\\Documents\\Repos\\aeroaquaponic-monorepo\\misc\\text-game-react\\src\\reduce\\model\\entities\\utils\\types.ts","statementMap":{},"fnMap":{},"branchMap":{},"s":{},"f":{},"b":{},"_coverageSchema":"1a1c01bbd47fc00a2c39e90264f33305004495a9","hash":"8c1ce4b736181ace37861a78193920fce0d5d7e5"}
,"C:\\Users\\Kirill\\Documents\\Repos\\aeroaquaponic-monorepo\\misc\\text-game-react\\src\\reduce\\model\\entities\\utils\\utils.ts": {"path":"C:\\Users\\Kirill\\Documents\\Repos\\aeroaquaponic-monorepo\\misc\\text-game-react\\src\\reduce\\model\\entities\\utils\\utils.ts","statementMap":{"0":{"start":{"line":6,"column":29},"end":{"line":14,"column":1}},"1":{"start":{"line":9,"column":2},"end":{"line":9,"column":28}},"2":{"start":{"line":9,"column":18},"end":{"line":9,"column":28}},"3":{"start":{"line":10,"column":21},"end":{"line":10,"column":41}},"4":{"start":{"line":11,"column":17},"end":{"line":11,"column":49}},"5":{"start":{"line":12,"column":17},"end":{"line":12,"column":48}},"6":{"start":{"line":13,"column":2},"end":{"line":13,"column":44}}},"fnMap":{"0":{"name":"(anonymous_0)","decl":{"start":{"line":6,"column":29},"end":{"line":6,"column":30}},"loc":{"start":{"line":8,"column":26},"end":{"line":14,"column":1}},"line":8}},"branchMap":{"0":{"loc":{"start":{"line":9,"column":2},"end":{"line":9,"column":28}},"type":"if","locations":[{"start":{"line":9,"column":2},"end":{"line":9,"column":28}},{"start":{},"end":{}}],"line":9}},"s":{"0":5,"1":85,"2":0,"3":85,"4":85,"5":85,"6":85},"f":{"0":85},"b":{"0":[0,85]},"_coverageSchema":"1a1c01bbd47fc00a2c39e90264f33305004495a9","hash":"a0baec111135b1289333b2029c14d9c76dd82047"}
,"C:\\Users\\Kirill\\Documents\\Repos\\aeroaquaponic-monorepo\\misc\\text-game-react\\src\\reduce\\outputs\\index.ts": {"path":"C:\\Users\\Kirill\\Documents\\Repos\\aeroaquaponic-monorepo\\misc\\text-game-react\\src\\reduce\\outputs\\index.ts","statementMap":{},"fnMap":{},"branchMap":{},"s":{},"f":{},"b":{},"_coverageSchema":"1a1c01bbd47fc00a2c39e90264f33305004495a9","hash":"cd0374fc3dc31ed916a0aaaa39c04cc0fea3762c"}
,"C:\\Users\\Kirill\\Documents\\Repos\\aeroaquaponic-monorepo\\misc\\text-game-react\\src\\reduce\\outputs\\outputs.ts": {"path":"C:\\Users\\Kirill\\Documents\\Repos\\aeroaquaponic-monorepo\\misc\\text-game-react\\src\\reduce\\outputs\\outputs.ts","statementMap":{"0":{"start":{"line":12,"column":29},"end":{"line":15,"column":1}},"1":{"start":{"line":17,"column":28},"end":{"line":20,"column":1}},"2":{"start":{"line":22,"column":30},"end":{"line":25,"column":1}},"3":{"start":{"line":27,"column":32},"end":{"line":42,"column":1}},"4":{"start":{"line":27,"column":38},"end":{"line":42,"column":1}},"5":{"start":{"line":44,"column":20},"end":{"line":49,"column":1}},"6":{"start":{"line":51,"column":31},"end":{"line":61,"column":1}},"7":{"start":{"line":63,"column":20},"end":{"line":66,"column":1}}},"fnMap":{"0":{"name":"(anonymous_0)","decl":{"start":{"line":27,"column":32},"end":{"line":27,"column":33}},"loc":{"start":{"line":27,"column":38},"end":{"line":42,"column":1}},"line":27}},"branchMap":{},"s":{"0":5,"1":5,"2":5,"3":5,"4":42,"5":5,"6":5,"7":5},"f":{"0":42},"b":{},"_coverageSchema":"1a1c01bbd47fc00a2c39e90264f33305004495a9","hash":"d77866c81b6fafb884a2d5b50f36ad13d355de5d"}
,"C:\\Users\\Kirill\\Documents\\Repos\\aeroaquaponic-monorepo\\misc\\text-game-react\\src\\reduce\\store\\actions.ts": {"path":"C:\\Users\\Kirill\\Documents\\Repos\\aeroaquaponic-monorepo\\misc\\text-game-react\\src\\reduce\\store\\actions.ts","statementMap":{"0":{"start":{"line":3,"column":29},"end":{"line":3,"column":55}},"1":{"start":{"line":3,"column":43},"end":{"line":3,"column":55}},"2":{"start":{"line":4,"column":31},"end":{"line":4,"column":75}},"3":{"start":{"line":4,"column":58},"end":{"line":4,"column":75}},"4":{"start":{"line":5,"column":30},"end":{"line":5,"column":57}},"5":{"start":{"line":5,"column":44},"end":{"line":5,"column":57}},"6":{"start":{"line":6,"column":32},"end":{"line":6,"column":61}},"7":{"start":{"line":6,"column":46},"end":{"line":6,"column":61}}},"fnMap":{"0":{"name":"(anonymous_0)","decl":{"start":{"line":3,"column":29},"end":{"line":3,"column":30}},"loc":{"start":{"line":3,"column":43},"end":{"line":3,"column":55}},"line":3},"1":{"name":"(anonymous_1)","decl":{"start":{"line":4,"column":31},"end":{"line":4,"column":32}},"loc":{"start":{"line":4,"column":58},"end":{"line":4,"column":75}},"line":4},"2":{"name":"(anonymous_2)","decl":{"start":{"line":5,"column":30},"end":{"line":5,"column":31}},"loc":{"start":{"line":5,"column":44},"end":{"line":5,"column":57}},"line":5},"3":{"name":"(anonymous_3)","decl":{"start":{"line":6,"column":32},"end":{"line":6,"column":33}},"loc":{"start":{"line":6,"column":46},"end":{"line":6,"column":61}},"line":6}},"branchMap":{},"s":{"0":5,"1":42,"2":5,"3":49,"4":5,"5":42,"6":5,"7":17},"f":{"0":42,"1":49,"2":42,"3":17},"b":{},"_coverageSchema":"1a1c01bbd47fc00a2c39e90264f33305004495a9","hash":"8764a4d3c9c85ac3db4cc71ac6290f8b0bd05b90"}
,"C:\\Users\\Kirill\\Documents\\Repos\\aeroaquaponic-monorepo\\misc\\text-game-react\\src\\reduce\\store\\reducer.ts": {"path":"C:\\Users\\Kirill\\Documents\\Repos\\aeroaquaponic-monorepo\\misc\\text-game-react\\src\\reduce\\store\\reducer.ts","statementMap":{"0":{"start":{"line":9,"column":22},"end":{"line":55,"column":1}},"1":{"start":{"line":10,"column":2},"end":{"line":54,"column":5}},"2":{"start":{"line":11,"column":16},"end":{"line":11,"column":29}},"3":{"start":{"line":12,"column":4},"end":{"line":39,"column":5}},"4":{"start":{"line":13,"column":39},"end":{"line":30,"column":7}},"5":{"start":{"line":29,"column":31},"end":{"line":29,"column":67}},"6":{"start":{"line":32,"column":6},"end":{"line":36,"column":9}},"7":{"start":{"line":33,"column":22},"end":{"line":33,"column":41}},"8":{"start":{"line":35,"column":8},"end":{"line":35,"column":47}},"9":{"start":{"line":38,"column":6},"end":{"line":38,"column":13}},"10":{"start":{"line":40,"column":4},"end":{"line":44,"column":5}},"11":{"start":{"line":41,"column":6},"end":{"line":41,"column":37}},"12":{"start":{"line":42,"column":6},"end":{"line":42,"column":31}},"13":{"start":{"line":43,"column":6},"end":{"line":43,"column":29}},"14":{"start":{"line":45,"column":4},"end":{"line":48,"column":5}},"15":{"start":{"line":46,"column":6},"end":{"line":46,"column":29}},"16":{"start":{"line":47,"column":6},"end":{"line":47,"column":13}},"17":{"start":{"line":49,"column":4},"end":{"line":53,"column":5}},"18":{"start":{"line":50,"column":6},"end":{"line":50,"column":37}},"19":{"start":{"line":51,"column":6},"end":{"line":51,"column":20}},"20":{"start":{"line":52,"column":6},"end":{"line":52,"column":29}},"21":{"start":{"line":57,"column":23},"end":{"line":58,"column":64}},"22":{"start":{"line":57,"column":42},"end":{"line":58,"column":64}},"23":{"start":{"line":58,"column":2},"end":{"line":58,"column":64}},"24":{"start":{"line":58,"column":35},"end":{"line":58,"column":56}}},"fnMap":{"0":{"name":"(anonymous_0)","decl":{"start":{"line":9,"column":22},"end":{"line":9,"column":23}},"loc":{"start":{"line":9,"column":64},"end":{"line":55,"column":1}},"line":9},"1":{"name":"(anonymous_1)","decl":{"start":{"line":10,"column":24},"end":{"line":10,"column":25}},"loc":{"start":{"line":10,"column":35},"end":{"line":54,"column":3}},"line":10},"2":{"name":"(anonymous_2)","decl":{"start":{"line":29,"column":17},"end":{"line":29,"column":18}},"loc":{"start":{"line":29,"column":31},"end":{"line":29,"column":67}},"line":29},"3":{"name":"(anonymous_3)","decl":{"start":{"line":32,"column":44},"end":{"line":32,"column":45}},"loc":{"start":{"line":32,"column":53},"end":{"line":36,"column":7}},"line":32},"4":{"name":"(anonymous_4)","decl":{"start":{"line":57,"column":23},"end":{"line":57,"column":24}},"loc":{"start":{"line":57,"column":42},"end":{"line":58,"column":64}},"line":57},"5":{"name":"(anonymous_5)","decl":{"start":{"line":57,"column":42},"end":{"line":57,"column":43}},"loc":{"start":{"line":58,"column":2},"end":{"line":58,"column":64}},"line":58},"6":{"name":"(anonymous_6)","decl":{"start":{"line":58,"column":16},"end":{"line":58,"column":17}},"loc":{"start":{"line":58,"column":35},"end":{"line":58,"column":56}},"line":58}},"branchMap":{"0":{"loc":{"start":{"line":12,"column":4},"end":{"line":39,"column":5}},"type":"if","locations":[{"start":{"line":12,"column":4},"end":{"line":39,"column":5}},{"start":{},"end":{}}],"line":12},"1":{"loc":{"start":{"line":40,"column":4},"end":{"line":44,"column":5}},"type":"if","locations":[{"start":{"line":40,"column":4},"end":{"line":44,"column":5}},{"start":{},"end":{}}],"line":40},"2":{"loc":{"start":{"line":45,"column":4},"end":{"line":48,"column":5}},"type":"if","locations":[{"start":{"line":45,"column":4},"end":{"line":48,"column":5}},{"start":{},"end":{}}],"line":45},"3":{"loc":{"start":{"line":49,"column":4},"end":{"line":53,"column":5}},"type":"if","locations":[{"start":{"line":49,"column":4},"end":{"line":53,"column":5}},{"start":{},"end":{}}],"line":49}},"s":{"0":5,"1":150,"2":150,"3":150,"4":42,"5":462,"6":42,"7":168,"8":168,"9":42,"10":108,"11":42,"12":42,"13":42,"14":108,"15":49,"16":49,"17":59,"18":17,"19":17,"20":17,"21":5,"22":44,"23":44,"24":150},"f":{"0":150,"1":150,"2":462,"3":168,"4":44,"5":44,"6":150},"b":{"0":[42,108],"1":[42,66],"2":[49,59],"3":[17,42]},"_coverageSchema":"1a1c01bbd47fc00a2c39e90264f33305004495a9","hash":"d3859f19bfc427e4b61ad3c599a017d751bd1243"}
,"C:\\Users\\Kirill\\Documents\\Repos\\aeroaquaponic-monorepo\\misc\\text-game-react\\src\\reduce\\store\\selectors.ts": {"path":"C:\\Users\\Kirill\\Documents\\Repos\\aeroaquaponic-monorepo\\misc\\text-game-react\\src\\reduce\\store\\selectors.ts","statementMap":{"0":{"start":{"line":2,"column":28},"end":{"line":2,"column":59}},"1":{"start":{"line":2,"column":47},"end":{"line":2,"column":59}},"2":{"start":{"line":3,"column":27},"end":{"line":3,"column":57}},"3":{"start":{"line":3,"column":46},"end":{"line":3,"column":57}},"4":{"start":{"line":4,"column":29},"end":{"line":4,"column":61}},"5":{"start":{"line":4,"column":48},"end":{"line":4,"column":61}}},"fnMap":{"0":{"name":"(anonymous_0)","decl":{"start":{"line":2,"column":28},"end":{"line":2,"column":29}},"loc":{"start":{"line":2,"column":47},"end":{"line":2,"column":59}},"line":2},"1":{"name":"(anonymous_1)","decl":{"start":{"line":3,"column":27},"end":{"line":3,"column":28}},"loc":{"start":{"line":3,"column":46},"end":{"line":3,"column":57}},"line":3},"2":{"name":"(anonymous_2)","decl":{"start":{"line":4,"column":29},"end":{"line":4,"column":30}},"loc":{"start":{"line":4,"column":48},"end":{"line":4,"column":61}},"line":4}},"branchMap":{},"s":{"0":5,"1":28,"2":5,"3":81,"4":5,"5":2},"f":{"0":28,"1":81,"2":2},"b":{},"_coverageSchema":"1a1c01bbd47fc00a2c39e90264f33305004495a9","hash":"444ae7b683aa32a6fd26644b24ca3f2d52156cb1"}
,"C:\\Users\\Kirill\\Documents\\Repos\\aeroaquaponic-monorepo\\misc\\text-game-react\\src\\reduce\\utils\\TimeHelper.ts": {"path":"C:\\Users\\Kirill\\Documents\\Repos\\aeroaquaponic-monorepo\\misc\\text-game-react\\src\\reduce\\utils\\TimeHelper.ts","statementMap":{"0":{"start":{"line":12,"column":25},"end":{"line":20,"column":10}},"1":{"start":{"line":23,"column":25},"end":{"line":23,"column":30}},"2":{"start":{"line":36,"column":4},"end":{"line":36,"column":44}},"3":{"start":{"line":37,"column":4},"end":{"line":37,"column":46}},"4":{"start":{"line":38,"column":4},"end":{"line":38,"column":42}},"5":{"start":{"line":39,"column":4},"end":{"line":39,"column":44}},"6":{"start":{"line":40,"column":4},"end":{"line":40,"column":48}},"7":{"start":{"line":41,"column":4},"end":{"line":41,"column":48}},"8":{"start":{"line":45,"column":4},"end":{"line":45,"column":36}},"9":{"start":{"line":45,"column":26},"end":{"line":45,"column":36}},"10":{"start":{"line":46,"column":4},"end":{"line":46,"column":46}},"11":{"start":{"line":46,"column":36},"end":{"line":46,"column":46}},"12":{"start":{"line":47,"column":4},"end":{"line":47,"column":14}},"13":{"start":{"line":51,"column":4},"end":{"line":63,"column":5}},"14":{"start":{"line":52,"column":24},"end":{"line":59,"column":7}},"15":{"start":{"line":60,"column":21},"end":{"line":60,"column":58}},"16":{"start":{"line":61,"column":20},"end":{"line":61,"column":36}},"17":{"start":{"line":62,"column":6},"end":{"line":62,"column":23}},"18":{"start":{"line":64,"column":4},"end":{"line":64,"column":41}},"19":{"start":{"line":64,"column":29},"end":{"line":64,"column":41}},"20":{"start":{"line":65,"column":4},"end":{"line":65,"column":17}},"21":{"start":{"line":69,"column":23},"end":{"line":69,"column":38}},"22":{"start":{"line":70,"column":4},"end":{"line":70,"column":29}},"23":{"start":{"line":71,"column":4},"end":{"line":85,"column":5}},"24":{"start":{"line":72,"column":23},"end":{"line":72,"column":71}},"25":{"start":{"line":72,"column":52},"end":{"line":72,"column":70}},"26":{"start":{"line":73,"column":24},"end":{"line":81,"column":7}},"27":{"start":{"line":82,"column":21},"end":{"line":82,"column":58}},"28":{"start":{"line":83,"column":16},"end":{"line":83,"column":73}},"29":{"start":{"line":83,"column":46},"end":{"line":83,"column":60}},"30":{"start":{"line":84,"column":6},"end":{"line":84,"column":26}},"31":{"start":{"line":86,"column":4},"end":{"line":86,"column":22}},"32":{"start":{"line":90,"column":22},"end":{"line":100,"column":5}},"33":{"start":{"line":101,"column":4},"end":{"line":101,"column":44}},"34":{"start":{"line":102,"column":19},"end":{"line":102,"column":56}},"35":{"start":{"line":103,"column":4},"end":{"line":103,"column":37}},"36":{"start":{"line":107,"column":60},"end":{"line":107,"column":64}},"37":{"start":{"line":108,"column":4},"end":{"line":108,"column":59}}},"fnMap":{"0":{"name":"(anonymous_0)","decl":{"start":{"line":25,"column":2},"end":{"line":25,"column":3}},"loc":{"start":{"line":33,"column":4},"end":{"line":33,"column":6}},"line":33},"1":{"name":"(anonymous_1)","decl":{"start":{"line":35,"column":2},"end":{"line":35,"column":3}},"loc":{"start":{"line":35,"column":77},"end":{"line":42,"column":3}},"line":35},"2":{"name":"(anonymous_2)","decl":{"start":{"line":44,"column":2},"end":{"line":44,"column":3}},"loc":{"start":{"line":44,"column":37},"end":{"line":48,"column":3}},"line":44},"3":{"name":"(anonymous_3)","decl":{"start":{"line":50,"column":2},"end":{"line":50,"column":3}},"loc":{"start":{"line":50,"column":58},"end":{"line":66,"column":3}},"line":50},"4":{"name":"(anonymous_4)","decl":{"start":{"line":68,"column":2},"end":{"line":68,"column":3}},"loc":{"start":{"line":68,"column":79},"end":{"line":87,"column":3}},"line":68},"5":{"name":"(anonymous_5)","decl":{"start":{"line":72,"column":43},"end":{"line":72,"column":44}},"loc":{"start":{"line":72,"column":52},"end":{"line":72,"column":70}},"line":72},"6":{"name":"(anonymous_6)","decl":{"start":{"line":83,"column":28},"end":{"line":83,"column":29}},"loc":{"start":{"line":83,"column":46},"end":{"line":83,"column":60}},"line":83},"7":{"name":"(anonymous_7)","decl":{"start":{"line":89,"column":2},"end":{"line":89,"column":3}},"loc":{"start":{"line":89,"column":50},"end":{"line":104,"column":3}},"line":89},"8":{"name":"(anonymous_8)","decl":{"start":{"line":106,"column":2},"end":{"line":106,"column":3}},"loc":{"start":{"line":106,"column":16},"end":{"line":109,"column":3}},"line":106}},"branchMap":{"0":{"loc":{"start":{"line":26,"column":12},"end":{"line":26,"column":31}},"type":"default-arg","locations":[{"start":{"line":26,"column":27},"end":{"line":26,"column":31}}],"line":26},"1":{"loc":{"start":{"line":27,"column":12},"end":{"line":27,"column":29}},"type":"default-arg","locations":[{"start":{"line":27,"column":28},"end":{"line":27,"column":29}}],"line":27},"2":{"loc":{"start":{"line":28,"column":12},"end":{"line":28,"column":27}},"type":"default-arg","locations":[{"start":{"line":28,"column":26},"end":{"line":28,"column":27}}],"line":28},"3":{"loc":{"start":{"line":29,"column":12},"end":{"line":29,"column":28}},"type":"default-arg","locations":[{"start":{"line":29,"column":27},"end":{"line":29,"column":28}}],"line":29},"4":{"loc":{"start":{"line":30,"column":12},"end":{"line":30,"column":30}},"type":"default-arg","locations":[{"start":{"line":30,"column":29},"end":{"line":30,"column":30}}],"line":30},"5":{"loc":{"start":{"line":31,"column":12},"end":{"line":31,"column":30}},"type":"default-arg","locations":[{"start":{"line":31,"column":29},"end":{"line":31,"column":30}}],"line":31},"6":{"loc":{"start":{"line":32,"column":12},"end":{"line":32,"column":52}},"type":"default-arg","locations":[{"start":{"line":32,"column":44},"end":{"line":32,"column":52}}],"line":32},"7":{"loc":{"start":{"line":45,"column":4},"end":{"line":45,"column":36}},"type":"if","locations":[{"start":{"line":45,"column":4},"end":{"line":45,"column":36}},{"start":{},"end":{}}],"line":45},"8":{"loc":{"start":{"line":46,"column":4},"end":{"line":46,"column":46}},"type":"if","locations":[{"start":{"line":46,"column":4},"end":{"line":46,"column":46}},{"start":{},"end":{}}],"line":46},"9":{"loc":{"start":{"line":51,"column":4},"end":{"line":63,"column":5}},"type":"if","locations":[{"start":{"line":51,"column":4},"end":{"line":63,"column":5}},{"start":{},"end":{}}],"line":51},"10":{"loc":{"start":{"line":64,"column":4},"end":{"line":64,"column":41}},"type":"if","locations":[{"start":{"line":64,"column":4},"end":{"line":64,"column":41}},{"start":{},"end":{}}],"line":64},"11":{"loc":{"start":{"line":69,"column":23},"end":{"line":69,"column":38}},"type":"binary-expr","locations":[{"start":{"line":69,"column":23},"end":{"line":69,"column":26}},{"start":{"line":69,"column":30},"end":{"line":69,"column":38}}],"line":69},"12":{"loc":{"start":{"line":71,"column":4},"end":{"line":85,"column":5}},"type":"if","locations":[{"start":{"line":71,"column":4},"end":{"line":85,"column":5}},{"start":{},"end":{}}],"line":71},"13":{"loc":{"start":{"line":83,"column":16},"end":{"line":83,"column":73}},"type":"binary-expr","locations":[{"start":{"line":83,"column":16},"end":{"line":83,"column":68}},{"start":{"line":83,"column":72},"end":{"line":83,"column":73}}],"line":83}},"s":{"0":6,"1":47,"2":52,"3":52,"4":52,"5":52,"6":52,"7":52,"8":66,"9":1,"10":65,"11":6,"12":59,"13":48,"14":41,"15":41,"16":41,"17":41,"18":7,"19":6,"20":1,"21":61,"22":61,"23":61,"24":60,"25":79,"26":60,"27":60,"28":60,"29":240,"30":60,"31":1,"32":52,"33":52,"34":52,"35":52,"36":56,"37":56},"f":{"0":47,"1":52,"2":66,"3":48,"4":61,"5":79,"6":240,"7":52,"8":56},"b":{"0":[6],"1":[6],"2":[6],"3":[6],"4":[6],"5":[6],"6":[6],"7":[1,65],"8":[6,59],"9":[41,7],"10":[6,1],"11":[61,61],"12":[60,1],"13":[60,41]},"_coverageSchema":"1a1c01bbd47fc00a2c39e90264f33305004495a9","hash":"b69d097ea7d6f8e85a54e69d7212e79dc71403d9"}
}
