TN:
SF:src\reduce\index.ts
FNF:0
FNH:0
LF:0
LH:0
BRF:0
BRH:0
end_of_record
TN:
SF:src\reduce\utils.ts
FN:1,(anonymous_0)
FN:2,(anonymous_1)
FN:4,(anonymous_2)
FN:5,(anonymous_3)
FN:6,(anonymous_4)
FN:7,(anonymous_5)
FN:8,(anonymous_6)
FN:9,(anonymous_7)
FN:10,(anonymous_8)
FN:11,(anonymous_9)
FN:12,(anonymous_10)
FN:13,(anonymous_11)
FN:14,(anonymous_12)
FN:16,(anonymous_13)
FN:22,(anonymous_14)
FN:27,(anonymous_15)
FN:30,(anonymous_16)
FN:33,(anonymous_17)
FN:36,(anonymous_18)
FN:47,(anonymous_19)
FN:50,(anonymous_20)
FN:54,(anonymous_21)
FN:59,(anonymous_22)
FN:93,(anonymous_23)
FN:97,(anonymous_24)
FN:98,(anonymous_25)
FNF:26
FNH:21
FNDA:34,(anonymous_0)
FNDA:51,(anonymous_1)
FNDA:57,(anonymous_2)
FNDA:271,(anonymous_3)
FNDA:37,(anonymous_4)
FNDA:95,(anonymous_5)
FNDA:321,(anonymous_6)
FNDA:0,(anonymous_7)
FNDA:124,(anonymous_8)
FNDA:21,(anonymous_9)
FNDA:106,(anonymous_10)
FNDA:26,(anonymous_11)
FNDA:21,(anonymous_12)
FNDA:6712,(anonymous_13)
FNDA:26848,(anonymous_14)
FNDA:154,(anonymous_15)
FNDA:223,(anonymous_16)
FNDA:0,(anonymous_17)
FNDA:0,(anonymous_18)
FNDA:1678,(anonymous_19)
FNDA:6712,(anonymous_20)
FNDA:121,(anonymous_21)
FNDA:520,(anonymous_22)
FNDA:299,(anonymous_23)
FNDA:0,(anonymous_24)
FNDA:0,(anonymous_25)
DA:1,7
DA:2,51
DA:4,7
DA:5,271
DA:6,37
DA:7,95
DA:8,321
DA:9,7
DA:10,124
DA:11,21
DA:12,106
DA:13,7
DA:14,26
DA:16,7
DA:17,6712
DA:20,6712
DA:22,26848
DA:27,7
DA:28,154
DA:30,7
DA:31,223
DA:33,7
DA:34,0
DA:36,7
DA:41,0
DA:42,0
DA:43,0
DA:47,7
DA:48,1678
DA:50,6712
DA:54,7
DA:58,121
DA:59,121
DA:60,520
DA:61,520
DA:62,520
DA:64,520
DA:66,520
DA:67,520
DA:69,519
DA:70,519
DA:72,519
DA:73,464
DA:82,55
DA:93,299
DA:97,7
DA:98,0
LF:47
LH:42
BRDA:2,0,0,51
BRDA:2,0,1,0
BRDA:14,1,0,26
BRDA:14,1,1,10
BRDA:22,2,0,26848
BRDA:22,2,1,796
BRDA:34,3,0,0
BRDA:34,3,1,0
BRDA:42,4,0,0
BRDA:42,4,1,0
BRDA:43,5,0,0
BRDA:43,5,1,0
BRDA:47,6,0,1678
BRDA:47,7,0,1678
BRDA:50,8,0,6712
BRDA:50,8,1,5034
BRDA:60,9,0,0
BRDA:61,10,0,120
BRDA:61,10,1,400
BRDA:67,11,0,1
BRDA:67,11,1,519
BRDA:72,12,0,464
BRDA:72,12,1,55
BRDA:89,13,0,55
BRDA:89,13,1,43
BRDA:90,14,0,55
BRDA:90,14,1,35
BRF:27
BRH:19
end_of_record
TN:
SF:src\reduce\model\cli.ts
FN:22,(anonymous_0)
FN:29,(anonymous_1)
FN:33,(anonymous_2)
FN:46,(anonymous_3)
FN:50,(anonymous_4)
FN:54,(anonymous_5)
FN:58,(anonymous_6)
FN:70,(anonymous_7)
FN:120,(anonymous_8)
FN:149,(anonymous_9)
FN:161,(anonymous_10)
FN:164,(anonymous_11)
FN:171,(anonymous_12)
FNF:13
FNH:13
FNDA:5,(anonymous_0)
FNDA:30,(anonymous_1)
FNDA:184,(anonymous_2)
FNDA:54,(anonymous_3)
FNDA:160,(anonymous_4)
FNDA:32,(anonymous_5)
FNDA:25,(anonymous_6)
FNDA:30,(anonymous_7)
FNDA:34,(anonymous_8)
FNDA:64,(anonymous_9)
FNDA:48,(anonymous_10)
FNDA:192,(anonymous_11)
FNDA:137,(anonymous_12)
DA:15,5
DA:16,5
DA:17,5
DA:19,5
DA:20,5
DA:23,5
DA:24,5
DA:25,5
DA:26,5
DA:30,30
DA:34,184
DA:35,184
DA:36,184
DA:37,184
DA:47,54
DA:51,160
DA:55,32
DA:59,25
DA:60,25
DA:61,25
DA:62,25
DA:63,25
DA:64,25
DA:65,25
DA:66,25
DA:67,25
DA:73,30
DA:74,30
DA:75,30
DA:76,30
DA:77,30
DA:78,30
DA:79,30
DA:85,30
DA:86,30
DA:94,30
DA:95,30
DA:96,30
DA:97,30
DA:98,30
DA:99,30
DA:100,30
DA:112,30
DA:113,30
DA:117,30
DA:121,34
DA:122,34
DA:123,34
DA:124,34
DA:125,34
DA:126,2
DA:127,2
DA:129,32
DA:130,32
DA:131,32
DA:132,32
DA:133,2
DA:134,2
DA:136,30
DA:137,30
DA:138,30
DA:139,30
DA:140,30
DA:141,30
DA:144,30
DA:145,30
DA:146,30
DA:149,5
DA:154,64
DA:161,5
DA:162,48
DA:164,192
DA:171,5
DA:172,137
DA:173,5
DA:175,137
DA:176,137
LF:77
LH:77
BRDA:34,0,0,184
BRDA:34,0,1,137
BRDA:35,1,0,184
BRDA:35,1,1,45
BRDA:36,2,0,184
BRDA:36,2,1,100
BRDA:37,3,0,184
BRDA:37,3,1,184
BRDA:59,4,0,0
BRDA:59,4,1,25
BRDA:64,5,0,11
BRDA:64,5,1,14
BRDA:71,6,0,30
BRDA:75,7,0,30
BRDA:75,7,1,0
BRDA:79,8,0,30
BRDA:79,8,1,0
BRDA:79,9,0,30
BRDA:79,9,1,30
BRDA:98,10,0,30
BRDA:98,10,1,0
BRDA:98,11,0,30
BRDA:98,11,1,30
BRDA:121,12,0,0
BRDA:121,12,1,34
BRDA:125,13,0,2
BRDA:125,13,1,32
BRDA:132,14,0,2
BRDA:132,14,1,30
BRDA:136,15,0,21
BRDA:136,15,1,9
BRDA:141,16,0,0
BRDA:141,16,1,30
BRDA:158,17,0,64
BRDA:158,17,1,0
BRDA:172,18,0,5
BRDA:172,18,1,132
BRF:37
BRH:30
end_of_record
TN:
SF:src\reduce\model\global.ts
FN:15,(anonymous_0)
FN:31,(anonymous_1)
FN:37,(anonymous_2)
FN:43,(anonymous_3)
FN:54,(anonymous_4)
FN:58,(anonymous_5)
FN:65,(anonymous_6)
FNF:7
FNH:5
FNDA:1855,(anonymous_0)
FNDA:30,(anonymous_1)
FNDA:0,(anonymous_2)
FNDA:3872,(anonymous_3)
FNDA:0,(anonymous_4)
FNDA:127,(anonymous_5)
FNDA:194,(anonymous_6)
DA:8,1855
DA:9,1855
DA:10,1855
DA:11,1855
DA:12,1855
DA:13,1855
DA:24,1855
DA:25,1855
DA:26,1855
DA:27,1855
DA:28,1855
DA:29,1855
DA:30,1855
DA:31,1404
DA:32,30
DA:38,0
DA:44,3872
DA:55,0
DA:59,127
DA:65,5
DA:70,194
LF:21
LH:19
BRDA:28,0,0,1855
BRDA:28,0,1,42
BRDA:29,1,0,1855
BRDA:29,1,1,42
BRDA:30,2,0,1404
BRDA:30,2,1,451
BRF:6
BRH:6
end_of_record
TN:
SF:src\reduce\model\parser.ts
FN:16,(anonymous_0)
FN:20,(anonymous_1)
FN:25,(anonymous_2)
FN:27,(anonymous_3)
FN:30,(anonymous_4)
FN:34,(anonymous_5)
FN:40,(anonymous_6)
FN:50,(anonymous_7)
FN:53,(anonymous_8)
FN:61,(anonymous_9)
FNF:10
FNH:10
FNDA:63,(anonymous_0)
FNDA:61,(anonymous_1)
FNDA:25,(anonymous_2)
FNDA:18,(anonymous_3)
FNDA:85,(anonymous_4)
FNDA:21,(anonymous_5)
FNDA:78,(anonymous_6)
FNDA:61,(anonymous_7)
FNDA:96,(anonymous_8)
FNDA:377,(anonymous_9)
DA:13,63
DA:17,63
DA:21,61
DA:22,61
DA:26,25
DA:27,25
DA:28,25
DA:30,25
DA:31,85
DA:34,21
DA:39,25
DA:40,78
DA:43,25
DA:47,25
DA:51,61
DA:53,96
DA:55,61
DA:56,61
DA:57,61
DA:59,61
DA:60,84
DA:61,84
DA:62,377
DA:66,84
DA:67,84
DA:68,12
DA:70,72
DA:71,72
DA:72,72
DA:75,49
LF:30
LH:30
BRDA:26,0,0,25
BRDA:26,0,1,10
BRDA:39,1,0,18
BRDA:39,1,1,7
BRDA:50,2,0,29
BRDA:51,3,0,0
BRDA:51,3,1,61
BRDA:62,4,0,223
BRDA:62,4,1,154
BRDA:67,5,0,12
BRDA:67,5,1,72
BRDA:67,6,0,84
BRDA:67,6,1,72
BRF:13
BRH:12
end_of_record
TN:
SF:src\reduce\model\entities\entities.ts
FN:7,(anonymous_0)
FNF:1
FNH:1
FNDA:495,(anonymous_0)
DA:7,5
DA:8,495
DA:9,5
DA:133,495
LF:4
LH:4
BRDA:8,0,0,5
BRDA:8,0,1,490
BRF:2
BRH:2
end_of_record
TN:
SF:src\reduce\model\entities\index.ts
FN:24,(anonymous_0)
FN:34,(anonymous_1)
FN:39,(anonymous_2)
FN:46,(anonymous_3)
FN:48,(anonymous_4)
FN:53,(anonymous_5)
FN:60,(anonymous_6)
FN:70,(anonymous_7)
FNF:8
FNH:8
FNDA:1813,(anonymous_0)
FNDA:1661,(anonymous_1)
FNDA:1661,(anonymous_2)
FNDA:1724,(anonymous_3)
FNDA:1724,(anonymous_4)
FNDA:1579,(anonymous_5)
FNDA:1579,(anonymous_6)
FNDA:194,(anonymous_7)
DA:24,5
DA:28,1813
DA:35,1661
DA:36,1661
DA:37,1661
DA:39,1661
DA:46,5
DA:47,1724
DA:49,1724
DA:53,1579
DA:60,1579
DA:67,1724
DA:70,5
DA:71,194
DA:72,152
LF:15
LH:15
BRDA:36,0,0,0
BRDA:36,0,1,1661
BRDA:71,1,0,42
BRDA:71,1,1,152
BRF:4
BRH:3
end_of_record
TN:
SF:src\reduce\model\entities\interactions.ts
FN:17,(anonymous_0)
FN:37,(anonymous_1)
FN:40,(anonymous_2)
FN:50,(anonymous_3)
FN:53,(anonymous_4)
FN:68,(anonymous_5)
FN:78,(anonymous_6)
FN:84,(anonymous_7)
FN:87,(anonymous_8)
FN:98,(anonymous_9)
FN:102,(anonymous_10)
FNF:11
FNH:7
FNDA:1,(anonymous_0)
FNDA:1,(anonymous_1)
FNDA:2,(anonymous_2)
FNDA:6,(anonymous_3)
FNDA:6,(anonymous_4)
FNDA:0,(anonymous_5)
FNDA:0,(anonymous_6)
FNDA:0,(anonymous_7)
FNDA:0,(anonymous_8)
FNDA:1821,(anonymous_9)
FNDA:1813,(anonymous_10)
DA:16,5
DA:18,1
DA:38,1
DA:39,1
DA:40,2
DA:43,1
DA:48,1
DA:51,6
DA:52,6
DA:53,6
DA:55,6
DA:60,6
DA:61,6
DA:69,0
DA:80,0
DA:82,0
DA:85,0
DA:88,0
DA:92,0
DA:98,5
DA:99,1821
DA:102,5
DA:103,1813
DA:104,1813
LF:24
LH:18
BRDA:43,0,0,1
BRDA:43,0,1,0
BRDA:60,1,0,6
BRDA:60,1,1,0
BRDA:80,2,0,0
BRDA:80,2,1,0
BRF:6
BRH:2
end_of_record
TN:
SF:src\reduce\model\entities\serialized.ts
FN:7,(anonymous_0)
FN:11,(anonymous_1)
FN:15,(anonymous_2)
FN:19,(anonymous_3)
FN:23,(anonymous_4)
FN:38,(anonymous_5)
FN:46,(anonymous_6)
FN:51,(anonymous_7)
FN:54,(anonymous_8)
FN:56,(anonymous_9)
FN:60,(anonymous_10)
FN:62,(anonymous_11)
FN:63,(anonymous_12)
FN:66,(anonymous_13)
FNF:14
FNH:13
FNDA:80,(anonymous_0)
FNDA:62,(anonymous_1)
FNDA:18,(anonymous_2)
FNDA:18,(anonymous_3)
FNDA:50,(anonymous_4)
FNDA:30,(anonymous_5)
FNDA:0,(anonymous_6)
FNDA:17,(anonymous_7)
FNDA:17,(anonymous_8)
FNDA:17,(anonymous_9)
FNDA:17,(anonymous_10)
FNDA:191,(anonymous_11)
FNDA:191,(anonymous_12)
FNDA:47,(anonymous_13)
DA:6,80
DA:8,80
DA:12,62
DA:16,18
DA:20,18
DA:24,50
DA:25,50
DA:26,50
DA:27,50
DA:28,50
DA:29,50
DA:30,50
DA:31,4
DA:33,50
DA:34,46
DA:39,30
DA:40,30
DA:47,0
DA:48,0
DA:52,17
DA:53,17
DA:54,17
DA:55,17
DA:56,17
DA:61,17
DA:62,191
DA:63,191
DA:67,47
LF:28
LH:26
BRDA:16,0,0,18
BRDA:16,0,1,0
BRDA:25,1,0,50
BRDA:25,1,1,0
BRDA:28,2,0,0
BRDA:28,2,1,50
BRDA:30,3,0,4
BRDA:30,3,1,46
BRDA:33,4,0,4
BRDA:33,4,1,46
BRDA:39,5,0,0
BRDA:39,5,1,30
BRDA:47,6,0,0
BRDA:47,6,1,0
BRDA:52,7,0,0
BRDA:52,7,1,17
BRDA:62,8,0,191
BRDA:62,8,1,17
BRF:18
BRH:11
end_of_record
TN:
SF:src\reduce\model\entities\status.ts
FN:60,(anonymous_0)
FN:72,(anonymous_1)
FNF:2
FNH:2
FNDA:2,(anonymous_0)
FNDA:5,(anonymous_1)
DA:60,5
DA:61,2
DA:62,2
DA:66,2
DA:67,2
DA:72,5
DA:73,5
LF:7
LH:7
BRDA:62,0,0,0
BRDA:62,0,1,2
BRF:2
BRH:1
end_of_record
TN:
SF:src\reduce\model\entities\types.ts
FNF:0
FNH:0
LF:0
LH:0
BRF:0
BRH:0
end_of_record
TN:
SF:src\reduce\model\entities\utils.ts
FN:7,(anonymous_0)
FNF:1
FNH:1
FNDA:32,(anonymous_0)
DA:7,5
DA:10,32
DA:11,32
DA:12,32
DA:13,32
DA:14,32
LF:6
LH:6
BRDA:10,0,0,0
BRDA:10,0,1,32
BRF:2
BRH:1
end_of_record
TN:
SF:src\reduce\model\entities\interactions\quest001.ts
FN:16,(anonymous_0)
FN:27,(anonymous_1)
FN:29,(anonymous_2)
FN:67,(anonymous_3)
FN:103,(anonymous_4)
FN:120,(anonymous_5)
FN:133,(anonymous_6)
FN:166,(anonymous_7)
FN:171,(anonymous_8)
FN:175,(anonymous_9)
FN:188,(anonymous_10)
FNF:11
FNH:7
FNDA:0,(anonymous_0)
FNDA:10,(anonymous_1)
FNDA:14,(anonymous_2)
FNDA:4,(anonymous_3)
FNDA:1,(anonymous_4)
FNDA:1,(anonymous_5)
FNDA:8,(anonymous_6)
FNDA:8,(anonymous_7)
FNDA:0,(anonymous_8)
FNDA:0,(anonymous_9)
FNDA:0,(anonymous_10)
DA:16,5
DA:17,0
DA:18,0
DA:19,0
DA:20,0
DA:24,0
DA:27,5
DA:28,10
DA:30,14
DA:31,14
DA:32,14
DA:33,14
DA:37,14
DA:38,13
DA:41,13
DA:45,13
DA:46,13
DA:47,13
DA:58,1
DA:68,4
DA:69,4
DA:70,4
DA:71,4
DA:75,4
DA:90,4
DA:104,1
DA:121,1
DA:127,4
DA:128,4
DA:129,4
DA:133,4
DA:134,8
DA:135,8
DA:146,8
DA:157,8
DA:159,4
DA:160,4
DA:162,4
DA:167,8
DA:172,0
DA:173,0
DA:174,0
DA:175,0
DA:177,0
DA:178,0
DA:182,0
DA:183,0
DA:188,0
LF:48
LH:34
BRDA:17,0,0,0
BRDA:17,0,1,0
BRDA:30,1,0,0
BRDA:30,1,1,14
BRDA:37,2,0,13
BRDA:37,2,1,1
BRDA:68,3,0,0
BRDA:68,3,1,4
BRDA:127,4,0,4
BRDA:127,4,1,0
BRDA:177,5,0,0
BRDA:177,5,1,0
BRDA:182,6,0,0
BRDA:182,6,1,0
BRDA:187,7,0,0
BRDA:187,7,1,0
BRF:16
BRH:5
end_of_record
TN:
SF:src\reduce\model\entities\interactions\status.ts
FN:6,(anonymous_0)
FN:42,(anonymous_1)
FN:47,(anonymous_2)
FNF:3
FNH:3
FNDA:2,(anonymous_0)
FNDA:6,(anonymous_1)
FNDA:2,(anonymous_2)
DA:6,5
DA:31,2
DA:32,2
DA:42,6
DA:47,2
LF:5
LH:5
BRDA:57,0,0,2
BRDA:57,0,1,0
BRF:2
BRH:1
end_of_record
TN:
SF:src\reduce\outputs\index.ts
FNF:0
FNH:0
LF:0
LH:0
BRF:0
BRH:0
end_of_record
TN:
SF:src\reduce\outputs\outputs.ts
FN:27,(anonymous_0)
FNF:1
FNH:1
FNDA:37,(anonymous_0)
DA:12,5
DA:17,5
DA:22,5
DA:27,37
DA:44,5
DA:51,5
DA:63,5
LF:7
LH:7
BRF:0
BRH:0
end_of_record
TN:
SF:src\reduce\store\actions.ts
FN:3,(anonymous_0)
FN:4,(anonymous_1)
FN:5,(anonymous_2)
FN:6,(anonymous_3)
FNF:4
FNH:4
FNDA:37,(anonymous_0)
FNDA:41,(anonymous_1)
FNDA:34,(anonymous_2)
FNDA:14,(anonymous_3)
DA:3,37
DA:4,41
DA:5,34
DA:6,14
LF:4
LH:4
BRF:0
BRH:0
end_of_record
TN:
SF:src\reduce\store\reducer.ts
FN:9,(anonymous_0)
FN:10,(anonymous_1)
FN:29,(anonymous_2)
FN:32,(anonymous_3)
FN:57,(anonymous_4)
FN:57,(anonymous_5)
FN:58,(anonymous_6)
FNF:7
FNH:7
FNDA:126,(anonymous_0)
FNDA:126,(anonymous_1)
FNDA:407,(anonymous_2)
FNDA:148,(anonymous_3)
FNDA:37,(anonymous_4)
FNDA:37,(anonymous_5)
FNDA:126,(anonymous_6)
DA:9,5
DA:10,126
DA:11,126
DA:12,126
DA:13,37
DA:29,407
DA:32,37
DA:33,148
DA:35,148
DA:38,37
DA:40,89
DA:41,34
DA:42,34
DA:43,34
DA:45,89
DA:46,41
DA:47,41
DA:49,48
DA:50,14
DA:51,14
DA:52,14
DA:57,37
DA:58,126
LF:23
LH:23
BRDA:12,0,0,37
BRDA:12,0,1,89
BRDA:40,1,0,34
BRDA:40,1,1,55
BRDA:45,2,0,41
BRDA:45,2,1,48
BRDA:49,3,0,14
BRDA:49,3,1,34
BRF:8
BRH:8
end_of_record
TN:
SF:src\reduce\store\selectors.ts
FN:2,(anonymous_0)
FN:3,(anonymous_1)
FN:4,(anonymous_2)
FNF:3
FNH:3
FNDA:21,(anonymous_0)
FNDA:67,(anonymous_1)
FNDA:2,(anonymous_2)
DA:2,21
DA:3,67
DA:4,5
LF:3
LH:3
BRF:0
BRH:0
end_of_record
TN:
SF:src\reduce\utils\TimeHelper.ts
FN:25,(anonymous_0)
FN:35,(anonymous_1)
FN:44,(anonymous_2)
FN:50,(anonymous_3)
FN:68,(anonymous_4)
FN:81,(anonymous_5)
FN:87,(anonymous_6)
FN:104,(anonymous_7)
FNF:8
FNH:8
FNDA:35,(anonymous_0)
FNDA:38,(anonymous_1)
FNDA:52,(anonymous_2)
FNDA:37,(anonymous_3)
FNDA:47,(anonymous_4)
FNDA:184,(anonymous_5)
FNDA:38,(anonymous_6)
FNDA:41,(anonymous_7)
DA:12,6
DA:23,35
DA:36,38
DA:37,38
DA:38,38
DA:39,38
DA:40,38
DA:41,38
DA:45,52
DA:46,51
DA:47,45
DA:51,37
DA:52,34
DA:60,34
DA:61,34
DA:62,34
DA:64,3
DA:65,1
DA:69,47
DA:70,47
DA:71,46
DA:80,46
DA:81,184
DA:82,46
DA:84,1
DA:88,38
DA:99,38
DA:100,38
DA:101,38
DA:105,41
DA:106,41
LF:31
LH:31
BRDA:26,0,0,5
BRDA:27,1,0,5
BRDA:28,2,0,5
BRDA:29,3,0,5
BRDA:30,4,0,5
BRDA:31,5,0,5
BRDA:32,6,0,35
BRDA:37,7,0,38
BRDA:37,7,1,38
BRDA:38,8,0,38
BRDA:38,8,1,35
BRDA:39,9,0,38
BRDA:39,9,1,3
BRDA:40,10,0,38
BRDA:40,10,1,5
BRDA:41,11,0,38
BRDA:41,11,1,6
BRDA:45,12,0,1
BRDA:45,12,1,51
BRDA:46,13,0,6
BRDA:46,13,1,45
BRDA:51,14,0,34
BRDA:51,14,1,3
BRDA:64,15,0,2
BRDA:64,15,1,1
BRDA:70,16,0,46
BRDA:70,16,1,1
BRDA:81,17,0,46
BRDA:81,17,1,36
BRF:29
BRH:29
end_of_record
