TN:
SF:src\reduce\index.ts
FNF:0
FNH:0
LF:0
LH:0
BRF:0
BRH:0
end_of_record
TN:
SF:src\reduce\utils.ts
FN:1,(anonymous_0)
FN:2,(anonymous_1)
FN:4,(anonymous_2)
FN:5,(anonymous_3)
FN:6,(anonymous_4)
FN:7,(anonymous_5)
FN:8,(anonymous_6)
FN:9,(anonymous_7)
FN:10,(anonymous_8)
FN:11,(anonymous_9)
FN:12,(anonymous_10)
FN:13,(anonymous_11)
FN:14,(anonymous_12)
FN:16,(anonymous_13)
FN:22,(anonymous_14)
FN:27,(anonymous_15)
FN:30,(anonymous_16)
FN:33,(anonymous_17)
FN:36,(anonymous_18)
FN:47,(anonymous_19)
FN:50,(anonymous_20)
FN:54,(anonymous_21)
FN:59,(anonymous_22)
FN:93,(anonymous_23)
FN:97,(anonymous_24)
FN:98,(anonymous_25)
FNF:26
FNH:21
FNDA:34,(anonymous_0)
FNDA:51,(anonymous_1)
FNDA:59,(anonymous_2)
FNDA:281,(anonymous_3)
FNDA:43,(anonymous_4)
FNDA:101,(anonymous_5)
FNDA:335,(anonymous_6)
FNDA:0,(anonymous_7)
FNDA:126,(anonymous_8)
FNDA:21,(anonymous_9)
FNDA:106,(anonymous_10)
FNDA:26,(anonymous_11)
FNDA:21,(anonymous_12)
FNDA:7424,(anonymous_13)
FNDA:29696,(anonymous_14)
FNDA:154,(anonymous_15)
FNDA:247,(anonymous_16)
FNDA:0,(anonymous_17)
FNDA:0,(anonymous_18)
FNDA:1856,(anonymous_19)
FNDA:7424,(anonymous_20)
FNDA:147,(anonymous_21)
FNDA:642,(anonymous_22)
FNDA:301,(anonymous_23)
FNDA:0,(anonymous_24)
FNDA:0,(anonymous_25)
DA:1,7
DA:2,51
DA:4,7
DA:5,281
DA:6,43
DA:7,101
DA:8,335
DA:9,7
DA:10,126
DA:11,21
DA:12,106
DA:13,7
DA:14,26
DA:16,7
DA:17,7424
DA:20,7424
DA:22,29696
DA:27,7
DA:28,154
DA:30,7
DA:31,247
DA:33,7
DA:34,0
DA:36,7
DA:41,0
DA:42,0
DA:43,0
DA:47,7
DA:48,1856
DA:50,7424
DA:54,7
DA:58,147
DA:59,147
DA:60,642
DA:61,642
DA:62,642
DA:64,642
DA:66,642
DA:67,642
DA:69,641
DA:70,641
DA:72,641
DA:73,587
DA:82,54
DA:93,301
DA:97,7
DA:98,0
LF:47
LH:42
BRDA:2,0,0,51
BRDA:2,0,1,0
BRDA:14,1,0,26
BRDA:14,1,1,10
BRDA:22,2,0,29696
BRDA:22,2,1,814
BRDA:34,3,0,0
BRDA:34,3,1,0
BRDA:42,4,0,0
BRDA:42,4,1,0
BRDA:43,5,0,0
BRDA:43,5,1,0
BRDA:47,6,0,1856
BRDA:47,7,0,1856
BRDA:50,8,0,7424
BRDA:50,8,1,5568
BRDA:60,9,0,0
BRDA:61,10,0,146
BRDA:61,10,1,496
BRDA:67,11,0,1
BRDA:67,11,1,641
BRDA:72,12,0,587
BRDA:72,12,1,54
BRDA:89,13,0,54
BRDA:89,13,1,42
BRDA:90,14,0,54
BRDA:90,14,1,33
BRF:27
BRH:19
end_of_record
TN:
SF:src\reduce\model\cli.ts
FN:22,(anonymous_0)
FN:29,(anonymous_1)
FN:33,(anonymous_2)
FN:46,(anonymous_3)
FN:50,(anonymous_4)
FN:54,(anonymous_5)
FN:58,(anonymous_6)
FN:70,(anonymous_7)
FN:122,(anonymous_8)
FN:153,(anonymous_9)
FN:165,(anonymous_10)
FN:168,(anonymous_11)
FN:175,(anonymous_12)
FNF:13
FNH:13
FNDA:5,(anonymous_0)
FNDA:38,(anonymous_1)
FNDA:202,(anonymous_2)
FNDA:58,(anonymous_3)
FNDA:268,(anonymous_4)
FNDA:35,(anonymous_5)
FNDA:25,(anonymous_6)
FNDA:38,(anonymous_7)
FNDA:38,(anonymous_8)
FNDA:68,(anonymous_9)
FNDA:52,(anonymous_10)
FNDA:208,(anonymous_11)
FNDA:147,(anonymous_12)
DA:15,5
DA:16,5
DA:17,5
DA:19,5
DA:20,5
DA:23,5
DA:24,5
DA:25,5
DA:26,5
DA:30,38
DA:34,202
DA:35,202
DA:36,202
DA:37,202
DA:47,58
DA:51,268
DA:55,35
DA:59,25
DA:60,25
DA:61,25
DA:62,25
DA:63,25
DA:64,25
DA:65,25
DA:66,25
DA:67,25
DA:73,38
DA:74,38
DA:75,38
DA:76,38
DA:77,38
DA:78,38
DA:79,38
DA:86,38
DA:87,38
DA:96,38
DA:97,38
DA:98,38
DA:99,38
DA:100,38
DA:101,38
DA:102,38
DA:114,38
DA:115,38
DA:119,38
DA:123,38
DA:124,38
DA:125,38
DA:126,38
DA:127,38
DA:128,2
DA:129,2
DA:131,36
DA:132,36
DA:133,36
DA:134,36
DA:135,2
DA:136,2
DA:138,34
DA:139,34
DA:140,34
DA:141,34
DA:142,34
DA:143,34
DA:145,34
DA:148,34
DA:149,34
DA:150,34
DA:153,5
DA:158,68
DA:165,5
DA:166,52
DA:168,208
DA:175,5
DA:176,147
DA:177,5
DA:179,147
DA:180,147
LF:78
LH:78
BRDA:34,0,0,202
BRDA:34,0,1,147
BRDA:35,1,0,202
BRDA:35,1,1,49
BRDA:36,2,0,202
BRDA:36,2,1,108
BRDA:37,3,0,202
BRDA:37,3,1,202
BRDA:59,4,0,0
BRDA:59,4,1,25
BRDA:64,5,0,11
BRDA:64,5,1,14
BRDA:71,6,0,34
BRDA:75,7,0,38
BRDA:75,7,1,0
BRDA:79,8,0,38
BRDA:79,8,1,0
BRDA:79,9,0,38
BRDA:79,9,1,38
BRDA:100,10,0,38
BRDA:100,10,1,0
BRDA:100,11,0,38
BRDA:100,11,1,38
BRDA:123,12,0,0
BRDA:123,12,1,38
BRDA:127,13,0,2
BRDA:127,13,1,36
BRDA:134,14,0,2
BRDA:134,14,1,34
BRDA:138,15,0,24
BRDA:138,15,1,10
BRDA:145,16,0,4
BRDA:145,16,1,30
BRDA:162,17,0,68
BRDA:162,17,1,0
BRDA:176,18,0,5
BRDA:176,18,1,142
BRF:37
BRH:31
end_of_record
TN:
SF:src\reduce\model\global.ts
FN:15,(anonymous_0)
FN:31,(anonymous_1)
FN:37,(anonymous_2)
FN:43,(anonymous_3)
FN:54,(anonymous_4)
FN:58,(anonymous_5)
FN:65,(anonymous_6)
FNF:7
FNH:5
FNDA:2033,(anonymous_0)
FNDA:34,(anonymous_1)
FNDA:0,(anonymous_2)
FNDA:5212,(anonymous_3)
FNDA:0,(anonymous_4)
FNDA:131,(anonymous_5)
FNDA:212,(anonymous_6)
DA:8,2033
DA:9,2033
DA:10,2033
DA:11,2033
DA:12,2033
DA:13,2033
DA:24,2033
DA:25,2033
DA:26,2033
DA:27,2033
DA:28,2033
DA:29,2033
DA:30,2033
DA:31,1548
DA:32,34
DA:38,0
DA:44,5212
DA:55,0
DA:59,131
DA:65,5
DA:70,212
LF:21
LH:19
BRDA:28,0,0,2033
BRDA:28,0,1,44
BRDA:29,1,0,2033
BRDA:29,1,1,44
BRDA:30,2,0,1548
BRDA:30,2,1,485
BRF:6
BRH:6
end_of_record
TN:
SF:src\reduce\model\parser.ts
FN:16,(anonymous_0)
FN:20,(anonymous_1)
FN:25,(anonymous_2)
FN:27,(anonymous_3)
FN:30,(anonymous_4)
FN:34,(anonymous_5)
FN:40,(anonymous_6)
FN:50,(anonymous_7)
FN:53,(anonymous_8)
FN:61,(anonymous_9)
FNF:10
FNH:10
FNDA:67,(anonymous_0)
FNDA:65,(anonymous_1)
FNDA:25,(anonymous_2)
FNDA:18,(anonymous_3)
FNDA:85,(anonymous_4)
FNDA:21,(anonymous_5)
FNDA:78,(anonymous_6)
FNDA:65,(anonymous_7)
FNDA:100,(anonymous_8)
FNDA:401,(anonymous_9)
DA:13,67
DA:17,67
DA:21,65
DA:22,65
DA:26,25
DA:27,25
DA:28,25
DA:30,25
DA:31,85
DA:34,21
DA:39,25
DA:40,78
DA:43,25
DA:47,25
DA:51,65
DA:53,100
DA:55,65
DA:56,65
DA:57,65
DA:59,65
DA:60,88
DA:61,88
DA:62,401
DA:66,88
DA:67,88
DA:68,12
DA:70,76
DA:71,76
DA:72,76
DA:75,53
LF:30
LH:30
BRDA:26,0,0,25
BRDA:26,0,1,10
BRDA:39,1,0,18
BRDA:39,1,1,7
BRDA:50,2,0,29
BRDA:51,3,0,0
BRDA:51,3,1,65
BRDA:62,4,0,247
BRDA:62,4,1,154
BRDA:67,5,0,12
BRDA:67,5,1,76
BRDA:67,6,0,88
BRDA:67,6,1,76
BRF:13
BRH:12
end_of_record
TN:
SF:src\reduce\model\entities\entities.ts
FN:7,(anonymous_0)
FNF:1
FNH:1
FNDA:517,(anonymous_0)
DA:7,5
DA:8,517
DA:9,5
DA:133,517
LF:4
LH:4
BRDA:8,0,0,5
BRDA:8,0,1,512
BRF:2
BRH:2
end_of_record
TN:
SF:src\reduce\model\entities\index.ts
FN:24,(anonymous_0)
FN:34,(anonymous_1)
FN:39,(anonymous_2)
FN:46,(anonymous_3)
FN:48,(anonymous_4)
FN:53,(anonymous_5)
FN:60,(anonymous_6)
FN:70,(anonymous_7)
FNF:8
FNH:8
FNDA:1989,(anonymous_0)
FNDA:1821,(anonymous_1)
FNDA:1821,(anonymous_2)
FNDA:2411,(anonymous_3)
FNDA:2411,(anonymous_4)
FNDA:2208,(anonymous_5)
FNDA:2208,(anonymous_6)
FNDA:212,(anonymous_7)
DA:24,5
DA:28,1989
DA:35,1821
DA:36,1821
DA:37,1821
DA:39,1821
DA:46,5
DA:47,2411
DA:49,2411
DA:53,2208
DA:60,2208
DA:67,2411
DA:70,5
DA:71,212
DA:72,168
LF:15
LH:15
BRDA:36,0,0,0
BRDA:36,0,1,1821
BRDA:71,1,0,44
BRDA:71,1,1,168
BRF:4
BRH:3
end_of_record
TN:
SF:src\reduce\model\entities\interactions.ts
FN:17,(anonymous_0)
FN:37,(anonymous_1)
FN:40,(anonymous_2)
FN:50,(anonymous_3)
FN:53,(anonymous_4)
FN:68,(anonymous_5)
FN:78,(anonymous_6)
FN:84,(anonymous_7)
FN:87,(anonymous_8)
FN:98,(anonymous_9)
FN:102,(anonymous_10)
FNF:11
FNH:8
FNDA:1,(anonymous_0)
FNDA:1,(anonymous_1)
FNDA:2,(anonymous_2)
FNDA:6,(anonymous_3)
FNDA:6,(anonymous_4)
FNDA:0,(anonymous_5)
FNDA:0,(anonymous_6)
FNDA:0,(anonymous_7)
FNDA:4,(anonymous_8)
FNDA:1997,(anonymous_9)
FNDA:1989,(anonymous_10)
DA:16,5
DA:18,1
DA:38,1
DA:39,1
DA:40,2
DA:43,1
DA:48,1
DA:51,6
DA:52,6
DA:53,6
DA:55,6
DA:60,6
DA:61,6
DA:69,0
DA:80,0
DA:82,0
DA:85,0
DA:88,4
DA:92,4
DA:98,5
DA:99,1997
DA:102,5
DA:103,1989
DA:104,1989
LF:24
LH:20
BRDA:43,0,0,1
BRDA:43,0,1,0
BRDA:60,1,0,6
BRDA:60,1,1,0
BRDA:80,2,0,0
BRDA:80,2,1,0
BRF:6
BRH:2
end_of_record
TN:
SF:src\reduce\model\entities\serialized.ts
FN:7,(anonymous_0)
FN:11,(anonymous_1)
FN:15,(anonymous_2)
FN:19,(anonymous_3)
FN:23,(anonymous_4)
FN:38,(anonymous_5)
FN:46,(anonymous_6)
FN:51,(anonymous_7)
FN:54,(anonymous_8)
FN:56,(anonymous_9)
FN:60,(anonymous_10)
FN:62,(anonymous_11)
FN:63,(anonymous_12)
FN:66,(anonymous_13)
FNF:14
FNH:13
FNDA:134,(anonymous_0)
FNDA:116,(anonymous_1)
FNDA:18,(anonymous_2)
FNDA:18,(anonymous_3)
FNDA:50,(anonymous_4)
FNDA:38,(anonymous_5)
FNDA:0,(anonymous_6)
FNDA:17,(anonymous_7)
FNDA:17,(anonymous_8)
FNDA:17,(anonymous_9)
FNDA:17,(anonymous_10)
FNDA:191,(anonymous_11)
FNDA:191,(anonymous_12)
FNDA:55,(anonymous_13)
DA:6,134
DA:8,134
DA:12,116
DA:16,18
DA:20,18
DA:24,50
DA:25,50
DA:26,50
DA:27,50
DA:28,50
DA:29,50
DA:30,50
DA:31,4
DA:33,50
DA:34,46
DA:39,38
DA:40,38
DA:47,0
DA:48,0
DA:52,17
DA:53,17
DA:54,17
DA:55,17
DA:56,17
DA:61,17
DA:62,191
DA:63,191
DA:67,55
LF:28
LH:26
BRDA:16,0,0,18
BRDA:16,0,1,0
BRDA:25,1,0,50
BRDA:25,1,1,0
BRDA:28,2,0,0
BRDA:28,2,1,50
BRDA:30,3,0,4
BRDA:30,3,1,46
BRDA:33,4,0,4
BRDA:33,4,1,46
BRDA:39,5,0,0
BRDA:39,5,1,38
BRDA:47,6,0,0
BRDA:47,6,1,0
BRDA:52,7,0,0
BRDA:52,7,1,17
BRDA:62,8,0,191
BRDA:62,8,1,17
BRF:18
BRH:11
end_of_record
TN:
SF:src\reduce\model\entities\status.ts
FN:60,(anonymous_0)
FN:72,(anonymous_1)
FNF:2
FNH:2
FNDA:6,(anonymous_0)
FNDA:5,(anonymous_1)
DA:60,5
DA:61,6
DA:62,6
DA:66,6
DA:67,6
DA:72,5
DA:73,5
LF:7
LH:7
BRDA:62,0,0,0
BRDA:62,0,1,6
BRF:2
BRH:1
end_of_record
TN:
SF:src\reduce\model\entities\types.ts
FNF:0
FNH:0
LF:0
LH:0
BRF:0
BRH:0
end_of_record
TN:
SF:src\reduce\model\entities\utils.ts
FN:7,(anonymous_0)
FNF:1
FNH:1
FNDA:78,(anonymous_0)
DA:7,5
DA:10,78
DA:11,78
DA:12,78
DA:13,78
DA:14,78
LF:6
LH:6
BRDA:10,0,0,0
BRDA:10,0,1,78
BRF:2
BRH:1
end_of_record
TN:
SF:src\reduce\model\entities\interactions\quest001.ts
FN:16,(anonymous_0)
FN:27,(anonymous_1)
FN:29,(anonymous_2)
FN:67,(anonymous_3)
FN:103,(anonymous_4)
FN:120,(anonymous_5)
FN:133,(anonymous_6)
FN:166,(anonymous_7)
FN:171,(anonymous_8)
FN:175,(anonymous_9)
FN:188,(anonymous_10)
FNF:11
FNH:7
FNDA:0,(anonymous_0)
FNDA:10,(anonymous_1)
FNDA:14,(anonymous_2)
FNDA:4,(anonymous_3)
FNDA:1,(anonymous_4)
FNDA:1,(anonymous_5)
FNDA:8,(anonymous_6)
FNDA:8,(anonymous_7)
FNDA:0,(anonymous_8)
FNDA:0,(anonymous_9)
FNDA:0,(anonymous_10)
DA:16,5
DA:17,0
DA:18,0
DA:19,0
DA:20,0
DA:24,0
DA:27,5
DA:28,10
DA:30,14
DA:31,14
DA:32,14
DA:33,14
DA:37,14
DA:38,13
DA:41,13
DA:45,13
DA:46,13
DA:47,13
DA:58,1
DA:68,4
DA:69,4
DA:70,4
DA:71,4
DA:75,4
DA:90,4
DA:104,1
DA:121,1
DA:127,4
DA:128,4
DA:129,4
DA:133,4
DA:134,8
DA:135,8
DA:146,8
DA:157,8
DA:159,4
DA:160,4
DA:162,4
DA:167,8
DA:172,0
DA:173,0
DA:174,0
DA:175,0
DA:177,0
DA:178,0
DA:182,0
DA:183,0
DA:188,0
LF:48
LH:34
BRDA:17,0,0,0
BRDA:17,0,1,0
BRDA:30,1,0,0
BRDA:30,1,1,14
BRDA:37,2,0,13
BRDA:37,2,1,1
BRDA:68,3,0,0
BRDA:68,3,1,4
BRDA:127,4,0,4
BRDA:127,4,1,0
BRDA:177,5,0,0
BRDA:177,5,1,0
BRDA:182,6,0,0
BRDA:182,6,1,0
BRDA:187,7,0,0
BRDA:187,7,1,0
BRF:16
BRH:5
end_of_record
TN:
SF:src\reduce\model\entities\interactions\status.ts
FN:6,(anonymous_0)
FN:42,(anonymous_1)
FN:47,(anonymous_2)
FNF:3
FNH:3
FNDA:2,(anonymous_0)
FNDA:6,(anonymous_1)
FNDA:2,(anonymous_2)
DA:6,5
DA:31,2
DA:32,2
DA:42,6
DA:47,2
LF:5
LH:5
BRDA:57,0,0,2
BRDA:57,0,1,0
BRF:2
BRH:1
end_of_record
TN:
SF:src\reduce\outputs\index.ts
FNF:0
FNH:0
LF:0
LH:0
BRF:0
BRH:0
end_of_record
TN:
SF:src\reduce\outputs\outputs.ts
FN:27,(anonymous_0)
FNF:1
FNH:1
FNDA:39,(anonymous_0)
DA:12,5
DA:17,5
DA:22,5
DA:27,39
DA:44,5
DA:51,5
DA:63,5
LF:7
LH:7
BRF:0
BRH:0
end_of_record
TN:
SF:src\reduce\store\actions.ts
FN:3,(anonymous_0)
FN:4,(anonymous_1)
FN:5,(anonymous_2)
FN:6,(anonymous_3)
FNF:4
FNH:4
FNDA:39,(anonymous_0)
FNDA:45,(anonymous_1)
FNDA:38,(anonymous_2)
FNDA:14,(anonymous_3)
DA:3,39
DA:4,45
DA:5,38
DA:6,14
LF:4
LH:4
BRF:0
BRH:0
end_of_record
TN:
SF:src\reduce\store\reducer.ts
FN:9,(anonymous_0)
FN:10,(anonymous_1)
FN:29,(anonymous_2)
FN:32,(anonymous_3)
FN:57,(anonymous_4)
FN:57,(anonymous_5)
FN:58,(anonymous_6)
FNF:7
FNH:7
FNDA:136,(anonymous_0)
FNDA:136,(anonymous_1)
FNDA:429,(anonymous_2)
FNDA:156,(anonymous_3)
FNDA:39,(anonymous_4)
FNDA:39,(anonymous_5)
FNDA:136,(anonymous_6)
DA:9,5
DA:10,136
DA:11,136
DA:12,136
DA:13,39
DA:29,429
DA:32,39
DA:33,156
DA:35,156
DA:38,39
DA:40,97
DA:41,38
DA:42,38
DA:43,38
DA:45,97
DA:46,45
DA:47,45
DA:49,52
DA:50,14
DA:51,14
DA:52,14
DA:57,39
DA:58,136
LF:23
LH:23
BRDA:12,0,0,39
BRDA:12,0,1,97
BRDA:40,1,0,38
BRDA:40,1,1,59
BRDA:45,2,0,45
BRDA:45,2,1,52
BRDA:49,3,0,14
BRDA:49,3,1,38
BRF:8
BRH:8
end_of_record
TN:
SF:src\reduce\store\selectors.ts
FN:2,(anonymous_0)
FN:3,(anonymous_1)
FN:4,(anonymous_2)
FNF:3
FNH:3
FNDA:23,(anonymous_0)
FNDA:71,(anonymous_1)
FNDA:2,(anonymous_2)
DA:2,23
DA:3,71
DA:4,5
LF:3
LH:3
BRF:0
BRH:0
end_of_record
TN:
SF:src\reduce\utils\TimeHelper.ts
FN:25,(anonymous_0)
FN:35,(anonymous_1)
FN:44,(anonymous_2)
FN:50,(anonymous_3)
FN:68,(anonymous_4)
FN:72,(anonymous_5)
FN:83,(anonymous_6)
FN:89,(anonymous_7)
FN:106,(anonymous_8)
FNF:9
FNH:9
FNDA:44,(anonymous_0)
FNDA:49,(anonymous_1)
FNDA:63,(anonymous_2)
FNDA:45,(anonymous_3)
FNDA:58,(anonymous_4)
FNDA:76,(anonymous_5)
FNDA:228,(anonymous_6)
FNDA:49,(anonymous_7)
FNDA:53,(anonymous_8)
DA:12,6
DA:23,44
DA:36,49
DA:37,49
DA:38,49
DA:39,49
DA:40,49
DA:41,49
DA:45,63
DA:46,62
DA:47,56
DA:51,45
DA:52,38
DA:60,38
DA:61,38
DA:62,38
DA:64,7
DA:65,1
DA:69,58
DA:70,58
DA:71,58
DA:72,76
DA:73,57
DA:82,57
DA:83,228
DA:84,57
DA:86,1
DA:90,49
DA:101,49
DA:102,49
DA:103,49
DA:107,53
DA:108,53
LF:33
LH:33
BRDA:26,0,0,6
BRDA:27,1,0,6
BRDA:28,2,0,6
BRDA:29,3,0,6
BRDA:30,4,0,6
BRDA:31,5,0,6
BRDA:32,6,0,6
BRDA:45,7,0,1
BRDA:45,7,1,62
BRDA:46,8,0,6
BRDA:46,8,1,56
BRDA:51,9,0,38
BRDA:51,9,1,7
BRDA:64,10,0,6
BRDA:64,10,1,1
BRDA:69,11,0,58
BRDA:69,11,1,58
BRDA:71,12,0,57
BRDA:71,12,1,1
BRDA:83,13,0,57
BRDA:83,13,1,38
BRF:21
BRH:21
end_of_record
