{"C:\\Users\\Kirill\\Documents\\Repos\\aeroaquaponic-monorepo\\misc\\tree-of-abstraction\\src\\services\\collection.service.ts": {"path":"C:\\Users\\Kirill\\Documents\\Repos\\aeroaquaponic-monorepo\\misc\\tree-of-abstraction\\src\\services\\collection.service.ts","statementMap":{"0":{"start":{"line":5,"column":37},"end":{"line":21,"column":1}},"1":{"start":{"line":9,"column":23},"end":{"line":9,"column":63}},"2":{"start":{"line":10,"column":2},"end":{"line":20,"column":4}}},"fnMap":{"0":{"name":"(anonymous_0)","decl":{"start":{"line":5,"column":37},"end":{"line":5,"column":38}},"loc":{"start":{"line":8,"column":30},"end":{"line":21,"column":1}},"line":8}},"branchMap":{},"s":{"0":4,"1":2,"2":2},"f":{"0":2},"b":{},"_coverageSchema":"43e27e138ebf9cfc5966b082cf9a028302ed4184","hash":"8789d5aaca35a1ae93b413519746261e10127892"}
,"C:\\Users\\Kirill\\Documents\\Repos\\aeroaquaponic-monorepo\\misc\\tree-of-abstraction\\src\\services\\main.service.ts": {"path":"C:\\Users\\Kirill\\Documents\\Repos\\aeroaquaponic-monorepo\\misc\\tree-of-abstraction\\src\\services\\main.service.ts","statementMap":{"0":{"start":{"line":38,"column":48},"end":{"line":38,"column":50}},"1":{"start":{"line":39,"column":48},"end":{"line":39,"column":50}},"2":{"start":{"line":41,"column":20},"end":{"line":44,"column":2}},"3":{"start":{"line":41,"column":63},"end":{"line":44,"column":1}},"4":{"start":{"line":46,"column":37},"end":{"line":142,"column":1}},"5":{"start":{"line":46,"column":49},"end":{"line":142,"column":1}},"6":{"start":{"line":50,"column":4},"end":{"line":53,"column":42}},"7":{"start":{"line":55,"column":16},"end":{"line":55,"column":43}},"8":{"start":{"line":57,"column":2},"end":{"line":141,"column":3}},"9":{"start":{"line":60,"column":6},"end":{"line":62,"column":47}},"10":{"start":{"line":64,"column":6},"end":{"line":66,"column":41}},"11":{"start":{"line":68,"column":6},"end":{"line":70,"column":49}},"12":{"start":{"line":74,"column":6},"end":{"line":81,"column":27}},"13":{"start":{"line":83,"column":4},"end":{"line":86,"column":5}},"14":{"start":{"line":84,"column":6},"end":{"line":84,"column":27}},"15":{"start":{"line":85,"column":6},"end":{"line":85,"column":38}},"16":{"start":{"line":89,"column":6},"end":{"line":100,"column":11}},"17":{"start":{"line":102,"column":23},"end":{"line":102,"column":66}},"18":{"start":{"line":104,"column":4},"end":{"line":109,"column":6}},"19":{"start":{"line":113,"column":6},"end":{"line":115,"column":54}},"20":{"start":{"line":118,"column":6},"end":{"line":120,"column":47}},"21":{"start":{"line":123,"column":6},"end":{"line":125,"column":53}},"22":{"start":{"line":127,"column":4},"end":{"line":140,"column":6}},"23":{"start":{"line":144,"column":60},"end":{"line":152,"column":1}},"24":{"start":{"line":144,"column":71},"end":{"line":152,"column":1}},"25":{"start":{"line":147,"column":21},"end":{"line":150,"column":30}},"26":{"start":{"line":151,"column":2},"end":{"line":151,"column":20}},"27":{"start":{"line":154,"column":36},"end":{"line":162,"column":1}},"28":{"start":{"line":154,"column":47},"end":{"line":162,"column":1}},"29":{"start":{"line":156,"column":4},"end":{"line":156,"column":73}},"30":{"start":{"line":158,"column":4},"end":{"line":160,"column":24}},"31":{"start":{"line":161,"column":2},"end":{"line":161,"column":40}}},"fnMap":{"0":{"name":"(anonymous_0)","decl":{"start":{"line":41,"column":20},"end":{"line":41,"column":21}},"loc":{"start":{"line":41,"column":63},"end":{"line":44,"column":1}},"line":41},"1":{"name":"(anonymous_1)","decl":{"start":{"line":46,"column":37},"end":{"line":46,"column":38}},"loc":{"start":{"line":46,"column":49},"end":{"line":142,"column":1}},"line":46},"2":{"name":"(anonymous_2)","decl":{"start":{"line":46,"column":49},"end":{"line":46,"column":50}},"loc":{"start":{"line":46,"column":72},"end":{"line":142,"column":1}},"line":46},"3":{"name":"(anonymous_3)","decl":{"start":{"line":144,"column":60},"end":{"line":144,"column":61}},"loc":{"start":{"line":144,"column":71},"end":{"line":152,"column":1}},"line":144},"4":{"name":"(anonymous_4)","decl":{"start":{"line":144,"column":71},"end":{"line":144,"column":72}},"loc":{"start":{"line":146,"column":5},"end":{"line":152,"column":1}},"line":146},"5":{"name":"(anonymous_5)","decl":{"start":{"line":154,"column":36},"end":{"line":154,"column":37}},"loc":{"start":{"line":154,"column":47},"end":{"line":162,"column":1}},"line":154},"6":{"name":"(anonymous_6)","decl":{"start":{"line":154,"column":47},"end":{"line":154,"column":48}},"loc":{"start":{"line":154,"column":58},"end":{"line":162,"column":1}},"line":154}},"branchMap":{"0":{"loc":{"start":{"line":50,"column":4},"end":{"line":53,"column":42}},"type":"binary-expr","locations":[{"start":{"line":50,"column":4},"end":{"line":50,"column":22}},{"start":{"line":51,"column":4},"end":{"line":51,"column":22}},{"start":{"line":52,"column":4},"end":{"line":52,"column":34}},{"start":{"line":53,"column":4},"end":{"line":53,"column":42}}],"line":50},"1":{"loc":{"start":{"line":55,"column":16},"end":{"line":55,"column":43}},"type":"binary-expr","locations":[{"start":{"line":55,"column":16},"end":{"line":55,"column":33}},{"start":{"line":55,"column":37},"end":{"line":55,"column":43}}],"line":55},"2":{"loc":{"start":{"line":57,"column":2},"end":{"line":141,"column":3}},"type":"if","locations":[{"start":{"line":57,"column":2},"end":{"line":141,"column":3}},{"start":{"line":57,"column":2},"end":{"line":141,"column":3}}],"line":57},"3":{"loc":{"start":{"line":60,"column":6},"end":{"line":62,"column":47}},"type":"binary-expr","locations":[{"start":{"line":60,"column":6},"end":{"line":60,"column":23}},{"start":{"line":61,"column":6},"end":{"line":61,"column":26}},{"start":{"line":62,"column":6},"end":{"line":62,"column":47}}],"line":60},"4":{"loc":{"start":{"line":64,"column":6},"end":{"line":66,"column":41}},"type":"binary-expr","locations":[{"start":{"line":64,"column":6},"end":{"line":64,"column":22}},{"start":{"line":65,"column":6},"end":{"line":65,"column":26}},{"start":{"line":66,"column":6},"end":{"line":66,"column":41}}],"line":64},"5":{"loc":{"start":{"line":68,"column":6},"end":{"line":70,"column":49}},"type":"binary-expr","locations":[{"start":{"line":68,"column":6},"end":{"line":68,"column":23}},{"start":{"line":69,"column":6},"end":{"line":69,"column":32}},{"start":{"line":70,"column":6},"end":{"line":70,"column":49}}],"line":68},"6":{"loc":{"start":{"line":74,"column":6},"end":{"line":81,"column":27}},"type":"binary-expr","locations":[{"start":{"line":74,"column":6},"end":{"line":79,"column":34}},{"start":{"line":80,"column":6},"end":{"line":80,"column":21}},{"start":{"line":81,"column":6},"end":{"line":81,"column":27}}],"line":74},"7":{"loc":{"start":{"line":83,"column":4},"end":{"line":86,"column":5}},"type":"if","locations":[{"start":{"line":83,"column":4},"end":{"line":86,"column":5}},{"start":{"line":83,"column":4},"end":{"line":86,"column":5}}],"line":83},"8":{"loc":{"start":{"line":89,"column":6},"end":{"line":100,"column":11}},"type":"binary-expr","locations":[{"start":{"line":89,"column":6},"end":{"line":97,"column":34}},{"start":{"line":99,"column":6},"end":{"line":99,"column":29}},{"start":{"line":100,"column":6},"end":{"line":100,"column":11}}],"line":89},"9":{"loc":{"start":{"line":102,"column":23},"end":{"line":102,"column":66}},"type":"binary-expr","locations":[{"start":{"line":102,"column":23},"end":{"line":102,"column":41}},{"start":{"line":102,"column":45},"end":{"line":102,"column":66}}],"line":102},"10":{"loc":{"start":{"line":113,"column":6},"end":{"line":115,"column":54}},"type":"binary-expr","locations":[{"start":{"line":113,"column":6},"end":{"line":113,"column":23}},{"start":{"line":114,"column":6},"end":{"line":114,"column":32}},{"start":{"line":115,"column":6},"end":{"line":115,"column":54}}],"line":113},"11":{"loc":{"start":{"line":118,"column":6},"end":{"line":120,"column":47}},"type":"binary-expr","locations":[{"start":{"line":118,"column":6},"end":{"line":118,"column":23}},{"start":{"line":119,"column":6},"end":{"line":119,"column":31}},{"start":{"line":120,"column":6},"end":{"line":120,"column":47}}],"line":118},"12":{"loc":{"start":{"line":123,"column":6},"end":{"line":125,"column":53}},"type":"binary-expr","locations":[{"start":{"line":123,"column":6},"end":{"line":123,"column":23}},{"start":{"line":124,"column":6},"end":{"line":124,"column":37}},{"start":{"line":125,"column":6},"end":{"line":125,"column":53}}],"line":123},"13":{"loc":{"start":{"line":128,"column":6},"end":{"line":139,"column":13}},"type":"binary-expr","locations":[{"start":{"line":128,"column":6},"end":{"line":128,"column":27}},{"start":{"line":129,"column":8},"end":{"line":129,"column":35}},{"start":{"line":130,"column":8},"end":{"line":137,"column":36}},{"start":{"line":138,"column":8},"end":{"line":138,"column":36}},{"start":{"line":139,"column":8},"end":{"line":139,"column":13}}],"line":128},"14":{"loc":{"start":{"line":156,"column":4},"end":{"line":156,"column":73}},"type":"cond-expr","locations":[{"start":{"line":156,"column":34},"end":{"line":156,"column":60}},{"start":{"line":156,"column":63},"end":{"line":156,"column":73}}],"line":156},"15":{"loc":{"start":{"line":158,"column":4},"end":{"line":160,"column":24}},"type":"cond-expr","locations":[{"start":{"line":159,"column":8},"end":{"line":159,"column":46}},{"start":{"line":160,"column":8},"end":{"line":160,"column":24}}],"line":158}},"s":{"0":4,"1":4,"2":4,"3":23,"4":4,"5":276,"6":276,"7":276,"8":276,"9":189,"10":189,"11":189,"12":189,"13":189,"14":107,"15":107,"16":189,"17":189,"18":189,"19":87,"20":87,"21":87,"22":87,"23":4,"24":2,"25":2,"26":2,"27":4,"28":278,"29":278,"30":278,"31":278},"f":{"0":23,"1":276,"2":276,"3":2,"4":2,"5":278,"6":278},"b":{"0":[276,254,254,23],"1":[276,253],"2":[189,87],"3":[189,4,1],"4":[189,8,5],"5":[189,4,3],"6":[189,88,83],"7":[107,82],"8":[189,116,113],"9":[189,82],"10":[87,10,3],"11":[87,10,3],"12":[87,10,4],"13":[87,84,80,23,20],"14":[276,2],"15":[2,276]},"_coverageSchema":"43e27e138ebf9cfc5966b082cf9a028302ed4184","hash":"bbdf5ead41551cd72b9fabb6df7f917a5adeb710"}
,"C:\\Users\\Kirill\\Documents\\Repos\\aeroaquaponic-monorepo\\misc\\tree-of-abstraction\\src\\services\\note.service.ts": {"path":"C:\\Users\\Kirill\\Documents\\Repos\\aeroaquaponic-monorepo\\misc\\tree-of-abstraction\\src\\services\\note.service.ts","statementMap":{"0":{"start":{"line":7,"column":31},"end":{"line":35,"column":1}},"1":{"start":{"line":8,"column":17},"end":{"line":8,"column":51}},"2":{"start":{"line":9,"column":29},"end":{"line":16,"column":3}},"3":{"start":{"line":17,"column":23},"end":{"line":25,"column":4}},"4":{"start":{"line":18,"column":4},"end":{"line":23,"column":5}},"5":{"start":{"line":19,"column":6},"end":{"line":22,"column":8}},"6":{"start":{"line":24,"column":4},"end":{"line":24,"column":16}},"7":{"start":{"line":26,"column":2},"end":{"line":34,"column":4}},"8":{"start":{"line":37,"column":32},"end":{"line":43,"column":1}},"9":{"start":{"line":38,"column":16},"end":{"line":38,"column":27}},"10":{"start":{"line":39,"column":19},"end":{"line":39,"column":31}},"11":{"start":{"line":40,"column":16},"end":{"line":40,"column":55}},"12":{"start":{"line":41,"column":19},"end":{"line":41,"column":41}},"13":{"start":{"line":42,"column":2},"end":{"line":42,"column":53}},"14":{"start":{"line":45,"column":30},"end":{"line":51,"column":1}},"15":{"start":{"line":46,"column":16},"end":{"line":46,"column":27}},"16":{"start":{"line":47,"column":19},"end":{"line":47,"column":31}},"17":{"start":{"line":48,"column":16},"end":{"line":48,"column":55}},"18":{"start":{"line":49,"column":19},"end":{"line":49,"column":52}},"19":{"start":{"line":50,"column":2},"end":{"line":50,"column":53}},"20":{"start":{"line":53,"column":36},"end":{"line":63,"column":1}},"21":{"start":{"line":54,"column":15},"end":{"line":54,"column":50}},"22":{"start":{"line":55,"column":44},"end":{"line":61,"column":3}},"23":{"start":{"line":62,"column":2},"end":{"line":62,"column":47}},"24":{"start":{"line":65,"column":34},"end":{"line":84,"column":1}},"25":{"start":{"line":66,"column":23},"end":{"line":66,"column":58}},"26":{"start":{"line":67,"column":44},"end":{"line":73,"column":3}},"27":{"start":{"line":74,"column":23},"end":{"line":82,"column":4}},"28":{"start":{"line":75,"column":4},"end":{"line":80,"column":5}},"29":{"start":{"line":76,"column":6},"end":{"line":79,"column":8}},"30":{"start":{"line":78,"column":41},"end":{"line":78,"column":66}},"31":{"start":{"line":81,"column":4},"end":{"line":81,"column":16}},"32":{"start":{"line":83,"column":2},"end":{"line":83,"column":72}},"33":{"start":{"line":86,"column":24},"end":{"line":96,"column":1}},"34":{"start":{"line":87,"column":23},"end":{"line":87,"column":58}},"35":{"start":{"line":88,"column":44},"end":{"line":94,"column":3}},"36":{"start":{"line":89,"column":41},"end":{"line":89,"column":71}},"37":{"start":{"line":95,"column":2},"end":{"line":95,"column":47}},"38":{"start":{"line":98,"column":31},"end":{"line":104,"column":5}},"39":{"start":{"line":99,"column":2},"end":{"line":104,"column":5}},"40":{"start":{"line":102,"column":22},"end":{"line":102,"column":49}},"41":{"start":{"line":106,"column":31},"end":{"line":123,"column":1}},"42":{"start":{"line":110,"column":23},"end":{"line":118,"column":4}},"43":{"start":{"line":112,"column":6},"end":{"line":112,"column":67}},"44":{"start":{"line":113,"column":4},"end":{"line":113,"column":30}},"45":{"start":{"line":113,"column":18},"end":{"line":113,"column":30}},"46":{"start":{"line":114,"column":4},"end":{"line":117,"column":6}},"47":{"start":{"line":119,"column":2},"end":{"line":122,"column":4}},"48":{"start":{"line":125,"column":37},"end":{"line":142,"column":1}},"49":{"start":{"line":129,"column":23},"end":{"line":137,"column":4}},"50":{"start":{"line":131,"column":6},"end":{"line":131,"column":73}},"51":{"start":{"line":132,"column":4},"end":{"line":132,"column":30}},"52":{"start":{"line":132,"column":18},"end":{"line":132,"column":30}},"53":{"start":{"line":133,"column":4},"end":{"line":136,"column":6}},"54":{"start":{"line":138,"column":2},"end":{"line":141,"column":4}},"55":{"start":{"line":144,"column":28},"end":{"line":166,"column":1}},"56":{"start":{"line":145,"column":22},"end":{"line":148,"column":3}},"57":{"start":{"line":149,"column":29},"end":{"line":161,"column":3}},"58":{"start":{"line":151,"column":33},"end":{"line":151,"column":72}},"59":{"start":{"line":153,"column":8},"end":{"line":154,"column":78}},"60":{"start":{"line":156,"column":8},"end":{"line":156,"column":73}},"61":{"start":{"line":158,"column":6},"end":{"line":158,"column":62}},"62":{"start":{"line":162,"column":2},"end":{"line":165,"column":4}},"63":{"start":{"line":168,"column":38},"end":{"line":176,"column":1}},"64":{"start":{"line":172,"column":2},"end":{"line":175,"column":4}}},"fnMap":{"0":{"name":"(anonymous_0)","decl":{"start":{"line":7,"column":31},"end":{"line":7,"column":32}},"loc":{"start":{"line":7,"column":73},"end":{"line":35,"column":1}},"line":7},"1":{"name":"(anonymous_1)","decl":{"start":{"line":17,"column":46},"end":{"line":17,"column":47}},"loc":{"start":{"line":17,"column":56},"end":{"line":25,"column":3}},"line":17},"2":{"name":"(anonymous_2)","decl":{"start":{"line":37,"column":32},"end":{"line":37,"column":33}},"loc":{"start":{"line":37,"column":74},"end":{"line":43,"column":1}},"line":37},"3":{"name":"(anonymous_3)","decl":{"start":{"line":45,"column":30},"end":{"line":45,"column":31}},"loc":{"start":{"line":45,"column":72},"end":{"line":51,"column":1}},"line":45},"4":{"name":"(anonymous_4)","decl":{"start":{"line":53,"column":36},"end":{"line":53,"column":37}},"loc":{"start":{"line":53,"column":78},"end":{"line":63,"column":1}},"line":53},"5":{"name":"(anonymous_5)","decl":{"start":{"line":65,"column":34},"end":{"line":65,"column":35}},"loc":{"start":{"line":65,"column":61},"end":{"line":84,"column":1}},"line":65},"6":{"name":"(anonymous_6)","decl":{"start":{"line":74,"column":46},"end":{"line":74,"column":47}},"loc":{"start":{"line":74,"column":56},"end":{"line":82,"column":3}},"line":74},"7":{"name":"(anonymous_7)","decl":{"start":{"line":78,"column":33},"end":{"line":78,"column":34}},"loc":{"start":{"line":78,"column":41},"end":{"line":78,"column":66}},"line":78},"8":{"name":"(anonymous_8)","decl":{"start":{"line":86,"column":24},"end":{"line":86,"column":25}},"loc":{"start":{"line":86,"column":51},"end":{"line":96,"column":1}},"line":86},"9":{"name":"(anonymous_9)","decl":{"start":{"line":89,"column":30},"end":{"line":89,"column":31}},"loc":{"start":{"line":89,"column":41},"end":{"line":89,"column":71}},"line":89},"10":{"name":"(anonymous_10)","decl":{"start":{"line":98,"column":31},"end":{"line":98,"column":32}},"loc":{"start":{"line":99,"column":2},"end":{"line":104,"column":5}},"line":99},"11":{"name":"(anonymous_11)","decl":{"start":{"line":102,"column":6},"end":{"line":102,"column":7}},"loc":{"start":{"line":102,"column":22},"end":{"line":102,"column":49}},"line":102},"12":{"name":"(anonymous_12)","decl":{"start":{"line":106,"column":31},"end":{"line":106,"column":32}},"loc":{"start":{"line":109,"column":13},"end":{"line":123,"column":1}},"line":109},"13":{"name":"(anonymous_13)","decl":{"start":{"line":110,"column":46},"end":{"line":110,"column":47}},"loc":{"start":{"line":110,"column":56},"end":{"line":118,"column":3}},"line":110},"14":{"name":"(anonymous_14)","decl":{"start":{"line":125,"column":37},"end":{"line":125,"column":38}},"loc":{"start":{"line":128,"column":13},"end":{"line":142,"column":1}},"line":128},"15":{"name":"(anonymous_15)","decl":{"start":{"line":129,"column":46},"end":{"line":129,"column":47}},"loc":{"start":{"line":129,"column":56},"end":{"line":137,"column":3}},"line":129},"16":{"name":"(anonymous_16)","decl":{"start":{"line":144,"column":28},"end":{"line":144,"column":29}},"loc":{"start":{"line":144,"column":55},"end":{"line":166,"column":1}},"line":144},"17":{"name":"(anonymous_17)","decl":{"start":{"line":150,"column":4},"end":{"line":150,"column":5}},"loc":{"start":{"line":150,"column":19},"end":{"line":159,"column":5}},"line":150},"18":{"name":"(anonymous_18)","decl":{"start":{"line":168,"column":38},"end":{"line":168,"column":39}},"loc":{"start":{"line":171,"column":13},"end":{"line":176,"column":1}},"line":171}},"branchMap":{"0":{"loc":{"start":{"line":18,"column":4},"end":{"line":23,"column":5}},"type":"if","locations":[{"start":{"line":18,"column":4},"end":{"line":23,"column":5}},{"start":{"line":18,"column":4},"end":{"line":23,"column":5}}],"line":18},"1":{"loc":{"start":{"line":75,"column":4},"end":{"line":80,"column":5}},"type":"if","locations":[{"start":{"line":75,"column":4},"end":{"line":80,"column":5}},{"start":{"line":75,"column":4},"end":{"line":80,"column":5}}],"line":75},"2":{"loc":{"start":{"line":113,"column":4},"end":{"line":113,"column":30}},"type":"if","locations":[{"start":{"line":113,"column":4},"end":{"line":113,"column":30}},{"start":{"line":113,"column":4},"end":{"line":113,"column":30}}],"line":113},"3":{"loc":{"start":{"line":132,"column":4},"end":{"line":132,"column":30}},"type":"if","locations":[{"start":{"line":132,"column":4},"end":{"line":132,"column":30}},{"start":{"line":132,"column":4},"end":{"line":132,"column":30}}],"line":132},"4":{"loc":{"start":{"line":153,"column":8},"end":{"line":154,"column":78}},"type":"binary-expr","locations":[{"start":{"line":153,"column":8},"end":{"line":153,"column":41}},{"start":{"line":154,"column":8},"end":{"line":154,"column":78}}],"line":153},"5":{"loc":{"start":{"line":156,"column":8},"end":{"line":156,"column":73}},"type":"binary-expr","locations":[{"start":{"line":156,"column":8},"end":{"line":156,"column":40}},{"start":{"line":156,"column":44},"end":{"line":156,"column":73}}],"line":156},"6":{"loc":{"start":{"line":158,"column":13},"end":{"line":158,"column":61}},"type":"cond-expr","locations":[{"start":{"line":158,"column":38},"end":{"line":158,"column":55}},{"start":{"line":158,"column":58},"end":{"line":158,"column":61}}],"line":158},"7":{"loc":{"start":{"line":158,"column":13},"end":{"line":158,"column":35}},"type":"binary-expr","locations":[{"start":{"line":158,"column":13},"end":{"line":158,"column":20}},{"start":{"line":158,"column":24},"end":{"line":158,"column":35}}],"line":158}},"s":{"0":4,"1":30,"2":30,"3":30,"4":48,"5":30,"6":18,"7":30,"8":4,"9":13,"10":13,"11":13,"12":13,"13":13,"14":4,"15":4,"16":4,"17":4,"18":4,"19":4,"20":4,"21":1,"22":1,"23":1,"24":4,"25":2,"26":2,"27":2,"28":3,"29":2,"30":4,"31":1,"32":2,"33":4,"34":7,"35":7,"36":10,"37":7,"38":4,"39":14,"40":21,"41":4,"42":3,"43":5,"44":5,"45":2,"46":3,"47":3,"48":4,"49":4,"50":6,"51":6,"52":2,"53":4,"54":4,"55":4,"56":276,"57":276,"58":117,"59":117,"60":117,"61":117,"62":276,"63":4,"64":3},"f":{"0":30,"1":48,"2":13,"3":4,"4":1,"5":2,"6":3,"7":4,"8":7,"9":10,"10":14,"11":21,"12":3,"13":5,"14":4,"15":6,"16":276,"17":117,"18":3},"b":{"0":[30,18],"1":[2,1],"2":[2,3],"3":[2,4],"4":[117,9],"5":[117,108],"6":[112,5],"7":[117,111]},"_coverageSchema":"43e27e138ebf9cfc5966b082cf9a028302ed4184","hash":"7daa2f9bf2f127fb2f08ba161856f2d80a5e9c30"}
,"C:\\Users\\Kirill\\Documents\\Repos\\aeroaquaponic-monorepo\\misc\\tree-of-abstraction\\src\\services\\persistence.service.ts": {"path":"C:\\Users\\Kirill\\Documents\\Repos\\aeroaquaponic-monorepo\\misc\\tree-of-abstraction\\src\\services\\persistence.service.ts","statementMap":{"0":{"start":{"line":7,"column":23},"end":{"line":16,"column":1}},"1":{"start":{"line":18,"column":0},"end":{"line":18,"column":39}},"2":{"start":{"line":50,"column":20},"end":{"line":50,"column":21}}},"fnMap":{},"branchMap":{},"s":{"0":4,"1":4,"2":4},"f":{},"b":{},"_coverageSchema":"43e27e138ebf9cfc5966b082cf9a028302ed4184","hash":"9c486591da989f08dceb96522459669ad8c58333"}
,"C:\\Users\\Kirill\\Documents\\Repos\\aeroaquaponic-monorepo\\misc\\tree-of-abstraction\\src\\services\\tree.service.ts": {"path":"C:\\Users\\Kirill\\Documents\\Repos\\aeroaquaponic-monorepo\\misc\\tree-of-abstraction\\src\\services\\tree.service.ts","statementMap":{"0":{"start":{"line":7,"column":30},"end":{"line":13,"column":1}},"1":{"start":{"line":8,"column":15},"end":{"line":8,"column":34}},"2":{"start":{"line":9,"column":2},"end":{"line":9,"column":23}},"3":{"start":{"line":9,"column":13},"end":{"line":9,"column":23}},"4":{"start":{"line":10,"column":2},"end":{"line":12,"column":21}},"5":{"start":{"line":11,"column":4},"end":{"line":11,"column":66}},"6":{"start":{"line":15,"column":31},"end":{"line":22,"column":1}},"7":{"start":{"line":20,"column":22},"end":{"line":20,"column":60}},"8":{"start":{"line":21,"column":2},"end":{"line":21,"column":66}},"9":{"start":{"line":24,"column":26},"end":{"line":28,"column":1}},"10":{"start":{"line":25,"column":15},"end":{"line":25,"column":34}},"11":{"start":{"line":26,"column":2},"end":{"line":26,"column":23}},"12":{"start":{"line":26,"column":13},"end":{"line":26,"column":23}},"13":{"start":{"line":27,"column":2},"end":{"line":27,"column":49}},"14":{"start":{"line":30,"column":32},"end":{"line":43,"column":1}},"15":{"start":{"line":31,"column":23},"end":{"line":41,"column":4}},"16":{"start":{"line":32,"column":18},"end":{"line":32,"column":39}},"17":{"start":{"line":34,"column":6},"end":{"line":36,"column":60}},"18":{"start":{"line":37,"column":4},"end":{"line":40,"column":6}},"19":{"start":{"line":42,"column":2},"end":{"line":42,"column":22}},"20":{"start":{"line":45,"column":31},"end":{"line":51,"column":5}},"21":{"start":{"line":46,"column":2},"end":{"line":51,"column":5}},"22":{"start":{"line":49,"column":22},"end":{"line":49,"column":49}},"23":{"start":{"line":53,"column":31},"end":{"line":82,"column":1}},"24":{"start":{"line":54,"column":21},"end":{"line":54,"column":49}},"25":{"start":{"line":55,"column":25},"end":{"line":65,"column":3}},"26":{"start":{"line":66,"column":17},"end":{"line":66,"column":44}},"27":{"start":{"line":67,"column":20},"end":{"line":72,"column":3}},"28":{"start":{"line":73,"column":20},"end":{"line":77,"column":3}},"29":{"start":{"line":78,"column":2},"end":{"line":81,"column":4}},"30":{"start":{"line":84,"column":34},"end":{"line":111,"column":1}},"31":{"start":{"line":85,"column":17},"end":{"line":85,"column":35}},"32":{"start":{"line":86,"column":19},"end":{"line":86,"column":50}},"33":{"start":{"line":87,"column":17},"end":{"line":87,"column":42}},"34":{"start":{"line":88,"column":2},"end":{"line":88,"column":28}},"35":{"start":{"line":88,"column":15},"end":{"line":88,"column":28}},"36":{"start":{"line":89,"column":16},"end":{"line":89,"column":66}},"37":{"start":{"line":90,"column":23},"end":{"line":104,"column":4}},"38":{"start":{"line":91,"column":20},"end":{"line":91,"column":60}},"39":{"start":{"line":92,"column":21},"end":{"line":92,"column":41}},"40":{"start":{"line":93,"column":4},"end":{"line":97,"column":8}},"41":{"start":{"line":94,"column":6},"end":{"line":97,"column":8}},"42":{"start":{"line":96,"column":47},"end":{"line":96,"column":60}},"43":{"start":{"line":98,"column":4},"end":{"line":102,"column":8}},"44":{"start":{"line":99,"column":6},"end":{"line":102,"column":8}},"45":{"start":{"line":103,"column":4},"end":{"line":103,"column":16}},"46":{"start":{"line":105,"column":2},"end":{"line":110,"column":4}},"47":{"start":{"line":113,"column":25},"end":{"line":171,"column":1}},"48":{"start":{"line":114,"column":2},"end":{"line":166,"column":3}},"49":{"start":{"line":115,"column":40},"end":{"line":119,"column":5}},"50":{"start":{"line":120,"column":31},"end":{"line":120,"column":72}},"51":{"start":{"line":121,"column":4},"end":{"line":121,"column":41}},"52":{"start":{"line":121,"column":28},"end":{"line":121,"column":41}},"53":{"start":{"line":122,"column":25},"end":{"line":160,"column":6}},"54":{"start":{"line":123,"column":23},"end":{"line":123,"column":65}},"55":{"start":{"line":125,"column":6},"end":{"line":133,"column":7}},"56":{"start":{"line":126,"column":8},"end":{"line":132,"column":10}},"57":{"start":{"line":135,"column":6},"end":{"line":143,"column":7}},"58":{"start":{"line":136,"column":8},"end":{"line":142,"column":10}},"59":{"start":{"line":140,"column":44},"end":{"line":140,"column":69}},"60":{"start":{"line":145,"column":6},"end":{"line":150,"column":7}},"61":{"start":{"line":146,"column":8},"end":{"line":149,"column":10}},"62":{"start":{"line":148,"column":49},"end":{"line":148,"column":74}},"63":{"start":{"line":152,"column":6},"end":{"line":158,"column":7}},"64":{"start":{"line":153,"column":8},"end":{"line":157,"column":10}},"65":{"start":{"line":159,"column":6},"end":{"line":159,"column":18}},"66":{"start":{"line":161,"column":4},"end":{"line":165,"column":6}},"67":{"start":{"line":167,"column":2},"end":{"line":170,"column":4}},"68":{"start":{"line":173,"column":33},"end":{"line":181,"column":1}},"69":{"start":{"line":177,"column":2},"end":{"line":180,"column":4}},"70":{"start":{"line":183,"column":23},"end":{"line":218,"column":1}},"71":{"start":{"line":184,"column":22},"end":{"line":184,"column":64}},"72":{"start":{"line":185,"column":22},"end":{"line":187,"column":24}},"73":{"start":{"line":186,"column":35},"end":{"line":186,"column":48}},"74":{"start":{"line":187,"column":21},"end":{"line":187,"column":23}},"75":{"start":{"line":188,"column":29},"end":{"line":193,"column":3}},"76":{"start":{"line":190,"column":6},"end":{"line":190,"column":48}},"77":{"start":{"line":194,"column":26},"end":{"line":194,"column":63}},"78":{"start":{"line":195,"column":20},"end":{"line":197,"column":24}},"79":{"start":{"line":196,"column":33},"end":{"line":196,"column":44}},"80":{"start":{"line":197,"column":21},"end":{"line":197,"column":23}},"81":{"start":{"line":198,"column":31},"end":{"line":200,"column":20}},"82":{"start":{"line":199,"column":4},"end":{"line":199,"column":50}},"83":{"start":{"line":201,"column":2},"end":{"line":217,"column":3}},"84":{"start":{"line":202,"column":22},"end":{"line":206,"column":5}},"85":{"start":{"line":207,"column":17},"end":{"line":207,"column":51}},"86":{"start":{"line":208,"column":4},"end":{"line":208,"column":30}},"87":{"start":{"line":210,"column":4},"end":{"line":216,"column":6}},"88":{"start":{"line":220,"column":32},"end":{"line":234,"column":1}},"89":{"start":{"line":221,"column":23},"end":{"line":229,"column":4}},"90":{"start":{"line":222,"column":20},"end":{"line":222,"column":50}},"91":{"start":{"line":223,"column":4},"end":{"line":223,"column":30}},"92":{"start":{"line":223,"column":18},"end":{"line":223,"column":30}},"93":{"start":{"line":224,"column":24},"end":{"line":224,"column":41}},"94":{"start":{"line":225,"column":4},"end":{"line":228,"column":6}},"95":{"start":{"line":230,"column":2},"end":{"line":233,"column":4}},"96":{"start":{"line":236,"column":31},"end":{"line":252,"column":1}},"97":{"start":{"line":240,"column":23},"end":{"line":247,"column":4}},"98":{"start":{"line":241,"column":20},"end":{"line":241,"column":34}},"99":{"start":{"line":242,"column":4},"end":{"line":242,"column":30}},"100":{"start":{"line":242,"column":18},"end":{"line":242,"column":30}},"101":{"start":{"line":243,"column":4},"end":{"line":246,"column":6}},"102":{"start":{"line":248,"column":2},"end":{"line":251,"column":4}},"103":{"start":{"line":254,"column":38},"end":{"line":271,"column":1}},"104":{"start":{"line":258,"column":23},"end":{"line":266,"column":4}},"105":{"start":{"line":259,"column":20},"end":{"line":259,"column":50}},"106":{"start":{"line":260,"column":4},"end":{"line":260,"column":56}},"107":{"start":{"line":260,"column":18},"end":{"line":260,"column":56}},"108":{"start":{"line":261,"column":23},"end":{"line":261,"column":39}},"109":{"start":{"line":262,"column":4},"end":{"line":265,"column":6}},"110":{"start":{"line":267,"column":2},"end":{"line":270,"column":4}},"111":{"start":{"line":273,"column":29},"end":{"line":287,"column":1}},"112":{"start":{"line":274,"column":23},"end":{"line":282,"column":4}},"113":{"start":{"line":275,"column":20},"end":{"line":275,"column":50}},"114":{"start":{"line":276,"column":4},"end":{"line":276,"column":30}},"115":{"start":{"line":276,"column":18},"end":{"line":276,"column":30}},"116":{"start":{"line":277,"column":23},"end":{"line":277,"column":28}},"117":{"start":{"line":278,"column":4},"end":{"line":281,"column":6}},"118":{"start":{"line":283,"column":2},"end":{"line":286,"column":4}},"119":{"start":{"line":289,"column":28},"end":{"line":295,"column":1}},"120":{"start":{"line":290,"column":16},"end":{"line":290,"column":26}},"121":{"start":{"line":291,"column":19},"end":{"line":291,"column":31}},"122":{"start":{"line":292,"column":16},"end":{"line":292,"column":54}},"123":{"start":{"line":293,"column":19},"end":{"line":293,"column":41}},"124":{"start":{"line":294,"column":2},"end":{"line":294,"column":53}},"125":{"start":{"line":297,"column":32},"end":{"line":320,"column":1}},"126":{"start":{"line":298,"column":15},"end":{"line":298,"column":50}},"127":{"start":{"line":299,"column":2},"end":{"line":299,"column":26}},"128":{"start":{"line":299,"column":13},"end":{"line":299,"column":26}},"129":{"start":{"line":300,"column":17},"end":{"line":300,"column":45}},"130":{"start":{"line":301,"column":2},"end":{"line":301,"column":28}},"131":{"start":{"line":301,"column":15},"end":{"line":301,"column":28}},"132":{"start":{"line":302,"column":19},"end":{"line":302,"column":34}},"133":{"start":{"line":303,"column":19},"end":{"line":303,"column":38}},"134":{"start":{"line":304,"column":16},"end":{"line":304,"column":48}},"135":{"start":{"line":305,"column":2},"end":{"line":305,"column":39}},"136":{"start":{"line":305,"column":26},"end":{"line":305,"column":39}},"137":{"start":{"line":306,"column":22},"end":{"line":311,"column":3}},"138":{"start":{"line":312,"column":20},"end":{"line":318,"column":4}},"139":{"start":{"line":313,"column":4},"end":{"line":313,"column":43}},"140":{"start":{"line":313,"column":31},"end":{"line":313,"column":43}},"141":{"start":{"line":314,"column":4},"end":{"line":317,"column":6}},"142":{"start":{"line":319,"column":2},"end":{"line":319,"column":33}},"143":{"start":{"line":322,"column":26},"end":{"line":328,"column":1}},"144":{"start":{"line":323,"column":16},"end":{"line":323,"column":26}},"145":{"start":{"line":324,"column":19},"end":{"line":324,"column":31}},"146":{"start":{"line":325,"column":16},"end":{"line":325,"column":54}},"147":{"start":{"line":326,"column":19},"end":{"line":326,"column":54}},"148":{"start":{"line":327,"column":2},"end":{"line":327,"column":53}},"149":{"start":{"line":330,"column":30},"end":{"line":352,"column":1}},"150":{"start":{"line":331,"column":15},"end":{"line":331,"column":50}},"151":{"start":{"line":332,"column":2},"end":{"line":332,"column":26}},"152":{"start":{"line":332,"column":13},"end":{"line":332,"column":26}},"153":{"start":{"line":333,"column":17},"end":{"line":333,"column":45}},"154":{"start":{"line":334,"column":2},"end":{"line":334,"column":28}},"155":{"start":{"line":334,"column":15},"end":{"line":334,"column":28}},"156":{"start":{"line":335,"column":19},"end":{"line":335,"column":34}},"157":{"start":{"line":336,"column":16},"end":{"line":336,"column":48}},"158":{"start":{"line":337,"column":2},"end":{"line":337,"column":32}},"159":{"start":{"line":337,"column":19},"end":{"line":337,"column":32}},"160":{"start":{"line":338,"column":22},"end":{"line":343,"column":3}},"161":{"start":{"line":344,"column":20},"end":{"line":350,"column":4}},"162":{"start":{"line":345,"column":4},"end":{"line":345,"column":43}},"163":{"start":{"line":345,"column":31},"end":{"line":345,"column":43}},"164":{"start":{"line":346,"column":4},"end":{"line":349,"column":6}},"165":{"start":{"line":351,"column":2},"end":{"line":351,"column":33}},"166":{"start":{"line":354,"column":28},"end":{"line":359,"column":1}},"167":{"start":{"line":355,"column":2},"end":{"line":355,"column":38}},"168":{"start":{"line":355,"column":25},"end":{"line":355,"column":38}},"169":{"start":{"line":356,"column":2},"end":{"line":356,"column":34}},"170":{"start":{"line":357,"column":15},"end":{"line":357,"column":31}},"171":{"start":{"line":358,"column":2},"end":{"line":358,"column":39}},"172":{"start":{"line":361,"column":28},"end":{"line":366,"column":1}},"173":{"start":{"line":362,"column":2},"end":{"line":362,"column":38}},"174":{"start":{"line":362,"column":25},"end":{"line":362,"column":38}},"175":{"start":{"line":363,"column":2},"end":{"line":363,"column":34}},"176":{"start":{"line":364,"column":15},"end":{"line":364,"column":31}},"177":{"start":{"line":365,"column":2},"end":{"line":365,"column":39}}},"fnMap":{"0":{"name":"(anonymous_0)","decl":{"start":{"line":7,"column":30},"end":{"line":7,"column":31}},"loc":{"start":{"line":7,"column":71},"end":{"line":13,"column":1}},"line":7},"1":{"name":"(anonymous_1)","decl":{"start":{"line":10,"column":30},"end":{"line":10,"column":31}},"loc":{"start":{"line":10,"column":43},"end":{"line":12,"column":3}},"line":10},"2":{"name":"(anonymous_2)","decl":{"start":{"line":15,"column":31},"end":{"line":15,"column":32}},"loc":{"start":{"line":19,"column":26},"end":{"line":22,"column":1}},"line":19},"3":{"name":"(anonymous_3)","decl":{"start":{"line":24,"column":26},"end":{"line":24,"column":27}},"loc":{"start":{"line":24,"column":67},"end":{"line":28,"column":1}},"line":24},"4":{"name":"(anonymous_4)","decl":{"start":{"line":30,"column":32},"end":{"line":30,"column":33}},"loc":{"start":{"line":30,"column":51},"end":{"line":43,"column":1}},"line":30},"5":{"name":"(anonymous_5)","decl":{"start":{"line":31,"column":46},"end":{"line":31,"column":47}},"loc":{"start":{"line":31,"column":56},"end":{"line":41,"column":3}},"line":31},"6":{"name":"(anonymous_6)","decl":{"start":{"line":45,"column":31},"end":{"line":45,"column":32}},"loc":{"start":{"line":46,"column":2},"end":{"line":51,"column":5}},"line":46},"7":{"name":"(anonymous_7)","decl":{"start":{"line":49,"column":6},"end":{"line":49,"column":7}},"loc":{"start":{"line":49,"column":22},"end":{"line":49,"column":49}},"line":49},"8":{"name":"(anonymous_8)","decl":{"start":{"line":53,"column":31},"end":{"line":53,"column":32}},"loc":{"start":{"line":53,"column":73},"end":{"line":82,"column":1}},"line":53},"9":{"name":"(anonymous_9)","decl":{"start":{"line":84,"column":34},"end":{"line":84,"column":35}},"loc":{"start":{"line":84,"column":77},"end":{"line":111,"column":1}},"line":84},"10":{"name":"(anonymous_10)","decl":{"start":{"line":90,"column":46},"end":{"line":90,"column":47}},"loc":{"start":{"line":90,"column":56},"end":{"line":104,"column":3}},"line":90},"11":{"name":"(anonymous_11)","decl":{"start":{"line":96,"column":39},"end":{"line":96,"column":40}},"loc":{"start":{"line":96,"column":47},"end":{"line":96,"column":60}},"line":96},"12":{"name":"(anonymous_12)","decl":{"start":{"line":113,"column":25},"end":{"line":113,"column":26}},"loc":{"start":{"line":113,"column":75},"end":{"line":171,"column":1}},"line":113},"13":{"name":"(anonymous_13)","decl":{"start":{"line":122,"column":48},"end":{"line":122,"column":49}},"loc":{"start":{"line":122,"column":58},"end":{"line":160,"column":5}},"line":122},"14":{"name":"(anonymous_14)","decl":{"start":{"line":140,"column":36},"end":{"line":140,"column":37}},"loc":{"start":{"line":140,"column":44},"end":{"line":140,"column":69}},"line":140},"15":{"name":"(anonymous_15)","decl":{"start":{"line":148,"column":41},"end":{"line":148,"column":42}},"loc":{"start":{"line":148,"column":49},"end":{"line":148,"column":74}},"line":148},"16":{"name":"(anonymous_16)","decl":{"start":{"line":173,"column":33},"end":{"line":173,"column":34}},"loc":{"start":{"line":176,"column":13},"end":{"line":181,"column":1}},"line":176},"17":{"name":"(anonymous_17)","decl":{"start":{"line":183,"column":23},"end":{"line":183,"column":24}},"loc":{"start":{"line":183,"column":50},"end":{"line":218,"column":1}},"line":183},"18":{"name":"(anonymous_18)","decl":{"start":{"line":186,"column":12},"end":{"line":186,"column":13}},"loc":{"start":{"line":186,"column":35},"end":{"line":186,"column":48}},"line":186},"19":{"name":"(anonymous_19)","decl":{"start":{"line":187,"column":9},"end":{"line":187,"column":10}},"loc":{"start":{"line":187,"column":21},"end":{"line":187,"column":23}},"line":187},"20":{"name":"(anonymous_20)","decl":{"start":{"line":189,"column":4},"end":{"line":189,"column":5}},"loc":{"start":{"line":189,"column":17},"end":{"line":191,"column":5}},"line":189},"21":{"name":"(anonymous_21)","decl":{"start":{"line":196,"column":12},"end":{"line":196,"column":13}},"loc":{"start":{"line":196,"column":33},"end":{"line":196,"column":44}},"line":196},"22":{"name":"(anonymous_22)","decl":{"start":{"line":197,"column":9},"end":{"line":197,"column":10}},"loc":{"start":{"line":197,"column":21},"end":{"line":197,"column":23}},"line":197},"23":{"name":"(anonymous_23)","decl":{"start":{"line":198,"column":48},"end":{"line":198,"column":49}},"loc":{"start":{"line":198,"column":61},"end":{"line":200,"column":3}},"line":198},"24":{"name":"(anonymous_24)","decl":{"start":{"line":220,"column":32},"end":{"line":220,"column":33}},"loc":{"start":{"line":220,"column":75},"end":{"line":234,"column":1}},"line":220},"25":{"name":"(anonymous_25)","decl":{"start":{"line":221,"column":46},"end":{"line":221,"column":47}},"loc":{"start":{"line":221,"column":56},"end":{"line":229,"column":3}},"line":221},"26":{"name":"(anonymous_26)","decl":{"start":{"line":236,"column":31},"end":{"line":236,"column":32}},"loc":{"start":{"line":239,"column":13},"end":{"line":252,"column":1}},"line":239},"27":{"name":"(anonymous_27)","decl":{"start":{"line":240,"column":46},"end":{"line":240,"column":47}},"loc":{"start":{"line":240,"column":56},"end":{"line":247,"column":3}},"line":240},"28":{"name":"(anonymous_28)","decl":{"start":{"line":254,"column":38},"end":{"line":254,"column":39}},"loc":{"start":{"line":257,"column":13},"end":{"line":271,"column":1}},"line":257},"29":{"name":"(anonymous_29)","decl":{"start":{"line":258,"column":46},"end":{"line":258,"column":47}},"loc":{"start":{"line":258,"column":56},"end":{"line":266,"column":3}},"line":258},"30":{"name":"(anonymous_30)","decl":{"start":{"line":273,"column":29},"end":{"line":273,"column":30}},"loc":{"start":{"line":273,"column":71},"end":{"line":287,"column":1}},"line":273},"31":{"name":"(anonymous_31)","decl":{"start":{"line":274,"column":46},"end":{"line":274,"column":47}},"loc":{"start":{"line":274,"column":56},"end":{"line":282,"column":3}},"line":274},"32":{"name":"(anonymous_32)","decl":{"start":{"line":289,"column":28},"end":{"line":289,"column":29}},"loc":{"start":{"line":289,"column":70},"end":{"line":295,"column":1}},"line":289},"33":{"name":"(anonymous_33)","decl":{"start":{"line":297,"column":32},"end":{"line":297,"column":33}},"loc":{"start":{"line":297,"column":74},"end":{"line":320,"column":1}},"line":297},"34":{"name":"(anonymous_34)","decl":{"start":{"line":312,"column":43},"end":{"line":312,"column":44}},"loc":{"start":{"line":312,"column":53},"end":{"line":318,"column":3}},"line":312},"35":{"name":"(anonymous_35)","decl":{"start":{"line":322,"column":26},"end":{"line":322,"column":27}},"loc":{"start":{"line":322,"column":68},"end":{"line":328,"column":1}},"line":322},"36":{"name":"(anonymous_36)","decl":{"start":{"line":330,"column":30},"end":{"line":330,"column":31}},"loc":{"start":{"line":330,"column":72},"end":{"line":352,"column":1}},"line":330},"37":{"name":"(anonymous_37)","decl":{"start":{"line":344,"column":43},"end":{"line":344,"column":44}},"loc":{"start":{"line":344,"column":53},"end":{"line":350,"column":3}},"line":344},"38":{"name":"(anonymous_38)","decl":{"start":{"line":354,"column":28},"end":{"line":354,"column":29}},"loc":{"start":{"line":354,"column":70},"end":{"line":359,"column":1}},"line":354},"39":{"name":"(anonymous_39)","decl":{"start":{"line":361,"column":28},"end":{"line":361,"column":29}},"loc":{"start":{"line":361,"column":70},"end":{"line":366,"column":1}},"line":361}},"branchMap":{"0":{"loc":{"start":{"line":9,"column":2},"end":{"line":9,"column":23}},"type":"if","locations":[{"start":{"line":9,"column":2},"end":{"line":9,"column":23}},{"start":{"line":9,"column":2},"end":{"line":9,"column":23}}],"line":9},"1":{"loc":{"start":{"line":26,"column":2},"end":{"line":26,"column":23}},"type":"if","locations":[{"start":{"line":26,"column":2},"end":{"line":26,"column":23}},{"start":{"line":26,"column":2},"end":{"line":26,"column":23}}],"line":26},"2":{"loc":{"start":{"line":34,"column":6},"end":{"line":36,"column":60}},"type":"binary-expr","locations":[{"start":{"line":34,"column":6},"end":{"line":34,"column":13}},{"start":{"line":35,"column":6},"end":{"line":35,"column":23}},{"start":{"line":36,"column":6},"end":{"line":36,"column":60}}],"line":34},"3":{"loc":{"start":{"line":54,"column":21},"end":{"line":54,"column":49}},"type":"binary-expr","locations":[{"start":{"line":54,"column":21},"end":{"line":54,"column":39}},{"start":{"line":54,"column":43},"end":{"line":54,"column":49}}],"line":54},"4":{"loc":{"start":{"line":88,"column":2},"end":{"line":88,"column":28}},"type":"if","locations":[{"start":{"line":88,"column":2},"end":{"line":88,"column":28}},{"start":{"line":88,"column":2},"end":{"line":88,"column":28}}],"line":88},"5":{"loc":{"start":{"line":91,"column":20},"end":{"line":91,"column":60}},"type":"binary-expr","locations":[{"start":{"line":91,"column":20},"end":{"line":91,"column":38}},{"start":{"line":91,"column":42},"end":{"line":91,"column":60}}],"line":91},"6":{"loc":{"start":{"line":93,"column":4},"end":{"line":97,"column":8}},"type":"if","locations":[{"start":{"line":93,"column":4},"end":{"line":97,"column":8}},{"start":{"line":93,"column":4},"end":{"line":97,"column":8}}],"line":93},"7":{"loc":{"start":{"line":98,"column":4},"end":{"line":102,"column":8}},"type":"if","locations":[{"start":{"line":98,"column":4},"end":{"line":102,"column":8}},{"start":{"line":98,"column":4},"end":{"line":102,"column":8}}],"line":98},"8":{"loc":{"start":{"line":108,"column":6},"end":{"line":108,"column":73}},"type":"binary-expr","locations":[{"start":{"line":108,"column":6},"end":{"line":108,"column":61}},{"start":{"line":108,"column":65},"end":{"line":108,"column":73}}],"line":108},"9":{"loc":{"start":{"line":114,"column":2},"end":{"line":166,"column":3}},"type":"if","locations":[{"start":{"line":114,"column":2},"end":{"line":166,"column":3}},{"start":{"line":114,"column":2},"end":{"line":166,"column":3}}],"line":114},"10":{"loc":{"start":{"line":120,"column":31},"end":{"line":120,"column":72}},"type":"binary-expr","locations":[{"start":{"line":120,"column":31},"end":{"line":120,"column":43}},{"start":{"line":120,"column":47},"end":{"line":120,"column":72}}],"line":120},"11":{"loc":{"start":{"line":121,"column":4},"end":{"line":121,"column":41}},"type":"if","locations":[{"start":{"line":121,"column":4},"end":{"line":121,"column":41}},{"start":{"line":121,"column":4},"end":{"line":121,"column":41}}],"line":121},"12":{"loc":{"start":{"line":125,"column":6},"end":{"line":133,"column":7}},"type":"if","locations":[{"start":{"line":125,"column":6},"end":{"line":133,"column":7}},{"start":{"line":125,"column":6},"end":{"line":133,"column":7}}],"line":125},"13":{"loc":{"start":{"line":135,"column":6},"end":{"line":143,"column":7}},"type":"if","locations":[{"start":{"line":135,"column":6},"end":{"line":143,"column":7}},{"start":{"line":135,"column":6},"end":{"line":143,"column":7}}],"line":135},"14":{"loc":{"start":{"line":145,"column":6},"end":{"line":150,"column":7}},"type":"if","locations":[{"start":{"line":145,"column":6},"end":{"line":150,"column":7}},{"start":{"line":145,"column":6},"end":{"line":150,"column":7}}],"line":145},"15":{"loc":{"start":{"line":152,"column":6},"end":{"line":158,"column":7}},"type":"if","locations":[{"start":{"line":152,"column":6},"end":{"line":158,"column":7}},{"start":{"line":152,"column":6},"end":{"line":158,"column":7}}],"line":152},"16":{"loc":{"start":{"line":201,"column":2},"end":{"line":217,"column":3}},"type":"if","locations":[{"start":{"line":201,"column":2},"end":{"line":217,"column":3}},{"start":{"line":201,"column":2},"end":{"line":217,"column":3}}],"line":201},"17":{"loc":{"start":{"line":201,"column":6},"end":{"line":201,"column":64}},"type":"binary-expr","locations":[{"start":{"line":201,"column":6},"end":{"line":201,"column":28}},{"start":{"line":201,"column":32},"end":{"line":201,"column":64}}],"line":201},"18":{"loc":{"start":{"line":223,"column":4},"end":{"line":223,"column":30}},"type":"if","locations":[{"start":{"line":223,"column":4},"end":{"line":223,"column":30}},{"start":{"line":223,"column":4},"end":{"line":223,"column":30}}],"line":223},"19":{"loc":{"start":{"line":242,"column":4},"end":{"line":242,"column":30}},"type":"if","locations":[{"start":{"line":242,"column":4},"end":{"line":242,"column":30}},{"start":{"line":242,"column":4},"end":{"line":242,"column":30}}],"line":242},"20":{"loc":{"start":{"line":260,"column":4},"end":{"line":260,"column":56}},"type":"if","locations":[{"start":{"line":260,"column":4},"end":{"line":260,"column":56}},{"start":{"line":260,"column":4},"end":{"line":260,"column":56}}],"line":260},"21":{"loc":{"start":{"line":276,"column":4},"end":{"line":276,"column":30}},"type":"if","locations":[{"start":{"line":276,"column":4},"end":{"line":276,"column":30}},{"start":{"line":276,"column":4},"end":{"line":276,"column":30}}],"line":276},"22":{"loc":{"start":{"line":299,"column":2},"end":{"line":299,"column":26}},"type":"if","locations":[{"start":{"line":299,"column":2},"end":{"line":299,"column":26}},{"start":{"line":299,"column":2},"end":{"line":299,"column":26}}],"line":299},"23":{"loc":{"start":{"line":301,"column":2},"end":{"line":301,"column":28}},"type":"if","locations":[{"start":{"line":301,"column":2},"end":{"line":301,"column":28}},{"start":{"line":301,"column":2},"end":{"line":301,"column":28}}],"line":301},"24":{"loc":{"start":{"line":305,"column":2},"end":{"line":305,"column":39}},"type":"if","locations":[{"start":{"line":305,"column":2},"end":{"line":305,"column":39}},{"start":{"line":305,"column":2},"end":{"line":305,"column":39}}],"line":305},"25":{"loc":{"start":{"line":313,"column":4},"end":{"line":313,"column":43}},"type":"if","locations":[{"start":{"line":313,"column":4},"end":{"line":313,"column":43}},{"start":{"line":313,"column":4},"end":{"line":313,"column":43}}],"line":313},"26":{"loc":{"start":{"line":332,"column":2},"end":{"line":332,"column":26}},"type":"if","locations":[{"start":{"line":332,"column":2},"end":{"line":332,"column":26}},{"start":{"line":332,"column":2},"end":{"line":332,"column":26}}],"line":332},"27":{"loc":{"start":{"line":334,"column":2},"end":{"line":334,"column":28}},"type":"if","locations":[{"start":{"line":334,"column":2},"end":{"line":334,"column":28}},{"start":{"line":334,"column":2},"end":{"line":334,"column":28}}],"line":334},"28":{"loc":{"start":{"line":337,"column":2},"end":{"line":337,"column":32}},"type":"if","locations":[{"start":{"line":337,"column":2},"end":{"line":337,"column":32}},{"start":{"line":337,"column":2},"end":{"line":337,"column":32}}],"line":337},"29":{"loc":{"start":{"line":345,"column":4},"end":{"line":345,"column":43}},"type":"if","locations":[{"start":{"line":345,"column":4},"end":{"line":345,"column":43}},{"start":{"line":345,"column":4},"end":{"line":345,"column":43}}],"line":345},"30":{"loc":{"start":{"line":355,"column":2},"end":{"line":355,"column":38}},"type":"if","locations":[{"start":{"line":355,"column":2},"end":{"line":355,"column":38}},{"start":{"line":355,"column":2},"end":{"line":355,"column":38}}],"line":355},"31":{"loc":{"start":{"line":362,"column":2},"end":{"line":362,"column":38}},"type":"if","locations":[{"start":{"line":362,"column":2},"end":{"line":362,"column":38}},{"start":{"line":362,"column":2},"end":{"line":362,"column":38}}],"line":362}},"s":{"0":4,"1":1109,"2":1109,"3":10,"4":1099,"5":639,"6":4,"7":4,"8":4,"9":4,"10":464,"11":464,"12":193,"13":271,"14":4,"15":189,"16":609,"17":609,"18":609,"19":189,"20":4,"21":240,"22":738,"23":4,"24":82,"25":82,"26":82,"27":82,"28":82,"29":82,"30":4,"31":4,"32":4,"33":4,"34":4,"35":2,"36":2,"37":2,"38":6,"39":6,"40":6,"41":2,"42":4,"43":4,"44":2,"45":2,"46":2,"47":4,"48":5,"49":4,"50":4,"51":4,"52":1,"53":3,"54":16,"55":16,"56":2,"57":14,"58":3,"59":2,"60":11,"61":2,"62":6,"63":9,"64":3,"65":6,"66":3,"67":1,"68":4,"69":3,"70":4,"71":189,"72":189,"73":609,"74":4,"75":189,"76":4,"77":189,"78":189,"79":609,"80":1,"81":189,"82":1,"83":189,"84":187,"85":187,"86":187,"87":2,"88":4,"89":1,"90":4,"91":4,"92":3,"93":1,"94":1,"95":1,"96":4,"97":1,"98":4,"99":4,"100":3,"101":1,"102":1,"103":4,"104":4,"105":16,"106":16,"107":12,"108":4,"109":4,"110":4,"111":4,"112":1,"113":4,"114":4,"115":3,"116":1,"117":1,"118":1,"119":4,"120":34,"121":34,"122":34,"123":34,"124":34,"125":4,"126":6,"127":6,"128":1,"129":5,"130":5,"131":1,"132":4,"133":4,"134":4,"135":4,"136":1,"137":3,"138":3,"139":12,"140":9,"141":3,"142":3,"143":4,"144":10,"145":10,"146":10,"147":10,"148":10,"149":4,"150":9,"151":9,"152":1,"153":8,"154":8,"155":1,"156":7,"157":7,"158":7,"159":3,"160":4,"161":4,"162":16,"163":12,"164":4,"165":4,"166":4,"167":17,"168":4,"169":13,"170":13,"171":13,"172":4,"173":6,"174":1,"175":5,"176":5,"177":5},"f":{"0":1109,"1":639,"2":4,"3":464,"4":189,"5":609,"6":240,"7":738,"8":82,"9":4,"10":6,"11":4,"12":5,"13":16,"14":2,"15":6,"16":3,"17":189,"18":609,"19":4,"20":4,"21":609,"22":1,"23":1,"24":1,"25":4,"26":1,"27":4,"28":4,"29":16,"30":1,"31":4,"32":34,"33":6,"34":12,"35":10,"36":9,"37":16,"38":17,"39":6},"b":{"0":[10,1099],"1":[193,271],"2":[609,12,8],"3":[82,3],"4":[2,2],"5":[6,2],"6":[2,4],"7":[2,2],"8":[2,1],"9":[4,1],"10":[4,3],"11":[1,3],"12":[2,14],"13":[3,11],"14":[2,9],"15":[3,6],"16":[187,2],"17":[189,3],"18":[3,1],"19":[3,1],"20":[12,4],"21":[3,1],"22":[1,5],"23":[1,4],"24":[1,3],"25":[9,3],"26":[1,8],"27":[1,7],"28":[3,4],"29":[12,4],"30":[4,13],"31":[1,5]},"_coverageSchema":"43e27e138ebf9cfc5966b082cf9a028302ed4184","hash":"18c373446d6572f40eb8eb03e1ffb1856b093a5f"}
}
