{"C:\\Users\\g5enovi\\Repos\\aeroaquaponic-monorepo\\misc\\tree-of-abstraction\\src\\services\\main.service.ts": {"path":"C:\\Users\\g5enovi\\Repos\\aeroaquaponic-monorepo\\misc\\tree-of-abstraction\\src\\services\\main.service.ts","statementMap":{"0":{"start":{"line":15,"column":23},"end":{"line":21,"column":1}},"1":{"start":{"line":16,"column":15},"end":{"line":16,"column":34}},"2":{"start":{"line":17,"column":2},"end":{"line":17,"column":23}},"3":{"start":{"line":17,"column":13},"end":{"line":17,"column":23}},"4":{"start":{"line":18,"column":2},"end":{"line":20,"column":21}},"5":{"start":{"line":19,"column":4},"end":{"line":19,"column":66}},"6":{"start":{"line":23,"column":19},"end":{"line":27,"column":1}},"7":{"start":{"line":24,"column":15},"end":{"line":24,"column":34}},"8":{"start":{"line":25,"column":2},"end":{"line":25,"column":23}},"9":{"start":{"line":25,"column":13},"end":{"line":25,"column":23}},"10":{"start":{"line":26,"column":2},"end":{"line":26,"column":49}},"11":{"start":{"line":29,"column":25},"end":{"line":40,"column":1}},"12":{"start":{"line":30,"column":23},"end":{"line":38,"column":4}},"13":{"start":{"line":31,"column":18},"end":{"line":31,"column":39}},"14":{"start":{"line":33,"column":6},"end":{"line":33,"column":71}},"15":{"start":{"line":34,"column":4},"end":{"line":37,"column":6}},"16":{"start":{"line":39,"column":2},"end":{"line":39,"column":22}},"17":{"start":{"line":42,"column":24},"end":{"line":48,"column":5}},"18":{"start":{"line":43,"column":2},"end":{"line":48,"column":5}},"19":{"start":{"line":46,"column":22},"end":{"line":46,"column":49}},"20":{"start":{"line":50,"column":27},"end":{"line":55,"column":1}},"21":{"start":{"line":51,"column":2},"end":{"line":54,"column":4}},"22":{"start":{"line":57,"column":26},"end":{"line":88,"column":1}},"23":{"start":{"line":58,"column":2},"end":{"line":58,"column":40}},"24":{"start":{"line":58,"column":27},"end":{"line":58,"column":40}},"25":{"start":{"line":59,"column":2},"end":{"line":59,"column":23}},"26":{"start":{"line":60,"column":2},"end":{"line":60,"column":34}},"27":{"start":{"line":61,"column":21},"end":{"line":61,"column":49}},"28":{"start":{"line":62,"column":25},"end":{"line":71,"column":3}},"29":{"start":{"line":72,"column":17},"end":{"line":72,"column":44}},"30":{"start":{"line":73,"column":20},"end":{"line":78,"column":3}},"31":{"start":{"line":79,"column":20},"end":{"line":83,"column":3}},"32":{"start":{"line":84,"column":2},"end":{"line":87,"column":4}},"33":{"start":{"line":90,"column":24},"end":{"line":120,"column":1}},"34":{"start":{"line":91,"column":2},"end":{"line":91,"column":23}},"35":{"start":{"line":92,"column":2},"end":{"line":92,"column":34}},"36":{"start":{"line":93,"column":21},"end":{"line":93,"column":49}},"37":{"start":{"line":94,"column":25},"end":{"line":103,"column":3}},"38":{"start":{"line":104,"column":17},"end":{"line":104,"column":44}},"39":{"start":{"line":105,"column":20},"end":{"line":110,"column":3}},"40":{"start":{"line":111,"column":20},"end":{"line":115,"column":3}},"41":{"start":{"line":116,"column":2},"end":{"line":119,"column":4}},"42":{"start":{"line":122,"column":30},"end":{"line":147,"column":1}},"43":{"start":{"line":123,"column":2},"end":{"line":123,"column":23}},"44":{"start":{"line":124,"column":2},"end":{"line":124,"column":34}},"45":{"start":{"line":125,"column":22},"end":{"line":125,"column":63}},"46":{"start":{"line":126,"column":17},"end":{"line":126,"column":44}},"47":{"start":{"line":127,"column":19},"end":{"line":127,"column":50}},"48":{"start":{"line":128,"column":23},"end":{"line":142,"column":4}},"49":{"start":{"line":129,"column":20},"end":{"line":129,"column":60}},"50":{"start":{"line":130,"column":21},"end":{"line":130,"column":41}},"51":{"start":{"line":131,"column":4},"end":{"line":135,"column":8}},"52":{"start":{"line":132,"column":6},"end":{"line":135,"column":8}},"53":{"start":{"line":134,"column":47},"end":{"line":134,"column":60}},"54":{"start":{"line":136,"column":4},"end":{"line":140,"column":8}},"55":{"start":{"line":137,"column":6},"end":{"line":140,"column":8}},"56":{"start":{"line":141,"column":4},"end":{"line":141,"column":16}},"57":{"start":{"line":143,"column":2},"end":{"line":146,"column":4}},"58":{"start":{"line":149,"column":27},"end":{"line":176,"column":1}},"59":{"start":{"line":150,"column":2},"end":{"line":150,"column":23}},"60":{"start":{"line":151,"column":2},"end":{"line":151,"column":34}},"61":{"start":{"line":152,"column":17},"end":{"line":152,"column":35}},"62":{"start":{"line":153,"column":19},"end":{"line":153,"column":50}},"63":{"start":{"line":154,"column":17},"end":{"line":154,"column":42}},"64":{"start":{"line":155,"column":2},"end":{"line":155,"column":28}},"65":{"start":{"line":155,"column":15},"end":{"line":155,"column":28}},"66":{"start":{"line":156,"column":23},"end":{"line":170,"column":4}},"67":{"start":{"line":157,"column":20},"end":{"line":157,"column":60}},"68":{"start":{"line":158,"column":21},"end":{"line":158,"column":41}},"69":{"start":{"line":159,"column":4},"end":{"line":163,"column":8}},"70":{"start":{"line":160,"column":6},"end":{"line":163,"column":8}},"71":{"start":{"line":162,"column":47},"end":{"line":162,"column":60}},"72":{"start":{"line":164,"column":4},"end":{"line":168,"column":8}},"73":{"start":{"line":165,"column":6},"end":{"line":168,"column":8}},"74":{"start":{"line":169,"column":4},"end":{"line":169,"column":16}},"75":{"start":{"line":171,"column":2},"end":{"line":175,"column":4}},"76":{"start":{"line":178,"column":18},"end":{"line":183,"column":1}},"77":{"start":{"line":179,"column":2},"end":{"line":182,"column":4}},"78":{"start":{"line":185,"column":26},"end":{"line":190,"column":1}},"79":{"start":{"line":186,"column":2},"end":{"line":189,"column":4}},"80":{"start":{"line":192,"column":16},"end":{"line":227,"column":1}},"81":{"start":{"line":193,"column":22},"end":{"line":193,"column":64}},"82":{"start":{"line":194,"column":22},"end":{"line":196,"column":24}},"83":{"start":{"line":195,"column":35},"end":{"line":195,"column":48}},"84":{"start":{"line":196,"column":21},"end":{"line":196,"column":23}},"85":{"start":{"line":197,"column":29},"end":{"line":202,"column":3}},"86":{"start":{"line":199,"column":6},"end":{"line":199,"column":48}},"87":{"start":{"line":203,"column":26},"end":{"line":203,"column":63}},"88":{"start":{"line":204,"column":20},"end":{"line":206,"column":24}},"89":{"start":{"line":205,"column":33},"end":{"line":205,"column":44}},"90":{"start":{"line":206,"column":21},"end":{"line":206,"column":23}},"91":{"start":{"line":207,"column":31},"end":{"line":209,"column":20}},"92":{"start":{"line":208,"column":4},"end":{"line":208,"column":50}},"93":{"start":{"line":210,"column":2},"end":{"line":226,"column":3}},"94":{"start":{"line":211,"column":22},"end":{"line":215,"column":5}},"95":{"start":{"line":216,"column":17},"end":{"line":216,"column":51}},"96":{"start":{"line":217,"column":4},"end":{"line":217,"column":30}},"97":{"start":{"line":219,"column":4},"end":{"line":225,"column":6}},"98":{"start":{"line":229,"column":21},"end":{"line":245,"column":1}},"99":{"start":{"line":230,"column":22},"end":{"line":230,"column":65}},"100":{"start":{"line":231,"column":23},"end":{"line":240,"column":4}},"101":{"start":{"line":232,"column":28},"end":{"line":232,"column":62}},"102":{"start":{"line":233,"column":20},"end":{"line":233,"column":51}},"103":{"start":{"line":234,"column":4},"end":{"line":234,"column":30}},"104":{"start":{"line":234,"column":18},"end":{"line":234,"column":30}},"105":{"start":{"line":235,"column":24},"end":{"line":235,"column":41}},"106":{"start":{"line":236,"column":4},"end":{"line":239,"column":6}},"107":{"start":{"line":241,"column":2},"end":{"line":244,"column":4}},"108":{"start":{"line":247,"column":29},"end":{"line":261,"column":1}},"109":{"start":{"line":248,"column":23},"end":{"line":256,"column":4}},"110":{"start":{"line":249,"column":20},"end":{"line":249,"column":50}},"111":{"start":{"line":250,"column":4},"end":{"line":250,"column":30}},"112":{"start":{"line":250,"column":18},"end":{"line":250,"column":30}},"113":{"start":{"line":251,"column":24},"end":{"line":251,"column":41}},"114":{"start":{"line":252,"column":4},"end":{"line":255,"column":6}},"115":{"start":{"line":257,"column":2},"end":{"line":260,"column":4}},"116":{"start":{"line":263,"column":24},"end":{"line":276,"column":1}},"117":{"start":{"line":264,"column":23},"end":{"line":271,"column":4}},"118":{"start":{"line":265,"column":20},"end":{"line":265,"column":34}},"119":{"start":{"line":266,"column":4},"end":{"line":266,"column":30}},"120":{"start":{"line":266,"column":18},"end":{"line":266,"column":30}},"121":{"start":{"line":267,"column":4},"end":{"line":270,"column":6}},"122":{"start":{"line":272,"column":2},"end":{"line":275,"column":4}},"123":{"start":{"line":278,"column":23},"end":{"line":294,"column":1}},"124":{"start":{"line":279,"column":22},"end":{"line":279,"column":61}},"125":{"start":{"line":280,"column":23},"end":{"line":289,"column":4}},"126":{"start":{"line":281,"column":28},"end":{"line":281,"column":62}},"127":{"start":{"line":282,"column":20},"end":{"line":282,"column":51}},"128":{"start":{"line":283,"column":4},"end":{"line":283,"column":30}},"129":{"start":{"line":283,"column":18},"end":{"line":283,"column":30}},"130":{"start":{"line":284,"column":23},"end":{"line":284,"column":39}},"131":{"start":{"line":285,"column":4},"end":{"line":288,"column":6}},"132":{"start":{"line":290,"column":2},"end":{"line":293,"column":4}},"133":{"start":{"line":296,"column":31},"end":{"line":310,"column":1}},"134":{"start":{"line":297,"column":23},"end":{"line":305,"column":4}},"135":{"start":{"line":298,"column":20},"end":{"line":298,"column":50}},"136":{"start":{"line":299,"column":4},"end":{"line":299,"column":30}},"137":{"start":{"line":299,"column":18},"end":{"line":299,"column":30}},"138":{"start":{"line":300,"column":23},"end":{"line":300,"column":39}},"139":{"start":{"line":301,"column":4},"end":{"line":304,"column":6}},"140":{"start":{"line":306,"column":2},"end":{"line":309,"column":4}},"141":{"start":{"line":312,"column":22},"end":{"line":326,"column":1}},"142":{"start":{"line":313,"column":23},"end":{"line":321,"column":4}},"143":{"start":{"line":314,"column":20},"end":{"line":314,"column":50}},"144":{"start":{"line":315,"column":4},"end":{"line":315,"column":30}},"145":{"start":{"line":315,"column":18},"end":{"line":315,"column":30}},"146":{"start":{"line":316,"column":23},"end":{"line":316,"column":28}},"147":{"start":{"line":317,"column":4},"end":{"line":320,"column":6}},"148":{"start":{"line":322,"column":2},"end":{"line":325,"column":4}},"149":{"start":{"line":328,"column":21},"end":{"line":334,"column":1}},"150":{"start":{"line":329,"column":16},"end":{"line":329,"column":26}},"151":{"start":{"line":330,"column":19},"end":{"line":330,"column":31}},"152":{"start":{"line":331,"column":16},"end":{"line":331,"column":54}},"153":{"start":{"line":332,"column":19},"end":{"line":332,"column":41}},"154":{"start":{"line":333,"column":2},"end":{"line":333,"column":53}},"155":{"start":{"line":336,"column":25},"end":{"line":359,"column":1}},"156":{"start":{"line":337,"column":15},"end":{"line":337,"column":50}},"157":{"start":{"line":338,"column":2},"end":{"line":338,"column":26}},"158":{"start":{"line":338,"column":13},"end":{"line":338,"column":26}},"159":{"start":{"line":339,"column":17},"end":{"line":339,"column":45}},"160":{"start":{"line":340,"column":2},"end":{"line":340,"column":28}},"161":{"start":{"line":340,"column":15},"end":{"line":340,"column":28}},"162":{"start":{"line":341,"column":19},"end":{"line":341,"column":34}},"163":{"start":{"line":342,"column":19},"end":{"line":342,"column":38}},"164":{"start":{"line":343,"column":16},"end":{"line":343,"column":48}},"165":{"start":{"line":344,"column":2},"end":{"line":344,"column":39}},"166":{"start":{"line":344,"column":26},"end":{"line":344,"column":39}},"167":{"start":{"line":345,"column":22},"end":{"line":350,"column":3}},"168":{"start":{"line":351,"column":20},"end":{"line":357,"column":4}},"169":{"start":{"line":352,"column":4},"end":{"line":352,"column":43}},"170":{"start":{"line":352,"column":31},"end":{"line":352,"column":43}},"171":{"start":{"line":353,"column":4},"end":{"line":356,"column":6}},"172":{"start":{"line":358,"column":2},"end":{"line":358,"column":33}},"173":{"start":{"line":361,"column":19},"end":{"line":368,"column":1}},"174":{"start":{"line":362,"column":2},"end":{"line":362,"column":21}},"175":{"start":{"line":363,"column":16},"end":{"line":363,"column":26}},"176":{"start":{"line":364,"column":19},"end":{"line":364,"column":31}},"177":{"start":{"line":365,"column":16},"end":{"line":365,"column":54}},"178":{"start":{"line":366,"column":19},"end":{"line":366,"column":54}},"179":{"start":{"line":367,"column":2},"end":{"line":367,"column":53}},"180":{"start":{"line":370,"column":23},"end":{"line":392,"column":1}},"181":{"start":{"line":371,"column":15},"end":{"line":371,"column":50}},"182":{"start":{"line":372,"column":2},"end":{"line":372,"column":26}},"183":{"start":{"line":372,"column":13},"end":{"line":372,"column":26}},"184":{"start":{"line":373,"column":17},"end":{"line":373,"column":45}},"185":{"start":{"line":374,"column":2},"end":{"line":374,"column":28}},"186":{"start":{"line":374,"column":15},"end":{"line":374,"column":28}},"187":{"start":{"line":375,"column":19},"end":{"line":375,"column":34}},"188":{"start":{"line":376,"column":16},"end":{"line":376,"column":48}},"189":{"start":{"line":377,"column":2},"end":{"line":377,"column":32}},"190":{"start":{"line":377,"column":19},"end":{"line":377,"column":32}},"191":{"start":{"line":378,"column":22},"end":{"line":383,"column":3}},"192":{"start":{"line":384,"column":20},"end":{"line":390,"column":4}},"193":{"start":{"line":385,"column":4},"end":{"line":385,"column":43}},"194":{"start":{"line":385,"column":31},"end":{"line":385,"column":43}},"195":{"start":{"line":386,"column":4},"end":{"line":389,"column":6}},"196":{"start":{"line":391,"column":2},"end":{"line":391,"column":33}},"197":{"start":{"line":394,"column":21},"end":{"line":400,"column":1}},"198":{"start":{"line":395,"column":2},"end":{"line":395,"column":38}},"199":{"start":{"line":395,"column":25},"end":{"line":395,"column":38}},"200":{"start":{"line":396,"column":2},"end":{"line":396,"column":34}},"201":{"start":{"line":397,"column":15},"end":{"line":397,"column":30}},"202":{"start":{"line":398,"column":2},"end":{"line":398,"column":26}},"203":{"start":{"line":398,"column":13},"end":{"line":398,"column":26}},"204":{"start":{"line":399,"column":2},"end":{"line":399,"column":39}},"205":{"start":{"line":402,"column":21},"end":{"line":408,"column":1}},"206":{"start":{"line":403,"column":2},"end":{"line":403,"column":38}},"207":{"start":{"line":403,"column":25},"end":{"line":403,"column":38}},"208":{"start":{"line":404,"column":2},"end":{"line":404,"column":34}},"209":{"start":{"line":405,"column":15},"end":{"line":405,"column":30}},"210":{"start":{"line":406,"column":2},"end":{"line":406,"column":26}},"211":{"start":{"line":406,"column":13},"end":{"line":406,"column":26}},"212":{"start":{"line":407,"column":2},"end":{"line":407,"column":39}},"213":{"start":{"line":410,"column":21},"end":{"line":415,"column":1}},"214":{"start":{"line":411,"column":2},"end":{"line":414,"column":4}},"215":{"start":{"line":417,"column":19},"end":{"line":535,"column":1}},"216":{"start":{"line":417,"column":38},"end":{"line":535,"column":1}},"217":{"start":{"line":420,"column":4},"end":{"line":423,"column":50}},"218":{"start":{"line":425,"column":4},"end":{"line":428,"column":43}},"219":{"start":{"line":430,"column":4},"end":{"line":433,"column":52}},"220":{"start":{"line":435,"column":4},"end":{"line":438,"column":45}},"221":{"start":{"line":440,"column":4},"end":{"line":443,"column":42}},"222":{"start":{"line":445,"column":4},"end":{"line":448,"column":40}},"223":{"start":{"line":450,"column":4},"end":{"line":453,"column":46}},"224":{"start":{"line":455,"column":4},"end":{"line":458,"column":44}},"225":{"start":{"line":460,"column":4},"end":{"line":463,"column":48}},"226":{"start":{"line":465,"column":4},"end":{"line":468,"column":42}},"227":{"start":{"line":470,"column":4},"end":{"line":473,"column":42}},"228":{"start":{"line":477,"column":4},"end":{"line":479,"column":44}},"229":{"start":{"line":481,"column":4},"end":{"line":483,"column":48}},"230":{"start":{"line":485,"column":4},"end":{"line":487,"column":47}},"231":{"start":{"line":489,"column":4},"end":{"line":491,"column":45}},"232":{"start":{"line":493,"column":4},"end":{"line":495,"column":39}},"233":{"start":{"line":497,"column":4},"end":{"line":499,"column":47}},"234":{"start":{"line":501,"column":4},"end":{"line":503,"column":42}},"235":{"start":{"line":505,"column":4},"end":{"line":507,"column":51}},"236":{"start":{"line":510,"column":4},"end":{"line":529,"column":9}},"237":{"start":{"line":531,"column":2},"end":{"line":534,"column":5}},"238":{"start":{"line":537,"column":24},"end":{"line":538,"column":62}},"239":{"start":{"line":538,"column":2},"end":{"line":538,"column":62}},"240":{"start":{"line":538,"column":32},"end":{"line":538,"column":47}}},"fnMap":{"0":{"name":"(anonymous_0)","decl":{"start":{"line":15,"column":23},"end":{"line":15,"column":24}},"loc":{"start":{"line":15,"column":64},"end":{"line":21,"column":1}},"line":15},"1":{"name":"(anonymous_1)","decl":{"start":{"line":18,"column":30},"end":{"line":18,"column":31}},"loc":{"start":{"line":18,"column":43},"end":{"line":20,"column":3}},"line":18},"2":{"name":"(anonymous_2)","decl":{"start":{"line":23,"column":19},"end":{"line":23,"column":20}},"loc":{"start":{"line":23,"column":60},"end":{"line":27,"column":1}},"line":23},"3":{"name":"(anonymous_3)","decl":{"start":{"line":29,"column":25},"end":{"line":29,"column":26}},"loc":{"start":{"line":29,"column":44},"end":{"line":40,"column":1}},"line":29},"4":{"name":"(anonymous_4)","decl":{"start":{"line":30,"column":46},"end":{"line":30,"column":47}},"loc":{"start":{"line":30,"column":56},"end":{"line":38,"column":3}},"line":30},"5":{"name":"(anonymous_5)","decl":{"start":{"line":42,"column":24},"end":{"line":42,"column":25}},"loc":{"start":{"line":43,"column":2},"end":{"line":48,"column":5}},"line":43},"6":{"name":"(anonymous_6)","decl":{"start":{"line":46,"column":6},"end":{"line":46,"column":7}},"loc":{"start":{"line":46,"column":22},"end":{"line":46,"column":49}},"line":46},"7":{"name":"(anonymous_7)","decl":{"start":{"line":50,"column":27},"end":{"line":50,"column":28}},"loc":{"start":{"line":50,"column":75},"end":{"line":55,"column":1}},"line":50},"8":{"name":"(anonymous_8)","decl":{"start":{"line":57,"column":26},"end":{"line":57,"column":27}},"loc":{"start":{"line":57,"column":68},"end":{"line":88,"column":1}},"line":57},"9":{"name":"(anonymous_9)","decl":{"start":{"line":90,"column":24},"end":{"line":90,"column":25}},"loc":{"start":{"line":90,"column":66},"end":{"line":120,"column":1}},"line":90},"10":{"name":"(anonymous_10)","decl":{"start":{"line":122,"column":30},"end":{"line":122,"column":31}},"loc":{"start":{"line":122,"column":73},"end":{"line":147,"column":1}},"line":122},"11":{"name":"(anonymous_11)","decl":{"start":{"line":128,"column":46},"end":{"line":128,"column":47}},"loc":{"start":{"line":128,"column":56},"end":{"line":142,"column":3}},"line":128},"12":{"name":"(anonymous_12)","decl":{"start":{"line":134,"column":39},"end":{"line":134,"column":40}},"loc":{"start":{"line":134,"column":47},"end":{"line":134,"column":60}},"line":134},"13":{"name":"(anonymous_13)","decl":{"start":{"line":149,"column":27},"end":{"line":149,"column":28}},"loc":{"start":{"line":149,"column":70},"end":{"line":176,"column":1}},"line":149},"14":{"name":"(anonymous_14)","decl":{"start":{"line":156,"column":46},"end":{"line":156,"column":47}},"loc":{"start":{"line":156,"column":56},"end":{"line":170,"column":3}},"line":156},"15":{"name":"(anonymous_15)","decl":{"start":{"line":162,"column":39},"end":{"line":162,"column":40}},"loc":{"start":{"line":162,"column":47},"end":{"line":162,"column":60}},"line":162},"16":{"name":"(anonymous_16)","decl":{"start":{"line":178,"column":18},"end":{"line":178,"column":19}},"loc":{"start":{"line":178,"column":61},"end":{"line":183,"column":1}},"line":178},"17":{"name":"(anonymous_17)","decl":{"start":{"line":185,"column":26},"end":{"line":185,"column":27}},"loc":{"start":{"line":185,"column":74},"end":{"line":190,"column":1}},"line":185},"18":{"name":"(anonymous_18)","decl":{"start":{"line":192,"column":16},"end":{"line":192,"column":17}},"loc":{"start":{"line":192,"column":43},"end":{"line":227,"column":1}},"line":192},"19":{"name":"(anonymous_19)","decl":{"start":{"line":195,"column":12},"end":{"line":195,"column":13}},"loc":{"start":{"line":195,"column":35},"end":{"line":195,"column":48}},"line":195},"20":{"name":"(anonymous_20)","decl":{"start":{"line":196,"column":9},"end":{"line":196,"column":10}},"loc":{"start":{"line":196,"column":21},"end":{"line":196,"column":23}},"line":196},"21":{"name":"(anonymous_21)","decl":{"start":{"line":198,"column":4},"end":{"line":198,"column":5}},"loc":{"start":{"line":198,"column":17},"end":{"line":200,"column":5}},"line":198},"22":{"name":"(anonymous_22)","decl":{"start":{"line":205,"column":12},"end":{"line":205,"column":13}},"loc":{"start":{"line":205,"column":33},"end":{"line":205,"column":44}},"line":205},"23":{"name":"(anonymous_23)","decl":{"start":{"line":206,"column":9},"end":{"line":206,"column":10}},"loc":{"start":{"line":206,"column":21},"end":{"line":206,"column":23}},"line":206},"24":{"name":"(anonymous_24)","decl":{"start":{"line":207,"column":48},"end":{"line":207,"column":49}},"loc":{"start":{"line":207,"column":61},"end":{"line":209,"column":3}},"line":207},"25":{"name":"(anonymous_25)","decl":{"start":{"line":229,"column":21},"end":{"line":229,"column":22}},"loc":{"start":{"line":229,"column":64},"end":{"line":245,"column":1}},"line":229},"26":{"name":"(anonymous_26)","decl":{"start":{"line":231,"column":46},"end":{"line":231,"column":47}},"loc":{"start":{"line":231,"column":56},"end":{"line":240,"column":3}},"line":231},"27":{"name":"(anonymous_27)","decl":{"start":{"line":247,"column":29},"end":{"line":247,"column":30}},"loc":{"start":{"line":247,"column":72},"end":{"line":261,"column":1}},"line":247},"28":{"name":"(anonymous_28)","decl":{"start":{"line":248,"column":46},"end":{"line":248,"column":47}},"loc":{"start":{"line":248,"column":56},"end":{"line":256,"column":3}},"line":248},"29":{"name":"(anonymous_29)","decl":{"start":{"line":263,"column":24},"end":{"line":263,"column":25}},"loc":{"start":{"line":263,"column":74},"end":{"line":276,"column":1}},"line":263},"30":{"name":"(anonymous_30)","decl":{"start":{"line":264,"column":46},"end":{"line":264,"column":47}},"loc":{"start":{"line":264,"column":56},"end":{"line":271,"column":3}},"line":264},"31":{"name":"(anonymous_31)","decl":{"start":{"line":278,"column":23},"end":{"line":278,"column":24}},"loc":{"start":{"line":278,"column":66},"end":{"line":294,"column":1}},"line":278},"32":{"name":"(anonymous_32)","decl":{"start":{"line":280,"column":46},"end":{"line":280,"column":47}},"loc":{"start":{"line":280,"column":56},"end":{"line":289,"column":3}},"line":280},"33":{"name":"(anonymous_33)","decl":{"start":{"line":296,"column":31},"end":{"line":296,"column":32}},"loc":{"start":{"line":296,"column":73},"end":{"line":310,"column":1}},"line":296},"34":{"name":"(anonymous_34)","decl":{"start":{"line":297,"column":46},"end":{"line":297,"column":47}},"loc":{"start":{"line":297,"column":56},"end":{"line":305,"column":3}},"line":297},"35":{"name":"(anonymous_35)","decl":{"start":{"line":312,"column":22},"end":{"line":312,"column":23}},"loc":{"start":{"line":312,"column":64},"end":{"line":326,"column":1}},"line":312},"36":{"name":"(anonymous_36)","decl":{"start":{"line":313,"column":46},"end":{"line":313,"column":47}},"loc":{"start":{"line":313,"column":56},"end":{"line":321,"column":3}},"line":313},"37":{"name":"(anonymous_37)","decl":{"start":{"line":328,"column":21},"end":{"line":328,"column":22}},"loc":{"start":{"line":328,"column":63},"end":{"line":334,"column":1}},"line":328},"38":{"name":"(anonymous_38)","decl":{"start":{"line":336,"column":25},"end":{"line":336,"column":26}},"loc":{"start":{"line":336,"column":67},"end":{"line":359,"column":1}},"line":336},"39":{"name":"(anonymous_39)","decl":{"start":{"line":351,"column":43},"end":{"line":351,"column":44}},"loc":{"start":{"line":351,"column":53},"end":{"line":357,"column":3}},"line":351},"40":{"name":"(anonymous_40)","decl":{"start":{"line":361,"column":19},"end":{"line":361,"column":20}},"loc":{"start":{"line":361,"column":61},"end":{"line":368,"column":1}},"line":361},"41":{"name":"(anonymous_41)","decl":{"start":{"line":370,"column":23},"end":{"line":370,"column":24}},"loc":{"start":{"line":370,"column":65},"end":{"line":392,"column":1}},"line":370},"42":{"name":"(anonymous_42)","decl":{"start":{"line":384,"column":43},"end":{"line":384,"column":44}},"loc":{"start":{"line":384,"column":53},"end":{"line":390,"column":3}},"line":384},"43":{"name":"(anonymous_43)","decl":{"start":{"line":394,"column":21},"end":{"line":394,"column":22}},"loc":{"start":{"line":394,"column":63},"end":{"line":400,"column":1}},"line":394},"44":{"name":"(anonymous_44)","decl":{"start":{"line":402,"column":21},"end":{"line":402,"column":22}},"loc":{"start":{"line":402,"column":63},"end":{"line":408,"column":1}},"line":402},"45":{"name":"(anonymous_45)","decl":{"start":{"line":410,"column":21},"end":{"line":410,"column":22}},"loc":{"start":{"line":410,"column":73},"end":{"line":415,"column":1}},"line":410},"46":{"name":"(anonymous_46)","decl":{"start":{"line":417,"column":19},"end":{"line":417,"column":20}},"loc":{"start":{"line":417,"column":38},"end":{"line":535,"column":1}},"line":417},"47":{"name":"(anonymous_47)","decl":{"start":{"line":417,"column":38},"end":{"line":417,"column":39}},"loc":{"start":{"line":417,"column":77},"end":{"line":535,"column":1}},"line":417},"48":{"name":"(anonymous_48)","decl":{"start":{"line":537,"column":24},"end":{"line":537,"column":25}},"loc":{"start":{"line":538,"column":2},"end":{"line":538,"column":62}},"line":538},"49":{"name":"(anonymous_49)","decl":{"start":{"line":538,"column":16},"end":{"line":538,"column":17}},"loc":{"start":{"line":538,"column":32},"end":{"line":538,"column":47}},"line":538}},"branchMap":{"0":{"loc":{"start":{"line":17,"column":2},"end":{"line":17,"column":23}},"type":"if","locations":[{"start":{"line":17,"column":2},"end":{"line":17,"column":23}},{"start":{"line":17,"column":2},"end":{"line":17,"column":23}}],"line":17},"1":{"loc":{"start":{"line":25,"column":2},"end":{"line":25,"column":23}},"type":"if","locations":[{"start":{"line":25,"column":2},"end":{"line":25,"column":23}},{"start":{"line":25,"column":2},"end":{"line":25,"column":23}}],"line":25},"2":{"loc":{"start":{"line":33,"column":6},"end":{"line":33,"column":71}},"type":"binary-expr","locations":[{"start":{"line":33,"column":6},"end":{"line":33,"column":13}},{"start":{"line":33,"column":17},"end":{"line":33,"column":71}}],"line":33},"3":{"loc":{"start":{"line":58,"column":2},"end":{"line":58,"column":40}},"type":"if","locations":[{"start":{"line":58,"column":2},"end":{"line":58,"column":40}},{"start":{"line":58,"column":2},"end":{"line":58,"column":40}}],"line":58},"4":{"loc":{"start":{"line":61,"column":21},"end":{"line":61,"column":49}},"type":"binary-expr","locations":[{"start":{"line":61,"column":21},"end":{"line":61,"column":39}},{"start":{"line":61,"column":43},"end":{"line":61,"column":49}}],"line":61},"5":{"loc":{"start":{"line":93,"column":21},"end":{"line":93,"column":49}},"type":"binary-expr","locations":[{"start":{"line":93,"column":21},"end":{"line":93,"column":39}},{"start":{"line":93,"column":43},"end":{"line":93,"column":49}}],"line":93},"6":{"loc":{"start":{"line":129,"column":20},"end":{"line":129,"column":60}},"type":"binary-expr","locations":[{"start":{"line":129,"column":20},"end":{"line":129,"column":38}},{"start":{"line":129,"column":42},"end":{"line":129,"column":60}}],"line":129},"7":{"loc":{"start":{"line":131,"column":4},"end":{"line":135,"column":8}},"type":"if","locations":[{"start":{"line":131,"column":4},"end":{"line":135,"column":8}},{"start":{"line":131,"column":4},"end":{"line":135,"column":8}}],"line":131},"8":{"loc":{"start":{"line":136,"column":4},"end":{"line":140,"column":8}},"type":"if","locations":[{"start":{"line":136,"column":4},"end":{"line":140,"column":8}},{"start":{"line":136,"column":4},"end":{"line":140,"column":8}}],"line":136},"9":{"loc":{"start":{"line":155,"column":2},"end":{"line":155,"column":28}},"type":"if","locations":[{"start":{"line":155,"column":2},"end":{"line":155,"column":28}},{"start":{"line":155,"column":2},"end":{"line":155,"column":28}}],"line":155},"10":{"loc":{"start":{"line":157,"column":20},"end":{"line":157,"column":60}},"type":"binary-expr","locations":[{"start":{"line":157,"column":20},"end":{"line":157,"column":38}},{"start":{"line":157,"column":42},"end":{"line":157,"column":60}}],"line":157},"11":{"loc":{"start":{"line":159,"column":4},"end":{"line":163,"column":8}},"type":"if","locations":[{"start":{"line":159,"column":4},"end":{"line":163,"column":8}},{"start":{"line":159,"column":4},"end":{"line":163,"column":8}}],"line":159},"12":{"loc":{"start":{"line":164,"column":4},"end":{"line":168,"column":8}},"type":"if","locations":[{"start":{"line":164,"column":4},"end":{"line":168,"column":8}},{"start":{"line":164,"column":4},"end":{"line":168,"column":8}}],"line":164},"13":{"loc":{"start":{"line":173,"column":18},"end":{"line":173,"column":48}},"type":"binary-expr","locations":[{"start":{"line":173,"column":18},"end":{"line":173,"column":36}},{"start":{"line":173,"column":40},"end":{"line":173,"column":48}}],"line":173},"14":{"loc":{"start":{"line":210,"column":2},"end":{"line":226,"column":3}},"type":"if","locations":[{"start":{"line":210,"column":2},"end":{"line":226,"column":3}},{"start":{"line":210,"column":2},"end":{"line":226,"column":3}}],"line":210},"15":{"loc":{"start":{"line":234,"column":4},"end":{"line":234,"column":30}},"type":"if","locations":[{"start":{"line":234,"column":4},"end":{"line":234,"column":30}},{"start":{"line":234,"column":4},"end":{"line":234,"column":30}}],"line":234},"16":{"loc":{"start":{"line":250,"column":4},"end":{"line":250,"column":30}},"type":"if","locations":[{"start":{"line":250,"column":4},"end":{"line":250,"column":30}},{"start":{"line":250,"column":4},"end":{"line":250,"column":30}}],"line":250},"17":{"loc":{"start":{"line":266,"column":4},"end":{"line":266,"column":30}},"type":"if","locations":[{"start":{"line":266,"column":4},"end":{"line":266,"column":30}},{"start":{"line":266,"column":4},"end":{"line":266,"column":30}}],"line":266},"18":{"loc":{"start":{"line":283,"column":4},"end":{"line":283,"column":30}},"type":"if","locations":[{"start":{"line":283,"column":4},"end":{"line":283,"column":30}},{"start":{"line":283,"column":4},"end":{"line":283,"column":30}}],"line":283},"19":{"loc":{"start":{"line":299,"column":4},"end":{"line":299,"column":30}},"type":"if","locations":[{"start":{"line":299,"column":4},"end":{"line":299,"column":30}},{"start":{"line":299,"column":4},"end":{"line":299,"column":30}}],"line":299},"20":{"loc":{"start":{"line":315,"column":4},"end":{"line":315,"column":30}},"type":"if","locations":[{"start":{"line":315,"column":4},"end":{"line":315,"column":30}},{"start":{"line":315,"column":4},"end":{"line":315,"column":30}}],"line":315},"21":{"loc":{"start":{"line":338,"column":2},"end":{"line":338,"column":26}},"type":"if","locations":[{"start":{"line":338,"column":2},"end":{"line":338,"column":26}},{"start":{"line":338,"column":2},"end":{"line":338,"column":26}}],"line":338},"22":{"loc":{"start":{"line":340,"column":2},"end":{"line":340,"column":28}},"type":"if","locations":[{"start":{"line":340,"column":2},"end":{"line":340,"column":28}},{"start":{"line":340,"column":2},"end":{"line":340,"column":28}}],"line":340},"23":{"loc":{"start":{"line":344,"column":2},"end":{"line":344,"column":39}},"type":"if","locations":[{"start":{"line":344,"column":2},"end":{"line":344,"column":39}},{"start":{"line":344,"column":2},"end":{"line":344,"column":39}}],"line":344},"24":{"loc":{"start":{"line":352,"column":4},"end":{"line":352,"column":43}},"type":"if","locations":[{"start":{"line":352,"column":4},"end":{"line":352,"column":43}},{"start":{"line":352,"column":4},"end":{"line":352,"column":43}}],"line":352},"25":{"loc":{"start":{"line":372,"column":2},"end":{"line":372,"column":26}},"type":"if","locations":[{"start":{"line":372,"column":2},"end":{"line":372,"column":26}},{"start":{"line":372,"column":2},"end":{"line":372,"column":26}}],"line":372},"26":{"loc":{"start":{"line":374,"column":2},"end":{"line":374,"column":28}},"type":"if","locations":[{"start":{"line":374,"column":2},"end":{"line":374,"column":28}},{"start":{"line":374,"column":2},"end":{"line":374,"column":28}}],"line":374},"27":{"loc":{"start":{"line":377,"column":2},"end":{"line":377,"column":32}},"type":"if","locations":[{"start":{"line":377,"column":2},"end":{"line":377,"column":32}},{"start":{"line":377,"column":2},"end":{"line":377,"column":32}}],"line":377},"28":{"loc":{"start":{"line":385,"column":4},"end":{"line":385,"column":43}},"type":"if","locations":[{"start":{"line":385,"column":4},"end":{"line":385,"column":43}},{"start":{"line":385,"column":4},"end":{"line":385,"column":43}}],"line":385},"29":{"loc":{"start":{"line":395,"column":2},"end":{"line":395,"column":38}},"type":"if","locations":[{"start":{"line":395,"column":2},"end":{"line":395,"column":38}},{"start":{"line":395,"column":2},"end":{"line":395,"column":38}}],"line":395},"30":{"loc":{"start":{"line":398,"column":2},"end":{"line":398,"column":26}},"type":"if","locations":[{"start":{"line":398,"column":2},"end":{"line":398,"column":26}},{"start":{"line":398,"column":2},"end":{"line":398,"column":26}}],"line":398},"31":{"loc":{"start":{"line":403,"column":2},"end":{"line":403,"column":38}},"type":"if","locations":[{"start":{"line":403,"column":2},"end":{"line":403,"column":38}},{"start":{"line":403,"column":2},"end":{"line":403,"column":38}}],"line":403},"32":{"loc":{"start":{"line":406,"column":2},"end":{"line":406,"column":26}},"type":"if","locations":[{"start":{"line":406,"column":2},"end":{"line":406,"column":26}},{"start":{"line":406,"column":2},"end":{"line":406,"column":26}}],"line":406},"33":{"loc":{"start":{"line":413,"column":24},"end":{"line":413,"column":69}},"type":"binary-expr","locations":[{"start":{"line":413,"column":24},"end":{"line":413,"column":42}},{"start":{"line":413,"column":46},"end":{"line":413,"column":69}}],"line":413},"34":{"loc":{"start":{"line":420,"column":4},"end":{"line":423,"column":50}},"type":"binary-expr","locations":[{"start":{"line":420,"column":4},"end":{"line":420,"column":22}},{"start":{"line":421,"column":4},"end":{"line":421,"column":22}},{"start":{"line":422,"column":4},"end":{"line":422,"column":30}},{"start":{"line":423,"column":4},"end":{"line":423,"column":50}}],"line":420},"35":{"loc":{"start":{"line":425,"column":4},"end":{"line":428,"column":43}},"type":"binary-expr","locations":[{"start":{"line":425,"column":4},"end":{"line":425,"column":22}},{"start":{"line":426,"column":4},"end":{"line":426,"column":22}},{"start":{"line":427,"column":4},"end":{"line":427,"column":28}},{"start":{"line":428,"column":4},"end":{"line":428,"column":43}}],"line":425},"36":{"loc":{"start":{"line":430,"column":4},"end":{"line":433,"column":52}},"type":"binary-expr","locations":[{"start":{"line":430,"column":4},"end":{"line":430,"column":22}},{"start":{"line":431,"column":4},"end":{"line":431,"column":22}},{"start":{"line":432,"column":4},"end":{"line":432,"column":27}},{"start":{"line":433,"column":4},"end":{"line":433,"column":52}}],"line":430},"37":{"loc":{"start":{"line":435,"column":4},"end":{"line":438,"column":45}},"type":"binary-expr","locations":[{"start":{"line":435,"column":4},"end":{"line":435,"column":22}},{"start":{"line":436,"column":4},"end":{"line":436,"column":22}},{"start":{"line":437,"column":4},"end":{"line":437,"column":26}},{"start":{"line":438,"column":4},"end":{"line":438,"column":45}}],"line":435},"38":{"loc":{"start":{"line":440,"column":4},"end":{"line":443,"column":42}},"type":"binary-expr","locations":[{"start":{"line":440,"column":4},"end":{"line":440,"column":22}},{"start":{"line":441,"column":4},"end":{"line":441,"column":22}},{"start":{"line":442,"column":4},"end":{"line":442,"column":27}},{"start":{"line":443,"column":4},"end":{"line":443,"column":42}}],"line":440},"39":{"loc":{"start":{"line":445,"column":4},"end":{"line":448,"column":40}},"type":"binary-expr","locations":[{"start":{"line":445,"column":4},"end":{"line":445,"column":22}},{"start":{"line":446,"column":4},"end":{"line":446,"column":22}},{"start":{"line":447,"column":4},"end":{"line":447,"column":25}},{"start":{"line":448,"column":4},"end":{"line":448,"column":40}}],"line":445},"40":{"loc":{"start":{"line":450,"column":4},"end":{"line":453,"column":46}},"type":"binary-expr","locations":[{"start":{"line":450,"column":4},"end":{"line":450,"column":22}},{"start":{"line":451,"column":4},"end":{"line":451,"column":22}},{"start":{"line":452,"column":4},"end":{"line":452,"column":31}},{"start":{"line":453,"column":4},"end":{"line":453,"column":46}}],"line":450},"41":{"loc":{"start":{"line":455,"column":4},"end":{"line":458,"column":44}},"type":"binary-expr","locations":[{"start":{"line":455,"column":4},"end":{"line":455,"column":22}},{"start":{"line":456,"column":4},"end":{"line":456,"column":22}},{"start":{"line":457,"column":4},"end":{"line":457,"column":29}},{"start":{"line":458,"column":4},"end":{"line":458,"column":44}}],"line":455},"42":{"loc":{"start":{"line":460,"column":4},"end":{"line":463,"column":48}},"type":"binary-expr","locations":[{"start":{"line":460,"column":4},"end":{"line":460,"column":22}},{"start":{"line":461,"column":4},"end":{"line":461,"column":22}},{"start":{"line":462,"column":4},"end":{"line":462,"column":29}},{"start":{"line":463,"column":4},"end":{"line":463,"column":48}}],"line":460},"43":{"loc":{"start":{"line":465,"column":4},"end":{"line":468,"column":42}},"type":"binary-expr","locations":[{"start":{"line":465,"column":4},"end":{"line":465,"column":22}},{"start":{"line":466,"column":4},"end":{"line":466,"column":22}},{"start":{"line":467,"column":4},"end":{"line":467,"column":27}},{"start":{"line":468,"column":4},"end":{"line":468,"column":42}}],"line":465},"44":{"loc":{"start":{"line":470,"column":4},"end":{"line":473,"column":42}},"type":"binary-expr","locations":[{"start":{"line":470,"column":4},"end":{"line":470,"column":22}},{"start":{"line":471,"column":4},"end":{"line":471,"column":22}},{"start":{"line":472,"column":4},"end":{"line":472,"column":27}},{"start":{"line":473,"column":4},"end":{"line":473,"column":42}}],"line":470},"45":{"loc":{"start":{"line":477,"column":4},"end":{"line":479,"column":44}},"type":"binary-expr","locations":[{"start":{"line":477,"column":4},"end":{"line":477,"column":20}},{"start":{"line":478,"column":4},"end":{"line":478,"column":34}},{"start":{"line":479,"column":4},"end":{"line":479,"column":44}}],"line":477},"46":{"loc":{"start":{"line":481,"column":4},"end":{"line":483,"column":48}},"type":"binary-expr","locations":[{"start":{"line":481,"column":4},"end":{"line":481,"column":21}},{"start":{"line":482,"column":4},"end":{"line":482,"column":26}},{"start":{"line":483,"column":4},"end":{"line":483,"column":48}}],"line":481},"47":{"loc":{"start":{"line":485,"column":4},"end":{"line":487,"column":47}},"type":"binary-expr","locations":[{"start":{"line":485,"column":4},"end":{"line":485,"column":20}},{"start":{"line":486,"column":4},"end":{"line":486,"column":27}},{"start":{"line":487,"column":4},"end":{"line":487,"column":47}}],"line":485},"48":{"loc":{"start":{"line":489,"column":4},"end":{"line":491,"column":45}},"type":"binary-expr","locations":[{"start":{"line":489,"column":4},"end":{"line":489,"column":21}},{"start":{"line":490,"column":4},"end":{"line":490,"column":24}},{"start":{"line":491,"column":4},"end":{"line":491,"column":45}}],"line":489},"49":{"loc":{"start":{"line":493,"column":4},"end":{"line":495,"column":39}},"type":"binary-expr","locations":[{"start":{"line":493,"column":4},"end":{"line":493,"column":20}},{"start":{"line":494,"column":4},"end":{"line":494,"column":24}},{"start":{"line":495,"column":4},"end":{"line":495,"column":39}}],"line":493},"50":{"loc":{"start":{"line":497,"column":4},"end":{"line":499,"column":47}},"type":"binary-expr","locations":[{"start":{"line":497,"column":4},"end":{"line":497,"column":21}},{"start":{"line":498,"column":4},"end":{"line":498,"column":30}},{"start":{"line":499,"column":4},"end":{"line":499,"column":47}}],"line":497},"51":{"loc":{"start":{"line":501,"column":4},"end":{"line":503,"column":42}},"type":"binary-expr","locations":[{"start":{"line":501,"column":4},"end":{"line":501,"column":20}},{"start":{"line":502,"column":4},"end":{"line":502,"column":38}},{"start":{"line":503,"column":4},"end":{"line":503,"column":42}}],"line":501},"52":{"loc":{"start":{"line":505,"column":4},"end":{"line":507,"column":51}},"type":"binary-expr","locations":[{"start":{"line":505,"column":4},"end":{"line":505,"column":20}},{"start":{"line":506,"column":4},"end":{"line":506,"column":36}},{"start":{"line":507,"column":4},"end":{"line":507,"column":51}}],"line":505},"53":{"loc":{"start":{"line":510,"column":4},"end":{"line":529,"column":9}},"type":"binary-expr","locations":[{"start":{"line":510,"column":4},"end":{"line":510,"column":22}},{"start":{"line":511,"column":4},"end":{"line":511,"column":22}},{"start":{"line":512,"column":4},"end":{"line":512,"column":30}},{"start":{"line":513,"column":4},"end":{"line":513,"column":23}},{"start":{"line":514,"column":4},"end":{"line":514,"column":25}},{"start":{"line":515,"column":4},"end":{"line":515,"column":26}},{"start":{"line":516,"column":4},"end":{"line":516,"column":24}},{"start":{"line":517,"column":4},"end":{"line":517,"column":20}},{"start":{"line":518,"column":4},"end":{"line":518,"column":22}},{"start":{"line":519,"column":4},"end":{"line":519,"column":28}},{"start":{"line":520,"column":4},"end":{"line":520,"column":28}},{"start":{"line":521,"column":4},"end":{"line":521,"column":28}},{"start":{"line":522,"column":4},"end":{"line":522,"column":27}},{"start":{"line":523,"column":4},"end":{"line":523,"column":19}},{"start":{"line":524,"column":4},"end":{"line":524,"column":27}},{"start":{"line":525,"column":4},"end":{"line":525,"column":22}},{"start":{"line":526,"column":4},"end":{"line":526,"column":31}},{"start":{"line":527,"column":4},"end":{"line":527,"column":18}},{"start":{"line":528,"column":4},"end":{"line":528,"column":25}},{"start":{"line":529,"column":4},"end":{"line":529,"column":9}}],"line":510}},"s":{"0":6,"1":1123,"2":1123,"3":1,"4":1122,"5":881,"6":6,"7":976,"8":976,"9":256,"10":720,"11":6,"12":240,"13":1117,"14":1117,"15":1117,"16":240,"17":6,"18":247,"19":1165,"20":6,"21":72,"22":6,"23":72,"24":1,"25":71,"26":71,"27":71,"28":71,"29":71,"30":71,"31":71,"32":71,"33":6,"34":6,"35":6,"36":6,"37":6,"38":6,"39":6,"40":6,"41":6,"42":6,"43":2,"44":2,"45":2,"46":2,"47":2,"48":2,"49":16,"50":16,"51":16,"52":1,"53":1,"54":15,"55":1,"56":14,"57":2,"58":6,"59":0,"60":0,"61":0,"62":0,"63":0,"64":0,"65":0,"66":0,"67":0,"68":0,"69":0,"70":0,"71":0,"72":0,"73":0,"74":0,"75":0,"76":6,"77":71,"78":6,"79":5,"80":6,"81":240,"82":240,"83":1117,"84":16,"85":240,"86":16,"87":240,"88":240,"89":1117,"90":2,"91":240,"92":2,"93":240,"94":236,"95":236,"96":236,"97":4,"98":6,"99":1,"100":1,"101":8,"102":8,"103":8,"104":7,"105":1,"106":1,"107":1,"108":6,"109":1,"110":4,"111":4,"112":3,"113":1,"114":1,"115":1,"116":6,"117":1,"118":8,"119":8,"120":7,"121":1,"122":1,"123":6,"124":1,"125":1,"126":8,"127":8,"128":8,"129":7,"130":1,"131":1,"132":1,"133":6,"134":0,"135":0,"136":0,"137":0,"138":0,"139":0,"140":0,"141":6,"142":0,"143":0,"144":0,"145":0,"146":0,"147":0,"148":0,"149":6,"150":3,"151":3,"152":3,"153":3,"154":3,"155":6,"156":0,"157":0,"158":0,"159":0,"160":0,"161":0,"162":0,"163":0,"164":0,"165":0,"166":0,"167":0,"168":0,"169":0,"170":0,"171":0,"172":0,"173":6,"174":3,"175":3,"176":3,"177":3,"178":3,"179":3,"180":6,"181":1,"182":1,"183":0,"184":1,"185":1,"186":0,"187":1,"188":1,"189":1,"190":0,"191":1,"192":1,"193":4,"194":3,"195":1,"196":1,"197":6,"198":0,"199":0,"200":0,"201":0,"202":0,"203":0,"204":0,"205":6,"206":0,"207":0,"208":0,"209":0,"210":0,"211":0,"212":0,"213":6,"214":0,"215":6,"216":240,"217":240,"218":240,"219":240,"220":240,"221":240,"222":240,"223":240,"224":240,"225":240,"226":240,"227":240,"228":240,"229":240,"230":240,"231":240,"232":240,"233":240,"234":240,"235":240,"236":240,"237":240,"238":6,"239":14,"240":238},"f":{"0":1123,"1":881,"2":976,"3":240,"4":1117,"5":247,"6":1165,"7":72,"8":72,"9":6,"10":2,"11":16,"12":1,"13":0,"14":0,"15":0,"16":71,"17":5,"18":240,"19":1117,"20":16,"21":16,"22":1117,"23":2,"24":2,"25":1,"26":8,"27":1,"28":4,"29":1,"30":8,"31":1,"32":8,"33":0,"34":0,"35":0,"36":0,"37":3,"38":0,"39":0,"40":3,"41":1,"42":4,"43":0,"44":0,"45":0,"46":240,"47":240,"48":14,"49":238},"b":{"0":[1,1122],"1":[256,720],"2":[1117,32],"3":[1,71],"4":[71,11],"5":[6,6],"6":[16,1],"7":[1,15],"8":[1,14],"9":[0,0],"10":[0,0],"11":[0,0],"12":[0,0],"13":[0,0],"14":[236,4],"15":[7,1],"16":[3,1],"17":[7,1],"18":[7,1],"19":[0,0],"20":[0,0],"21":[0,0],"22":[0,0],"23":[0,0],"24":[0,0],"25":[0,1],"26":[0,1],"27":[0,1],"28":[3,1],"29":[0,0],"30":[0,0],"31":[0,0],"32":[0,0],"33":[0,0],"34":[240,14,14,1],"35":[240,14,14,0],"36":[240,14,14,0],"37":[240,14,14,6],"38":[240,14,14,3],"39":[240,14,14,3],"40":[240,14,14,0],"41":[240,14,14,1],"42":[240,14,14,0],"43":[240,14,14,0],"44":[240,14,14,0],"45":[240,148,1],"46":[240,78,72],"47":[240,148,72],"48":[240,78,1],"49":[240,148,71],"50":[240,78,5],"51":[240,148,1],"52":[240,148,2],"53":[240,240,240,239,239,233,233,232,229,226,226,226,154,82,11,6,5,4,3,2]},"_coverageSchema":"43e27e138ebf9cfc5966b082cf9a028302ed4184","hash":"88851d38b076c1d858a87501356c1356f6df44f3"}
,"C:\\Users\\g5enovi\\Repos\\aeroaquaponic-monorepo\\misc\\tree-of-abstraction\\src\\services\\shortcuts.service.ts": {"path":"C:\\Users\\g5enovi\\Repos\\aeroaquaponic-monorepo\\misc\\tree-of-abstraction\\src\\services\\shortcuts.service.ts","statementMap":{"0":{"start":{"line":19,"column":0},"end":{"line":27,"column":1}},"1":{"start":{"line":20,"column":2},"end":{"line":20,"column":30}},"2":{"start":{"line":20,"column":25},"end":{"line":20,"column":29}},"3":{"start":{"line":21,"column":2},"end":{"line":24,"column":5}},"4":{"start":{"line":22,"column":4},"end":{"line":22,"column":23}},"5":{"start":{"line":23,"column":4},"end":{"line":23,"column":61}},"6":{"start":{"line":26,"column":2},"end":{"line":26,"column":56}}},"fnMap":{"0":{"name":"(anonymous_0)","decl":{"start":{"line":20,"column":19},"end":{"line":20,"column":20}},"loc":{"start":{"line":20,"column":25},"end":{"line":20,"column":29}},"line":20},"1":{"name":"(anonymous_1)","decl":{"start":{"line":21,"column":45},"end":{"line":21,"column":46}},"loc":{"start":{"line":21,"column":61},"end":{"line":24,"column":3}},"line":21}},"branchMap":{},"s":{"0":6,"1":6,"2":0,"3":6,"4":0,"5":0,"6":0},"f":{"0":0,"1":0},"b":{},"_coverageSchema":"43e27e138ebf9cfc5966b082cf9a028302ed4184","hash":"cfc68e9eefc96a136ce3834954f28a39dfc3cce0"}
}
