{"C:\\Users\\kino6052\\Documents\\Repos\\mediawiki-test\\misc\\tdd-react-form\\src\\field01.refactored.service.ts": {"path":"C:\\Users\\kino6052\\Documents\\Repos\\mediawiki-test\\misc\\tdd-react-form\\src\\field01.refactored.service.ts","statementMap":{"0":{"start":{"line":7,"column":65},"end":{"line":7,"column":74}},"1":{"start":{"line":9,"column":25},"end":{"line":11,"column":3}},"2":{"start":{"line":10,"column":4},"end":{"line":10,"column":49}},"3":{"start":{"line":13,"column":23},"end":{"line":23,"column":3}},"4":{"start":{"line":17,"column":4},"end":{"line":21,"column":8}},"5":{"start":{"line":18,"column":6},"end":{"line":21,"column":8}},"6":{"start":{"line":22,"column":4},"end":{"line":22,"column":44}},"7":{"start":{"line":29,"column":4},"end":{"line":29,"column":37}},"8":{"start":{"line":30,"column":4},"end":{"line":30,"column":36}},"9":{"start":{"line":31,"column":4},"end":{"line":45,"column":7}},"10":{"start":{"line":37,"column":17},"end":{"line":37,"column":32}},"11":{"start":{"line":38,"column":6},"end":{"line":44,"column":9}},"12":{"start":{"line":48,"column":18},"end":{"line":53,"column":5}},"13":{"start":{"line":49,"column":4},"end":{"line":53,"column":5}},"14":{"start":{"line":50,"column":25},"end":{"line":50,"column":52}},"15":{"start":{"line":51,"column":23},"end":{"line":51,"column":24}},"16":{"start":{"line":52,"column":17},"end":{"line":52,"column":52}},"17":{"start":{"line":55,"column":17},"end":{"line":59,"column":5}},"18":{"start":{"line":56,"column":4},"end":{"line":59,"column":5}},"19":{"start":{"line":57,"column":25},"end":{"line":57,"column":58}},"20":{"start":{"line":58,"column":16},"end":{"line":58,"column":44}},"21":{"start":{"line":63,"column":7},"end":{"line":63,"column":12}},"22":{"start":{"line":64,"column":13},"end":{"line":64,"column":25}},"23":{"start":{"line":66,"column":24},"end":{"line":66,"column":47}},"24":{"start":{"line":67,"column":24},"end":{"line":67,"column":47}},"25":{"start":{"line":68,"column":28},"end":{"line":68,"column":54}},"26":{"start":{"line":69,"column":29},"end":{"line":69,"column":55}},"27":{"start":{"line":71,"column":54},"end":{"line":71,"column":63}},"28":{"start":{"line":73,"column":25},"end":{"line":75,"column":3}},"29":{"start":{"line":74,"column":4},"end":{"line":74,"column":38}},"30":{"start":{"line":77,"column":23},"end":{"line":80,"column":3}},"31":{"start":{"line":78,"column":4},"end":{"line":78,"column":75}},"32":{"start":{"line":78,"column":32},"end":{"line":78,"column":75}},"33":{"start":{"line":79,"column":4},"end":{"line":79,"column":33}},"34":{"start":{"line":84,"column":13},"end":{"line":84,"column":47}},"35":{"start":{"line":84,"column":19},"end":{"line":84,"column":47}},"36":{"start":{"line":86,"column":13},"end":{"line":89,"column":3}},"37":{"start":{"line":87,"column":4},"end":{"line":87,"column":60}},"38":{"start":{"line":88,"column":4},"end":{"line":88,"column":37}},"39":{"start":{"line":91,"column":23},"end":{"line":98,"column":3}},"40":{"start":{"line":92,"column":14},"end":{"line":92,"column":34}},"41":{"start":{"line":93,"column":14},"end":{"line":93,"column":55}},"42":{"start":{"line":94,"column":18},"end":{"line":94,"column":46}},"43":{"start":{"line":95,"column":19},"end":{"line":95,"column":48}},"44":{"start":{"line":96,"column":18},"end":{"line":96,"column":62}},"45":{"start":{"line":97,"column":4},"end":{"line":97,"column":34}},"46":{"start":{"line":100,"column":17},"end":{"line":100,"column":55}},"47":{"start":{"line":100,"column":23},"end":{"line":100,"column":55}},"48":{"start":{"line":103,"column":25},"end":{"line":107,"column":3}},"49":{"start":{"line":104,"column":4},"end":{"line":104,"column":39}},"50":{"start":{"line":104,"column":12},"end":{"line":104,"column":39}},"51":{"start":{"line":105,"column":4},"end":{"line":105,"column":50}},"52":{"start":{"line":105,"column":23},"end":{"line":105,"column":50}},"53":{"start":{"line":106,"column":4},"end":{"line":106,"column":14}},"54":{"start":{"line":109,"column":13},"end":{"line":120,"column":3}},"55":{"start":{"line":110,"column":4},"end":{"line":110,"column":38}},"56":{"start":{"line":111,"column":4},"end":{"line":119,"column":7}},"57":{"start":{"line":112,"column":6},"end":{"line":118,"column":15}},"58":{"start":{"line":113,"column":22},"end":{"line":113,"column":50}},"59":{"start":{"line":114,"column":22},"end":{"line":114,"column":55}},"60":{"start":{"line":115,"column":8},"end":{"line":115,"column":38}},"61":{"start":{"line":116,"column":8},"end":{"line":116,"column":43}},"62":{"start":{"line":117,"column":8},"end":{"line":117,"column":19}},"63":{"start":{"line":122,"column":13},"end":{"line":122,"column":47}},"64":{"start":{"line":122,"column":19},"end":{"line":122,"column":47}},"65":{"start":{"line":124,"column":18},"end":{"line":124,"column":57}},"66":{"start":{"line":124,"column":24},"end":{"line":124,"column":57}},"67":{"start":{"line":128,"column":21},"end":{"line":128,"column":47}},"68":{"start":{"line":129,"column":22},"end":{"line":129,"column":48}},"69":{"start":{"line":130,"column":0},"end":{"line":130,"column":65}}},"fnMap":{"0":{"name":"(anonymous_0)","decl":{"start":{"line":9,"column":25},"end":{"line":9,"column":26}},"loc":{"start":{"line":9,"column":31},"end":{"line":11,"column":3}},"line":9},"1":{"name":"(anonymous_1)","decl":{"start":{"line":13,"column":23},"end":{"line":13,"column":24}},"loc":{"start":{"line":16,"column":7},"end":{"line":23,"column":3}},"line":16},"2":{"name":"(anonymous_2)","decl":{"start":{"line":25,"column":2},"end":{"line":25,"column":3}},"loc":{"start":{"line":28,"column":4},"end":{"line":46,"column":3}},"line":28},"3":{"name":"(anonymous_3)","decl":{"start":{"line":36,"column":17},"end":{"line":36,"column":18}},"loc":{"start":{"line":36,"column":60},"end":{"line":45,"column":5}},"line":36},"4":{"name":"(anonymous_4)","decl":{"start":{"line":48,"column":18},"end":{"line":48,"column":19}},"loc":{"start":{"line":49,"column":4},"end":{"line":53,"column":5}},"line":49},"5":{"name":"(anonymous_5)","decl":{"start":{"line":50,"column":13},"end":{"line":50,"column":14}},"loc":{"start":{"line":50,"column":25},"end":{"line":50,"column":52}},"line":50},"6":{"name":"(anonymous_6)","decl":{"start":{"line":51,"column":10},"end":{"line":51,"column":11}},"loc":{"start":{"line":51,"column":23},"end":{"line":51,"column":24}},"line":51},"7":{"name":"(anonymous_7)","decl":{"start":{"line":52,"column":10},"end":{"line":52,"column":11}},"loc":{"start":{"line":52,"column":17},"end":{"line":52,"column":52}},"line":52},"8":{"name":"(anonymous_8)","decl":{"start":{"line":55,"column":17},"end":{"line":55,"column":18}},"loc":{"start":{"line":56,"column":4},"end":{"line":59,"column":5}},"line":56},"9":{"name":"(anonymous_9)","decl":{"start":{"line":57,"column":13},"end":{"line":57,"column":14}},"loc":{"start":{"line":57,"column":25},"end":{"line":57,"column":58}},"line":57},"10":{"name":"(anonymous_10)","decl":{"start":{"line":58,"column":10},"end":{"line":58,"column":11}},"loc":{"start":{"line":58,"column":16},"end":{"line":58,"column":44}},"line":58},"11":{"name":"(anonymous_11)","decl":{"start":{"line":73,"column":25},"end":{"line":73,"column":26}},"loc":{"start":{"line":73,"column":31},"end":{"line":75,"column":3}},"line":73},"12":{"name":"(anonymous_12)","decl":{"start":{"line":77,"column":23},"end":{"line":77,"column":24}},"loc":{"start":{"line":77,"column":29},"end":{"line":80,"column":3}},"line":77},"13":{"name":"(anonymous_13)","decl":{"start":{"line":82,"column":2},"end":{"line":82,"column":3}},"loc":{"start":{"line":82,"column":16},"end":{"line":82,"column":18}},"line":82},"14":{"name":"(anonymous_14)","decl":{"start":{"line":84,"column":13},"end":{"line":84,"column":14}},"loc":{"start":{"line":84,"column":19},"end":{"line":84,"column":47}},"line":84},"15":{"name":"(anonymous_15)","decl":{"start":{"line":86,"column":13},"end":{"line":86,"column":14}},"loc":{"start":{"line":86,"column":32},"end":{"line":89,"column":3}},"line":86},"16":{"name":"(anonymous_16)","decl":{"start":{"line":91,"column":23},"end":{"line":91,"column":24}},"loc":{"start":{"line":91,"column":43},"end":{"line":98,"column":3}},"line":91},"17":{"name":"(anonymous_17)","decl":{"start":{"line":100,"column":17},"end":{"line":100,"column":18}},"loc":{"start":{"line":100,"column":23},"end":{"line":100,"column":55}},"line":100},"18":{"name":"(anonymous_18)","decl":{"start":{"line":103,"column":25},"end":{"line":103,"column":26}},"loc":{"start":{"line":103,"column":52},"end":{"line":107,"column":3}},"line":103},"19":{"name":"(anonymous_19)","decl":{"start":{"line":109,"column":13},"end":{"line":109,"column":14}},"loc":{"start":{"line":109,"column":25},"end":{"line":120,"column":3}},"line":109},"20":{"name":"(anonymous_20)","decl":{"start":{"line":111,"column":23},"end":{"line":111,"column":24}},"loc":{"start":{"line":111,"column":32},"end":{"line":119,"column":5}},"line":111},"21":{"name":"(anonymous_21)","decl":{"start":{"line":112,"column":17},"end":{"line":112,"column":18}},"loc":{"start":{"line":112,"column":23},"end":{"line":118,"column":7}},"line":112},"22":{"name":"(anonymous_22)","decl":{"start":{"line":122,"column":13},"end":{"line":122,"column":14}},"loc":{"start":{"line":122,"column":19},"end":{"line":122,"column":47}},"line":122},"23":{"name":"(anonymous_23)","decl":{"start":{"line":124,"column":18},"end":{"line":124,"column":19}},"loc":{"start":{"line":124,"column":24},"end":{"line":124,"column":57}},"line":124}},"branchMap":{"0":{"loc":{"start":{"line":17,"column":4},"end":{"line":21,"column":8}},"type":"if","locations":[{"start":{"line":17,"column":4},"end":{"line":21,"column":8}},{"start":{"line":17,"column":4},"end":{"line":21,"column":8}}],"line":17},"1":{"loc":{"start":{"line":52,"column":44},"end":{"line":52,"column":51}},"type":"binary-expr","locations":[{"start":{"line":52,"column":44},"end":{"line":52,"column":45}},{"start":{"line":52,"column":49},"end":{"line":52,"column":51}}],"line":52},"2":{"loc":{"start":{"line":78,"column":4},"end":{"line":78,"column":75}},"type":"if","locations":[{"start":{"line":78,"column":4},"end":{"line":78,"column":75}},{"start":{"line":78,"column":4},"end":{"line":78,"column":75}}],"line":78},"3":{"loc":{"start":{"line":91,"column":24},"end":{"line":91,"column":38}},"type":"default-arg","locations":[{"start":{"line":91,"column":36},"end":{"line":91,"column":38}}],"line":91},"4":{"loc":{"start":{"line":94,"column":18},"end":{"line":94,"column":46}},"type":"binary-expr","locations":[{"start":{"line":94,"column":19},"end":{"line":94,"column":25}},{"start":{"line":94,"column":29},"end":{"line":94,"column":39}},{"start":{"line":94,"column":44},"end":{"line":94,"column":46}}],"line":94},"5":{"loc":{"start":{"line":95,"column":19},"end":{"line":95,"column":48}},"type":"binary-expr","locations":[{"start":{"line":95,"column":20},"end":{"line":95,"column":26}},{"start":{"line":95,"column":30},"end":{"line":95,"column":41}},{"start":{"line":95,"column":46},"end":{"line":95,"column":48}}],"line":95},"6":{"loc":{"start":{"line":96,"column":18},"end":{"line":96,"column":62}},"type":"binary-expr","locations":[{"start":{"line":96,"column":19},"end":{"line":96,"column":25}},{"start":{"line":96,"column":29},"end":{"line":96,"column":55}},{"start":{"line":96,"column":60},"end":{"line":96,"column":62}}],"line":96},"7":{"loc":{"start":{"line":104,"column":4},"end":{"line":104,"column":39}},"type":"if","locations":[{"start":{"line":104,"column":4},"end":{"line":104,"column":39}},{"start":{"line":104,"column":4},"end":{"line":104,"column":39}}],"line":104},"8":{"loc":{"start":{"line":105,"column":4},"end":{"line":105,"column":50}},"type":"if","locations":[{"start":{"line":105,"column":4},"end":{"line":105,"column":50}},{"start":{"line":105,"column":4},"end":{"line":105,"column":50}}],"line":105}},"s":{"0":2,"1":2,"2":13,"3":2,"4":8,"5":7,"6":8,"7":7,"8":7,"9":7,"10":41,"11":41,"12":7,"13":7,"14":9,"15":7,"16":7,"17":7,"18":7,"19":7,"20":6,"21":14,"22":14,"23":14,"24":14,"25":14,"26":14,"27":2,"28":2,"29":13,"30":2,"31":23,"32":14,"33":23,"34":14,"35":4,"36":14,"37":15,"38":15,"39":2,"40":19,"41":19,"42":19,"43":19,"44":19,"45":19,"46":14,"47":2,"48":2,"49":11,"50":6,"51":5,"52":4,"53":1,"54":14,"55":11,"56":11,"57":11,"58":11,"59":11,"60":11,"61":11,"62":11,"63":14,"64":3,"65":14,"66":2,"67":2,"68":2,"69":2},"f":{"0":13,"1":8,"2":7,"3":41,"4":7,"5":9,"6":7,"7":7,"8":7,"9":7,"10":6,"11":13,"12":23,"13":14,"14":4,"15":15,"16":19,"17":2,"18":11,"19":11,"20":11,"21":11,"22":3,"23":2},"b":{"0":[7,1],"1":[7,4],"2":[14,9],"3":[1],"4":[19,12,7],"5":[19,3,16],"6":[19,2,17],"7":[6,5],"8":[4,1]},"_coverageSchema":"43e27e138ebf9cfc5966b082cf9a028302ed4184","hash":"7d393da0e41427aa2375af2fdb7c58ee0d45af0e"}
,"C:\\Users\\kino6052\\Documents\\Repos\\mediawiki-test\\misc\\tdd-react-form\\src\\field01.service.ts": {"path":"C:\\Users\\kino6052\\Documents\\Repos\\mediawiki-test\\misc\\tdd-react-form\\src\\field01.service.ts","statementMap":{"0":{"start":{"line":6,"column":26},"end":{"line":6,"column":31}},"1":{"start":{"line":7,"column":27},"end":{"line":7,"column":39}},"2":{"start":{"line":11,"column":24},"end":{"line":11,"column":47}},"3":{"start":{"line":12,"column":24},"end":{"line":12,"column":47}},"4":{"start":{"line":13,"column":28},"end":{"line":13,"column":54}},"5":{"start":{"line":14,"column":29},"end":{"line":14,"column":55}},"6":{"start":{"line":17,"column":25},"end":{"line":22,"column":5}},"7":{"start":{"line":18,"column":4},"end":{"line":22,"column":5}},"8":{"start":{"line":19,"column":25},"end":{"line":19,"column":42}},"9":{"start":{"line":20,"column":23},"end":{"line":20,"column":24}},"10":{"start":{"line":21,"column":17},"end":{"line":21,"column":59}},"11":{"start":{"line":24,"column":24},"end":{"line":28,"column":5}},"12":{"start":{"line":25,"column":4},"end":{"line":28,"column":5}},"13":{"start":{"line":26,"column":25},"end":{"line":26,"column":42}},"14":{"start":{"line":27,"column":16},"end":{"line":27,"column":59}},"15":{"start":{"line":30,"column":24},"end":{"line":31,"column":73}},"16":{"start":{"line":31,"column":4},"end":{"line":31,"column":73}},"17":{"start":{"line":31,"column":53},"end":{"line":31,"column":71}},"18":{"start":{"line":34,"column":16},"end":{"line":39,"column":3}},"19":{"start":{"line":35,"column":4},"end":{"line":35,"column":48}},"20":{"start":{"line":36,"column":4},"end":{"line":36,"column":47}},"21":{"start":{"line":37,"column":4},"end":{"line":37,"column":47}},"22":{"start":{"line":38,"column":4},"end":{"line":38,"column":52}},"23":{"start":{"line":42,"column":20},"end":{"line":45,"column":3}},"24":{"start":{"line":43,"column":4},"end":{"line":43,"column":39}},"25":{"start":{"line":43,"column":12},"end":{"line":43,"column":39}},"26":{"start":{"line":44,"column":4},"end":{"line":44,"column":50}},"27":{"start":{"line":44,"column":23},"end":{"line":44,"column":50}},"28":{"start":{"line":47,"column":23},"end":{"line":54,"column":3}},"29":{"start":{"line":48,"column":14},"end":{"line":48,"column":34}},"30":{"start":{"line":49,"column":14},"end":{"line":49,"column":55}},"31":{"start":{"line":50,"column":18},"end":{"line":50,"column":46}},"32":{"start":{"line":51,"column":19},"end":{"line":51,"column":48}},"33":{"start":{"line":52,"column":18},"end":{"line":52,"column":62}},"34":{"start":{"line":53,"column":4},"end":{"line":53,"column":34}},"35":{"start":{"line":57,"column":29},"end":{"line":71,"column":5}},"36":{"start":{"line":58,"column":4},"end":{"line":71,"column":5}},"37":{"start":{"line":59,"column":16},"end":{"line":59,"column":60}},"38":{"start":{"line":61,"column":8},"end":{"line":69,"column":9}},"39":{"start":{"line":64,"column":12},"end":{"line":64,"column":58}},"40":{"start":{"line":65,"column":12},"end":{"line":67,"column":14}},"41":{"start":{"line":73,"column":25},"end":{"line":87,"column":5}},"42":{"start":{"line":74,"column":4},"end":{"line":87,"column":5}},"43":{"start":{"line":80,"column":54},"end":{"line":86,"column":7}},"44":{"start":{"line":90,"column":0},"end":{"line":92,"column":3}},"45":{"start":{"line":91,"column":2},"end":{"line":91,"column":25}}},"fnMap":{"0":{"name":"(anonymous_0)","decl":{"start":{"line":17,"column":25},"end":{"line":17,"column":26}},"loc":{"start":{"line":18,"column":4},"end":{"line":22,"column":5}},"line":18},"1":{"name":"(anonymous_1)","decl":{"start":{"line":19,"column":13},"end":{"line":19,"column":14}},"loc":{"start":{"line":19,"column":25},"end":{"line":19,"column":42}},"line":19},"2":{"name":"(anonymous_2)","decl":{"start":{"line":20,"column":10},"end":{"line":20,"column":11}},"loc":{"start":{"line":20,"column":23},"end":{"line":20,"column":24}},"line":20},"3":{"name":"(anonymous_3)","decl":{"start":{"line":21,"column":10},"end":{"line":21,"column":11}},"loc":{"start":{"line":21,"column":17},"end":{"line":21,"column":59}},"line":21},"4":{"name":"(anonymous_4)","decl":{"start":{"line":24,"column":24},"end":{"line":24,"column":25}},"loc":{"start":{"line":25,"column":4},"end":{"line":28,"column":5}},"line":25},"5":{"name":"(anonymous_5)","decl":{"start":{"line":26,"column":13},"end":{"line":26,"column":14}},"loc":{"start":{"line":26,"column":25},"end":{"line":26,"column":42}},"line":26},"6":{"name":"(anonymous_6)","decl":{"start":{"line":27,"column":10},"end":{"line":27,"column":11}},"loc":{"start":{"line":27,"column":16},"end":{"line":27,"column":59}},"line":27},"7":{"name":"(anonymous_7)","decl":{"start":{"line":30,"column":24},"end":{"line":30,"column":25}},"loc":{"start":{"line":31,"column":4},"end":{"line":31,"column":73}},"line":31},"8":{"name":"(anonymous_8)","decl":{"start":{"line":31,"column":41},"end":{"line":31,"column":42}},"loc":{"start":{"line":31,"column":53},"end":{"line":31,"column":71}},"line":31},"9":{"name":"(anonymous_9)","decl":{"start":{"line":34,"column":16},"end":{"line":34,"column":17}},"loc":{"start":{"line":34,"column":22},"end":{"line":39,"column":3}},"line":34},"10":{"name":"(anonymous_10)","decl":{"start":{"line":42,"column":20},"end":{"line":42,"column":21}},"loc":{"start":{"line":42,"column":67},"end":{"line":45,"column":3}},"line":42},"11":{"name":"(anonymous_11)","decl":{"start":{"line":47,"column":23},"end":{"line":47,"column":24}},"loc":{"start":{"line":47,"column":43},"end":{"line":54,"column":3}},"line":47},"12":{"name":"(anonymous_12)","decl":{"start":{"line":57,"column":29},"end":{"line":57,"column":30}},"loc":{"start":{"line":58,"column":4},"end":{"line":71,"column":5}},"line":58},"13":{"name":"(anonymous_13)","decl":{"start":{"line":59,"column":10},"end":{"line":59,"column":11}},"loc":{"start":{"line":59,"column":16},"end":{"line":59,"column":60}},"line":59},"14":{"name":"(anonymous_14)","decl":{"start":{"line":60,"column":16},"end":{"line":60,"column":17}},"loc":{"start":{"line":61,"column":8},"end":{"line":69,"column":9}},"line":61},"15":{"name":"(anonymous_15)","decl":{"start":{"line":63,"column":14},"end":{"line":63,"column":15}},"loc":{"start":{"line":63,"column":25},"end":{"line":68,"column":11}},"line":63},"16":{"name":"(anonymous_16)","decl":{"start":{"line":73,"column":25},"end":{"line":73,"column":26}},"loc":{"start":{"line":74,"column":4},"end":{"line":87,"column":5}},"line":74},"17":{"name":"(anonymous_17)","decl":{"start":{"line":80,"column":10},"end":{"line":80,"column":11}},"loc":{"start":{"line":80,"column":54},"end":{"line":86,"column":7}},"line":80},"18":{"name":"(anonymous_18)","decl":{"start":{"line":90,"column":22},"end":{"line":90,"column":23}},"loc":{"start":{"line":90,"column":28},"end":{"line":92,"column":1}},"line":90}},"branchMap":{"0":{"loc":{"start":{"line":21,"column":51},"end":{"line":21,"column":58}},"type":"binary-expr","locations":[{"start":{"line":21,"column":51},"end":{"line":21,"column":52}},{"start":{"line":21,"column":56},"end":{"line":21,"column":58}}],"line":21},"1":{"loc":{"start":{"line":43,"column":4},"end":{"line":43,"column":39}},"type":"if","locations":[{"start":{"line":43,"column":4},"end":{"line":43,"column":39}},{"start":{"line":43,"column":4},"end":{"line":43,"column":39}}],"line":43},"2":{"loc":{"start":{"line":44,"column":4},"end":{"line":44,"column":50}},"type":"if","locations":[{"start":{"line":44,"column":4},"end":{"line":44,"column":50}},{"start":{"line":44,"column":4},"end":{"line":44,"column":50}}],"line":44},"3":{"loc":{"start":{"line":47,"column":24},"end":{"line":47,"column":38}},"type":"default-arg","locations":[{"start":{"line":47,"column":36},"end":{"line":47,"column":38}}],"line":47},"4":{"loc":{"start":{"line":50,"column":18},"end":{"line":50,"column":46}},"type":"binary-expr","locations":[{"start":{"line":50,"column":19},"end":{"line":50,"column":25}},{"start":{"line":50,"column":29},"end":{"line":50,"column":39}},{"start":{"line":50,"column":44},"end":{"line":50,"column":46}}],"line":50},"5":{"loc":{"start":{"line":51,"column":19},"end":{"line":51,"column":48}},"type":"binary-expr","locations":[{"start":{"line":51,"column":20},"end":{"line":51,"column":26}},{"start":{"line":51,"column":30},"end":{"line":51,"column":41}},{"start":{"line":51,"column":46},"end":{"line":51,"column":48}}],"line":51},"6":{"loc":{"start":{"line":52,"column":18},"end":{"line":52,"column":62}},"type":"binary-expr","locations":[{"start":{"line":52,"column":19},"end":{"line":52,"column":25}},{"start":{"line":52,"column":29},"end":{"line":52,"column":55}},{"start":{"line":52,"column":60},"end":{"line":52,"column":62}}],"line":52},"7":{"loc":{"start":{"line":66,"column":14},"end":{"line":66,"column":51}},"type":"binary-expr","locations":[{"start":{"line":66,"column":14},"end":{"line":66,"column":45}},{"start":{"line":66,"column":49},"end":{"line":66,"column":51}}],"line":66}},"s":{"0":0,"1":0,"2":0,"3":0,"4":0,"5":0,"6":0,"7":0,"8":0,"9":0,"10":0,"11":0,"12":0,"13":0,"14":0,"15":0,"16":0,"17":0,"18":0,"19":0,"20":0,"21":0,"22":0,"23":0,"24":0,"25":0,"26":0,"27":0,"28":0,"29":0,"30":0,"31":0,"32":0,"33":0,"34":0,"35":0,"36":0,"37":0,"38":0,"39":0,"40":0,"41":0,"42":0,"43":0,"44":0,"45":0},"f":{"0":0,"1":0,"2":0,"3":0,"4":0,"5":0,"6":0,"7":0,"8":0,"9":0,"10":0,"11":0,"12":0,"13":0,"14":0,"15":0,"16":0,"17":0,"18":0},"b":{"0":[0,0],"1":[0,0],"2":[0,0],"3":[0],"4":[0,0,0],"5":[0,0,0],"6":[0,0,0],"7":[0,0]},"hash":"4b3a1911452ebecca1adbb99019f39389d058e57"}
,"C:\\Users\\kino6052\\Documents\\Repos\\mediawiki-test\\misc\\tdd-react-form\\src\\field02.refactored.service.ts": {"path":"C:\\Users\\kino6052\\Documents\\Repos\\mediawiki-test\\misc\\tdd-react-form\\src\\field02.refactored.service.ts","statementMap":{"0":{"start":{"line":8,"column":65},"end":{"line":8,"column":74}},"1":{"start":{"line":10,"column":25},"end":{"line":12,"column":3}},"2":{"start":{"line":11,"column":4},"end":{"line":11,"column":49}},"3":{"start":{"line":14,"column":23},"end":{"line":24,"column":3}},"4":{"start":{"line":18,"column":4},"end":{"line":22,"column":8}},"5":{"start":{"line":19,"column":6},"end":{"line":22,"column":8}},"6":{"start":{"line":23,"column":4},"end":{"line":23,"column":44}},"7":{"start":{"line":30,"column":4},"end":{"line":30,"column":37}},"8":{"start":{"line":31,"column":4},"end":{"line":31,"column":36}},"9":{"start":{"line":32,"column":4},"end":{"line":46,"column":7}},"10":{"start":{"line":38,"column":17},"end":{"line":38,"column":32}},"11":{"start":{"line":39,"column":6},"end":{"line":45,"column":9}},"12":{"start":{"line":49,"column":18},"end":{"line":54,"column":5}},"13":{"start":{"line":50,"column":4},"end":{"line":54,"column":5}},"14":{"start":{"line":51,"column":25},"end":{"line":51,"column":52}},"15":{"start":{"line":52,"column":23},"end":{"line":52,"column":24}},"16":{"start":{"line":53,"column":17},"end":{"line":53,"column":52}},"17":{"start":{"line":56,"column":17},"end":{"line":60,"column":5}},"18":{"start":{"line":57,"column":4},"end":{"line":60,"column":5}},"19":{"start":{"line":58,"column":25},"end":{"line":58,"column":58}},"20":{"start":{"line":59,"column":16},"end":{"line":59,"column":44}},"21":{"start":{"line":64,"column":7},"end":{"line":64,"column":12}},"22":{"start":{"line":65,"column":13},"end":{"line":65,"column":25}},"23":{"start":{"line":67,"column":24},"end":{"line":67,"column":47}},"24":{"start":{"line":68,"column":24},"end":{"line":68,"column":47}},"25":{"start":{"line":69,"column":28},"end":{"line":69,"column":54}},"26":{"start":{"line":70,"column":29},"end":{"line":70,"column":55}},"27":{"start":{"line":72,"column":54},"end":{"line":72,"column":63}},"28":{"start":{"line":74,"column":25},"end":{"line":76,"column":3}},"29":{"start":{"line":75,"column":4},"end":{"line":75,"column":38}},"30":{"start":{"line":78,"column":23},"end":{"line":81,"column":3}},"31":{"start":{"line":79,"column":4},"end":{"line":79,"column":75}},"32":{"start":{"line":79,"column":32},"end":{"line":79,"column":75}},"33":{"start":{"line":80,"column":4},"end":{"line":80,"column":33}},"34":{"start":{"line":85,"column":13},"end":{"line":85,"column":47}},"35":{"start":{"line":85,"column":19},"end":{"line":85,"column":47}},"36":{"start":{"line":87,"column":13},"end":{"line":90,"column":3}},"37":{"start":{"line":88,"column":4},"end":{"line":88,"column":34}},"38":{"start":{"line":89,"column":4},"end":{"line":89,"column":37}},"39":{"start":{"line":92,"column":17},"end":{"line":92,"column":55}},"40":{"start":{"line":92,"column":23},"end":{"line":92,"column":55}},"41":{"start":{"line":95,"column":25},"end":{"line":100,"column":3}},"42":{"start":{"line":96,"column":4},"end":{"line":96,"column":39}},"43":{"start":{"line":96,"column":12},"end":{"line":96,"column":39}},"44":{"start":{"line":97,"column":30},"end":{"line":97,"column":61}},"45":{"start":{"line":98,"column":21},"end":{"line":98,"column":64}},"46":{"start":{"line":99,"column":4},"end":{"line":99,"column":44}},"47":{"start":{"line":99,"column":18},"end":{"line":99,"column":44}},"48":{"start":{"line":102,"column":13},"end":{"line":115,"column":3}},"49":{"start":{"line":103,"column":4},"end":{"line":103,"column":38}},"50":{"start":{"line":104,"column":4},"end":{"line":114,"column":7}},"51":{"start":{"line":105,"column":6},"end":{"line":113,"column":15}},"52":{"start":{"line":106,"column":22},"end":{"line":106,"column":50}},"53":{"start":{"line":107,"column":22},"end":{"line":107,"column":55}},"54":{"start":{"line":108,"column":8},"end":{"line":110,"column":9}},"55":{"start":{"line":109,"column":10},"end":{"line":109,"column":40}},"56":{"start":{"line":111,"column":8},"end":{"line":111,"column":43}},"57":{"start":{"line":112,"column":8},"end":{"line":112,"column":19}},"58":{"start":{"line":117,"column":13},"end":{"line":117,"column":47}},"59":{"start":{"line":117,"column":19},"end":{"line":117,"column":47}},"60":{"start":{"line":119,"column":18},"end":{"line":119,"column":57}},"61":{"start":{"line":119,"column":24},"end":{"line":119,"column":57}},"62":{"start":{"line":123,"column":21},"end":{"line":123,"column":47}},"63":{"start":{"line":124,"column":22},"end":{"line":124,"column":48}},"64":{"start":{"line":125,"column":0},"end":{"line":125,"column":65}}},"fnMap":{"0":{"name":"(anonymous_0)","decl":{"start":{"line":10,"column":25},"end":{"line":10,"column":26}},"loc":{"start":{"line":10,"column":31},"end":{"line":12,"column":3}},"line":10},"1":{"name":"(anonymous_1)","decl":{"start":{"line":14,"column":23},"end":{"line":14,"column":24}},"loc":{"start":{"line":17,"column":7},"end":{"line":24,"column":3}},"line":17},"2":{"name":"(anonymous_2)","decl":{"start":{"line":26,"column":2},"end":{"line":26,"column":3}},"loc":{"start":{"line":29,"column":4},"end":{"line":47,"column":3}},"line":29},"3":{"name":"(anonymous_3)","decl":{"start":{"line":37,"column":17},"end":{"line":37,"column":18}},"loc":{"start":{"line":37,"column":60},"end":{"line":46,"column":5}},"line":37},"4":{"name":"(anonymous_4)","decl":{"start":{"line":49,"column":18},"end":{"line":49,"column":19}},"loc":{"start":{"line":50,"column":4},"end":{"line":54,"column":5}},"line":50},"5":{"name":"(anonymous_5)","decl":{"start":{"line":51,"column":13},"end":{"line":51,"column":14}},"loc":{"start":{"line":51,"column":25},"end":{"line":51,"column":52}},"line":51},"6":{"name":"(anonymous_6)","decl":{"start":{"line":52,"column":10},"end":{"line":52,"column":11}},"loc":{"start":{"line":52,"column":23},"end":{"line":52,"column":24}},"line":52},"7":{"name":"(anonymous_7)","decl":{"start":{"line":53,"column":10},"end":{"line":53,"column":11}},"loc":{"start":{"line":53,"column":17},"end":{"line":53,"column":52}},"line":53},"8":{"name":"(anonymous_8)","decl":{"start":{"line":56,"column":17},"end":{"line":56,"column":18}},"loc":{"start":{"line":57,"column":4},"end":{"line":60,"column":5}},"line":57},"9":{"name":"(anonymous_9)","decl":{"start":{"line":58,"column":13},"end":{"line":58,"column":14}},"loc":{"start":{"line":58,"column":25},"end":{"line":58,"column":58}},"line":58},"10":{"name":"(anonymous_10)","decl":{"start":{"line":59,"column":10},"end":{"line":59,"column":11}},"loc":{"start":{"line":59,"column":16},"end":{"line":59,"column":44}},"line":59},"11":{"name":"(anonymous_11)","decl":{"start":{"line":74,"column":25},"end":{"line":74,"column":26}},"loc":{"start":{"line":74,"column":31},"end":{"line":76,"column":3}},"line":74},"12":{"name":"(anonymous_12)","decl":{"start":{"line":78,"column":23},"end":{"line":78,"column":24}},"loc":{"start":{"line":78,"column":29},"end":{"line":81,"column":3}},"line":78},"13":{"name":"(anonymous_13)","decl":{"start":{"line":83,"column":2},"end":{"line":83,"column":3}},"loc":{"start":{"line":83,"column":16},"end":{"line":83,"column":18}},"line":83},"14":{"name":"(anonymous_14)","decl":{"start":{"line":85,"column":13},"end":{"line":85,"column":14}},"loc":{"start":{"line":85,"column":19},"end":{"line":85,"column":47}},"line":85},"15":{"name":"(anonymous_15)","decl":{"start":{"line":87,"column":13},"end":{"line":87,"column":14}},"loc":{"start":{"line":87,"column":32},"end":{"line":90,"column":3}},"line":87},"16":{"name":"(anonymous_16)","decl":{"start":{"line":92,"column":17},"end":{"line":92,"column":18}},"loc":{"start":{"line":92,"column":23},"end":{"line":92,"column":55}},"line":92},"17":{"name":"(anonymous_17)","decl":{"start":{"line":95,"column":25},"end":{"line":95,"column":26}},"loc":{"start":{"line":95,"column":72},"end":{"line":100,"column":3}},"line":95},"18":{"name":"(anonymous_18)","decl":{"start":{"line":102,"column":13},"end":{"line":102,"column":14}},"loc":{"start":{"line":102,"column":25},"end":{"line":115,"column":3}},"line":102},"19":{"name":"(anonymous_19)","decl":{"start":{"line":104,"column":23},"end":{"line":104,"column":24}},"loc":{"start":{"line":104,"column":32},"end":{"line":114,"column":5}},"line":104},"20":{"name":"(anonymous_20)","decl":{"start":{"line":105,"column":17},"end":{"line":105,"column":18}},"loc":{"start":{"line":105,"column":23},"end":{"line":113,"column":7}},"line":105},"21":{"name":"(anonymous_21)","decl":{"start":{"line":117,"column":13},"end":{"line":117,"column":14}},"loc":{"start":{"line":117,"column":19},"end":{"line":117,"column":47}},"line":117},"22":{"name":"(anonymous_22)","decl":{"start":{"line":119,"column":18},"end":{"line":119,"column":19}},"loc":{"start":{"line":119,"column":24},"end":{"line":119,"column":57}},"line":119}},"branchMap":{"0":{"loc":{"start":{"line":18,"column":4},"end":{"line":22,"column":8}},"type":"if","locations":[{"start":{"line":18,"column":4},"end":{"line":22,"column":8}},{"start":{"line":18,"column":4},"end":{"line":22,"column":8}}],"line":18},"1":{"loc":{"start":{"line":53,"column":44},"end":{"line":53,"column":51}},"type":"binary-expr","locations":[{"start":{"line":53,"column":44},"end":{"line":53,"column":45}},{"start":{"line":53,"column":49},"end":{"line":53,"column":51}}],"line":53},"2":{"loc":{"start":{"line":79,"column":4},"end":{"line":79,"column":75}},"type":"if","locations":[{"start":{"line":79,"column":4},"end":{"line":79,"column":75}},{"start":{"line":79,"column":4},"end":{"line":79,"column":75}}],"line":79},"3":{"loc":{"start":{"line":96,"column":4},"end":{"line":96,"column":39}},"type":"if","locations":[{"start":{"line":96,"column":4},"end":{"line":96,"column":39}},{"start":{"line":96,"column":4},"end":{"line":96,"column":39}}],"line":96},"4":{"loc":{"start":{"line":99,"column":4},"end":{"line":99,"column":44}},"type":"if","locations":[{"start":{"line":99,"column":4},"end":{"line":99,"column":44}},{"start":{"line":99,"column":4},"end":{"line":99,"column":44}}],"line":99},"5":{"loc":{"start":{"line":108,"column":8},"end":{"line":110,"column":9}},"type":"if","locations":[{"start":{"line":108,"column":8},"end":{"line":110,"column":9}},{"start":{"line":108,"column":8},"end":{"line":110,"column":9}}],"line":108}},"s":{"0":1,"1":1,"2":12,"3":1,"4":7,"5":6,"6":7,"7":6,"8":6,"9":6,"10":36,"11":36,"12":6,"13":6,"14":7,"15":7,"16":7,"17":6,"18":6,"19":6,"20":6,"21":13,"22":13,"23":13,"24":13,"25":13,"26":13,"27":1,"28":1,"29":12,"30":1,"31":16,"32":13,"33":16,"34":13,"35":4,"36":13,"37":15,"38":15,"39":13,"40":2,"41":1,"42":10,"43":5,"44":5,"45":5,"46":5,"47":3,"48":13,"49":10,"50":10,"51":10,"52":10,"53":10,"54":10,"55":8,"56":10,"57":10,"58":13,"59":3,"60":13,"61":2,"62":1,"63":1,"64":1},"f":{"0":12,"1":7,"2":6,"3":36,"4":6,"5":7,"6":7,"7":7,"8":6,"9":6,"10":6,"11":12,"12":16,"13":13,"14":4,"15":15,"16":2,"17":10,"18":10,"19":10,"20":10,"21":3,"22":2},"b":{"0":[6,1],"1":[7,4],"2":[13,3],"3":[5,5],"4":[3,2],"5":[8,2]},"_coverageSchema":"43e27e138ebf9cfc5966b082cf9a028302ed4184","hash":"12441455f01507ce66361f783bbf357004bc0528"}
,"C:\\Users\\kino6052\\Documents\\Repos\\mediawiki-test\\misc\\tdd-react-form\\src\\field02.service.ts": {"path":"C:\\Users\\kino6052\\Documents\\Repos\\mediawiki-test\\misc\\tdd-react-form\\src\\field02.service.ts","statementMap":{"0":{"start":{"line":7,"column":26},"end":{"line":7,"column":31}},"1":{"start":{"line":8,"column":27},"end":{"line":8,"column":39}},"2":{"start":{"line":11,"column":24},"end":{"line":11,"column":47}},"3":{"start":{"line":12,"column":24},"end":{"line":12,"column":47}},"4":{"start":{"line":13,"column":28},"end":{"line":13,"column":54}},"5":{"start":{"line":14,"column":29},"end":{"line":14,"column":55}},"6":{"start":{"line":16,"column":25},"end":{"line":21,"column":5}},"7":{"start":{"line":17,"column":4},"end":{"line":21,"column":5}},"8":{"start":{"line":18,"column":25},"end":{"line":18,"column":42}},"9":{"start":{"line":19,"column":23},"end":{"line":19,"column":24}},"10":{"start":{"line":20,"column":17},"end":{"line":20,"column":59}},"11":{"start":{"line":23,"column":24},"end":{"line":27,"column":5}},"12":{"start":{"line":24,"column":4},"end":{"line":27,"column":5}},"13":{"start":{"line":25,"column":25},"end":{"line":25,"column":42}},"14":{"start":{"line":26,"column":16},"end":{"line":26,"column":59}},"15":{"start":{"line":29,"column":24},"end":{"line":30,"column":73}},"16":{"start":{"line":30,"column":4},"end":{"line":30,"column":73}},"17":{"start":{"line":30,"column":53},"end":{"line":30,"column":71}},"18":{"start":{"line":32,"column":20},"end":{"line":35,"column":3}},"19":{"start":{"line":33,"column":4},"end":{"line":33,"column":39}},"20":{"start":{"line":33,"column":12},"end":{"line":33,"column":39}},"21":{"start":{"line":34,"column":4},"end":{"line":34,"column":43}},"22":{"start":{"line":34,"column":11},"end":{"line":34,"column":43}},"23":{"start":{"line":37,"column":23},"end":{"line":44,"column":3}},"24":{"start":{"line":38,"column":14},"end":{"line":38,"column":34}},"25":{"start":{"line":39,"column":14},"end":{"line":39,"column":55}},"26":{"start":{"line":40,"column":18},"end":{"line":40,"column":46}},"27":{"start":{"line":41,"column":19},"end":{"line":41,"column":48}},"28":{"start":{"line":42,"column":18},"end":{"line":42,"column":62}},"29":{"start":{"line":43,"column":4},"end":{"line":43,"column":34}},"30":{"start":{"line":46,"column":29},"end":{"line":63,"column":5}},"31":{"start":{"line":47,"column":4},"end":{"line":63,"column":5}},"32":{"start":{"line":48,"column":16},"end":{"line":48,"column":60}},"33":{"start":{"line":50,"column":8},"end":{"line":61,"column":9}},"34":{"start":{"line":56,"column":12},"end":{"line":56,"column":58}},"35":{"start":{"line":57,"column":12},"end":{"line":59,"column":14}},"36":{"start":{"line":65,"column":16},"end":{"line":70,"column":3}},"37":{"start":{"line":66,"column":4},"end":{"line":66,"column":48}},"38":{"start":{"line":67,"column":4},"end":{"line":67,"column":47}},"39":{"start":{"line":68,"column":4},"end":{"line":68,"column":47}},"40":{"start":{"line":69,"column":4},"end":{"line":69,"column":52}},"41":{"start":{"line":72,"column":25},"end":{"line":86,"column":5}},"42":{"start":{"line":73,"column":4},"end":{"line":86,"column":5}},"43":{"start":{"line":79,"column":54},"end":{"line":85,"column":7}},"44":{"start":{"line":89,"column":0},"end":{"line":91,"column":3}},"45":{"start":{"line":90,"column":2},"end":{"line":90,"column":25}}},"fnMap":{"0":{"name":"(anonymous_0)","decl":{"start":{"line":16,"column":25},"end":{"line":16,"column":26}},"loc":{"start":{"line":17,"column":4},"end":{"line":21,"column":5}},"line":17},"1":{"name":"(anonymous_1)","decl":{"start":{"line":18,"column":13},"end":{"line":18,"column":14}},"loc":{"start":{"line":18,"column":25},"end":{"line":18,"column":42}},"line":18},"2":{"name":"(anonymous_2)","decl":{"start":{"line":19,"column":10},"end":{"line":19,"column":11}},"loc":{"start":{"line":19,"column":23},"end":{"line":19,"column":24}},"line":19},"3":{"name":"(anonymous_3)","decl":{"start":{"line":20,"column":10},"end":{"line":20,"column":11}},"loc":{"start":{"line":20,"column":17},"end":{"line":20,"column":59}},"line":20},"4":{"name":"(anonymous_4)","decl":{"start":{"line":23,"column":24},"end":{"line":23,"column":25}},"loc":{"start":{"line":24,"column":4},"end":{"line":27,"column":5}},"line":24},"5":{"name":"(anonymous_5)","decl":{"start":{"line":25,"column":13},"end":{"line":25,"column":14}},"loc":{"start":{"line":25,"column":25},"end":{"line":25,"column":42}},"line":25},"6":{"name":"(anonymous_6)","decl":{"start":{"line":26,"column":10},"end":{"line":26,"column":11}},"loc":{"start":{"line":26,"column":16},"end":{"line":26,"column":59}},"line":26},"7":{"name":"(anonymous_7)","decl":{"start":{"line":29,"column":24},"end":{"line":29,"column":25}},"loc":{"start":{"line":30,"column":4},"end":{"line":30,"column":73}},"line":30},"8":{"name":"(anonymous_8)","decl":{"start":{"line":30,"column":41},"end":{"line":30,"column":42}},"loc":{"start":{"line":30,"column":53},"end":{"line":30,"column":71}},"line":30},"9":{"name":"(anonymous_9)","decl":{"start":{"line":32,"column":20},"end":{"line":32,"column":21}},"loc":{"start":{"line":32,"column":66},"end":{"line":35,"column":3}},"line":32},"10":{"name":"(anonymous_10)","decl":{"start":{"line":37,"column":23},"end":{"line":37,"column":24}},"loc":{"start":{"line":37,"column":43},"end":{"line":44,"column":3}},"line":37},"11":{"name":"(anonymous_11)","decl":{"start":{"line":46,"column":29},"end":{"line":46,"column":30}},"loc":{"start":{"line":47,"column":4},"end":{"line":63,"column":5}},"line":47},"12":{"name":"(anonymous_12)","decl":{"start":{"line":48,"column":10},"end":{"line":48,"column":11}},"loc":{"start":{"line":48,"column":16},"end":{"line":48,"column":60}},"line":48},"13":{"name":"(anonymous_13)","decl":{"start":{"line":49,"column":16},"end":{"line":49,"column":17}},"loc":{"start":{"line":50,"column":8},"end":{"line":61,"column":9}},"line":50},"14":{"name":"(anonymous_14)","decl":{"start":{"line":55,"column":14},"end":{"line":55,"column":15}},"loc":{"start":{"line":55,"column":34},"end":{"line":60,"column":11}},"line":55},"15":{"name":"(anonymous_15)","decl":{"start":{"line":65,"column":16},"end":{"line":65,"column":17}},"loc":{"start":{"line":65,"column":22},"end":{"line":70,"column":3}},"line":65},"16":{"name":"(anonymous_16)","decl":{"start":{"line":72,"column":25},"end":{"line":72,"column":26}},"loc":{"start":{"line":73,"column":4},"end":{"line":86,"column":5}},"line":73},"17":{"name":"(anonymous_17)","decl":{"start":{"line":79,"column":10},"end":{"line":79,"column":11}},"loc":{"start":{"line":79,"column":54},"end":{"line":85,"column":7}},"line":79},"18":{"name":"(anonymous_18)","decl":{"start":{"line":89,"column":22},"end":{"line":89,"column":23}},"loc":{"start":{"line":89,"column":28},"end":{"line":91,"column":1}},"line":89}},"branchMap":{"0":{"loc":{"start":{"line":20,"column":51},"end":{"line":20,"column":58}},"type":"binary-expr","locations":[{"start":{"line":20,"column":51},"end":{"line":20,"column":52}},{"start":{"line":20,"column":56},"end":{"line":20,"column":58}}],"line":20},"1":{"loc":{"start":{"line":33,"column":4},"end":{"line":33,"column":39}},"type":"if","locations":[{"start":{"line":33,"column":4},"end":{"line":33,"column":39}},{"start":{"line":33,"column":4},"end":{"line":33,"column":39}}],"line":33},"2":{"loc":{"start":{"line":34,"column":4},"end":{"line":34,"column":43}},"type":"if","locations":[{"start":{"line":34,"column":4},"end":{"line":34,"column":43}},{"start":{"line":34,"column":4},"end":{"line":34,"column":43}}],"line":34},"3":{"loc":{"start":{"line":37,"column":24},"end":{"line":37,"column":38}},"type":"default-arg","locations":[{"start":{"line":37,"column":36},"end":{"line":37,"column":38}}],"line":37},"4":{"loc":{"start":{"line":40,"column":18},"end":{"line":40,"column":46}},"type":"binary-expr","locations":[{"start":{"line":40,"column":19},"end":{"line":40,"column":25}},{"start":{"line":40,"column":29},"end":{"line":40,"column":39}},{"start":{"line":40,"column":44},"end":{"line":40,"column":46}}],"line":40},"5":{"loc":{"start":{"line":41,"column":19},"end":{"line":41,"column":48}},"type":"binary-expr","locations":[{"start":{"line":41,"column":20},"end":{"line":41,"column":26}},{"start":{"line":41,"column":30},"end":{"line":41,"column":41}},{"start":{"line":41,"column":46},"end":{"line":41,"column":48}}],"line":41},"6":{"loc":{"start":{"line":42,"column":18},"end":{"line":42,"column":62}},"type":"binary-expr","locations":[{"start":{"line":42,"column":19},"end":{"line":42,"column":25}},{"start":{"line":42,"column":29},"end":{"line":42,"column":55}},{"start":{"line":42,"column":60},"end":{"line":42,"column":62}}],"line":42},"7":{"loc":{"start":{"line":58,"column":14},"end":{"line":58,"column":58}},"type":"binary-expr","locations":[{"start":{"line":58,"column":14},"end":{"line":58,"column":52}},{"start":{"line":58,"column":56},"end":{"line":58,"column":58}}],"line":58}},"s":{"0":0,"1":0,"2":0,"3":0,"4":0,"5":0,"6":0,"7":0,"8":0,"9":0,"10":0,"11":0,"12":0,"13":0,"14":0,"15":0,"16":0,"17":0,"18":0,"19":0,"20":0,"21":0,"22":0,"23":0,"24":0,"25":0,"26":0,"27":0,"28":0,"29":0,"30":0,"31":0,"32":0,"33":0,"34":0,"35":0,"36":0,"37":0,"38":0,"39":0,"40":0,"41":0,"42":0,"43":0,"44":0,"45":0},"f":{"0":0,"1":0,"2":0,"3":0,"4":0,"5":0,"6":0,"7":0,"8":0,"9":0,"10":0,"11":0,"12":0,"13":0,"14":0,"15":0,"16":0,"17":0,"18":0},"b":{"0":[0,0],"1":[0,0],"2":[0,0],"3":[0],"4":[0,0,0],"5":[0,0,0],"6":[0,0,0],"7":[0,0]},"hash":"1e92c1c6d9d62a32628805e9f74d77ff72e4ab87"}
,"C:\\Users\\kino6052\\Documents\\Repos\\mediawiki-test\\misc\\tdd-react-form\\src\\field03.service.ts": {"path":"C:\\Users\\kino6052\\Documents\\Repos\\mediawiki-test\\misc\\tdd-react-form\\src\\field03.service.ts","statementMap":{"0":{"start":{"line":7,"column":26},"end":{"line":7,"column":33}},"1":{"start":{"line":8,"column":27},"end":{"line":8,"column":41}},"2":{"start":{"line":11,"column":24},"end":{"line":11,"column":47}},"3":{"start":{"line":12,"column":24},"end":{"line":12,"column":47}},"4":{"start":{"line":13,"column":28},"end":{"line":13,"column":54}},"5":{"start":{"line":14,"column":29},"end":{"line":14,"column":55}},"6":{"start":{"line":16,"column":25},"end":{"line":21,"column":5}},"7":{"start":{"line":17,"column":4},"end":{"line":21,"column":5}},"8":{"start":{"line":18,"column":25},"end":{"line":18,"column":42}},"9":{"start":{"line":19,"column":23},"end":{"line":19,"column":24}},"10":{"start":{"line":20,"column":17},"end":{"line":20,"column":59}},"11":{"start":{"line":23,"column":24},"end":{"line":27,"column":5}},"12":{"start":{"line":24,"column":4},"end":{"line":27,"column":5}},"13":{"start":{"line":25,"column":25},"end":{"line":25,"column":42}},"14":{"start":{"line":26,"column":16},"end":{"line":26,"column":59}},"15":{"start":{"line":29,"column":24},"end":{"line":30,"column":73}},"16":{"start":{"line":30,"column":4},"end":{"line":30,"column":73}},"17":{"start":{"line":30,"column":53},"end":{"line":30,"column":71}},"18":{"start":{"line":32,"column":20},"end":{"line":35,"column":3}},"19":{"start":{"line":33,"column":4},"end":{"line":33,"column":42}},"20":{"start":{"line":33,"column":15},"end":{"line":33,"column":42}},"21":{"start":{"line":34,"column":4},"end":{"line":34,"column":69}},"22":{"start":{"line":34,"column":23},"end":{"line":34,"column":69}},"23":{"start":{"line":37,"column":23},"end":{"line":44,"column":3}},"24":{"start":{"line":38,"column":14},"end":{"line":38,"column":34}},"25":{"start":{"line":39,"column":14},"end":{"line":39,"column":55}},"26":{"start":{"line":40,"column":18},"end":{"line":40,"column":46}},"27":{"start":{"line":41,"column":19},"end":{"line":41,"column":48}},"28":{"start":{"line":42,"column":18},"end":{"line":42,"column":62}},"29":{"start":{"line":43,"column":4},"end":{"line":43,"column":34}},"30":{"start":{"line":46,"column":29},"end":{"line":63,"column":5}},"31":{"start":{"line":47,"column":4},"end":{"line":63,"column":5}},"32":{"start":{"line":48,"column":16},"end":{"line":48,"column":60}},"33":{"start":{"line":50,"column":8},"end":{"line":61,"column":9}},"34":{"start":{"line":56,"column":12},"end":{"line":56,"column":58}},"35":{"start":{"line":57,"column":12},"end":{"line":59,"column":14}},"36":{"start":{"line":65,"column":16},"end":{"line":70,"column":3}},"37":{"start":{"line":66,"column":4},"end":{"line":66,"column":48}},"38":{"start":{"line":67,"column":4},"end":{"line":67,"column":47}},"39":{"start":{"line":68,"column":4},"end":{"line":68,"column":47}},"40":{"start":{"line":69,"column":4},"end":{"line":69,"column":52}},"41":{"start":{"line":72,"column":25},"end":{"line":86,"column":5}},"42":{"start":{"line":73,"column":4},"end":{"line":86,"column":5}},"43":{"start":{"line":79,"column":54},"end":{"line":85,"column":7}},"44":{"start":{"line":89,"column":0},"end":{"line":91,"column":3}},"45":{"start":{"line":90,"column":2},"end":{"line":90,"column":25}}},"fnMap":{"0":{"name":"(anonymous_0)","decl":{"start":{"line":16,"column":25},"end":{"line":16,"column":26}},"loc":{"start":{"line":17,"column":4},"end":{"line":21,"column":5}},"line":17},"1":{"name":"(anonymous_1)","decl":{"start":{"line":18,"column":13},"end":{"line":18,"column":14}},"loc":{"start":{"line":18,"column":25},"end":{"line":18,"column":42}},"line":18},"2":{"name":"(anonymous_2)","decl":{"start":{"line":19,"column":10},"end":{"line":19,"column":11}},"loc":{"start":{"line":19,"column":23},"end":{"line":19,"column":24}},"line":19},"3":{"name":"(anonymous_3)","decl":{"start":{"line":20,"column":10},"end":{"line":20,"column":11}},"loc":{"start":{"line":20,"column":17},"end":{"line":20,"column":59}},"line":20},"4":{"name":"(anonymous_4)","decl":{"start":{"line":23,"column":24},"end":{"line":23,"column":25}},"loc":{"start":{"line":24,"column":4},"end":{"line":27,"column":5}},"line":24},"5":{"name":"(anonymous_5)","decl":{"start":{"line":25,"column":13},"end":{"line":25,"column":14}},"loc":{"start":{"line":25,"column":25},"end":{"line":25,"column":42}},"line":25},"6":{"name":"(anonymous_6)","decl":{"start":{"line":26,"column":10},"end":{"line":26,"column":11}},"loc":{"start":{"line":26,"column":16},"end":{"line":26,"column":59}},"line":26},"7":{"name":"(anonymous_7)","decl":{"start":{"line":29,"column":24},"end":{"line":29,"column":25}},"loc":{"start":{"line":30,"column":4},"end":{"line":30,"column":73}},"line":30},"8":{"name":"(anonymous_8)","decl":{"start":{"line":30,"column":41},"end":{"line":30,"column":42}},"loc":{"start":{"line":30,"column":53},"end":{"line":30,"column":71}},"line":30},"9":{"name":"(anonymous_9)","decl":{"start":{"line":32,"column":20},"end":{"line":32,"column":21}},"loc":{"start":{"line":32,"column":72},"end":{"line":35,"column":3}},"line":32},"10":{"name":"(anonymous_10)","decl":{"start":{"line":37,"column":23},"end":{"line":37,"column":24}},"loc":{"start":{"line":37,"column":43},"end":{"line":44,"column":3}},"line":37},"11":{"name":"(anonymous_11)","decl":{"start":{"line":46,"column":29},"end":{"line":46,"column":30}},"loc":{"start":{"line":47,"column":4},"end":{"line":63,"column":5}},"line":47},"12":{"name":"(anonymous_12)","decl":{"start":{"line":48,"column":10},"end":{"line":48,"column":11}},"loc":{"start":{"line":48,"column":16},"end":{"line":48,"column":60}},"line":48},"13":{"name":"(anonymous_13)","decl":{"start":{"line":49,"column":16},"end":{"line":49,"column":17}},"loc":{"start":{"line":50,"column":8},"end":{"line":61,"column":9}},"line":50},"14":{"name":"(anonymous_14)","decl":{"start":{"line":55,"column":14},"end":{"line":55,"column":15}},"loc":{"start":{"line":55,"column":32},"end":{"line":60,"column":11}},"line":55},"15":{"name":"(anonymous_15)","decl":{"start":{"line":65,"column":16},"end":{"line":65,"column":17}},"loc":{"start":{"line":65,"column":22},"end":{"line":70,"column":3}},"line":65},"16":{"name":"(anonymous_16)","decl":{"start":{"line":72,"column":25},"end":{"line":72,"column":26}},"loc":{"start":{"line":73,"column":4},"end":{"line":86,"column":5}},"line":73},"17":{"name":"(anonymous_17)","decl":{"start":{"line":79,"column":10},"end":{"line":79,"column":11}},"loc":{"start":{"line":79,"column":54},"end":{"line":85,"column":7}},"line":79},"18":{"name":"(anonymous_18)","decl":{"start":{"line":89,"column":22},"end":{"line":89,"column":23}},"loc":{"start":{"line":89,"column":28},"end":{"line":91,"column":1}},"line":89}},"branchMap":{"0":{"loc":{"start":{"line":20,"column":51},"end":{"line":20,"column":58}},"type":"binary-expr","locations":[{"start":{"line":20,"column":51},"end":{"line":20,"column":52}},{"start":{"line":20,"column":56},"end":{"line":20,"column":58}}],"line":20},"1":{"loc":{"start":{"line":33,"column":4},"end":{"line":33,"column":42}},"type":"if","locations":[{"start":{"line":33,"column":4},"end":{"line":33,"column":42}},{"start":{"line":33,"column":4},"end":{"line":33,"column":42}}],"line":33},"2":{"loc":{"start":{"line":34,"column":4},"end":{"line":34,"column":69}},"type":"if","locations":[{"start":{"line":34,"column":4},"end":{"line":34,"column":69}},{"start":{"line":34,"column":4},"end":{"line":34,"column":69}}],"line":34},"3":{"loc":{"start":{"line":37,"column":24},"end":{"line":37,"column":38}},"type":"default-arg","locations":[{"start":{"line":37,"column":36},"end":{"line":37,"column":38}}],"line":37},"4":{"loc":{"start":{"line":40,"column":18},"end":{"line":40,"column":46}},"type":"binary-expr","locations":[{"start":{"line":40,"column":19},"end":{"line":40,"column":25}},{"start":{"line":40,"column":29},"end":{"line":40,"column":39}},{"start":{"line":40,"column":44},"end":{"line":40,"column":46}}],"line":40},"5":{"loc":{"start":{"line":41,"column":19},"end":{"line":41,"column":48}},"type":"binary-expr","locations":[{"start":{"line":41,"column":20},"end":{"line":41,"column":26}},{"start":{"line":41,"column":30},"end":{"line":41,"column":41}},{"start":{"line":41,"column":46},"end":{"line":41,"column":48}}],"line":41},"6":{"loc":{"start":{"line":42,"column":18},"end":{"line":42,"column":62}},"type":"binary-expr","locations":[{"start":{"line":42,"column":19},"end":{"line":42,"column":25}},{"start":{"line":42,"column":29},"end":{"line":42,"column":55}},{"start":{"line":42,"column":60},"end":{"line":42,"column":62}}],"line":42},"7":{"loc":{"start":{"line":58,"column":14},"end":{"line":58,"column":56}},"type":"binary-expr","locations":[{"start":{"line":58,"column":14},"end":{"line":58,"column":50}},{"start":{"line":58,"column":54},"end":{"line":58,"column":56}}],"line":58}},"s":{"0":0,"1":0,"2":0,"3":0,"4":0,"5":0,"6":0,"7":0,"8":0,"9":0,"10":0,"11":0,"12":0,"13":0,"14":0,"15":0,"16":0,"17":0,"18":0,"19":0,"20":0,"21":0,"22":0,"23":0,"24":0,"25":0,"26":0,"27":0,"28":0,"29":0,"30":0,"31":0,"32":0,"33":0,"34":0,"35":0,"36":0,"37":0,"38":0,"39":0,"40":0,"41":0,"42":0,"43":0,"44":0,"45":0},"f":{"0":0,"1":0,"2":0,"3":0,"4":0,"5":0,"6":0,"7":0,"8":0,"9":0,"10":0,"11":0,"12":0,"13":0,"14":0,"15":0,"16":0,"17":0,"18":0},"b":{"0":[0,0],"1":[0,0],"2":[0,0],"3":[0],"4":[0,0,0],"5":[0,0,0],"6":[0,0,0],"7":[0,0]},"hash":"41040dd084fb24d4aad11a4228ac258dae78287c"}
,"C:\\Users\\kino6052\\Documents\\Repos\\mediawiki-test\\misc\\tdd-react-form\\src\\init.service.ts": {"path":"C:\\Users\\kino6052\\Documents\\Repos\\mediawiki-test\\misc\\tdd-react-form\\src\\init.service.ts","statementMap":{"0":{"start":{"line":3,"column":27},"end":{"line":3,"column":40}}},"fnMap":{},"branchMap":{},"s":{"0":0},"f":{},"b":{},"hash":"69adb16765190b366a388fbe7c76cc7c154ca8a6"}
,"C:\\Users\\kino6052\\Documents\\Repos\\mediawiki-test\\misc\\tdd-react-form\\src\\state.refactored.service.ts": {"path":"C:\\Users\\kino6052\\Documents\\Repos\\mediawiki-test\\misc\\tdd-react-form\\src\\state.refactored.service.ts","statementMap":{"0":{"start":{"line":6,"column":54},"end":{"line":6,"column":63}},"1":{"start":{"line":8,"column":25},"end":{"line":10,"column":3}},"2":{"start":{"line":9,"column":4},"end":{"line":9,"column":38}},"3":{"start":{"line":12,"column":23},"end":{"line":15,"column":3}},"4":{"start":{"line":13,"column":4},"end":{"line":13,"column":75}},"5":{"start":{"line":13,"column":32},"end":{"line":13,"column":75}},"6":{"start":{"line":14,"column":4},"end":{"line":14,"column":33}},"7":{"start":{"line":17,"column":17},"end":{"line":17,"column":50}},"8":{"start":{"line":21,"column":13},"end":{"line":22,"column":66}},"9":{"start":{"line":22,"column":4},"end":{"line":22,"column":66}},"10":{"start":{"line":22,"column":55},"end":{"line":22,"column":65}},"11":{"start":{"line":24,"column":13},"end":{"line":24,"column":53}},"12":{"start":{"line":24,"column":29},"end":{"line":24,"column":53}},"13":{"start":{"line":26,"column":13},"end":{"line":32,"column":3}},"14":{"start":{"line":27,"column":22},"end":{"line":27,"column":50}},"15":{"start":{"line":28,"column":21},"end":{"line":30,"column":5}},"16":{"start":{"line":29,"column":26},"end":{"line":29,"column":74}},"17":{"start":{"line":29,"column":57},"end":{"line":29,"column":67}},"18":{"start":{"line":31,"column":4},"end":{"line":31,"column":37}}},"fnMap":{"0":{"name":"(anonymous_0)","decl":{"start":{"line":8,"column":25},"end":{"line":8,"column":26}},"loc":{"start":{"line":8,"column":31},"end":{"line":10,"column":3}},"line":8},"1":{"name":"(anonymous_1)","decl":{"start":{"line":12,"column":23},"end":{"line":12,"column":24}},"loc":{"start":{"line":12,"column":29},"end":{"line":15,"column":3}},"line":12},"2":{"name":"(anonymous_2)","decl":{"start":{"line":19,"column":2},"end":{"line":19,"column":3}},"loc":{"start":{"line":19,"column":16},"end":{"line":19,"column":18}},"line":19},"3":{"name":"(anonymous_3)","decl":{"start":{"line":21,"column":13},"end":{"line":21,"column":14}},"loc":{"start":{"line":22,"column":4},"end":{"line":22,"column":66}},"line":22},"4":{"name":"(anonymous_4)","decl":{"start":{"line":22,"column":38},"end":{"line":22,"column":39}},"loc":{"start":{"line":22,"column":55},"end":{"line":22,"column":65}},"line":22},"5":{"name":"(anonymous_5)","decl":{"start":{"line":24,"column":13},"end":{"line":24,"column":14}},"loc":{"start":{"line":24,"column":29},"end":{"line":24,"column":53}},"line":24},"6":{"name":"(anonymous_6)","decl":{"start":{"line":26,"column":13},"end":{"line":26,"column":14}},"loc":{"start":{"line":26,"column":36},"end":{"line":32,"column":3}},"line":26},"7":{"name":"(anonymous_7)","decl":{"start":{"line":29,"column":6},"end":{"line":29,"column":7}},"loc":{"start":{"line":29,"column":26},"end":{"line":29,"column":74}},"line":29},"8":{"name":"(anonymous_8)","decl":{"start":{"line":29,"column":40},"end":{"line":29,"column":41}},"loc":{"start":{"line":29,"column":57},"end":{"line":29,"column":67}},"line":29}},"branchMap":{"0":{"loc":{"start":{"line":13,"column":4},"end":{"line":13,"column":75}},"type":"if","locations":[{"start":{"line":13,"column":4},"end":{"line":13,"column":75}},{"start":{"line":13,"column":4},"end":{"line":13,"column":75}}],"line":13}},"s":{"0":2,"1":2,"2":25,"3":2,"4":19,"5":12,"6":19,"7":12,"8":12,"9":4,"10":4,"11":12,"12":4,"13":12,"14":77,"15":77,"16":152,"17":172,"18":77},"f":{"0":25,"1":19,"2":12,"3":4,"4":4,"5":4,"6":77,"7":152,"8":172},"b":{"0":[12,7]},"_coverageSchema":"43e27e138ebf9cfc5966b082cf9a028302ed4184","hash":"b80c679d7b251875378a3f38d7b0e2bbaee10a05"}
,"C:\\Users\\kino6052\\Documents\\Repos\\mediawiki-test\\misc\\tdd-react-form\\src\\state.service.ts": {"path":"C:\\Users\\kino6052\\Documents\\Repos\\mediawiki-test\\misc\\tdd-react-form\\src\\state.service.ts","statementMap":{"0":{"start":{"line":9,"column":28},"end":{"line":9,"column":61}},"1":{"start":{"line":11,"column":0},"end":{"line":15,"column":42}},"2":{"start":{"line":15,"column":20},"end":{"line":15,"column":40}},"3":{"start":{"line":17,"column":23},"end":{"line":27,"column":1}},"4":{"start":{"line":18,"column":12},"end":{"line":25,"column":3}},"5":{"start":{"line":19,"column":4},"end":{"line":24,"column":5}},"6":{"start":{"line":20,"column":24},"end":{"line":20,"column":49}},"7":{"start":{"line":23,"column":16},"end":{"line":23,"column":72}},"8":{"start":{"line":26,"column":2},"end":{"line":26,"column":11}},"9":{"start":{"line":29,"column":29},"end":{"line":42,"column":3}},"10":{"start":{"line":30,"column":2},"end":{"line":42,"column":3}},"11":{"start":{"line":31,"column":23},"end":{"line":31,"column":38}},"12":{"start":{"line":32,"column":20},"end":{"line":32,"column":63}},"13":{"start":{"line":34,"column":6},"end":{"line":40,"column":7}},"14":{"start":{"line":36,"column":10},"end":{"line":36,"column":67}},"15":{"start":{"line":36,"column":45},"end":{"line":36,"column":66}},"16":{"start":{"line":38,"column":19},"end":{"line":38,"column":48}},"17":{"start":{"line":44,"column":0},"end":{"line":46,"column":3}},"18":{"start":{"line":45,"column":2},"end":{"line":45,"column":30}}},"fnMap":{"0":{"name":"(anonymous_0)","decl":{"start":{"line":15,"column":13},"end":{"line":15,"column":14}},"loc":{"start":{"line":15,"column":20},"end":{"line":15,"column":40}},"line":15},"1":{"name":"(anonymous_1)","decl":{"start":{"line":17,"column":23},"end":{"line":17,"column":24}},"loc":{"start":{"line":17,"column":29},"end":{"line":27,"column":1}},"line":17},"2":{"name":"(anonymous_2)","decl":{"start":{"line":18,"column":40},"end":{"line":18,"column":41}},"loc":{"start":{"line":19,"column":4},"end":{"line":24,"column":5}},"line":19},"3":{"name":"(anonymous_3)","decl":{"start":{"line":20,"column":13},"end":{"line":20,"column":14}},"loc":{"start":{"line":20,"column":24},"end":{"line":20,"column":49}},"line":20},"4":{"name":"(anonymous_4)","decl":{"start":{"line":23,"column":10},"end":{"line":23,"column":11}},"loc":{"start":{"line":23,"column":16},"end":{"line":23,"column":72}},"line":23},"5":{"name":"(anonymous_5)","decl":{"start":{"line":29,"column":29},"end":{"line":29,"column":30}},"loc":{"start":{"line":30,"column":2},"end":{"line":42,"column":3}},"line":30},"6":{"name":"(anonymous_6)","decl":{"start":{"line":31,"column":11},"end":{"line":31,"column":12}},"loc":{"start":{"line":31,"column":23},"end":{"line":31,"column":38}},"line":31},"7":{"name":"(anonymous_7)","decl":{"start":{"line":32,"column":14},"end":{"line":32,"column":15}},"loc":{"start":{"line":32,"column":20},"end":{"line":32,"column":63}},"line":32},"8":{"name":"(anonymous_8)","decl":{"start":{"line":33,"column":14},"end":{"line":33,"column":15}},"loc":{"start":{"line":34,"column":6},"end":{"line":40,"column":7}},"line":34},"9":{"name":"(anonymous_9)","decl":{"start":{"line":35,"column":15},"end":{"line":35,"column":16}},"loc":{"start":{"line":36,"column":10},"end":{"line":36,"column":67}},"line":36},"10":{"name":"(anonymous_10)","decl":{"start":{"line":36,"column":18},"end":{"line":36,"column":19}},"loc":{"start":{"line":36,"column":45},"end":{"line":36,"column":66}},"line":36},"11":{"name":"(anonymous_11)","decl":{"start":{"line":38,"column":12},"end":{"line":38,"column":13}},"loc":{"start":{"line":38,"column":19},"end":{"line":38,"column":48}},"line":38},"12":{"name":"(anonymous_12)","decl":{"start":{"line":44,"column":22},"end":{"line":44,"column":23}},"loc":{"start":{"line":44,"column":28},"end":{"line":46,"column":1}},"line":44}},"branchMap":{"0":{"loc":{"start":{"line":36,"column":45},"end":{"line":36,"column":66}},"type":"binary-expr","locations":[{"start":{"line":36,"column":45},"end":{"line":36,"column":56}},{"start":{"line":36,"column":60},"end":{"line":36,"column":66}}],"line":36}},"s":{"0":0,"1":0,"2":0,"3":0,"4":0,"5":0,"6":0,"7":0,"8":0,"9":0,"10":0,"11":0,"12":0,"13":0,"14":0,"15":0,"16":0,"17":0,"18":0},"f":{"0":0,"1":0,"2":0,"3":0,"4":0,"5":0,"6":0,"7":0,"8":0,"9":0,"10":0,"11":0,"12":0},"b":{"0":[0,0]},"hash":"feccf460ddefa69098130370905950392acd8be5"}
}
